上海市环境保护局 一共有3页
上海市环境保护局 新公告：2019年2月本市环保系统查处违法企业名单
上海市环境保护局 新公告：2019年1月本市环保系统查处违法企业名单
上海市环境保护局 新公告：2018年12月本市环保系统查处违法企业名单
上海市环境保护局 新公告：2018年11月本市环保系统查处违法企业名单
上海市环境保护局 新公告：2018年10月本市环保系统查处违法企业名单
上海市环境保护局 新公告：2018年9月本市环保系统查处违法企业名单
上海市环境保护局 新公告：2018年8月本市环保系统查处违法企业名单
上海市环境保护局 新公告：2018年7月本市环保系统查处违法企业名单
上海市环境保护局 新公告：2018年6月本市环保系统查处违法企业名单
上海市环境保护局 新公告：2018年5月本市环保系统查处违法企业名单
上海市环境保护局 新公告：2018年4月本市环保系统查处违法企业名单
上海市环境保护局 新公告：2018年3月本市环保系统查处违法企业名单
上海市环境保护局 新公告：2018年2月本市环保系统查处违法企业名单
上海市环境保护局 新公告：2018年1月本市环保系统查处违法企业名单
上海市环境保护局 新公告：2017年12月本市环保系统查处违法企业名单
上海市环境保护局 新公告：2017年11月本市环保系统查处违法企业名单
上海市环境保护局 新公告：2017年10月本市环保系统查处违法企业名单
上海市环境保护局 新公告：2017年9月本市环保系统查处违法企业名单
上海市环境保护局 新公告：2017年8月本市环保系统查处违法企业名单
上海市环境保护局 新公告：2017年7月本市环保系统查处违法企业名单
上海市环境保护局 新公告：2017年6月本市环保系统查处违法企业名单
上海市环境保护局 新公告：2017年5月本市环保系统查处违法企业名单
上海市环境保护局 新公告：2017年4月本市环保系统查处违法企业名单
上海市环境保护局 新公告：2017年3月本市环保系统查处违法企业名单
上海市环境保护局 新公告：2017年2月本市环保系统查处违法企业名单
上海市环境保护局 新公告：2017年1月本市环保系统查处违法企业名单
上海市环境保护局 新公告：2016年12月本市环保系统查处违法企业名单
上海市环境保护局 新公告：2016年11月本市环保系统查处违法企业名单
上海市环境保护局一共有28条新公告，导入数据库中......
上海市环境保护局公告导入完成！
上海市环境保护局 一共有21页
上海市环境保护局 新公告：上海大浩汽车检测中心（普通合伙）行政处罚信息摘要
上海市环境保护局 新公告：上海飞浪气垫船有限公司行政处罚信息摘要
上海市环境保护局 新公告：上海东方国际水产中心市场经营管理有限公司行政处罚信息摘要
上海市环境保护局 新公告：上海大道包装隔热材料有限公司行政处罚信息摘要
上海市环境保护局 新公告：上海大道包装隔热材料有限公司行政处罚信息摘要
上海市环境保护局 新公告：上海大道包装隔热材料有限公司行政处罚信息摘要
上海市环境保护局 新公告：上海拱极化学有限公司行政处罚信息摘要
上海市环境保护局 新公告：上海赛科石油化工有限责任公司行政处罚信息摘要
上海市环境保护局 新公告：上海中石化三井化工有限公司行政处罚信息摘要
上海市环境保护局 新公告：上海恒通机动车检测服务有限公司行政处罚信息摘要
上海市环境保护局 新公告：上海中石康运机动车检测有限公司行政处罚信息摘要
上海市环境保护局 新公告：上海世达机械工具厂有限公司行政处罚信息摘要
上海市环境保护局 新公告：圣戈班高功能塑料(上海)有限公司行政处罚信息摘要
上海市环境保护局 新公告：圣戈班高功能塑料(上海)有限公司行政处罚信息摘要
上海市环境保护局 新公告：上海市公共卫生临床中心行政处罚信息摘要
上海市环境保护局 新公告：上海市公共卫生临床中心行政处罚信息摘要
上海市环境保护局 新公告：上海石发电力粉煤灰有限公司行政处罚信息摘要
上海市环境保护局 新公告：关于上海石化金探无损检测有限公司违规开展探伤作业活动的通报
上海市环境保护局 新公告：上海宝祭机动车检测服务有限公司行政处罚信息摘要
上海市环境保护局 新公告：上海奥狮机动车检测服务有限公司行政处罚信息摘要
上海市环境保护局 新公告：中国石油化工股份有限公司上海石油化工研究院行政处罚信息摘要
上海市环境保护局 新公告：中国石化上海高桥石油化工有限公司行政处罚信息摘要
上海市环境保护局 新公告：上海前春五金制品加工厂行政处罚信息摘要
上海市环境保护局 新公告：上海艺杏食品有限公司行政处罚信息摘要
上海市环境保护局 新公告：上海外高桥第三发电有限责任公司行政处罚信息摘要
上海市环境保护局 新公告：中国石化上海高桥石油化工有限公司行政处罚信息摘要
上海市环境保护局 新公告：上海天强纺织有限公司行政处罚信息摘要
上海市环境保护局 新公告：上海天强纺织有限公司行政处罚信息摘要
上海市环境保护局 新公告：镔翎机械工业（上海）有限公司行政处罚信息摘要
上海市环境保护局 新公告：上海孚宝港务有限公司行政处罚信息摘要
上海市环境保护局 新公告：上海环境集团再生能源运营管理有限公司崇明分公司行政处罚信息摘要
上海市环境保护局 新公告：乔山健身器材（上海）有限公司行政处罚信息摘要
上海市环境保护局 新公告：乔山健身器材（上海）有限公司行政处罚信息摘要
上海市环境保护局 新公告：乔山健身器材（上海）有限公司行政处罚信息摘要
上海市环境保护局 新公告：中国石化上海高桥石油化工有限公司行政处罚信息摘要
上海市环境保护局 新公告：中国石化上海高桥石油化工有限公司行政处罚信息摘要
上海市环境保护局 新公告：上海甘田光学材料有限公司行政处罚信息摘要
上海市环境保护局 新公告：上海慧嵘五金有限公司行政处罚信息摘要
上海市环境保护局 新公告：上海慧嵘五金有限公司行政处罚信息摘要
上海市环境保护局 新公告：上海鑫云贵稀金属再生有限公司行政处罚信息摘要
上海市环境保护局 新公告：上海鑫云贵稀金属再生有限公司行政处罚信息摘要
上海市环境保护局 新公告：上海申星化工有限公司漕泾分公司行政处罚信息摘要
上海市环境保护局 新公告：上海申星化工有限公司漕泾分公司行政处罚信息摘要
上海市环境保护局 新公告：上海中石化三井化工有限公司行政处罚信息摘要
上海市环境保护局 新公告：希悦尔（中国）有限公司行政处罚信息摘要
上海市环境保护局 新公告：中国石化上海石油化工股份有限公司行政处罚信息摘要
上海市环境保护局 新公告：中国石化上海石油化工股份有限公司行政处罚信息摘要
上海市环境保护局 新公告：上海创诺制药有限公司行政处罚信息摘要
上海市环境保护局 新公告：上海申沃客车有限公司行政处罚信息摘要
上海市环境保护局 新公告：优尔稀聚合物（中国）有限公司行政处罚信息摘要
上海市环境保护局 新公告：中国石化上海高桥石油化工有限公司行政处罚信息摘要
上海市环境保护局 新公告：乔山健康科技（上海）有限公司行政处罚信息摘要
上海市环境保护局 新公告：乔山健康科技（上海）有限公司行政处罚信息摘要
上海市环境保护局 新公告：乔山健康科技（上海）有限公司行政处罚信息摘要
上海市环境保护局 新公告：上海赛科石油化工有限责任公司行政处罚信息摘要
上海市环境保护局 新公告：上海宪阳电镀有限公司行政处罚信息摘要
上海市环境保护局 新公告：宝山钢铁股份有限公司行政处罚信息摘要
上海市环境保护局 新公告：宝山钢铁股份有限公司行政处罚信息摘要
上海市环境保护局 新公告：上海绿澄环保科技有限公司行政处罚信息摘要
上海市环境保护局 新公告：上海青浦盛阳喷漆厂行政处罚信息摘要
上海市环境保护局 新公告：中国石化上海高桥石油化工有限公司行政处罚信息摘要
上海市环境保护局 新公告：中国石化上海高桥石油化工有限公司行政处罚信息摘要
上海市环境保护局 新公告：中国石化上海高桥石油化工有限公司行政处罚信息摘要
上海市环境保护局 新公告：中国石化上海高桥石油化工有限公司行政处罚信息摘要
上海市环境保护局 新公告：中国石化上海高桥石油化工有限公司行政处罚信息摘要
上海市环境保护局 新公告：中国石化上海高桥石油化工有限公司行政处罚信息摘要
上海市环境保护局 新公告：中国石化上海高桥石油化工有限公司行政处罚信息摘要
上海市环境保护局 新公告：中国石化上海高桥石油化工有限公司行政处罚信息摘要
上海市环境保护局 新公告：中国石化上海高桥石油化工有限公司行政处罚信息摘要
上海市环境保护局 新公告：中国石化上海高桥石油化工有限公司行政处罚信息摘要
上海市环境保护局 新公告：中国石化上海高桥石油化工有限公司行政处罚信息摘要
上海市环境保护局 新公告：镔翎机械工业（上海）有限公司行政处罚信息摘要
上海市环境保护局 新公告：中国石化上海石油化工股份有限公司行政处罚信息摘要
上海市环境保护局 新公告：上海纷雅新型材料有限公司行政处罚信息摘要
上海市环境保护局 新公告：华能国际电力股份有限公司上海石洞口第一电厂行政处罚信息摘要
上海市环境保护局 新公告：华能国际电力股份有限公司上海石洞口第一电厂行政处罚信息摘要
上海市环境保护局 新公告：奥托立夫（中国）汽车方向盘有限公司行政处罚信息摘要
上海市环境保护局 新公告：维宁尔（中国）电子有限公司行政处罚信息摘要
上海市环境保护局 新公告：上海建工材料工程有限公司第一构件厂行政处罚信息摘要
上海市环境保护局 新公告：上海吴泾第二发电有限责任公司行政处罚信息摘要
上海市环境保护局 新公告：上海华银电器有限公司行政处罚信息摘要
上海市环境保护局 新公告：上海华银电器有限公司行政处罚信息摘要
上海市环境保护局 新公告：上海东南混凝土有限公司行政处罚信息摘要
上海市环境保护局 新公告：上海易华涂装有限公司行政处罚信息摘要
上海市环境保护局 新公告：堃霖冷冻机械(上海)有限公司行政处罚信息摘要
上海市环境保护局 新公告：上海昊海生物科技股份有限公司行政处罚信息摘要
上海市环境保护局 新公告：上海亚尔光源有限公司行政处罚信息摘要
上海市环境保护局 新公告：欧诺法化学（上海）有限公司行政处罚信息摘要
上海市环境保护局 新公告：上海吉田拉链有限公司行政处罚信息摘要
上海市环境保护局 新公告：上海亚细亚铝制品有限公司行政处罚信息摘要
上海市环境保护局 新公告：宝山钢铁股份有限公司行政处罚信息摘要
上海市环境保护局 新公告：上海神火铝箔有限公司行政处罚信息摘要
上海市环境保护局 新公告：上海神火铝箔有限公司行政处罚信息摘要
上海市环境保护局 新公告：上海神火铝箔有限公司行政处罚信息摘要
上海市环境保护局 新公告：上海春鑫实业有限公司行政处罚信息摘要
上海市环境保护局 新公告：上海希望金属涂装有限公司行政处罚信息摘要
上海市环境保护局 新公告：宝武集团环境资源科技有限公司行政处罚信息摘要
上海市环境保护局 新公告：上海晨泓纸制品有限公司行政处罚信息摘要
上海市环境保护局 新公告：巴斯夫新材料有限公司行政处罚信息摘要
上海市环境保护局 新公告：宣伟（上海）涂料有限公司行政处罚信息摘要
上海市环境保护局 新公告：宣伟（上海）涂料有限公司行政处罚信息摘要
上海市环境保护局 新公告：上海安亭环保有限公司超过排放标准排放污染物案
上海市环境保护局 新公告：上海安亭环保有限公司不正常运行污染物排放自动监测设备案
上海市环境保护局 新公告：上海安亭环保有限公司超过排放标准排放污染物案
上海市环境保护局 新公告：上海英提尔交运汽车零部件有限公司行政处罚信息摘要
上海市环境保护局 新公告：上海英提尔交运汽车零部件有限公司行政处罚信息摘要
上海市环境保护局 新公告：上海英提尔交运汽车零部件有限公司行政处罚信息摘要
上海市环境保护局 新公告：上海海运（集团）公司船舶污水处理厂行政处罚信息摘要
上海市环境保护局 新公告：上海星月环保服务有限公司行政处罚信息摘要
上海市环境保护局 新公告：上海巨浪环保有限公司行政处罚信息摘要
上海市环境保护局 新公告：上海老港废弃物处置有限公司行政处罚信息摘要
上海市环境保护局 新公告：上海华银电器有限公司行政处罚信息摘要
上海市环境保护局 新公告：上海易华涂装有限公司行政处罚信息摘要
上海市环境保护局 新公告：上海田绿特种线业有限公司行政处罚信息摘要
上海市环境保护局 新公告：上海三井鑫云贵稀金属循环利用有限公司行政处罚信息摘要
上海市环境保护局 新公告：上海绿邹环保工程有限公司行政处罚信息摘要
上海市环境保护局 新公告：上海星济工业废物处理有限公司行政处罚信息摘要
上海市环境保护局 新公告：中国石化上海高桥石油化工有限公司行政处罚信息摘要
上海市环境保护局 新公告：中国石化上海高桥石油化工有限公司行政处罚信息摘要
上海市环境保护局 新公告：盛威科（上海）油墨有限公司行政处罚信息摘要
上海市环境保护局 新公告：上海永冠商业设备有限公司行政处罚信息摘要
上海市环境保护局 新公告：上海永冠商业设备有限公司行政处罚信息摘要
上海市环境保护局 新公告：上海环境集团再生能源运营管理有限公司崇明分公司行政处罚信息摘要
上海市环境保护局 新公告：上海交通大学医学院附属新华医院崇明分院行政处罚信息摘要
上海市环境保护局 新公告：上海英伦帝华汽车有限公司行政处罚信息摘要
上海市环境保护局 新公告：巴斯夫上海涂料有限公司行政处罚信息摘要
上海市环境保护局 新公告：上海运安制版有限公司行政处罚信息摘要
上海市环境保护局 新公告：上海运安制版有限公司行政处罚信息摘要
上海市环境保护局 新公告：博德精细化工（上海）有限公司行政处罚信息摘要
上海市环境保护局 新公告：上海力超电机有限公司行政处罚信息摘要
上海市环境保护局 新公告：上海力超电机有限公司行政处罚信息摘要
上海市环境保护局 新公告：中国石化上海高桥石油化工有限公司行政处罚信息摘要
上海市环境保护局 新公告：中国石化上海高桥石油化工有限公司行政处罚信息摘要
上海市环境保护局 新公告：上海老港废弃物处置有限公司行政处罚信息摘要
上海市环境保护局 新公告：上海老港废弃物处置有限公司行政处罚信息摘要
上海市环境保护局 新公告：上海老港废弃物处置有限公司行政处罚信息摘要
上海市环境保护局 新公告：上海老港废弃物处置有限公司行政处罚信息摘要
上海市环境保护局 新公告：上海老港废弃物处置有限公司行政处罚信息摘要
上海市环境保护局 新公告：上海老港废弃物处置有限公司行政处罚信息摘要
上海市环境保护局 新公告：上海老港废弃物处置有限公司行政处罚信息摘要
上海市环境保护局 新公告：上海老港废弃物处置有限公司行政处罚信息摘要
上海市环境保护局 新公告：上海老港生活垃圾处置有限公司行政处罚信息摘要
上海市环境保护局 新公告：中化道达尔油品有限公司上海第二加油站行政处罚信息摘要
上海市环境保护局 新公告：上海中雅包装有限公司行政处罚信息摘要
上海市环境保护局 新公告：上海浦东施湾建筑木材厂行政处罚信息摘要
上海市环境保护局 新公告：赢创特种化学（上海）有限公司行政处罚信息摘要
上海市环境保护局 新公告：上海老港生活垃圾处置有限公司行政处罚信息摘要
上海市环境保护局 新公告：上海老港生活垃圾处置有限公司行政处罚信息摘要
上海市环境保护局 新公告：上海老港生活垃圾处置有限公司行政处罚信息摘要
上海市环境保护局 新公告：上海老港生活垃圾处置有限公司行政处罚信息摘要
上海市环境保护局 新公告：上海老港生活垃圾处置有限公司行政处罚信息摘要
上海市环境保护局 新公告：上海老港生活垃圾处置有限公司行政处罚信息摘要
上海市环境保护局 新公告：上海力矩机械制造有限公司行政处罚信息摘要
上海市环境保护局 新公告：上海力矩机械制造有限公司行政处罚信息摘要
上海市环境保护局 新公告：上海力矩机械制造有限公司行政处罚信息摘要
上海市环境保护局 新公告：上海力矩机械制造有限公司行政处罚信息摘要
上海市环境保护局 新公告：上海仁速化工有限公司行政处罚信息摘要
上海市环境保护局 新公告：上海仁速化工有限公司行政处罚信息摘要
上海市环境保护局 新公告：中国石化上海石油化工股份有限公司行政处罚信息摘要
上海市环境保护局 新公告：赢一市政工程有限公司上海分公司行政处罚信息摘要
上海市环境保护局 新公告：上海松浦港务有限公司行政处罚信息摘要
上海市环境保护局 新公告：上海腾星涂料有限公司行政处罚信息摘要
上海市环境保护局 新公告：上海腾星涂料有限公司行政处罚信息摘要
上海市环境保护局 新公告：富国皮革工业股份有限公司行政处罚信息摘要
上海市环境保护局 新公告：上海金香乳胶制品有限公司行政处罚信息摘要
上海市环境保护局 新公告：上海古象化工科技发展有限公司行政处罚信息摘要
上海市环境保护局 新公告：上海高士线业有限公司行政处罚信息摘要
上海市环境保护局 新公告：上海八融食品有限公司行政处罚信息摘要
上海市环境保护局 新公告：上海盛元家具装饰工程有限公司行政处罚信息摘要
上海市环境保护局 新公告：上海盛元家具装饰工程有限公司行政处罚信息摘要
上海市环境保护局 新公告：上海盛元家具装饰工程有限公司行政处罚信息摘要
上海市环境保护局 新公告：上海盛元家具装饰工程有限公司行政处罚信息摘要
上海市环境保护局 新公告：上海卓艺实业有限公司行政处罚信息摘要
上海市环境保护局 新公告：上海中远海运重工有限公司行政处罚信息摘要
上海市环境保护局 新公告：上海中远海运重工有限公司行政处罚信息摘要
上海市环境保护局 新公告：上海豪迪家具有限公司行政处罚信息摘要
上海市环境保护局 新公告：上海豪迪家具有限公司行政处罚信息摘要
上海市环境保护局 新公告：上海巨航实业发展有限公司行政处罚信息摘要
上海市环境保护局 新公告：上海欧卓家具制造厂行政处罚信息摘要
上海市环境保护局 新公告：东胜化学（上海）有限公司行政处罚信息摘要
上海市环境保护局 新公告：上海雅吉模特衣架有限公司行政处罚信息摘要
上海市环境保护局 新公告：上海雅吉模特衣架有限公司行政处罚信息摘要
上海市环境保护局 新公告：上海昌益胶粘制品有限公司行政处罚信息摘要
上海市环境保护局 新公告：宝钢不锈钢有限公司行政处罚信息摘要
上海市环境保护局 新公告：上海外高桥造船有限公司行政处罚信息摘要
上海市环境保护局 新公告：燕汉（上海）建筑工程有限公司行政处罚信息摘要
上海市环境保护局 新公告：燕汉（上海）建筑工程有限公司行政处罚信息摘要
上海市环境保护局 新公告：上海盈满家具厂行政处罚信息摘要
上海市环境保护局 新公告：上海盈满家具厂行政处罚信息摘要
上海市环境保护局 新公告：上海中石化三井化工有限公司行政处罚信息摘要
上海市环境保护局 新公告：上海金凤五金塑胶有限公行政处罚信息摘要
上海市环境保护局 新公告：上海渝越木制品厂行政处罚信息摘要
上海市环境保护局 新公告：中国石化上海石油化工股份有限公司行政处罚信息摘要
上海市环境保护局 新公告：上海闵跃机动车服务有限公司未按规定要求提供环境服务案
上海市环境保护局 新公告：陈荣富未按规定要求提供环境服务案
上海市环境保护局 新公告：上海人民印刷二厂有限公司行政处罚信息摘要
上海市环境保护局 新公告：洛德化学（上海）有限公司行政处罚信息摘要
上海市环境保护局 新公告：上海科啸环保科技有限公司行政处罚信息摘要
上海市环境保护局 新公告：上海巨航实业发展有限公司行政处罚信息摘要
上海市环境保护局 新公告：上海天虹微型轴承有限公司行政处罚信息摘要
上海市环境保护局 新公告：中国石化上海石油化工股份有限公司行政处罚信息摘要
上海市环境保护局 新公告：上海众山特殊钢有限公司行政处罚信息摘要
上海市环境保护局 新公告：江南造船（集团）有限责任公司行政处罚信息摘要
上海市环境保护局 新公告：上海江南长兴重工有限责任公司行政处罚信息摘要
上海市环境保护局 新公告：上海江南长兴造船有限责任公司行政处罚信息摘要
上海市环境保护局 新公告：上海星月环保服务有限公司行政处罚信息摘要
上海市环境保护局 新公告：宝武集团环境资源科技有限公司行政处罚信息摘要
上海市环境保护局 新公告：宝山钢铁股份有限公司行政处罚信息摘要
上海市环境保护局 新公告：上海金凤五金塑胶有限公司行政处罚信息摘要
上海市环境保护局 新公告：上海红双喜游艇有限公司行政处罚信息摘要
上海市环境保护局 新公告：上海申阳藤汽车纺织内饰件有限公司行政处罚信息摘要
上海市环境保护局 新公告：上海法维莱交通车辆设备有限公司行政处罚信息摘要
上海市环境保护局 新公告：上海宝山太平货柜有限公司行政处罚信息摘要
上海市环境保护局 新公告：上海澎博钛白粉有限公司行政处罚信息摘要
上海市环境保护局 新公告：上海船厂船舶有限公司行政处罚信息摘要
上海市环境保护局 新公告：上海华润大东船务工程有限公司行政处罚信息摘要
上海市环境保护局 新公告：上海时申工贸有限公司行政处罚信息摘要
上海市环境保护局 新公告：上海中远船务工程有限公司行政处罚信息摘要
上海市环境保护局 新公告：上海汽车制动系统有限公司行政处罚信息摘要
上海市环境保护局 新公告：中国石化上海高桥石油化工有限公司行政处罚信息摘要
上海市环境保护局 新公告：中国石化上海石油化工股份有限公司行政处罚信息摘要
上海市环境保护局 新公告：中国石化上海石油化工股份有限公司行政处罚信息摘要
上海市环境保护局 新公告：上海东全机械工程制品有限公司行政处罚信息摘要
上海市环境保护局 新公告：格远电子科技（上海）有限公司行政处罚信息摘要
上海市环境保护局 新公告：上海申星化工有限公司漕泾分公司行政处罚信息摘要
上海市环境保护局 新公告：上海矶野塑胶有限公司行政处罚信息摘要
上海市环境保护局 新公告：上海矶野塑胶有限公司行政处罚信息摘要
上海市环境保护局 新公告：上海雄琥电子有限公司行政处罚信息摘要
上海市环境保护局 新公告：上海澎博钛白粉有限公司行政处罚信息摘要
上海市环境保护局 新公告：中国石化上海石油化工股份有限公司行政处罚信息摘要
上海市环境保护局 新公告：中国石化上海石油化工股份有限公司行政处罚信息摘要
上海市环境保护局 新公告：中国石化上海高桥石油化工有限公司行政处罚信息摘要
上海市环境保护局 新公告：上海中油锦友油品经营有限公司市西分公司行政处罚信息摘要
上海市环境保护局 新公告：上海下沙机动车检测有限公司行政处罚信息摘要
上海市环境保护局 新公告：江南造船（集团）有限责任公司行政处罚信息摘要
上海市环境保护局 新公告：上海华泰机动车检测维修有限公司行政处罚信息摘要
上海市环境保护局 新公告：上海中油梅山海宁加油站有限公司行政处罚信息摘要
上海市环境保护局 新公告：上海澎博钛白粉有限公司行政处罚信息摘要
上海市环境保护局 新公告：上海斯典化工有限公司行政处罚信息摘要
上海市环境保护局 新公告：上海盛重重工装备有限公司行政处罚信息摘要
上海市环境保护局 新公告：上海振华重工（集团）股份有限公司长兴分公司行政处罚信息摘要
上海市环境保护局 新公告：上海振华重工港机通用装备有限公司行政处罚信息摘要
上海市环境保护局 新公告：上海振华重工港机通用装备有限公司行政处罚信息摘要
上海市环境保护局 新公告：上海振华港机重工有限公司行政处罚信息摘要
上海市环境保护局 新公告：浩盟车料（上海）有限公司行政处罚信息摘要
上海市环境保护局 新公告：上海正夏工贸有限公司行政处罚信息摘要
上海市环境保护局 新公告：中国石化上海高桥石油化工有限公司行政处罚信息摘要
上海市环境保护局 新公告：中国石化上海高桥石油化工有限公司行政处罚信息摘要
上海市环境保护局 新公告：中国石化上海高桥石油化工有限公司行政处罚信息摘要
上海市环境保护局 新公告：中国石化上海高桥石油化工有限公司行政处罚信息摘要
上海市环境保护局 新公告：上海华润大东船务工程有限公司行政处罚信息摘要
上海市环境保护局 新公告：确信乐思化学（上海）有限公司行政处罚信息摘要
上海市环境保护局 新公告：确信乐思化学（上海）有限公司行政处罚信息摘要
上海市环境保护局 新公告：上海创丰特殊树脂有限公司行政处罚信息摘要
上海市环境保护局 新公告：上海创丰特殊树脂有限公司行政处罚信息摘要
上海市环境保护局 新公告：中国石化上海高桥石油化工有限公司行政处罚信息摘要
上海市环境保护局 新公告：奥斯佳材料科技（上海）有限公司行政处罚信息摘要
上海市环境保护局 新公告：中国石化上海高桥石油化工有限公司行政处罚信息摘要
上海市环境保护局 新公告：中国石化上海高桥石油化工有限公司行政处罚信息摘要
上海市环境保护局 新公告：中国石化上海高桥石油化工有限公司行政处罚信息摘要
上海市环境保护局 新公告：上海江南长兴重工有限责任公司行政处罚信息摘要
上海市环境保护局 新公告：上海江南长兴重工有限责任公司行政处罚信息摘要
上海市环境保护局 新公告：中国石化上海高桥石油化工有限公司行政处罚信息摘要
上海市环境保护局 新公告：中国石化上海石油化工股份有限公司行政处罚信息摘要
上海市环境保护局 新公告：中国石化上海高桥石油化工有限公司行政处罚信息摘要
上海市环境保护局 新公告：中国石化上海高桥石油化工有限公司行政处罚信息摘要
上海市环境保护局 新公告：上海振华港机重工有限公司行政处罚信息摘要
上海市环境保护局 新公告：上海振华港机重工有限公司行政处罚信息摘要
上海市环境保护局 新公告：上海船厂船舶有限公司行政处罚信息摘要
上海市环境保护局 新公告：上海船厂船舶有限公司行政处罚信息摘要
上海市环境保护局 新公告：江南造船（集团）有限责任公司行政处罚信息摘要
上海市环境保护局 新公告：江南造船（集团）有限责任公司行政处罚信息摘要
上海市环境保护局 新公告：上海泽胜复合材料有限公司行政处罚信息摘要
上海市环境保护局 新公告：华能国际电力股份有限公司上海石洞口第一电厂行政处罚信息摘要
上海市环境保护局 新公告：中海工业（上海长兴）有限公司行政处罚信息摘要
上海市环境保护局 新公告：上海嘉斓岱克塑胶科技有限公司行政处罚信息摘要
上海市环境保护局 新公告：帝斯曼维生素（上海）有限公司行政处罚信息摘要
上海市环境保护局 新公告：上海老港生活垃圾处置有限公司行政处罚信息摘要
上海市环境保护局 新公告：上海好夫满信息技术有限公司行政处罚信息摘要
上海市环境保护局 新公告：上海好夫满信息技术有限公司行政处罚信息摘要
上海市环境保护局 新公告：上海品创景观工程有限公司行政处罚信息摘要
上海市环境保护局 新公告：上海品创景观工程有限公司行政处罚信息摘要
上海市环境保护局 新公告：上海品创景观工程有限公司行政处罚信息摘要
上海市环境保护局 新公告：上海品创景观工程有限公司行政处罚信息摘要
上海市环境保护局 新公告：上海松亭机电设备制造有限公司行政处罚信息摘要
上海市环境保护局 新公告：上海品创景观工程有限公司行政处罚听证公告
上海市环境保护局 新公告：上海品创景观工程有限公司行政处罚听证公告
上海市环境保护局 新公告：上海品创景观工程有限公司行政处罚听证公告
上海市环境保护局 新公告：上海江南长兴造船有限责任公司行政处罚信息摘要
上海市环境保护局 新公告：中国科学院上海有机化学研究所行政处罚信息摘要
上海市环境保护局 新公告：岛津企业管理（中国）有限公司行政处罚信息摘要
上海市环境保护局 新公告：上海闵行机动车检测服务有限公司行政处罚信息摘要
上海市环境保护局 新公告：上海运盛制版有限公司行政处罚信息摘要
上海市环境保护局 新公告：中国石化上海石油化工股份有限公司行政处罚信息摘要
上海市环境保护局 新公告：中国石化上海石油化工股份有限公司行政处罚信息摘要
上海市环境保护局 新公告：中国石化上海石油化工股份有限公司行政处罚信息摘要
上海市环境保护局 新公告：上海振华重工港机通用装备有限公司行政处罚信息摘要
上海市环境保护局 新公告：上海微电机研究所（中国电子科技集团公司第二十一研究所）行政处罚信息摘要
上海市环境保护局 新公告：上海微电机研究所（中国电子科技集团公司第二十一研究所）行政处罚信息摘要
上海市环境保护局 新公告：上海金山锦湖日丽塑料有限公司行政处罚信息摘要
上海市环境保护局 新公告：上海金山锦湖日丽塑料有限公司行政处罚信息摘要
上海市环境保护局 新公告：华能上海石洞口发电有限责任公司行政处罚信息摘要
上海市环境保护局 新公告：上海松亭机电设备制造有限公司行政处罚信息摘要
上海市环境保护局 新公告：上海时申工贸有限公司行政处罚信息摘要
上海市环境保护局 新公告：上海时申工贸有限公司行政处罚信息摘要
上海市环境保护局 新公告：上海时申工贸有限公司行政处罚信息摘要
上海市环境保护局 新公告：东胜化学（上海）有限公司行政处罚信息摘要
上海市环境保护局 新公告：帝斯曼维生素（上海）有限公司行政处罚信息摘要
上海市环境保护局 新公告：上海博豪金属制品有限公司行政处罚信息摘要
上海市环境保护局 新公告：大日精化（上海）化工有限公司行政处罚信息摘要
上海市环境保护局 新公告：上海嘉定马陆化工厂有限公司行政处罚信息摘要
上海市环境保护局 新公告：上海嘉定马陆化工厂有限公司行政处罚信息摘要
上海市环境保护局 新公告：上海沸莱德表面处理有限公司行政处罚信息摘要
上海市环境保护局 新公告：中国石化上海石油化工股份有限公司行政处罚信息摘要
上海市环境保护局 新公告：上海中石化三井化工有限公司行政处罚信息摘要
上海市环境保护局 新公告：上海强盛化工有限公司行政处罚信息摘要
上海市环境保护局 新公告：上海亚源加油服务有限公司行政处罚信息摘要
上海市环境保护局 新公告：上海嘉定星城油品中心有限公司行政处罚信息摘要
上海市环境保护局 新公告：上海江南长兴造船有限责任公司行政处罚信息摘要
上海市环境保护局 新公告：上海江南长兴造船有限责任公司行政处罚信息摘要
上海市环境保护局 新公告：中国石化上海石油化工有限公司行政处罚信息摘要
上海市环境保护局 新公告：易能涂料（上海）有限公司行政处罚信息摘要
上海市环境保护局 新公告：上海江南长兴重工有限责任公司行政处罚信息摘要
上海市环境保护局 新公告：上海江南长兴重工有限责任公司司行政处罚信息摘要
上海市环境保护局 新公告：上海明欢实业发展有限公司行政处罚信息摘要
上海市环境保护局 新公告：上海大众嘉定污水处理有限公司行政处罚信息摘要
上海市环境保护局 新公告：上海浦东船厂行政处罚信息摘要
上海市环境保护局 新公告：中国石化上海高桥石油化工有限公司行政处罚信息摘要
上海市环境保护局 新公告：中国石化上海高桥石油化工有限公司行政处罚信息摘要
上海市环境保护局 新公告：上海凯悦钢质家具配件有限公司行政处罚信息摘要
上海市环境保护局 新公告：上海船厂船舶有限公司行政处罚信息摘要
上海市环境保护局 新公告：西萨化工（上海）有限公司行政处罚信息摘要
上海市环境保护局 新公告：中国石化上海石油化工股份有限公司行政处罚信息摘要
上海市环境保护局 新公告：中交上海航道装备工业有限公司行政处罚信息摘要
上海市环境保护局 新公告：中交上海航道装备工业有限公司行政处罚信息摘要
上海市环境保护局 新公告：上海市公共卫生临床中心行政处罚信息摘要
上海市环境保护局 新公告：上海崇南金属结构件有限公司行政处罚信息摘要
上海市环境保护局 新公告：上海崇南金属结构件有限公司行政处罚信息摘要
上海市环境保护局 新公告：中国石化上海石油化工股份有限公司行政处罚信息摘要
上海市环境保护局 新公告：上海华谊天原化工物流有限公司行政处罚信息摘要
上海市环境保护局 新公告：巴斯夫聚氨酯特种产品（中国）有限公司行政处罚信息摘要
上海市环境保护局 新公告：上海外高桥造船有限公司行政处罚信息摘要
上海市环境保护局 新公告：上海振华重工（集团）股份有限公司长兴分公司行政处罚信息摘要
上海市环境保护局 新公告：洛德化学（上海）有限公司行政处罚信息摘要
上海市环境保护局 新公告：中国石化上海石油化工股份有限公司行政处罚信息摘要
上海市环境保护局 新公告：中国石化上海石油化工股份有限公司行政处罚信息摘要
上海市环境保护局 新公告：上海崇明水务投资建设有限公司行政处罚信息摘要
上海市环境保护局 新公告：上海天昊达化工包装有限公司行政处罚信息摘要
上海市环境保护局 新公告：上海亭新船舶修造有限公司行政处罚信息摘要
上海市环境保护局 新公告：上海松隐船舶有限公司行政处罚信息摘要
上海市环境保护局 新公告：中国石化催化剂有限公司上海分公司行政处罚信息摘要
上海市环境保护局 新公告：中国石化催化剂有限公司上海分公司行政处罚信息摘要
上海市环境保护局 新公告：中国石化催化剂有限公司上海分公司行政处罚信息摘要
上海市环境保护局 新公告：上海住总工程材料有限公司下沙分公司行政处罚信息摘要
上海市环境保护局 新公告：日东电工(上海松江)有限公司行政处罚信息摘要
上海市环境保护局 新公告：上海赛神橡塑科技有限公司分公司行政处罚信息摘要
上海市环境保护局 新公告：上海锋翼机械设备有限公司行政处罚信息摘要
上海市环境保护局 新公告：上海豹驰春蕾胶辊有限公司行政处罚信息摘要
上海市环境保护局 新公告：上海豹驰春蕾胶辊有限公司行政处罚信息摘要
上海市环境保护局 新公告：上海电气电站设备有限公司上海汽轮机厂行政处罚信息摘要
上海市环境保护局 新公告：上海电气电站设备有限公司上海汽轮机厂行政处罚信息摘要
上海市环境保护局 新公告：上海牡丹油墨有限公司行政处罚信息摘要
上海市环境保护局 新公告：上海永冠商业设备有限公司行政处罚信息摘要
上海市环境保护局 新公告：上海永冠商业设备有限公司行政处罚信息摘要
上海市环境保护局 新公告：上海翠林电机有限公司行政处罚信息摘要
上海市环境保护局 新公告：上海良浩车圈有限公司行政处罚信息摘要
上海市环境保护局 新公告：上海良浩车圈有限公司行政处罚信息摘要
上海市环境保护局 新公告：上海吉马合成树脂有限公司行政处罚听证公告
上海市环境保护局 新公告：上海凯悦钢质家具配件有限公司司行政处罚信息摘要
上海市环境保护局 新公告：上海运良锻压机床有限公司行政处罚信息摘要
上海市环境保护局 新公告：上海澎斌模具有限公司行政处罚信息摘要
上海市环境保护局 新公告：上海红双喜股份有限公司行政处罚信息摘要
上海市环境保护局 新公告：上海凸版有限公司行政处罚信息摘要
上海市环境保护局 新公告：上海凸版有限公司行政处罚信息摘要
上海市环境保护局 新公告：上海凸版印刷有限公司行政处罚信息摘要
上海市环境保护局 新公告：上海爱森肉食品有限公司行政处罚信息摘要
上海市环境保护局 新公告：上海爱森肉食品有限公司行政处罚信息摘要
上海市环境保护局 新公告：上海重型机器厂有限公司行政处罚信息摘要
上海市环境保护局 新公告：上海申光高装饰材料有限公司行政处罚信息摘要
上海市环境保护局 新公告：宝山钢铁股份有限公司行政处罚信息摘要
上海市环境保护局 新公告：华能国际电力股份有限公司上海石洞口第一电厂行政处罚信息摘要
上海市环境保护局 新公告：上海申能星火热电有限责任公司行政处罚信息摘要
上海市环境保护局 新公告：上海青浦工业园区热电有限公司行政处罚信息摘要
上海市环境保护局 新公告：上海外高桥第三发电有限责任公司行政处罚信息摘要
上海市环境保护局 新公告：上海外高桥第二发电有限责任公司行政处罚信息摘要
上海市环境保护局 新公告：上海外高桥发电有限责任公司行政处罚信息摘要
上海市环境保护局 新公告：中国石化上海高桥石油化工有限公司行政处罚信息摘要
上海市环境保护局 新公告：上海吴泾第二发电有限责任公司行政处罚信息摘要
上海市环境保护局 新公告：华能国际电力股份有限公司上海石洞口第二电厂行政处罚信息摘要
上海市环境保护局 新公告：上海电力股份有限公司吴泾热电厂行政处罚信息摘要
上海市环境保护局 新公告：中国石化上海石油化工股份有限公司行政处罚信息摘要
上海市环境保护局 新公告：中国石化上海石油化工股份有限公司行政处罚信息摘要
上海市环境保护局 新公告：中国石化上海石油化工股份有限公司行政处罚信息摘要
上海市环境保护局 新公告：上海青浦练塘污水处理厂行政处罚信息摘要
上海市环境保护局 新公告：上海富瑞电缆有限公司行政处罚信息摘要
上海市环境保护局 新公告：上海胧科塑胶电子有限公司行政处罚信息摘要
上海市环境保护局 新公告：上海新马汽车配件有限公司行政处罚信息摘要
上海市环境保护局 新公告：上海台安实业集团有限公司行政处罚信息摘要
上海市环境保护局 新公告：上海裕强户外用品股份有限公司行政处罚信息摘要
上海市环境保护局 新公告：上海裕强户外用品股份有限公司行政处罚信息摘要
上海市环境保护局 新公告：上海永晋塑胶制品有限公司行政处罚信息摘要
上海市环境保护局 新公告：上海电力安装第二工程公司行政处罚信息摘要
上海市环境保护局 新公告：中国石化上海石油化工股份有限公司行政处罚信息摘要
上海市环境保护局 新公告：上海化学工业区物流有限公司行政处罚信息摘要
上海市环境保护局 新公告：上海化学工业区物流有限公司行政处罚信息摘要
上海市环境保护局 新公告：上海信谊天平药业有限公司行政处罚信息摘要
上海市环境保护局 新公告：威廉臣配料（上海）有限公司行政处罚信息摘要
上海市环境保护局 新公告：上海顺达集装箱综合服务有限公司行政处罚信息摘要
上海市环境保护局 新公告：上海富美家装饰材料有限公司行政处罚信息摘要
上海市环境保护局 新公告：上海云峰虹口汽车销售服务有限公司行政处罚信息摘要
上海市环境保护局 新公告：上海皮尔博格有色零部件有限公司行政处罚信息摘要
上海市环境保护局 新公告：上海洛兴包装材料有限公司行政处罚信息摘要
上海市环境保护局 新公告：上海金菲石油化工有限公司行政处罚信息摘要
上海市环境保护局 新公告：上海华谊新材料有限公司行政处罚信息摘要
上海市环境保护局 新公告：上海建工材料工程有限公司第七构件厂行政处罚信息摘要
上海市环境保护局 新公告：上海瑞宝重车服务有限公司行政处罚信息摘要
上海市环境保护局 新公告：上海瑞宝重车服务有限公司行政处罚信息摘要
上海市环境保护局 新公告：上海五赢冷拉型钢有限公司行政处罚信息摘要
上海市环境保护局 新公告：中国石化上海高桥石油化工有限公司行政处罚信息摘要
上海市环境保护局 新公告：镇江新区浙港固体废物经营管理有限公司行政处罚信息摘要
上海市环境保护局 新公告：镇江新区浙港固体废物经营管理有限公司行政处罚信息摘要
上海市环境保护局 新公告：上海达昌装饰材料有限公司行政处罚信息摘要
上海市环境保护局 新公告：上海纽欣电气有限公司行政处罚信息摘要
上海市环境保护局 新公告：上海振华重工机械配套有限公司行政处罚信息摘要
上海市环境保护局 新公告：上海赛夫康辐射防护器材有限公司行政处罚信息摘要
上海市环境保护局 新公告：上海赛夫康辐射防护器材有限公司行政处罚信息摘要
上海市环境保护局 新公告：上海皮尔博格有色零部件有限公司行政处罚信息摘要
上海市环境保护局 新公告：上海劲嘉建材科技有限公司行政处罚信息摘要
上海市环境保护局 新公告：上海江南船舶管业有限公司行政处罚信息摘要
上海市环境保护局 新公告：上海市杨浦区中心医院行政处罚信息摘要
上海市环境保护局 新公告：上海永程固废处理有限公司行政处罚信息摘要
上海市环境保护局 新公告：上海晶华胶粘新材料股份有限公司行政处罚信息摘要
上海市环境保护局 新公告：欧诺法装饰材料（上海）有限公司行政处罚信息摘要
上海市环境保护局 新公告：上海荣盛涂装有限公司行政处罚信息摘要
上海市环境保护局 新公告：上海崇明特种电磁线厂行政处罚信息摘要
上海市环境保护局 新公告：上海马腾新型材料厂行政处罚信息摘要
上海市环境保护局 新公告：上海马腾新型材料厂行政处罚信息摘要
上海市环境保护局 新公告：上海长兴金属处理有限公司行政处罚信息摘要
上海市环境保护局 新公告：上海秀方种畜场行政处罚信息摘要
上海市环境保护局 新公告：上海大塚橡塑实业有限公司行政处罚信息摘要
上海市环境保护局 新公告：上海良田化工有限公司行政处罚信息摘要
上海市环境保护局 新公告：上海盛重重工装备有限公司行政处罚信息摘要
上海市环境保护局 新公告：威士伯涂料（上海）有限公司行政处罚信息摘要
上海市环境保护局 新公告：上海达昌装饰材料有限公司行政处罚信息摘要
上海市环境保护局 新公告：上海友勋金属装饰材料有限公司行政处罚信息摘要
上海市环境保护局 新公告：上海共拓医药化工有限公司行政处罚信息摘要
上海市环境保护局 新公告：上海味泽生物制品有限公司行政处罚信息摘要
上海市环境保护局 新公告：上海先拓精细化工有限公司行政处罚信息摘要
上海市环境保护局 新公告：上海顺实机电设备有限公司行政处罚信息摘要
上海市环境保护局 新公告：上海城投城桥污水处理有限公司行政处罚信息摘要
上海市环境保护局 新公告：上海运良锻压机床有限公司行政处罚信息摘要
上海市环境保护局 新公告：上海三鼎印刷橡胶制品有限公司行政处罚信息摘要
上海市环境保护局 新公告：基胜工业（上海）有限公司行政处罚信息摘要
上海市环境保护局 新公告：上海金力泰化工股份有限公司行政处罚信息摘要
上海市环境保护局 新公告：上海金力泰化工股份有限公司行政处罚信息摘要
上海市环境保护局 新公告：上海晶华胶粘新材料股份有限公司行政处罚信息摘要
上海市环境保护局 新公告：欧诺法装饰材料（上海）有限公司行政处罚信息摘要
上海市环境保护局 新公告：上海申航泵业制造有限公司行政处罚信息摘要
上海市环境保护局 新公告：日沛电脑配件（上海）有限公司行政处罚信息摘要
上海市环境保护局 新公告：上海中芬热电有限公司行政处罚信息摘要
上海市环境保护局 新公告：上海达克罗涂复工业有限公司行政处罚信息摘要
上海市环境保护局 新公告：上海达克罗涂复工业有限公司行政处罚信息摘要
上海市环境保护局 新公告：上海达克罗涂复工业有限公司行政处罚信息摘要
上海市环境保护局 新公告：上海外高桥第二发电有限责任公司行政处罚信息摘要
上海市环境保护局 新公告：上海外高桥第三发电有限责任公司行政处罚信息摘要
上海市环境保护局 新公告：上海荣盛涂装有限公司行政处罚信息摘要
上海市环境保护局 新公告：上海南方染料厂行政处罚信息摘要
上海市环境保护局 新公告：先尼科化工（上海）有限公司行政处罚信息摘要
上海市环境保护局 新公告：上海中华印刷有限公司行政处罚信息摘要
上海市环境保护局 新公告：上海双桦汽车零部件股份有限公司行政处罚信息摘要
上海市环境保护局 新公告：上海福全氟碳材料有限公司行政处罚信息摘要
上海市环境保护局 新公告：上海金山卫污水处理有限公司行政处罚信息摘要
上海市环境保护局 新公告：上海市青浦污水处理厂行政处罚信息摘要
上海市环境保护局 新公告：中国石化上海高桥石油化工有限公司行政处罚信息摘要
上海市环境保护局 新公告：上海世霸包装材料有限公司行政处罚信息摘要
上海市环境保护局 新公告：上海卡洛油墨有限公司行政处罚信息摘要
上海市环境保护局 新公告：德谦（上海）化学有限公司行政处罚信息摘要
上海市环境保护局 新公告：宝燕工业科技（上海）有限公司行政处罚信息摘要
上海市环境保护局 新公告：庞贝捷涂料(上海)有限公司行政处罚信息摘要
上海市环境保护局 新公告：上海华谊集团华原化工有限公司行政处罚信息摘要
上海市环境保护局 新公告：佩特化工（上海）有限公司行政处罚信息摘要
上海市环境保护局 新公告：上海金兴水处理工程有限公司行政处罚信息摘要
上海市环境保护局 新公告：宁柏迪特种化学（上海）有限公司行政处罚信息摘要
上海市环境保护局 新公告：上海中石化三井化工有限公司行政处罚信息摘要
上海市环境保护局 新公告：优月仓储（上海）有限公司行政处罚信息摘要
上海市环境保护局 新公告：优月仓储（上海）有限公司行政处罚信息摘要
上海市环境保护局 新公告：库夫纳纺织品制造（上海）有限公司行政处罚信息摘要
上海市环境保护局 新公告：上海科禾模具科技有限公司行政处罚信息摘要
上海市环境保护局 新公告：上海科禾模具科技有限公司行政处罚信息摘要
上海市环境保护局 新公告：律通复合材料（上海）有限公司行政处罚信息摘要
上海市环境保护局 新公告：上海富美家装饰材料有限公司行政处罚信息摘要
上海市环境保护局 新公告：麦格纳汽车镜像（上海）有限公司行政处罚信息摘要
上海市环境保护局 新公告：上海中芬热电有限公司行政处罚信息摘要
上海市环境保护局 新公告：上海铁路局杭州北车辆段行政处罚信息摘要
上海市环境保护局 新公告：上海花王有限公司行政处罚信息摘要
上海市环境保护局 新公告：上海远东电镀有限公司行政处罚信息摘要
上海市环境保护局 新公告：上海元邦化工制造有限公司行政处罚信息摘要
上海市环境保护局 新公告：上海翠强精细化工有限公司行政处罚信息摘要
上海市环境保护局 新公告：上海崇明县堡镇电镀厂行政处罚信息摘要
上海市环境保护局 新公告：上海塔恩包装材料有限公司行政处罚信息摘要
上海市环境保护局 新公告：上海紫东化工材料有限公司行政处罚信息摘要
上海市环境保护局 新公告：上海清松制药有限公司行政处罚信息摘要
上海市环境保护局 新公告：卡博金艾美斯医药（上海）有限公司行政处罚信息摘要
上海市环境保护局 新公告：上海中石化三井弹性体有限公司行政处罚信息摘要
上海市环境保护局 新公告：上海耀春汽车零部件有限公司行政处罚信息摘要
上海市环境保护局 新公告：进彩涂料科技（上海）有限公司行政处罚信息摘要
上海市环境保护局 新公告：华伟表面处理技术（上海）有限公司行政处罚信息摘要
上海市环境保护局 新公告：华利复合板（上海）有限公司行政处罚信息摘要
上海市环境保护局 新公告：宝钢不锈钢有限公司行政处罚信息摘要
上海市环境保护局 新公告：宝钢不锈钢有限公司行政处罚信息摘要
上海市环境保护局 新公告：上海青村磷肥厂行政处罚信息摘要
上海市环境保护局 新公告：中远关西涂料（上海）有限公司行政处罚信息摘要
上海市环境保护局 新公告：上海美燕塑粉有限公司行政处罚信息摘要
上海市环境保护局 新公告：上海美燕塑粉有限公司行政处罚信息摘要
上海市环境保护局 新公告：上海广隆金属有限公司行政处罚信息摘要
上海市环境保护局 新公告：上海孚宝港务有限公司行政处罚信息摘要
上海市环境保护局 新公告：上海温龙化纤有限公司行政处罚信息摘要
上海市环境保护局 新公告：上海亨强卷管配套有限公司行政处罚信息摘要
上海市环境保护局 新公告：上海智彩化工有限公司行政处罚信息摘要
上海市环境保护局 新公告：上海天美纸制品印务有限公司行政处罚信息摘要
上海市环境保护局 新公告：上海卓艺实业有限公司行政处罚信息摘要
上海市环境保护局 新公告：梯希爱（上海）化成工业发展有限公司行政处罚信息摘要
上海市环境保护局 新公告：上海赛孚鞋业有限公司行政处罚信息摘要
上海市环境保护局 新公告：帝斯曼维生素（上海）有限公司行政处罚信息摘要
上海市环境保护局 新公告：上海均洋木业有限公司行政处罚信息摘要
上海市环境保护局 新公告：上海荣盛涂装有限公司行政处罚信息摘要
上海市环境保护局 新公告：上海中芬热力供应有限公司行政处罚信息摘要
上海市环境保护局 新公告：上海科勒有限公司行政处罚信息摘要
上海市环境保护局 新公告：上海展华电子有限公司行政处罚信息摘要
上海市环境保护局 新公告：舒驰容器（上海）有限公司行政处罚信息摘要
上海市环境保护局 新公告：中国石化上海石油化工股份有限公司行政处罚信息摘要
上海市环境保护局 新公告：上海科罗纳精细化工有限公司行政处罚信息摘要
上海市环境保护局 新公告：上海骐鸿运动用品有限公司行政处罚信息摘要
上海市环境保护局 新公告：上海老港生活垃圾处置有限公司南汇分公司行政处罚信息摘要
上海市环境保护局 新公告：东胜化学（上海）有限公司行政处罚信息摘要
上海市环境保护局 新公告：上海炎帝电热电器有限公司行政处罚信息摘要
上海市环境保护局 新公告：思嘉环保材料科技（上海）有限公司行政处罚信息摘要
上海市环境保护局 新公告：上海中石化工物流股份有限公司行政处罚信息摘要
上海市环境保护局 新公告：上海兴顺发槽罐清洗有限公司行政处罚信息摘要
上海市环境保护局 新公告：上海固创化工新材料有限公司行政处罚信息摘要
上海市环境保护局 新公告：上海通用钢结构厂有限公司行政处罚信息摘要
上海市环境保护局 新公告：上海腾佳精细化工有限公司行政处罚信息摘要
上海市环境保护局 新公告：上海腾佳精细化工有限公司行政处罚信息摘要
上海市环境保护局 新公告：凯惠药业（上海）有限公司行政处罚信息摘要
上海市环境保护局 新公告：上海新长宁（集团）有限公司行政处罚信息摘要
上海市环境保护局 新公告：上海化学工业区浦江特种气体有限公司行政处罚信息摘要
上海市环境保护局 新公告：圣莱科特精细化工（上海）有限公司行政处罚信息摘要
上海市环境保护局 新公告：上海中石化三井化工有限公司行政处罚信息摘要
上海市环境保护局 新公告：行政处罚信息摘要
上海市环境保护局 新公告：行政处罚信息摘要
上海市环境保护局 新公告：上海南方染料厂行政处罚信息摘要
上海市环境保护局 新公告：格瑞夫(上海)包装有限公司行政处罚信息摘要
上海市环境保护局 新公告：上海致灿机电设备安装有限公司行政处罚信息摘要
上海市环境保护局 新公告：上海易锦集装箱服务有限公司行政处罚信息摘要
上海市环境保护局 新公告：上海易锦集装箱服务有限公司行政处罚信息摘要
上海市环境保护局 新公告：上海易锦集装箱服务有限公司行政处罚信息摘要
上海市环境保护局 新公告：上海易锦集装箱服务有限公司行政处罚信息摘要
上海市环境保护局 新公告：上海超洁洗涤有限公司行政处罚信息摘要
上海市环境保护局 新公告：上海宝冶集团有限公司钢结构分公司行政处罚信息摘要
上海市环境保护局 新公告：丝路咖精机(上海)有限公司行政处罚信息摘要
上海市环境保护局 新公告：丝路咖精机(上海)有限公司行政处罚信息摘要
上海市环境保护局 新公告：上海古象化工科技发展有限公司行政处罚信息摘要
上海市环境保护局 新公告：上海古象化工科技发展有限公司行政处罚信息摘要
上海市环境保护局 新公告：上海远虹电子工业有限公司行政处罚信息摘要
上海市环境保护局 新公告：格瑞夫(上海)包装有限公司行政处罚信息摘要
上海市环境保护局 新公告：上海长润发涂料有限公司行政处罚信息摘要
上海市环境保护局 新公告：上海申翔灯饰有限公司行政处罚信息摘要
上海市环境保护局 新公告：上海美特斯邦威企业发展有限公司行政处罚信息摘要
上海市环境保护局 新公告：上海电力股份有限公司吴泾热电厂行政处罚信息摘要
上海市环境保护局 新公告：上海浦江特种气体有限公司行政处罚信息摘要
上海市环境保护局 新公告：上海中铅月浦制笔零件有限公司行政处罚信息摘要
上海市环境保护局 新公告：上海中铅月浦制笔零件有限公司行政处罚信息摘要
上海市环境保护局 新公告：上海宝世威石油钢管制造有限公司行政处罚信息摘要
上海市环境保护局 新公告：上海吴淞教具厂行政处罚信息摘要
上海市环境保护局 新公告：上海共发机械设备制造有限公司行政处罚信息摘要
上海市环境保护局 新公告：上海奔达钢结构有限公司行政处罚信息摘要
上海市环境保护局 新公告：上海宝狮金属结构件有限公司行政处罚信息摘要
上海市环境保护局 新公告：上海晋发电气有限公司行政处罚信息摘要
上海市环境保护局 新公告：上海月浦南方混凝土有限公司行政处罚信息摘要
上海市环境保护局 新公告：上海泉江印铁有限公司行政处罚信息摘要
上海市环境保护局 新公告：上海图博可特石油管道涂层有限公司行政处罚信息摘要
上海市环境保护局 新公告：东庄海岸（上海）体育发展有限公司行政处罚信息摘要
上海市环境保护局 新公告：东庄海岸（上海）体育发展有限公司行政处罚信息摘要
上海市环境保护局 新公告：上海五四助剂总厂行政处罚信息摘要
上海市环境保护局 新公告：丝路咖精机(上海)有限公司行政处罚信息摘要
上海市环境保护局 新公告：上海绿地北虹置业有限公司行政处罚信息摘要
上海市环境保护局 新公告：上海中集宝伟工业有限公司行政处罚信息摘要
上海市环境保护局 新公告：洛德化学（上海）有限公司行政处罚信息摘要
上海市环境保护局 新公告：立邦工业涂料（上海）有限公司行政处罚信息摘要
上海市环境保护局 新公告：上海保立佳新材料有限公司行政处罚信息摘要
上海市环境保护局 新公告：上海南亚覆铜箔板有限公司行政处罚信息摘要
上海市环境保护局 新公告：上海新华联制药有限公司行政处罚信息摘要
上海市环境保护局 新公告：上海江川电器仪表成套厂行政处罚信息摘要
上海市环境保护局 新公告：上海达御工贸有限公司行政处罚信息摘要
上海市环境保护局 新公告：上海泰耐耐火材料有限公司行政处罚信息摘要
上海市环境保护局 新公告：上海齐福机械设备有限公司行政处罚信息摘要
上海市环境保护局 新公告：上海传业材料技术有限公司行政处罚信息摘要
上海市环境保护局 新公告：上海华银开关厂有限公司行政处罚信息摘要
上海市环境保护局 新公告：上海竞和机械制造有限公司行政处罚信息摘要
上海市环境保护局 新公告：上海斯安德切基机电制造有限公司行政处罚信息摘要
上海市环境保护局 新公告：上海芏泰精密设备有限公司行政处罚信息摘要
上海市环境保护局 新公告：上海钦达建筑材料有限公司行政处罚信息摘要
上海市环境保护局 新公告：上海天坛助剂有限公司行政处罚信息摘要
上海市环境保护局 新公告：上海罗门哈斯化工有限公司行政处罚信息摘要
上海市环境保护局 新公告：上海东方泵业（集团）有限公司行政处罚信息摘要
上海市环境保护局 新公告：凯惠药业（上海）有限公司行政处罚信息摘要
上海市环境保护局 新公告：兴农药业（中国）有限公司行政处罚信息摘要
上海市环境保护局 新公告：湾泰化工科技（上海）有限公司行政处罚信息摘要
上海市环境保护局 新公告：宝山钢铁股份有限公司行政处罚信息摘要
上海市环境保护局 新公告：上海民族乐器一厂二分厂行政处罚信息摘要
上海市环境保护局 新公告：中国石化上海石油化工股份有限公司行政处罚信息摘要
上海市环境保护局 新公告：中国石化上海石油化工股份有限公司行政处罚信息摘要
上海市环境保护局 新公告：中国石化上海石油化工股份有限公司行政处罚信息摘要
上海市环境保护局 新公告：上海稻畑精细化工有限公司行政处罚信息摘要
上海市环境保护局 新公告：上海试四化学品有限公司行政处罚信息摘要
上海市环境保护局 新公告：上海恒逸聚酯纤维有限公司行政处罚信息摘要
上海市环境保护局一共有616条新公告，导入数据库中......
上海市环境保护局公告导入完成！
上海市环境保护局 一共有8页
上海市环境保护局 新公告：上海申星化工有限公司漕泾分公司行政处罚听证公告
上海市环境保护局 新公告：中国石化上海石油化工股份有限公司行政处罚听证公告
上海市环境保护局 新公告：中国石化上海高桥石油化工有限公司行政处罚听证公告
上海市环境保护局 新公告：上海大道包装隔热材料有限公司行政处罚听证公告
上海市环境保护局 新公告：上海大浩汽车检测中心（普通合伙）行政处罚听证公告
上海市环境保护局 新公告：上海中石化三井化工有限公司行政处罚听证公告
上海市环境保护局 新公告：上海宝祭机动车检测服务有限公司行政处罚听证公告
上海市环境保护局 新公告：上海万溯化学有限公司行政处罚听证公告
上海市环境保护局 新公告：中国石化上海高桥石油化工有限公司行政处罚听证公告
上海市环境保护局 新公告：中国石油化工股份有限公司上海石油化工研究院行政处罚听证公告
上海市环境保护局 新公告：上海工具厂有限公司行政处罚听证公告
上海市环境保护局 新公告：上海前春五金制品加工厂行政处罚听证公告
上海市环境保护局 新公告：上海艺杏食品有限公司行政处罚听证公告
上海市环境保护局 新公告：上海孚宝港务有限公司行政处罚听证公告
上海市环境保护局 新公告：上海环境集团再生能源运营管理有限公司崇明分公司行政处罚听证公告
上海市环境保护局 新公告：巴斯夫化工有限公司行政处罚听证公告
上海市环境保护局 新公告：上海中石化三井化工有限公司行政处罚听证公告
上海市环境保护局 新公告：中国石化上海石油化工股份有限公司行政处罚听证公告
上海市环境保护局 新公告：上海申沃客车有限公司行政处罚听证公告
上海市环境保护局 新公告：上海星峰石油制品有限公司行政处罚听证公告
上海市环境保护局 新公告：优尔稀聚合物（中国）有限公司行政处罚听证公告
上海市环境保护局 新公告：中国石化上海高桥石油化工有限公司行政处罚听证公告
上海市环境保护局 新公告：上海赛科石油化工有限责任公司行政处罚听证公告
上海市环境保护局 新公告：上海宪阳电镀有限公司行政处罚听证公告
上海市环境保护局 新公告：宝山钢铁股份有限公司行政处罚听证公告
上海市环境保护局 新公告：上海化学工业区中法水务发展有限公司行政处罚听证公告
上海市环境保护局 新公告：中国石化上海高桥石油化工有限公司行政处罚听证公告
上海市环境保护局 新公告：上海青浦盛阳喷漆厂行政处罚听证公告
上海市环境保护局 新公告：中国石化上海高桥石油化工有限公司行政处罚听证公告
上海市环境保护局 新公告：中国石化上海石油化工股份有限公司行政处罚听证公告
上海市环境保护局 新公告：宝山钢铁股份有限公司行政处罚听证公告
上海市环境保护局 新公告：华能国际电力股份有限公司上海石洞口第一电厂行政处罚听证公告
上海市环境保护局 新公告：上海华银电器有限公司行政处罚听证公告
上海市环境保护局 新公告：上海华谊新材料有限公司行政处罚听证公告
上海市环境保护局 新公告：上海易华涂装有限公司行政处罚听证公告
上海市环境保护局 新公告：堃霖冷冻机械(上海)有限公司行政处罚听证公告
上海市环境保护局 新公告：上海亚尔光源有限公司行政处罚听证公告
上海市环境保护局 新公告：欧诺法化学（上海）有限公司行政处罚听证公告
上海市环境保护局 新公告：上海亚细亚铝制品有限公司行政处罚听证公告
上海市环境保护局 新公告：上海吉田拉链有限公司行政处罚听证公告
上海市环境保护局 新公告：上海神火铝箔有限公司行政处罚听证公告
上海市环境保护局 新公告：巴斯夫新材料有限公司行政处罚听证公告
上海市环境保护局 新公告：上海昊海生物科技股份有限公司行政处罚听证公告
上海市环境保护局 新公告：上海华银电器有限公司行政处罚听证公告
上海市环境保护局 新公告：上海海运（集团）公司船舶污水处理厂行政处罚听证公告
上海市环境保护局 新公告：上海星月环保服务有限公司行政处罚听证公告
上海市环境保护局 新公告：伟翔环保科技发展（上海）有限公司行政处罚听证公告
上海市环境保护局 新公告：中国石化上海高桥石油化工有限公司行政处罚听证公告
上海市环境保护局 新公告：盛威科（上海）油墨有限公司行政处罚听证公告
上海市环境保护局 新公告：上海安亭环保有限公司行政处罚听证公告
上海市环境保护局 新公告：上海安亭环保有限公司行政处罚听证公告
上海市环境保护局 新公告：上海安亭环保有限公司行政处罚听证公告
上海市环境保护局 新公告：上海英伦帝华汽车有限公司行政处罚听证公告
上海市环境保护局 新公告：巴斯夫上海涂料有限公司行政处罚听证公告
上海市环境保护局 新公告：上海运安制版有限公司行政处罚听证公告
上海市环境保护局 新公告：中国石化上海高桥石油化工有限公司行政处罚听证公告
上海市环境保护局 新公告：上海城投瀛洲生活垃圾处置有限公司行政处罚听证公告
上海市环境保护局 新公告：博德精细化工（上海）有限公司行政处罚听证公告
上海市环境保护局 新公告：上海老港废弃物处置有限公司行政处罚听证公告
上海市环境保护局 新公告：上海豪迪家具有限公司行政处罚听证公告
上海市环境保护局 新公告：上海老港废弃物处置有限公司行政处罚听证公告
上海市环境保护局 新公告：上海老港再生能源有限公司行政处罚听证公告
上海市环境保护局 新公告：上海老港生活垃圾处置有限公司行政处罚听证公告
上海市环境保护局 新公告：上海盛元家具装饰工程有限公司行政处罚听证公告
上海市环境保护局 新公告：阿拉丁试剂（上海）有限公司行政处罚听证公告
上海市环境保护局 新公告：中国石化上海石油化工股份有限公司行政处罚听证公告
上海市环境保护局 新公告：中化道达尔油品有限公司上海第二加油站行政处罚听证公告
上海市环境保护局 新公告：上海金香乳胶制品有限公司行政处罚听证公告
上海市环境保护局 新公告：上海古象化工科技发展有限公司行政处罚听证公告
上海市环境保护局 新公告：上海八融食品有限公司行政处罚听证公告
上海市环境保护局 新公告：上海盛元家具装饰工程有限公司行政处罚听证公告
上海市环境保护局 新公告：上海中远海运重工有限公司行政处罚听证公告
上海市环境保护局 新公告：上海豪迪家具有限公司行政处罚听证公告
上海市环境保护局 新公告：上海新阳半导体材料股份有限公司行政处罚听证公告
上海市环境保护局 新公告：上海中石化三井化工有限公司行政处罚听证公告
上海市环境保护局 新公告：上海运安制版有限公司行政处罚听证公告
上海市环境保护局 新公告：中国石化上海石油化工股份有限公司行政处罚听证公告
上海市环境保护局 新公告：洛德化学（上海）有限公司行政处罚听证公告
上海市环境保护局 新公告：中国石化上海石油化工股份有限公司行政处罚听证公告
上海市环境保护局 新公告：上海市政工程设计研究总院（集团）有限公司行政处罚听证公告
上海市环境保护局 新公告：华东理工大学华昌聚合物有限公司行政处罚听证公告
上海市环境保护局 新公告：上海众山特殊钢有限公司行政处罚听证公告
上海市环境保护局 新公告：上海澎博钛白粉有限公司行政处罚听证公告
上海市环境保护局 新公告：上海船厂船舶有限公司行政处罚听证公告
上海市环境保护局 新公告：上海汽车制动系统有限公司行政处罚听证公告
上海市环境保护局 新公告：中国石化上海高桥石油化工有限公司行政处罚听证公告
上海市环境保护局 新公告：中国石化上海高桥石油化工有限公司行政处罚听证公告
上海市环境保护局 新公告：上海时申工贸有限公司行政处罚听证公告
上海市环境保护局 新公告：上海华润大东船务工程有限公司行政处罚听证公告
上海市环境保护局 新公告：中国石化上海石油化工股份有限公司行政处罚听证公告
上海市环境保护局 新公告：强生（中国）医疗器材有限公司行政处罚听证公告
上海市环境保护局 新公告：上海澎博钛白粉有限公司行政处罚听证公告
上海市环境保护局 新公告：上海雄琥电子有限公司行政处罚听证公告
上海市环境保护局 新公告：中国石化上海石油化工股份有限公司行政处罚听证公告
上海市环境保护局 新公告：中国石化上海石油化工股份有限公司行政处罚听证公告
上海市环境保护局 新公告：上海中油锦友油品经营有限公司市西分公司 行政处罚听证公告
上海市环境保护局 新公告：上海中油梅山海宁加油站有限公司行政处罚听证公告
上海市环境保护局 新公告：上海斯典化工有限公司行政处罚听证公告
上海市环境保护局 新公告：上海华润大东船务工程有限公司行政处罚听证公告
上海市环境保护局 新公告：确信乐思化学（上海）有限公司行政处罚听证公告
上海市环境保护局 新公告：中国石化上海高桥石油化工有限公司行政处罚听证公告
上海市环境保护局 新公告：上海老港生活垃圾处置有限公司行政处罚听证公告
上海市环境保护局 新公告：上海创丰特殊树脂有限公司行政处罚听证公告
上海市环境保护局 新公告：上海澎博钛白粉有限公司行政处罚听证公告
上海市环境保护局 新公告：上海江南长兴重工有限责任公司行政处罚听证公告
上海市环境保护局 新公告：中国石化上海石油化工股份有限公司行政处罚听证公告
上海市环境保护局 新公告：中国石化上海高桥石油化工有限公司行政处罚听证公告
上海市环境保护局 新公告：中国石化上海高桥石油化工有限公司行政处罚听证公告
上海市环境保护局 新公告：中国科学院上海有机化学研究所行政处罚听证公告
上海市环境保护局 新公告：上海夏普电器有限公司行政处罚听证公告
上海市环境保护局 新公告：中国石化上海石油化工股份有限公司行政处罚听证公告
上海市环境保护局 新公告：中国石化上海石油化工股份有限公司行政处罚听证公告
上海市环境保护局 新公告：中国石化上海石油化工股份有限公司行政处罚听证公告
上海市环境保护局 新公告：上海金山锦湖日丽塑料有限公司行政处罚听证公告
上海市环境保护局 新公告：上海嘉定马陆化工厂有限公司行政处罚听证公告
上海市环境保护局 新公告：上海亚源加油服务有限公司行政处罚听证公告
上海市环境保护局 新公告：上海嘉定星城油品中心有限公司行政处罚听证公告
上海市环境保护局 新公告：上海赛科石油化工有限责任公司行政处罚听证公告
上海市环境保护局 新公告：上海中石化三井化工有限公司行政处罚听证公告
上海市环境保护局 新公告：上海强盛化工有限公司行政处罚听证公告
上海市环境保护局 新公告：中国石化上海石油化工股份有限公司行政处罚听证公告
上海市环境保护局 新公告：华东理工大学华昌聚合物有限公司第一分公司行政处罚听证公告
上海市环境保护局 新公告：中国石化上海石油化工股份有限公司行政处罚听证公告
上海市环境保护局 新公告：上海浦东船厂行政处罚听证公告
上海市环境保护局 新公告：上海大众嘉定污水处理有限公司行政处罚听证公告
上海市环境保护局 新公告：上海余润工艺品有限公司行政处罚听证公告
上海市环境保护局 新公告：上海船厂船舶有限公司行政处罚听证公告
上海市环境保护局 新公告：西萨化工（上海）有限公司行政处罚听证公告
上海市环境保护局 新公告：巴斯夫聚氨酯特种产品（中国）有限公司行政处罚听证公告
上海市环境保护局 新公告：上海崇南金属结构件有限公司行政处罚听证公告
上海市环境保护局 新公告：上海市公共卫生临床中心行政处罚听证公告
上海市环境保护局 新公告：中交上海航道装备工业有限公司行政处罚听证公告
上海市环境保护局 新公告：中国石化上海石油化工股份有限公司行政处罚听证公告
上海市环境保护局 新公告：洛德化学（上海）有限公司行政处罚听证公告
上海市环境保护局 新公告：上海住总工程材料有限公司下沙分公司行政处罚听证公告
上海市环境保护局 新公告：上海豹驰春蕾胶辊有限公司行政处罚听证公告
上海市环境保护局 新公告：上海赛神橡塑科技有限公司分公司行政处罚听证公告
上海市环境保护局 新公告：上海锋翼机械设备有限公司行政处罚听证公告
上海市环境保护局 新公告：上海红双喜股份有限公司行政处罚听证公告
上海市环境保护局 新公告：上海翠林电机有限公司行政处罚听证公告
上海市环境保护局 新公告：上海良浩车圈有限公司行政处罚听证公告
上海市环境保护局 新公告：上海凸版有限公司行政处罚听证公告
上海市环境保护局 新公告：上海凸版印刷有限公司行政处罚听证公告
上海市环境保护局 新公告：宝山钢铁股份有限公司行政处罚听证公告
上海市环境保护局 新公告：中国石化上海石油化工股份有限公司行政处罚听证公告
上海市环境保护局 新公告：上海胧科塑胶电子有限公司行政处罚听证公告
上海市环境保护局 新公告：上海青浦练塘污水处理厂行政处罚听证公告
上海市环境保护局 新公告：上海福全氟碳材料有限公司行政处罚听证公告
上海市环境保护局 新公告：上海科禾模具科技有限公司行政处罚听证公告
上海市环境保护局 新公告：上海台安实业集团有限公司行政处罚听证公告
上海市环境保护局 新公告：上海建工材料工程有限公司第七构件厂行政处罚听证公告
上海市环境保护局 新公告：上海洛兴包装材料有限公司行政处罚听证公告
上海市环境保护局 新公告：上海金菲石油化工有限公司行政处罚听证公告
上海市环境保护局 新公告：上海纽欣电气有限公司行政处罚听证公告
上海市环境保护局 新公告：上海振华重工机械配套有限公司行政处罚听证公告
上海市环境保护局 新公告：上海晶华胶粘新材料股份有限公司行政处罚听证公告
上海市环境保护局 新公告：上海劲嘉建材科技有限公司行政处罚听证公告
上海市环境保护局 新公告：上海晶华胶粘新材料股份有限公司行政处罚听证公告
上海市环境保护局 新公告：上海良田化工有限公司行政处罚听证公告
上海市环境保护局 新公告：上海盛重重工装备有限公司行政处罚听证公告
上海市环境保护局 新公告：基胜工业（上海）有限公司行政处罚听证公告
上海市环境保护局 新公告：上海金力泰化工股份有限公司行政处罚听证公告
上海市环境保护局 新公告：上海晶华胶粘新材料股份有限公司行政处罚听证公告
上海市环境保护局 新公告：上海达克罗涂复工业有限公司行政处罚听证公告
上海市环境保护局 新公告：上海市青浦污水处理厂行政处罚听证公告
上海市环境保护局 新公告：上海双桦汽车零部件股份有限公司行政处罚听证公告
上海市环境保护局 新公告：上海荣盛涂装有限公司行政处罚听证公告
上海市环境保护局 新公告：上海外高桥第二发电有限责任公司行政处罚听证公告
上海市环境保护局 新公告：上海外高桥第三发电有限责任公司行政处罚听证公告
上海市环境保护局 新公告：上海福全氟碳材料有限公司行政处罚听证公告
上海市环境保护局 新公告：上海金山卫污水处理有限公司行政处罚听证公告
上海市环境保护局 新公告：松江县塔汇电镀厂行政处罚听证公告
上海市环境保护局 新公告：库夫纳纺织品制造（上海）有限公司行政处罚听证公告
上海市环境保护局 新公告：佩特化工（上海）有限公司行政处罚听证公告
上海市环境保护局 新公告：上海华谊集团华原化工有限公司行政处罚听证公告
上海市环境保护局 新公告：中国石化上海高桥石油化工有限公司行政处罚听证公告
上海市环境保护局 新公告：优月仓储（上海）有限公司行政处罚听证公告
上海市环境保护局 新公告：上海中芬热电有限公司行政处罚听证公告
上海市环境保护局 新公告：上海元邦化工制造有限公司行政处罚听证公告
上海市环境保护局 新公告：上海翠强精细化工有限公司行政处罚听证公告
上海市环境保护局 新公告：律通复合材料（上海）有限公司行政处罚听证公告
上海市环境保护局 新公告：中国石化上海石油化工股份有限公司行政处罚听证公告
上海市环境保护局 新公告：卡博金艾美斯医药（上海）有限公司行政处罚听证公告
上海市环境保护局 新公告：上海中石化三井弹性体有限公司行政处罚听证公告
上海市环境保护局 新公告：上海清松制药有限公司行政处罚听证公告
上海市环境保护局 新公告：进彩涂料科技（上海）有限公司行政处罚听证公告
上海市环境保护局 新公告：华伟表面处理技术（上海）有限公司行政处罚听证公告
上海市环境保护局 新公告：中远关西涂料（上海）有限公司行政处罚听证公告
上海市环境保护局 新公告：上海青村磷肥厂行政处罚听证公告
上海市环境保护局 新公告：上海天美纸制品印务有限公司行政处罚听证公告
上海市环境保护局 新公告：梯希爱(上海)化成工业发展有限公司行政处罚听证公告
上海市环境保护局 新公告：上海卓艺实业有限公司行政处罚听证公告
上海市环境保护局 新公告：上海美燕塑粉有限公司行政处罚听证公告
上海市环境保护局 新公告：上海耀春汽车零部件有限公司行政处罚听证公告
上海市环境保护局 新公告：上海燕达建设有限公司行政处罚听证公告
上海市环境保护局 新公告：上海赛孚鞋业有限公司行政处罚听证公告
上海市环境保护局 新公告：帝斯曼维生素（上海）有限公司行政处罚听证公告
上海市环境保护局 新公告：上海科罗纳精细化工有限公司行政处罚听证公告
上海市环境保护局 新公告：中国石化上海石油化工股份有限公司行政处罚听证公告
上海市环境保护局 新公告：上海腾佳精细化工有限公司行政处罚听证公告
上海市环境保护局 新公告：圣莱科特精细化工（上海）有限公司行政处罚听证公告
上海市环境保护局 新公告：宝山钢铁股份有限公司行政处罚听证公告
上海市环境保护局 新公告：上海中石化三井化工有限公司行政处罚听证公告
上海市环境保护局 新公告：上海南方染料厂行政处罚听证公告
上海市环境保护局 新公告：上海超洁洗涤有限公司行政处罚听证公告
上海市环境保护局 新公告：上海易锦集装箱服务有限公司行政处罚听证公告
上海市环境保护局 新公告：上海宝冶集团有限公司钢结构分公司行政处罚听证公告
上海市环境保护局 新公告：上海申翔灯饰有限公司行政处罚听证公告
上海市环境保护局 新公告：上海浦江特种气体有限公司行政处罚听证公告
上海市环境保护局 新公告：上海绿地北虹置业有限公司行政处罚听证公告
上海市环境保护局 新公告：上海中集宝伟工业有限公司行政处罚听证公告
上海市环境保护局 新公告：上海江川电器仪表成套厂行政处罚听证公告
上海市环境保护局 新公告：上海达御工贸有限公司行政处罚听证公告
上海市环境保护局 新公告：亚东石化（上海）有限公司行政处罚听证公告
上海市环境保护局 新公告：上海金菲石油化工有限公司行政处罚听证公告
上海市环境保护局 新公告：立邦工业涂料（上海）有限公司行政处罚听证公告
上海市环境保护局 新公告：洛德化学（上海）有限公司行政处罚听证公告
上海市环境保护局 新公告：上海保立佳新材料有限公司行政处罚听证公告
上海市环境保护局 新公告：上海申光食用化学品行政处罚听证公告
上海市环境保护局 新公告：凯惠药业（上海）有限公司行政处罚听证公告
上海市环境保护局 新公告：丝路咖精机(上海)有限公司行政处罚听证公告
上海市环境保护局 新公告：兴农药业（中国）有限公司行政处罚听证公告
上海市环境保护局一共有222条新公告，导入数据库中......
上海市环境保护局公告导入完成！
