内蒙古自治区环境保护厅 一共有9页
内蒙古自治区环境保护厅 新公告：责令神华准格尔能源有限责任公司的改正违法行为决定书
内蒙古自治区环境保护厅 新公告：关于对乌兰浩特钢铁有限责任公司环境违法行为的行政处罚
内蒙古自治区环境保护厅 新公告：关于西部环保有限公司的责令改正
内蒙古自治区环境保护厅 新公告：关于内蒙古乌海化工有限公司的责令改正
内蒙古自治区环境保护厅 新公告：关于内蒙古达康实业股份有限公司的责令改正
内蒙古自治区环境保护厅 新公告：关于对西部环保有限公司环境违法行为的行政处罚
内蒙古自治区环境保护厅 新公告：关于对内蒙古乌海化工有限公司环境违法行为的行政处罚
内蒙古自治区环境保护厅 新公告：关于对内蒙古达康实业股份有限公司环境违法行为的行政处罚
内蒙古自治区环境保护厅 新公告：关于对呼和浩特市富鑫源有机肥有限责任公司环境违法行为的行政处罚
内蒙古自治区环境保护厅 新公告：关于对内蒙古锦联铝材有限公司环境违法行为的行政处罚
内蒙古自治区环境保护厅 新公告：关于对呼和浩特市山水热力有限责任公司的行政处罚
内蒙古自治区环境保护厅 新公告：关于对内蒙古大雁矿业集团有限责任公司热电总厂环境违法行为的行政处罚
内蒙古自治区环境保护厅 新公告：关于对内蒙古大兴安岭浆纸有限责任公司环境违法行为的行政处罚
内蒙古自治区环境保护厅 新公告：2015年1-8月无拒不执行行政处罚企业
内蒙古自治区环境保护厅 新公告：关于内蒙古中泰风电设备有限公司的行政处罚
内蒙古自治区环境保护厅 新公告：关于包头市富辰矿业有限责任公司的行政处罚
内蒙古自治区环境保护厅 新公告：关于内蒙古鑫旺再生能源有限公司的行政处罚
内蒙古自治区环境保护厅 新公告：关于锡林郭勒蒙东锗业科技有限公司的行政处罚
内蒙古自治区环境保护厅 新公告：关于内蒙古京宁热电有限责任公司的责令改正
内蒙古自治区环境保护厅 新公告：关于乌兰察布市宏大实业有限公司的责令改正
内蒙古自治区环境保护厅 新公告：2014年二、三、四季度限期改正信息公告（中部地区汇总）
内蒙古自治区环境保护厅 新公告：2014年二、三、四季度行政处罚信息公告（中部地区汇总）
内蒙古自治区环境保护厅 新公告：2014年拒不执行处罚企业（准大发电厂）
内蒙古自治区环境保护厅 新公告：2014年拒不执行处罚企业（金山热电厂）
内蒙古自治区环境保护厅 新公告：2014年拒不执行处罚企业（新林热电厂）
内蒙古自治区环境保护厅 新公告：2014年第一季度限期改正信息公告（中部地区汇总）
内蒙古自治区环境保护厅 新公告：2014年第一季度行政处罚信息公告（中部地区汇总）
内蒙古自治区环境保护厅 新公告：2013年度处罚信息公告（汇总）
内蒙古自治区环境保护厅 新公告：2013年限期改正----内蒙古丰泰发电有限责任公司
内蒙古自治区环境保护厅 新公告：2013年限期改正----内蒙古国电能源投资有限公司新丰热电厂
内蒙古自治区环境保护厅 新公告：2013年限期改正----内蒙古岱海发电有限责任公司
内蒙古自治区环境保护厅 新公告：2013年限期改正----东方希望包头稀土铝业有限责任公司
内蒙古自治区环境保护厅 新公告：2013年限期改正----华电内蒙古能源有限公司包头发电分公司
内蒙古自治区环境保护厅 新公告：2013年限期改正----北方联合电力有限责任公司丰镇发电厂
内蒙古自治区环境保护厅 新公告：2013年限期改正----内蒙古国电能源投资有限公司（锡林热电厂）
内蒙古自治区环境保护厅 新公告：2013年限期改正----内蒙古京隆发电有限责任公司
内蒙古自治区环境保护厅 新公告：2013年限期改正----内蒙古国电能源投资有限公司（锡林热电厂）
内蒙古自治区环境保护厅 新公告：2013年限期改正----包头东华热电有限公司
内蒙古自治区环境保护厅 新公告：2013年限期改正----神华神东电力有限责任公司（萨拉齐电厂）
内蒙古自治区环境保护厅 新公告：2013年限期改正----华电内蒙古能源有限公司（卓资发电分公司）
内蒙古自治区环境保护厅 新公告：2013年限期改正----国电能源投资有限公司金山电厂
内蒙古自治区环境保护厅 新公告：2013年限期改正----内蒙古大唐国际托克托发电有限公司
内蒙古自治区环境保护厅 新公告：2013年限期改正----内蒙古华电卓资发电有限公司
内蒙古自治区环境保护厅 新公告：2013年限期改正----白音华金山发电厂
内蒙古自治区环境保护厅 新公告：关于东方希望包头稀土铝业有限责任公司的行政处罚
内蒙古自治区环境保护厅 新公告：关于神华神东电力有限责任公司（萨拉齐电厂）的行政处罚
内蒙古自治区环境保护厅 新公告：关于包头东华热电有限公司的行政处罚
内蒙古自治区环境保护厅 新公告：关于北方联合电力有限责任公司包头第三热电厂的行政处罚
内蒙古自治区环境保护厅 新公告：关于北方联合电力有限责任公司（包头第二热电厂）的行政处罚
内蒙古自治区环境保护厅 新公告：关于固阳县众凯矿山有限责任公司的行政处罚
内蒙古自治区环境保护厅 新公告：关于武川县志强矿业有限责任公司的行政处罚
内蒙古自治区环境保护厅 新公告：关于察右后旗金辉矿业有限责任公司的行政处罚
内蒙古自治区环境保护厅 新公告：关于欧美投资集团（内蒙古）生物科技有限公司的行政处罚
内蒙古自治区环境保护厅 新公告：关于武川县昌星矿业有限责任公司的行政处罚
内蒙古自治区环境保护厅 新公告：关于中国二冶集团有限公司的行政处罚
内蒙古自治区环境保护厅 新公告：关于包头科日稀土材料有限公司的行政处罚
内蒙古自治区环境保护厅 新公告：关于石药集团中润（内蒙古）有限公司的行政处罚决定书
内蒙古自治区环境保护厅 新公告：关于燕京啤酒（呼和浩特）有限公司的行政处罚决定书
内蒙古自治区环境保护厅 新公告：关于内蒙古盛鑫源新材料有限责任公司的行政处罚决定书
内蒙古自治区环境保护厅 新公告：关于包头市新天泰有限公司的行政处罚决定书
内蒙古自治区环境保护厅 新公告：关于苏尼特右旗峰雷矿业有限责任公司的行政处罚决定书
内蒙古自治区环境保护厅 新公告：关于内蒙古众兴煤炭有限责任公司的行政处罚决定书
内蒙古自治区环境保护厅 新公告：关于包头希望碳素有限公司的行政处罚决定书
内蒙古自治区环境保护厅 新公告：关于包头亿盛达煤炭有限责任公司的行政处罚决定书
内蒙古自治区环境保护厅 新公告：关于包头瑞川水泥有限责任公司的行政处罚决定书
内蒙古自治区环境保护厅 新公告：关于包头市华诚稀土有限责任公司的行政处罚决定书
内蒙古自治区环境保护厅 新公告：关于兴和县华谊矿业有限公司的行政处罚决定书
内蒙古自治区环境保护厅 新公告：关于鄂尔多斯市新驰路桥开发有限公司的行政处罚决定书
内蒙古自治区环境保护厅 新公告：关于察右前旗宝利矿业有限责任公司的处罚决定书
内蒙古自治区环境保护厅 新公告：关于乌兰察布市博泰矿业有限公司的行政处罚决定书
内蒙古自治区环境保护厅 新公告：关于内蒙古汇能集团尔林兔煤炭有限公司的行政处罚决定书
内蒙古自治区环境保护厅 新公告：关于宏大中源太阳能股份有限公司的行政处罚决定书
内蒙古自治区环境保护厅 新公告：关于武川县志强矿业有限责任公司的行政处罚决定书
内蒙古自治区环境保护厅 新公告：关于阿巴嘎旗金地矿业有限责任公司的行政处罚决定书
内蒙古自治区环境保护厅 新公告：关于包头北方智德置业有限责任公司的行政处罚决定书
内蒙古自治区环境保护厅 新公告：关于科右中旗通冶矿业有限公司的行政处罚决定书
内蒙古自治区环境保护厅 新公告：关于阿拉善左旗珠拉黄金开发有限责任公司的行政处罚决定书
内蒙古自治区环境保护厅 新公告：关于翁牛特旗华澳广源矿业投资有限公司的行政处罚决定书
内蒙古自治区环境保护厅 新公告：关于富广食品集团有限公司的行政处罚决定书
内蒙古自治区环境保护厅 新公告：关于北方联合电力有限责任公司（达拉特发电厂）的行政处罚决定书
内蒙古自治区环境保护厅 新公告：关于北方联合电力有限责任公司（包头第一热电厂）的行政处罚决定书
内蒙古自治区环境保护厅 新公告：关于内蒙古国电能源投资有限责任公司（新丰热电厂）的行政处罚决定书
内蒙古自治区环境保护厅 新公告：关于察右前旗鑫园矿业有限责任公司的行政处罚决定书
内蒙古自治区环境保护厅 新公告：关于新能能源有限公司的行政处罚决定书
内蒙古自治区环境保护厅 新公告：关于中国石油天然气股份有限公司（长庆油田分公司）的行政处罚决定书
内蒙古自治区环境保护厅 新公告：关于鄂尔多斯市乌兰煤炭（集团）有限责任公司的行政处罚决定书
内蒙古自治区环境保护厅 新公告：关于内蒙古新长江矿业投资有限公司的行政处罚决定书
内蒙古自治区环境保护厅 新公告：关于内蒙古华亿达机械装备有限公司的行政处罚决定书
内蒙古自治区环境保护厅 新公告：关于北方联合电力乌海热电厂的行政处罚决定书
内蒙古自治区环境保护厅 新公告：关于通辽发电总厂的行政处罚决定书
内蒙古自治区环境保护厅 新公告：关于内蒙古集通铁路（集团）有限责任公司的行政处罚决定书
内蒙古自治区环境保护厅 新公告：关于内蒙古蒙电华能热电股份有限公司（包头第二热电厂）的行政处罚决定书
内蒙古自治区环境保护厅 新公告：关于中盐吉兰太盐化集团有限公司的行政处罚决定书
内蒙古自治区环境保护厅 新公告：关于雅布赖实业有限公司的行政处罚决定书
内蒙古自治区环境保护厅 新公告：关于霍煤鸿骏铝电公司的行政处罚决定书
内蒙古自治区环境保护厅 新公告：关于赤峰热电厂的行政处罚决定书
内蒙古自治区环境保护厅 新公告：关于北方联合电力有限责任公司（临河热电厂）的行政处罚决定书
内蒙古自治区环境保护厅 新公告：关于北方联合电力有限责任公司（达拉特发电厂）的行政处罚决定书
内蒙古自治区环境保护厅 新公告：关于内蒙古黑牛王矿业有限责任公司的行政处罚决定书
内蒙古自治区环境保护厅 新公告：关于内蒙古开滦化工有限公司的行政处罚决定书
内蒙古自治区环境保护厅 新公告：关于武川县利达矿业有限责任公司的行政处罚决定书
内蒙古自治区环境保护厅 新公告：关于包头市万联工贸有限责任公司的行政处罚决定书
内蒙古自治区环境保护厅 新公告：关于包钢综企（集团）共兴冶金粉末有限公司的行政处罚决定书
内蒙古自治区环境保护厅 新公告：关于鄂尔多斯市陶尔斯陶瓷有限公司的行政处罚决定书
内蒙古自治区环境保护厅 新公告：关于包头市达茂旗塞乌素黄金矿业有限责任公司的行政处罚决定书
内蒙古自治区环境保护厅 新公告：关于内蒙古同煤鄂尔多斯矿业投资有限公司的行政处罚决定书
内蒙古自治区环境保护厅 新公告：关于苏尼特金曦黄金矿业有限责任公司的行政处罚决定书
内蒙古自治区环境保护厅 新公告：关于鄂尔多斯市旭辉陶瓷有限责任公司的行政处罚决定书
内蒙古自治区环境保护厅 新公告：关于包头市华科稀土陶瓷新材料有限公司的行政处罚决定书
内蒙古自治区环境保护厅 新公告：关于武川县隆扬矿业有限公司的行政处罚决定书
内蒙古自治区环境保护厅 新公告：关于阿鲁科尔沁旗巴彦包温都包力高铜矿有限责任公司的行政处罚决定书
内蒙古自治区环境保护厅 新公告：关于呼伦贝尔东能化工有限公司的行政处罚决定书
内蒙古自治区环境保护厅 新公告：关于通辽龙通矿业有限公司的行政处罚决定书
内蒙古自治区环境保护厅 新公告：关于内蒙古亿利能源股份有限公司达拉特分公司的行政处罚决定书
内蒙古自治区环境保护厅 新公告：关于内蒙古伊东煤炭集团有限责任公司的行政处罚决定书
内蒙古自治区环境保护厅 新公告：关于一拖（洛阳）专用汽车有限公司（包头分公司）的行政处罚决定书
内蒙古自治区环境保护厅 新公告：关于赤峰阳光科技有限责任公司的行政处罚决定书
内蒙古自治区环境保护厅 新公告：关于内蒙古源源能源集团有限责任公司的行政处罚决定书
内蒙古自治区环境保护厅 新公告：关于察右中旗宝源矿业有限责任公司的行政处罚决定书
内蒙古自治区环境保护厅 新公告：关于内蒙古上都发电有限责任公司的行政处罚决定书
内蒙古自治区环境保护厅 新公告：乌海蓝星玻璃有限责任公司存在环境违法行为的通知
内蒙古自治区环境保护厅 新公告：关于乌海市化工有限公司存在环境问题的通知
内蒙古自治区环境保护厅 新公告：乌兰察布市环境监察支队依法责令察右中旗三家小造纸企业停止生产
内蒙古自治区环境保护厅 新公告：自治区环保专项行动领导小组召开联席会议研究制定集中检查和整治工作重点
内蒙古自治区环境保护厅 新公告：内蒙古自治区级环境违法企业挂牌督办案件名单
内蒙古自治区环境保护厅 新公告：关于对内蒙古乌拉山化肥厂等三家企业违反《中华人民共和国环境影响评价法》擅自开工建设...
内蒙古自治区环境保护厅 新公告：关于对2005年一季度全区重大环境违法情况进行查处的通报
内蒙古自治区环境保护厅一共有127条新公告，导入数据库中......
内蒙古自治区环境保护厅公告导入完成！
内蒙古自治区环境保护厅 一共有5页
内蒙古自治区环境保护厅 新公告：内蒙古自治区环境保护厅公开关于环境保护部华北环境保护督查中心转办举报案件情况表
内蒙古自治区环境保护厅 新公告：内蒙古自治区环境保护厅公开关于环境保护部华北环境保护督查中心转办举报案件情况表
内蒙古自治区环境保护厅 新公告：内蒙古自治区环境保护厅公开关于国家环境保护部督查办公室转办举报案件情况表
内蒙古自治区环境保护厅 新公告：内蒙古自治区环境保护厅“12369”环保举报热线2016年6月举报案件情况表
内蒙古自治区环境保护厅 新公告：内蒙古自治区环境保护厅“12369”环保举报热线2016年4月举报案件情况表
内蒙古自治区环境保护厅 新公告：内蒙古自治区环境保护厅“12369”环保举报热线2016年11月举报案件情况表
内蒙古自治区环境保护厅 新公告：内蒙古自治区环境保护厅“12369”环保举报热线2016年10月举报案件情况表
内蒙古自治区环境保护厅 新公告：内蒙古自治区环境保护厅“12369”环保举报热线2016年2月举报案件情况表
内蒙古自治区环境保护厅 新公告：内蒙古自治区环境保护厅“12369”环保举报热线2016年1月举报案件情况表
内蒙古自治区环境保护厅 新公告：内蒙古自治区环境保护厅“12369”环保举报热线2015年12月举报案件情况表
内蒙古自治区环境保护厅 新公告：内蒙古自治区环境保护厅“12369”环保举报热线2015年11月举报案件情况表
内蒙古自治区环境保护厅 新公告：内蒙古自治区环境保护厅“12369”环保举报热线2015年10月举报案件情况表
内蒙古自治区环境保护厅 新公告：内蒙古自治区环境保护厅“12369”环保举报热线2015年9月举报案件情况表
内蒙古自治区环境保护厅 新公告：内蒙古自治区环境保护厅“12369”环保举报热线2015年7月举报案件情况表
内蒙古自治区环境保护厅 新公告：内蒙古自治区环境保护厅“12369”环保举报热线2015年5月举报案件情况表
内蒙古自治区环境保护厅 新公告：内蒙古自治区环境保护厅“12369”环保举报热线2015年4月举报案件情况表
内蒙古自治区环境保护厅 新公告：内蒙古自治区环境保护厅“12369”环保举报热线2015年1-3月举报案件情况表
内蒙古自治区环境保护厅 新公告：内蒙古自治区环境保护厅“12369”环保举报热线2014年举报案件情况表
内蒙古自治区环境保护厅 新公告：内蒙古自治区环境保护厅“12369”环保举报热线2013年8月-12月举报案件情况表
内蒙古自治区环境保护厅一共有19条新公告，导入数据库中......
内蒙古自治区环境保护厅公告导入完成！
内蒙古自治区环境保护厅 一共有2页
内蒙古自治区环境保护厅 新公告：东部环保督查中心2018年四季度行政处罚信息
内蒙古自治区环境保护厅 新公告：东部环保督查中心2018年三季度行政处罚信息
内蒙古自治区环境保护厅 新公告：东部环保督查中心2018年二季度行政处罚信息
内蒙古自治区环境保护厅 新公告：东部环保督查中心2018年一季度行政处罚信息
内蒙古自治区环境保护厅 新公告：东部督查中心2017年四季度处罚信息
内蒙古自治区环境保护厅 新公告：东部督查中心2016年二季度处罚信息
内蒙古自治区环境保护厅 新公告：东部督查中心2016年一季度处罚信息
内蒙古自治区环境保护厅 新公告：东部督查中心2015年四季度处罚信息
内蒙古自治区环境保护厅 新公告：东部督查中心2015年二季度处罚信息
内蒙古自治区环境保护厅 新公告：东部督查中心2015年一季度处罚信息
内蒙古自治区环境保护厅 新公告：东部督查中心2014年限期改正信息
内蒙古自治区环境保护厅 新公告：东部督查中心2014年四季度处罚信息
内蒙古自治区环境保护厅 新公告：东部督查中心2014年三季度处罚信息
内蒙古自治区环境保护厅 新公告：2013年处罚信息二
内蒙古自治区环境保护厅 新公告：2013年处罚信息----新巴尔虎右旗荣达矿业有限责任公司
内蒙古自治区环境保护厅 新公告：2013年处罚信息一
内蒙古自治区环境保护厅 新公告：2012年限期改正信息一
内蒙古自治区环境保护厅 新公告：2012年处罚信息一
内蒙古自治区环境保护厅 新公告：2011年处罚信息一
内蒙古自治区环境保护厅一共有19条新公告，导入数据库中......
内蒙古自治区环境保护厅公告导入完成！
内蒙古自治区环境保护厅 一共有4页
内蒙古自治区环境保护厅 新公告：内蒙古自治区西部环境保护督查中心3月份处罚信息
内蒙古自治区环境保护厅 新公告：内蒙古自治区西部环境保护督查中心2月份处罚信息
内蒙古自治区环境保护厅 新公告：内蒙古自治区西部环境保护督查中心1月份处罚信息
内蒙古自治区环境保护厅 新公告：内蒙古自治区西部环境保护督查中心2019年第一季度处罚信息
内蒙古自治区环境保护厅 新公告：关于内蒙古东升庙矿业有限责任公司的责令改正违法行为决定书
内蒙古自治区环境保护厅 新公告：关于内蒙古东升庙矿业有限责任公司的行政处罚
内蒙古自治区环境保护厅 新公告：关于鄂尔多斯市营盘壕煤炭有限公司的行政处罚
内蒙古自治区环境保护厅 新公告：内蒙古自治区西部环境保护督查中心2018年9月份处罚信息
内蒙古自治区环境保护厅 新公告：内蒙古自治区西部环境保护督查中心2018年8月份处罚信息
内蒙古自治区环境保护厅 新公告：内蒙古自治区西部环境保护督查中心7月份处罚信息
内蒙古自治区环境保护厅 新公告：内蒙古自治区西部环境保护督查中心2018年3季度处罚信息
内蒙古自治区环境保护厅 新公告：内蒙古自治区西部环境保护督查中心2018年第二季度处罚信息
内蒙古自治区环境保护厅 新公告：内蒙古自治区西部环境保护督查中心2018年第一季度处罚信息
内蒙古自治区环境保护厅 新公告：内蒙古自治区西部环境保护督查中心2017年第四季度处罚信息
内蒙古自治区环境保护厅 新公告：关于内蒙古晨宏力化工集团有限责任公司的行政处罚
内蒙古自治区环境保护厅 新公告：关于内蒙古晨宏力化工集团有限责任公司的行政处罚
内蒙古自治区环境保护厅 新公告：关于内蒙古恒业成有机硅有限公司的行政处罚
内蒙古自治区环境保护厅 新公告：内蒙古西部环保督查中心2016年第二季度处罚信息
内蒙古自治区环境保护厅 新公告：内蒙古西部环保督查中心2016年第一季度处罚信息
内蒙古自治区环境保护厅 新公告：关于内蒙古恒坤化工有限公司的行政处罚
内蒙古自治区环境保护厅 新公告：内蒙古西部环保督查中心2015年第三季度处罚信息
内蒙古自治区环境保护厅 新公告：关于内蒙古乌海蓝星玻璃有限责任公司的行政处罚
内蒙古自治区环境保护厅 新公告：关于内蒙古天润化肥股份有限公司的行政处罚
内蒙古自治区环境保护厅 新公告：关于内蒙古乌海市天瑞化工有限公司的行政处罚
内蒙古自治区环境保护厅 新公告：关于内蒙古乌海市四菱冶炼有限责任公司的行政处罚
内蒙古自治区环境保护厅 新公告：内蒙古西部环保督查中心2015年第二季度处罚信息
内蒙古自治区环境保护厅 新公告：内蒙古西部环保督查中心2015年第一季度处罚信息
内蒙古自治区环境保护厅 新公告：内蒙古西部环保督查中心2014年第四季度处罚信息
内蒙古自治区环境保护厅 新公告：内蒙古西部环保督查中心2014年第四季度处罚信息
内蒙古自治区环境保护厅 新公告：2014年限期整改处罚公告汇总（二）
内蒙古自治区环境保护厅 新公告：内蒙古西部环保督查中心2014年第三季度处罚信息
内蒙古自治区环境保护厅 新公告：内蒙古西部环保督查中心2014年第二季度处罚信息
内蒙古自治区环境保护厅 新公告：内蒙古西部环保督查中心2014年第二季度处罚信息
内蒙古自治区环境保护厅 新公告：内蒙古西部环保督查中心2014年第二季度处罚信息
内蒙古自治区环境保护厅 新公告：2014年限期整改处罚公告汇总（一)
内蒙古自治区环境保护厅 新公告：内蒙古西部环保督查中心2013年第四季度处罚信息
内蒙古自治区环境保护厅 新公告：内蒙古西部环保督查中心2013年第三季度处罚信息
内蒙古自治区环境保护厅 新公告：内蒙古西部环保督查中心2013年9月限期改正信息
内蒙古自治区环境保护厅 新公告：内蒙古西部环保督查中心2013年8月处罚信息
内蒙古自治区环境保护厅 新公告：内蒙古西部环保督查中心2013年7月限期改正信息
内蒙古自治区环境保护厅 新公告：内蒙古西部环保督查中心2013年6月限期改正信息
内蒙古自治区环境保护厅 新公告：内蒙古西部环保督查中心2013年5月限期改正信息
内蒙古自治区环境保护厅 新公告：内蒙古西部环保督查中心2013年5月处罚信息
内蒙古自治区环境保护厅 新公告：内蒙古西部环保督查中心2013年3月限期改正信息
内蒙古自治区环境保护厅 新公告：内蒙古西部环保督查中心2013年3月处罚信息
内蒙古自治区环境保护厅 新公告：内蒙古西部环保督查中心2013年2月处罚信息
内蒙古自治区环境保护厅 新公告：内蒙古西部环保督查中心2013年1月限期改正信息
内蒙古自治区环境保护厅 新公告：内蒙古西部环保督查中心2013年1月处罚信息
内蒙古自治区环境保护厅 新公告：内蒙古西部环保督查中心2012年10月限期改正信息
内蒙古自治区环境保护厅 新公告：内蒙古西部环保督查中心2012年9月限期改正信息
内蒙古自治区环境保护厅一共有50条新公告，导入数据库中......
内蒙古自治区环境保护厅公告导入完成！
