吉林省环境保护厅 一共有10页
吉林省环境保护厅 新公告：行政处罚决定书（吉林艺格环境工程有限公司）
吉林省环境保护厅 新公告：行政处罚决定书（吉林国文医院有限公司）
吉林省环境保护厅 新公告：行政处罚决定书（通化金山化工有限公司）
吉林省环境保护厅 新公告：行政处罚决定书（齐新江）
吉林省环境保护厅 新公告：行政处罚决定书（吉林省农嫂食品有限公司）
吉林省环境保护厅 新公告：行政处罚决定书（吉林师范大学分院）
吉林省环境保护厅 新公告：行政处罚决定书（四平职业大学）
吉林省环境保护厅 新公告：行政处罚决定书（中冶交通建设集团有限公司）
吉林省环境保护厅 新公告：行政处罚决定书（双辽市蓝天污水处理有限责任公司）
吉林省环境保护厅 新公告：行政处罚决定书（公主岭天源水务有限公司）
吉林省环境保护厅 新公告：行政处罚决定书（辽源市中医院）
吉林省环境保护厅 新公告：行政处罚决定书（四平市宏平肉业有限公司）
吉林省环境保护厅 新公告：行政处罚决定书（吉林公主岭经济开发区污水处理厂）
吉林省环境保护厅 新公告：行政处罚决定书（吉林利源精制股份有限公司）
吉林省环境保护厅 新公告：行政处罚决定书（四平市中心人民医院）
吉林省环境保护厅 新公告：行政处罚决定书（公主岭市高金食品有限公司）
吉林省环境保护厅 新公告：行政处罚决定书（辽源市银鹰制药有限责任公司）
吉林省环境保护厅 新公告：行政处罚决定书（四平市精细化学品有限公司）
吉林省环境保护厅 新公告：行政处罚决定书（百威英博（长春）啤酒有限公司）
吉林省环境保护厅 新公告：行政处罚决定书（乾安县昌华热力有限责任公司）
吉林省环境保护厅 新公告：行政处罚决定书（舒兰市煤矿棚户区管理办公室）
吉林省环境保护厅 新公告：行政处罚决定书（磐石市万达物业管理有限公司）
吉林省环境保护厅 新公告：行政处罚决定书（榆树市供热工程公司）
吉林省环境保护厅 新公告：行政处罚决定书（榆树市龙晟热力有限公司）
吉林省环境保护厅 新公告：行政处罚决定书（吉林中盐红四方肥业有限公司）
吉林省环境保护厅 新公告：行政处罚决定书（扶余市供热有限责任公司）
吉林省环境保护厅 新公告：行政处罚决定书（吉林公主岭经济开发区污水处理厂）
吉林省环境保护厅 新公告：行政处罚决定书（梅河口市城市管理行政执法局）
吉林省环境保护厅 新公告：责令改正违法行为决定书（吉林公主岭经济开发区污水处理厂）
吉林省环境保护厅 新公告：责令改正违法行为决定书（百威英博（长春）啤酒有限公司）
吉林省环境保护厅 新公告：责令改正违法行为决定书（榆树市供热工程公司）
吉林省环境保护厅 新公告：责令改正违法行为决定书（榆树市龙晟热力有限公司）
吉林省环境保护厅 新公告：责令改正违法行为决定书（乾安县昌华热力有限责任公司）
吉林省环境保护厅 新公告：责令改正违法行为决定书（吉林中盐红四方肥业有限公司）
吉林省环境保护厅 新公告：责令改正违法行为决定书（扶余市供热有限责任公司）
吉林省环境保护厅 新公告：责令改正违法行为决定书（舒兰市煤矿棚户区管理办公室）
吉林省环境保护厅 新公告：责令改正违法行为决定书（磐石市万达物业管理有限公司）
吉林省环境保护厅 新公告：责令改正违法行为决定书（吉林公主岭经济开发区污水处理厂）
吉林省环境保护厅 新公告：责令改正违法行为决定书（梅河口市城市管理行政执法局）
吉林省环境保护厅 新公告：行政处罚决定书（白山市江源区申元热力有限责任公司）
吉林省环境保护厅 新公告：行政处罚决定书（白城市钻石热力有限公司）
吉林省环境保护厅 新公告：行政处罚决定书（白城市金辉热力有限公司）
吉林省环境保护厅 新公告：行政处罚决定书（白城市鹤城热力有限公司）
吉林省环境保护厅 新公告：行政处罚决定书（通化恒泰热力有限公司）
吉林省环境保护厅 新公告：行政处罚决定书（通化经济开发区恒源热力有限公司）
吉林省环境保护厅 新公告：行政处罚决定书（梨树县盛大热力有限公司）
吉林省环境保护厅 新公告：行政处罚决定书（辽源市西安区阳光供热处）
吉林省环境保护厅 新公告：行政处罚决定书（辽源市盛源热力有限公司）
吉林省环境保护厅 新公告：行政处罚决定书（通榆县宏宇供热有限责任公司）
吉林省环境保护厅 新公告：行政处罚决定书（镇赉县荣祥热力有限公司）
吉林省环境保护厅 新公告：责令改正违法行为决定书（通化恒泰热力有限公司）
吉林省环境保护厅 新公告：责令改正违法行为决定书（通化经济开发区恒源热力有限公司）
吉林省环境保护厅 新公告：责令改正违法行为决定书（梨树县盛大热力有限公司）
吉林省环境保护厅 新公告：责令改正违法行为决定书（辽源市西安区阳光供热处）
吉林省环境保护厅 新公告：责令改正违法行为决定书（辽源市盛源热力有限公司）
吉林省环境保护厅 新公告：责令改正违法行为决定书（通榆县宏宇供热有限责任公司）
吉林省环境保护厅 新公告：责令改正违法行为决定书（镇赉县荣祥热力有限公司）
吉林省环境保护厅 新公告：责令改正违法行为决定书（白城市钻石热力有限公司）
吉林省环境保护厅 新公告：责令改正违法行为决定书（白城市金辉热力有限公司）
吉林省环境保护厅 新公告：责令改正违法行为决定书（白城市鹤城热力有限公司）
吉林省环境保护厅 新公告：公主岭天源水务有限公司水污染物超标排放
吉林省环境保护厅 新公告：吉林省同心热力有限责任公司九台分公司大气污染物超标排放
吉林省环境保护厅 新公告：吉林省富阳热力有限公司大气污染物超标排放（吉环罚字〔2017〕13号）
吉林省环境保护厅 新公告：吉林省东煤羊草能源热力有限责任公司大气污染物超标排放（吉环罚字〔2017〕14号）
吉林省环境保护厅 新公告：中粮生化能源（公主岭）有限公司水污染物超标排放（吉环罚字〔2017〕12号）
吉林省环境保护厅 新公告：吉林市瀚星热力有限公司大气污染物超标排放（吉环罚字〔2017〕11号）
吉林省环境保护厅 新公告：吉林众鑫化工集团有限公司大气污染物超标排放（吉环罚字〔2017〕10号）
吉林省环境保护厅 新公告：德惠市远铭供热有限公司大气污染物超标排放（吉环罚字〔2017〕9号）
吉林省环境保护厅 新公告：德惠市百宏供热有限责任公司大气污染物超标排放（吉环罚字〔2017〕8号）
吉林省环境保护厅 新公告：德惠市新成供热有限公司大气污染物超标排放（吉环罚字〔2017〕7号）
吉林省环境保护厅 新公告：长春市热力（集团）有限责任公司大气污染物超标排放（吉环罚字〔2017〕6号）
吉林省环境保护厅 新公告：长春吉大致远供热有限公司大气污染物超标排放（吉环罚字〔2017〕5号）
吉林省环境保护厅 新公告：伊通满族自治县污水处理厂水污染物超标排放（吉环罚字〔2017〕4号）
吉林省环境保护厅 新公告：长春市环卫医用废弃物处理有限公司环境违法（吉环罚字〔2017〕3号）
吉林省环境保护厅 新公告：辽源市巨峰生化科技有限责任公司年产10万吨酒精异地搬迁改造项目环境保护设施未经验收先生产（吉环罚字〔2017〕2号）
吉林省环境保护厅 新公告：通化钢铁集团股份有限公司3号高炉（原新2#高炉）未批先建（吉环罚字〔2017〕1号）
吉林省环境保护厅 新公告：责令改正违法行为决定书（长春市环卫医用废弃物处理有限公司）
吉林省环境保护厅 新公告：责令改正违法行为决定书（辽源市巨峰生化科技有限责任公司）
吉林省环境保护厅 新公告：责令改正违法行为决定书（通化钢铁集团股份有限公司）
吉林省环境保护厅 新公告：行政处罚决定书(长春市环卫医用废弃物处理有限公司)
吉林省环境保护厅 新公告：行政处罚决定书（辽源市巨峰生化科技有限责任公司）
吉林省环境保护厅 新公告：责令改正违法行为决定书（白城扶桑专用汽车制造有限责任公司）
吉林省环境保护厅 新公告：责令改正违法行为决定书（吉林工商学院）
吉林省环境保护厅 新公告：责令改正违法行为决定书（镇赉新盛纸业有限公司）
吉林省环境保护厅 新公告：责令改正违法行为决定书（通化市中心医院）
吉林省环境保护厅 新公告：责令改正违法行为决定书（通化市东昌区人民医院）
吉林省环境保护厅 新公告：行政处罚决定书（镇赉新盛纸业有限公司）
吉林省环境保护厅 新公告：行政处罚决定书（长春热电发展有限公司）
吉林省环境保护厅 新公告：行政处罚决定书（吉林工商学院）
吉林省环境保护厅 新公告：责令改正违法行为决定书 吉环责改字【2015】1号(冀东水泥磐石有限责任公司)
吉林省环境保护厅 新公告：行政处罚决定书（集安市古马岭金矿有限责任公司）
吉林省环境保护厅 新公告：行政处罚决定书(延边石岘白麓纸业股份有限公司）
吉林省环境保护厅 新公告：行政处罚决定书(来禾洛克生物化学有限公司）
吉林省环境保护厅 新公告：行政处罚决定书(中国石油天然气股份有限公司吉林油田分公司）
吉林省环境保护厅 新公告：责令改正违法行为决定书吉环责改字〔2014〕5号 （中国移动通信集团吉林有限公司通化市分公司）
吉林省环境保护厅 新公告：责令改正违法行为决定书吉环责改字〔2014〕4号（长春热电发展有限公司）
吉林省环境保护厅 新公告：责令改正违法行为决定书吉环责改字〔2014〕3号（集安市古马岭金矿有限责任公司）
吉林省环境保护厅 新公告：责令改正违法行为决定书吉环责改字（2014）2号（延边石岘白麓纸业股份有限公司 ）
吉林省环境保护厅 新公告：责令改正违法行为决定书吉环责改字〔2014〕1号（来禾洛克利生物化学有限公司）
吉林省环境保护厅一共有99条新公告，导入数据库中......
吉林省环境保护厅公告导入完成！
