天津市环境保护局 一共有25页
天津市环境保护局 新公告：天津和建超越污水处理有限公司 津市环罚字[2019]4号
天津市环境保护局 新公告：天津赛瑞机器设备有限公司 津市环罚字[2019]5号
天津市环境保护局 新公告：天津市新湖能源科技有限公司 津市环罚字[2019]1号
天津市环境保护局 新公告：天津远恒汇通环境建设投资有限公司 津市环罚字[2019]2号
天津市环境保护局 新公告：天津花城科技有限公司 津市环罚字[2019]3号
天津市环境保护局 新公告：天津广聚源纸业集团有限公司 津市环罚字[2018]40号
天津市环境保护局 新公告：天津市宏伟化工有限责任公司 津市环罚字[2018]41号
天津市环境保护局 新公告：天津市鑫益昌达金属结构有限公司 津市环罚字[2018]39号
天津市环境保护局 新公告：天津市福奇特电子有限公司 津市环罚字[2018]37号
天津市环境保护局 新公告：天津市敏毅自行车有限公司 津市环罚字[2018]38号
天津市环境保护局 新公告：天津市旭玛车料有限公司 津市环罚字[2018]36号
天津市环境保护局 新公告：天津市武林机动车检测有限公司 津市环罚字[2018]35号
天津市环境保护局 新公告：天津二商迎宾肉类食品有限公司 津市环罚字[2018]34号
天津市环境保护局 新公告：天津天沧水务建设有限公司 津市环罚字[2018]32号
天津市环境保护局 新公告：天津二商迎宾肉类食品有限公司 津市环罚字[2018]33号
天津市环境保护局 新公告：天津柏玉腾飞科技有限公司 津市环罚字[2018]30号
天津市环境保护局 新公告：天津柏玉腾飞科技有限公司 津市环罚字[2018]31号
天津市环境保护局 新公告：天津市天直创业机动车检测服务有限公司 津市环改字[2018]5号
天津市环境保护局 新公告：天津市二商迎宾肉类食品有限公司 津市环执查字[2018]1号
天津市环境保护局 新公告：天津民得利农业技术开发有限公司 津市环罚字[2018]29号
天津市环境保护局 新公告：天津阿克苏诺贝尔过氧化物有限公司 津市环罚字[2018]28号
天津市环境保护局 新公告：天津通顺达机动车检测有限公司 津市环改字[2018]3号
天津市环境保护局 新公告：深圳市神视检验有限公司 津市环改字[2018]4号
天津市环境保护局 新公告：天津市七星马自行车有限公司 津市环罚字[2018]27号
天津市环境保护局 新公告：天津市宝坻区顺通机动车检测有限公司 津市环改字[2018]1号
天津市环境保护局 新公告：天津超越机动车检测服务有限公司 津市环改字[2018]2号
天津市环境保护局 新公告：天津市天重江天重工有限公司 津市环罚字[2018]26号
天津市环境保护局 新公告：天津静达合成材料有限公司 津市环罚字[2018]25号
天津市环境保护局 新公告：天津市嘉禾兴业养猪厂 津市环罚字[2018]22号
天津市环境保护局 新公告：天津市天重江天重工有限公司 津市环罚字[2018]23号
天津市环境保护局 新公告：中石化京东（天津）成品油销售有限公司庞桥头加油站 津市环罚字[2018]24号
天津市环境保护局 新公告：艾尔姆风能叶片制品（天津）有限公司 津市环罚字[2018]21号
天津市环境保护局 新公告：昂高（天津）有限公司 津市环罚字[2018]14号
天津市环境保护局 新公告：天津高盛钢丝绳有限公司 津市环罚字[2018]15号
天津市环境保护局 新公告：天津希利汽车部品有限公司 津市环罚字[2018]16号
天津市环境保护局 新公告：天津市汇利通金属表面技术有限公司 津市环罚字[2018]17号
天津市环境保护局 新公告：天津酷丽包装有限公司 津市环罚字[2018]18号
天津市环境保护局 新公告：天津市大津轮胎胶囊有限公司 津市环罚字[2018]19号
天津市环境保护局 新公告：天津酷丽包装有限公司 津市环罚字[2018]20号
天津市环境保护局 新公告：天津市天重江天重工有限公司 津市环罚字[2018]12号
天津市环境保护局 新公告：天津冶金集团轧三钢铁有限公司 津市环罚字[2018]13号
天津市环境保护局 新公告：天津滨海星城投资发展有限公司 津市环罚字[2018]11号
天津市环境保护局 新公告：天津希利汽车部品有限公司 津市环罚字[2018]3号
天津市环境保护局 新公告：天津市汇利通金属表面技术有限公司 津市环罚字[2018]4号
天津市环境保护局 新公告：天津明宇电子有限公司 津市环罚字[2018]5号
天津市环境保护局 新公告：天津明宇电子有限公司 津市环罚字[2018]6号
天津市环境保护局 新公告：天津市宝开汽车修理有限公司 津市环罚字[2018]7号
天津市环境保护局 新公告：天津天冶日亚钢业有限公司 津市环罚字[2018]8号
天津市环境保护局 新公告：天津鑫通华汽贸有限公司 津市环罚字[2018]9号
天津市环境保护局 新公告：天津酷丽包装有限公司 津市环罚字[2018]10号
天津市环境保护局 新公告：天津市天重江天重工有限公司 津市环罚字[2018]2号
天津市环境保护局 新公告：天津市金骏供热有限公司 津市环罚字[2018]1号
天津市环境保护局 新公告：天津市嘉禾兴业养猪厂 津市环罚字[2017]176号
天津市环境保护局 新公告：天津市宁河县超亿牛养殖专业合作社 津市环罚字[2017]177号
天津市环境保护局 新公告：天津市一鸣家禽养殖专业合作社 津市环罚字[2017]178号
天津市环境保护局 新公告：天津市瀚洋金属设备有限公司 津市环改字[2017]39号
天津市环境保护局 新公告：天津市祁新纸制品有限公司 津市环罚字[2017]160号
天津市环境保护局 新公告：天津市天重江天重工有限公司 津市环罚字[2017]170号
天津市环境保护局 新公告：天津冶金集团轧三钢铁有限公司 津市环罚字[2017]171号
天津市环境保护局 新公告：天津冶金集团轧三钢铁有限公司 津市环罚字[2017]172号
天津市环境保护局 新公告：天津市天重江天重工有限公司 津市环罚字[2017]173号
天津市环境保护局 新公告：天津市广健纺织技术有限公司 津市环罚字[2017]174号
天津市环境保护局 新公告：天津钢管制铁有限公司 津市环罚字[2017]175号
天津市环境保护局 新公告：天津高速公路集团有限公司 津市环改字[2017]34号
天津市环境保护局 新公告：天津中冶和苑置业有限公司 津市环改字[2017]35号
天津市环境保护局 新公告：天津市国联报废机动车回收拆解有限公司 津市环罚字[2017]166号
天津市环境保护局 新公告：天津市国联报废机动车回收拆解有限公司 津市环罚字[2017]167号
天津市环境保护局 新公告：天津市宝利金制管有限公司 津市环罚字[2017]168号
天津市环境保护局 新公告：天津百利展发集团有限公司 津市环罚字[2017]169号
天津市环境保护局 新公告：天津市先众汽车零部件有限公司 津市环改字[2017]33号
天津市环境保护局 新公告：天津市茂联科技有限公司 津市环改字[2017]32号
天津市环境保护局 新公告：大悍（天津）汽车零部件有限公司 津市环罚字[2017]161号
天津市环境保护局 新公告：天津鑫通华汽贸有限公司 津市环罚字[2017]162号
天津市环境保护局 新公告：天津市宝开汽车修理有限公司 津市环罚字[2017]163号
天津市环境保护局 新公告：河北工业大学 津市环罚字[2017]164号
天津市环境保护局 新公告：河北工业大学 津市环罚字[2017]165号
天津市环境保护局 新公告：张彦德（天津市宁河区西塘肉牛养殖场） 津市环改字[2017]31号
天津市环境保护局 新公告：天津锐新昌轻合金股份有限公司 津市环罚字[2017]159号
天津市环境保护局 新公告：天津市天直创业机动车检测服务有限公司 津市环改字[2017]30号
天津市环境保护局 新公告：天津路通电动汽车有限公司 津市环罚字[2017]155号
天津市环境保护局 新公告：天津市博利新丰包装制品有限公司 津市环罚字[2017]156号
天津市环境保护局 新公告：天津市博利新丰包装制品有限公司津市环罚字[2017]157号
天津市环境保护局 新公告：天津宝迪农业科技股份有限公司 津市环罚字[2017]158号
天津市环境保护局 新公告：天津友信材料科技有限公司 津市环罚字[2017]153号
天津市环境保护局 新公告：天津市腾源环保科技有限公司 津市环罚字[2017]154号
天津市环境保护局 新公告：天津市祁新纸制品有限公司 津市环罚字[2017]151号
天津市环境保护局 新公告：天津昕阳机动车检测站 津市环改字[2017]29号
天津市环境保护局 新公告：天津广成投资集团有限公司 津市环罚字[2017]152号
天津市环境保护局 新公告：天津百利展发集团有限公司 津市环罚字[2017]144号
天津市环境保护局 新公告：天津市宝利金热镀锌有限公司 津市环罚字[2017]145号
天津市环境保护局 新公告：天津市照川纸制品有限公司 津市环罚字[2017]146号
天津市环境保护局 新公告：天津市超越机动车检测服务有限公司 津市环罚字[2017]147号
天津市环境保护局 新公告：天津市东丽城市基础设施投资集团有限公司 津市环罚字[2017]148号
天津市环境保护局 新公告：太重（天津）滨海重型机械有限公司 津市环罚字[2017]149号
天津市环境保护局 新公告：天津市腾源环保科技有限公司 津市环罚字[2017]150号
天津市环境保护局 新公告：天津泰达建设集团格调置业有限公司 津市环改字[2017]27号
天津市环境保护局 新公告：天津市天大北洋化工设备有限公司 津市环罚字[2017]143号
天津市环境保护局 新公告：津燃华润燃气有限公司 津市环改字[2017]26号
天津市环境保护局 新公告：天津市康得利纸业有限公司 津市环改字[2017]28号
天津市环境保护局 新公告：天津新世界房地产开发有限公司 津市环罚字[2017]142号
天津市环境保护局 新公告：天津住宅建设发展集团有限公司 津市环改字[2017]25号
天津市环境保护局 新公告：天津市津燃热电有限公司 津市环罚字[2017]125号
天津市环境保护局 新公告：天津能源投资集团有限公司 津市环罚字[2017]126号
天津市环境保护局 新公告：天津港口医院 津市环罚字[2017]127号
天津市环境保护局 新公告：天津市静海区交通局 津市环罚字[2017]128号
天津市环境保护局 新公告：天津市静海区交通局 津市环罚字[2017]129号
天津市环境保护局 新公告：天津市静海区交通局 津市环罚字[2017]130号
天津市环境保护局 新公告：天津市静海区交通局 津市环罚字[2017]131号
天津市环境保护局 新公告：天津市静海区交通局 津市环罚字[2017]132号
天津市环境保护局 新公告：天津市静海区交通局 津市环罚字[2017]133号
天津市环境保护局 新公告：天津市静海区交通局 津市环罚字[2017]134号
天津市环境保护局 新公告：天津市静海区交通局 津市环罚字[2017]135号
天津市环境保护局 新公告：天津市静海区交通局 津市环罚字[2017]136号
天津市环境保护局 新公告：天津市静海区交通局 津市环罚字[2017]137号
天津市环境保护局 新公告：天津市静海区交通局 津市环罚字[2017]138号
天津市环境保护局 新公告：天津森岛宝地置业投资有限公司 津市环罚字[2017]139号
天津市环境保护局 新公告：天津市森岛置业投资有限公司 津市环罚字[2017]140号
天津市环境保护局 新公告：天津通顺达机动车检测有限公司 津市环罚字[2017]141号
天津市环境保护局 新公告：天津市三勋精密机电制品有限公司 津市环罚字[2017]123号
天津市环境保护局 新公告：天津市产品质量监督检测技术研究院 津市环罚字[2017]124号
天津市环境保护局 新公告：天津滨海国际机场 津市环改字[2017]23号
天津市环境保护局 新公告：天津市第四中心医院 津市环改字[2017]24号
天津市环境保护局 新公告：天津裕元电子有限公司 津市环罚字[2017]122号
天津市环境保护局 新公告：天津市东丽区东丽医院 津市环改字[2017]17号
天津市环境保护局 新公告：天津宇华房地产开发有限公司 津市环改字[2017]18号
天津市环境保护局 新公告：天津滨海星城投资发展有限公司 津市环改字[2017]19号
天津市环境保护局 新公告：天津市天房信诚房地产开发有限公司 津市环改字[2017]20号
天津市环境保护局 新公告：天津滨海发展投资控股有限公司 津市环改字[2017]21号
天津市环境保护局 新公告：天津中医药大学第一附属医院 津市环改字[2017]22号
天津市环境保护局 新公告：天津市津燃热电有限公司 津市环罚字[2017]112号
天津市环境保护局 新公告：天津市津燃热电有限公司 津市环罚字[2017]113号
天津市环境保护局 新公告：天津市津燃热电有限公司 津市环罚字[2017]114号
天津市环境保护局 新公告：天津市津燃热电有限公司 津市环罚字[2017]115号
天津市环境保护局 新公告：天津市津燃热电有限公司 津市环罚字[2017]116号
天津市环境保护局 新公告：天津市津燃热电有限公司 津市环罚字[2017]117号
天津市环境保护局 新公告：天津市津燃热电有限公司 津市环罚字[2017]118号
天津市环境保护局 新公告：天津市津燃热电有限公司 津市环罚字[2017]119号
天津市环境保护局 新公告：天津市津燃热电有限公司 津市环罚字[2017]120号
天津市环境保护局 新公告：天津市津燃热电有限公司 津市环罚字[2017]121号
天津市环境保护局 新公告：天津市西青区建设管理委员会 津市环罚字[2017]95号
天津市环境保护局 新公告：天津市西青区建设管理委员会 津市环罚字[2017]96号
天津市环境保护局 新公告：天津市西青区建设管理委员会 津市环罚字[2017]97号
天津市环境保护局 新公告：天津比亚迪汽车有限公司 津市环罚字[2017]98号
天津市环境保护局 新公告：中国人民武装警察部队后勤学院附属医院 津市环罚字[2017]99号
天津市环境保护局 新公告：中国人民武装警察部队后勤学院附属医院 津市环罚字[2017]100号
天津市环境保护局 新公告：河北工业大学 津市环罚字[2017]101号
天津市环境保护局 新公告：河北工业大学 津市环罚字[2017]102号
天津市环境保护局 新公告：万都（天津）汽车零部件有限公司 津市环罚字[2017]103号
天津市环境保护局 新公告：天津城市道路管网配套建设投资有限公司 津市环罚字[2017]104号
天津市环境保护局 新公告：天津城市道路管网配套建设投资有限公司 津市环罚字[2017]105号
天津市环境保护局 新公告：天津城市道路管网配套建设投资有限公司 津市环罚字[2017]106号
天津市环境保护局 新公告：天津城市道路管网配套建设投资有限公司 津市环罚字[2017]107号
天津市环境保护局 新公告：天津城市道路管网配套建设投资有限公司 津市环罚字[2017]108号
天津市环境保护局 新公告：天津城市道路管网配套建设投资有限公司 津市环罚字[2017]109号
天津市环境保护局 新公告：天津城市道路管网配套建设投资有限公司 津市环罚字[2017]110号
天津市环境保护局 新公告：天津市津燃热电有限公司 津市环罚字[2017]111号
天津市环境保护局 新公告：立邦涂料（天津）有限公司 津市环罚字[2017]94号
天津市环境保护局 新公告：天津超越机动车检测服务有限公司 津市环改字[2017]15号
天津市环境保护局 新公告：天津高速公路集团有限公司 津市环改字[2017]16号
天津市环境保护局 新公告：天津中冶和苑置业有限公司 津市环罚字[2017]87号
天津市环境保护局 新公告：天津中冶和苑置业有限公司 津市环罚字[2017]88号
天津市环境保护局 新公告：天津市武清区国有资产经营投资公司 津市环罚字[2017]89号
天津市环境保护局 新公告：天津市武清区国有资产经营投资公司 津市环罚字[2017]90号
天津市环境保护局 新公告：天津市武清区国有资产经营投资公司 津市环罚字[2017]91号
天津市环境保护局 新公告：天津中医药大学第一附属医院 津市环罚字[2017]92号
天津市环境保护局 新公告：天津市天津医院 津市环罚字[2017]93号
天津市环境保护局 新公告：太重（天津）滨海重型机械有限公司 津市环罚字[2017]73号
天津市环境保护局 新公告：天津市东丽城市基础设施投资集团有限公司 津市环罚字[2017]74号
天津市环境保护局 新公告：天津宝迪农业科技股份有限公司 津市环罚字[2017]75号
天津市环境保护局 新公告：天津市先行房地产开发有限公司 津市环罚字[2017]76号
天津市环境保护局 新公告：天津市先行房地产开发有限公司 津市环罚字[2017]77号
天津市环境保护局 新公告：天津市先行房地产开发有限公司津市环罚字[2017]78号
天津市环境保护局 新公告：天津市高速公路经营开发有限公司津市环罚字[2017]79号
天津市环境保护局 新公告：天津市高速公路经营开发有限公司 津市环罚字[2017]80号
天津市环境保护局 新公告：天津高速公路集团有限公司 津市环罚字[2017]81号
天津市环境保护局 新公告：天津平高智能电气有限公司 津市环罚字[2017]82号
天津市环境保护局 新公告：天津森岛宝地置业投资有限公司 津市环罚字[2017]83号
天津市环境保护局 新公告：天津市森岛置业投资有限公司 津市环罚字[2017]84号
天津市环境保护局 新公告：天津港（集团）有限公司 津市环罚字[2017]85号
天津市环境保护局 新公告：天津市第二医院 津市环罚字[2017]86号
天津市环境保护局 新公告：天津市蓟县华明金属表面处理厂 津市环罚字[2017]72号
天津市环境保护局 新公告：天津广成投资集团有限公司 津市环罚字[2017]36号
天津市环境保护局 新公告：天津市宝坻区中医医院 津市环罚字[2017]54号
天津市环境保护局 新公告：天津市津燃热电有限公司 津市环罚字[2017]56号
天津市环境保护局 新公告：天津市静海区交通局 津市环罚字[2017]57号
天津市环境保护局 新公告：天津市静海区交通局 津市环罚字[2017]58号
天津市环境保护局 新公告：天津市静海区交通局 津市环罚字[2017]59号
天津市环境保护局 新公告：天津市静海区交通局 津市环罚字[2017]60号
天津市环境保护局 新公告：天津市静海区交通局 津市环罚字[2017]61号
天津市环境保护局 新公告：天津市静海区交通局 津市环罚字[2017]62号
天津市环境保护局 新公告：天津市静海区交通局 津市环罚字[2017]63号
天津市环境保护局 新公告：天津市静海区交通局 津市环罚字[2017]64号
天津市环境保护局 新公告：天津子牙循环经济产业投资发展有限公司 津市环罚字[2017]66号
天津市环境保护局 新公告：天津市华同实业公司北辰公司 津市环罚字[2017]67号
天津市环境保护局 新公告：津燃华润燃气有限公司 津市环罚字[2017]68号
天津市环境保护局 新公告：天津港口医院 津市环罚字[2017]69号
天津市环境保护局 新公告：天津市凯达重型水电设备制造有限公司 津市环罚字[2017]70号
天津市环境保护局 新公告：天津新世界房地产开发有限公司 津市环罚字[2017]71号
天津市环境保护局 新公告：天津医科大学总医院 津市环改字[2017]6号
天津市环境保护局 新公告：天津市第三中心医院分院 津市环改字[2017]7号
天津市环境保护局 新公告：天津东域海底钢带有限公司 津市环改字[2017]9号
天津市环境保护局 新公告：天津天物金佰微电子有限公司 津市环改字[2017]10号
天津市环境保护局 新公告：天津富士达电动车有限公司 津市环改字[2017]11号
天津市环境保护局 新公告：天津路通电动汽车有限公司 津市环改字[2017]12号
天津市环境保护局 新公告：天津市津南区汽车综合性能检测中心 津市环改字[2017]13号
天津市环境保护局 新公告：凯兰德运动科技股份有限公司 津市环改字[2017]8号
list index out of range
提取公告url出现问题
天津市环境保护局 新公告：天津市环湖医院津市环罚字[2017]52号
天津市环境保护局 新公告：天津市环湖医院津市环罚字[2017]53号
天津市环境保护局 新公告：天津宝成机械制造股份有限公司津市环罚字[2017]55号
天津市环境保护局 新公告：天津爱邦辐射技术有限公司津市环罚字[2017]31号
天津市环境保护局 新公告：天津市协和医药科技集团有限公司津市环罚字[2017]32号
天津市环境保护局 新公告：天津新港船舶重工有限责任公司津市环罚字[2017]33号
天津市环境保护局 新公告：天津市胸科医院津市环罚字[2017]34号
天津市环境保护局 新公告：天津市胸科医院津市环罚字[2017]35号
天津市环境保护局 新公告：天津中医药大学第一附属医院津市环罚字[2017]26号
天津市环境保护局 新公告：天津市东丽区东丽医院津市环罚字[2017]27号
天津市环境保护局 新公告：河北工业大学津市环罚字[2017]28号
天津市环境保护局 新公告：河北工业大学津市环罚字[2017]29号
天津市环境保护局 新公告：天津城市道路管网配套建设投资有限公司津市环罚字[2017]30号
天津市环境保护局 新公告：天津市人民医院津市环罚字[2017]21号
天津市环境保护局 新公告：天津市黄河医院津市环罚字[2017]22号
天津市环境保护局 新公告：中国人民武装警察部队后勤学院附属医院津市环罚字[2017]23号
天津市环境保护局 新公告：中国人民武装警察部队后勤学院附属医院津市环罚字[2017]24号
天津市环境保护局 新公告：天津市森岛置业投资有限公司津市环改字[2017]1号
天津市环境保护局 新公告：天津森岛宝地置业投资有限公司津市环改字[2017]2号
天津市环境保护局 新公告：天津能源投资集团有限公司津市环罚字[2017]25号
天津市环境保护局 新公告：国网天津市电力公司经济技术研究院津市环改字[2017]4号
天津市环境保护局 新公告：天津市武清区国有资产经营投资公司津市环罚字[2017]13号
天津市环境保护局 新公告：天津市武清区国有资产经营投资公司津市环罚字[2017]14号
天津市环境保护局 新公告：天津市武清区国有资产经营投资公司  津市环罚字[2017]15号
天津市环境保护局 新公告：天津宝迪农业科技股份有限公司津市环罚字[2017]7号
天津市环境保护局 新公告：天津坤徽城镇建设开发投资有限公司津市环罚字[2017]8号
天津市环境保护局 新公告：天津市高速公路经营开发有限公司津市环罚字[2017]10号
天津市环境保护局 新公告：津燃华润燃气有限公司津市环罚字[2017]11号
天津市环境保护局 新公告：天津市东丽城市基础设施投资集团有限公司津市环罚字[2017]12号
天津市环境保护局 新公告：天津市东丽区体育局津市环罚字[2017]16号
天津市环境保护局 新公告：天津市静海区交通局津市环罚字[2017]17号
天津市环境保护局 新公告：天津市静海区交通局津市环罚字[2017]18号
天津市环境保护局 新公告：天津双源科技园开发有限公司津市环罚字[2017]19号
天津市环境保护局 新公告：天津天海石化设备制造有限公司津市环罚字[2017]20号
天津市环境保护局 新公告：天津海运职业学院津市环改字[2017]3号
天津市环境保护局 新公告：天津市九河电子束技术发展有限公司津市环罚字[2016]110号
天津市环境保护局 新公告：天津市鑫诚锅炉有限公司津市环罚字[2016]112号
天津市环境保护局 新公告：天津高速公路集团有限公司津市环罚字[2017]1号
天津市环境保护局 新公告：天津滨海国际机场津市环罚字[2017]3号
天津市环境保护局 新公告：天津高银国际俱乐部有限公司津市环罚字[2017]4号
天津市环境保护局 新公告：天津市公路处津市环罚字[2017]5号
天津市环境保护局 新公告：天津市津燃热电有限公司津市环罚字[2016]109号
天津市环境保护局 新公告：天津广成投资集团有限公司行政处罚决定书津市环罚字[2016]113号
天津市环境保护局 新公告：天津市塘沽永利工程有限公司行政处罚决定书津市环罚字[2016]114号
天津市环境保护局 新公告：天津海河教育园区投资开发有限公司津市环罚字[2016]101号
天津市环境保护局 新公告：天津城市道路管网配套建设投资有限公司津市环罚字[2016]102号
天津市环境保护局 新公告：天津城市道路管网配套建设投资有限公司津市环罚字[2016]103号
天津市环境保护局 新公告：天津城市道路管网配套建设投资有限公司津市环罚字[2016]104号
天津市环境保护局 新公告：天津城市道路管网配套建设投资有限公司津市环罚字[2016]105号
天津市环境保护局 新公告：天津城市道路管网配套建设投资有限公司津市环罚字[2016]106号
天津市环境保护局 新公告：天津城市道路管网配套建设投资有限公司津市环罚字[2016]107号
天津市环境保护局 新公告：天津城市道路管网配套建设投资有限公司津市环罚字[2016]108号
list index out of range
提取公告url出现问题
天津市环境保护局 新公告：天津市黄河医院津市环罚字[2016]72号
天津市环境保护局 新公告：保利（天津）房地产开发有限公司津市环罚字[2016]73号
天津市环境保护局 新公告：天津大学津市环罚字[2016]74号
天津市环境保护局 新公告：天津市鑫昊光环颜料有限公司津市环罚字[2016]78号
天津市环境保护局 新公告：天津市凯达重型水电设备制造有限公司津市环罚字[2016]79号
天津市环境保护局 新公告：天津市天屋建设发展有限公司津市环罚字[2016]80号
天津市环境保护局 新公告：天津市地下铁道集团有限公司津市环罚字[2016]84号
天津市环境保护局 新公告：天津市静海区交通局津市环罚字[2016]85号
天津市环境保护局 新公告：天津市静海区交通局津市环罚字[2016]86号
天津市环境保护局 新公告：天津市凤鸣冷板有限公司津市环罚字[2016]87号
天津市环境保护局 新公告：天津高速公路集团有限公司津市环罚字[2016]88号
天津市环境保护局 新公告：天津市静海区交通局津市环罚字[2016]91号
天津市环境保护局 新公告：天津渤天化工有限责任公司津市环罚字[2016]90号
天津市环境保护局 新公告：天津市静海区交通局津市环罚字[2016]92号
天津市环境保护局 新公告：天津市静海区交通局津市环罚字[2016]93号
天津市环境保护局 新公告：天津市静海区交通局津市环罚字[2016]94号
天津市环境保护局 新公告：天津市静海区交通局津市环罚字[2016]95号
天津市环境保护局 新公告：天津市静海区交通局津市环罚字[2016]96号
天津市环境保护局 新公告：天津市静海区交通局津市环罚字[2016]97号
list index out of range
提取公告url出现问题
list index out of range
提取公告url出现问题
天津市环境保护局 新公告：天津市滨海水业集团有限公司津市环罚字[2016]51号
天津市环境保护局 新公告：天津市东丽区卫生局津市环罚字[2016]49号
天津市环境保护局 新公告：天津宝迪农业科技股份有限公司津市环罚字[2016]44号
天津市环境保护局 新公告：天津滨海发展投资控股有限公司津市环罚字[2016]40号
天津市环境保护局 新公告：天津滨海北方辐照技术有限公司津市环罚字[2016]38号
list index out of range
提取公告url出现问题
天津市环境保护局 新公告：天津市静海区医院行政处罚决定书津市环罚字[2016]27号
天津市环境保护局 新公告：立邦涂料（天津）有限公司行政处罚决定书津市环罚字[2016]28号
天津市环境保护局 新公告：天津市天津医院行政处罚决定书津市环罚字[2016]29号
天津市环境保护局 新公告：天津市致远化学试剂有限公司行政处罚决定书津市环罚字[2016]30号
天津市环境保护局 新公告：天津盈通物流发展有限公司津市环罚字[2016]25号
list index out of range
提取公告url出现问题
list index out of range
提取公告url出现问题
list index out of range
提取公告url出现问题
天津市环境保护局 新公告：天津市环境保护局行政处罚决定书[2015]43号
天津市环境保护局 新公告：天津市环境保护局行政处罚决定书[2015]44号
天津市环境保护局 新公告：天津市环境保护局行政处罚决定书[2015]35号
天津市环境保护局 新公告：天津市环境保护局行政处罚决定书[2015]36号
天津市环境保护局 新公告：天津市环境保护局行政处罚决定书[2015]42号
天津市环境保护局 新公告：天津市环境保护局行政处罚决定书[2015]31号
天津市环境保护局 新公告：天津市环境保护局行政处罚决定书[2015]32号
天津市环境保护局 新公告：天津市环境保护局行政处罚决定书[2015]33号
天津市环境保护局 新公告：天津市环境保护局行政处罚决定书[2015]34号
天津市环境保护局 新公告：天津市环境保护局行政处罚决定书[2015]29号
天津市环境保护局 新公告：天津市环境保护局行政处罚决定书[2015]30号
天津市环境保护局 新公告：天津市环境保护局行政处罚听证告知书[2015]37号
天津市环境保护局 新公告：天津市环境保护局行政处罚决定书[2015]23号
天津市环境保护局 新公告：天津市环境保护局行政处罚决定书[2015]24号
天津市环境保护局 新公告：天津市环境保护局行政处罚决定书[2015]26号
天津市环境保护局 新公告：天津市环境保护局行政处罚决定书[2015]27号
天津市环境保护局 新公告：天津市环境保护局行政处罚决定书[2015]28号
天津市环境保护局 新公告：天津市环境保护局行政处罚决定书[2015]21号
天津市环境保护局 新公告：天津市环境保护局行政处罚决定书[2015]22号
天津市环境保护局 新公告：天津市环境保护局行政处罚决定书[2015]25号
天津市环境保护局 新公告：天津市环境保护局行政处罚决定书[2015]20号
天津市环境保护局 新公告：天津市环境保护局行政处罚决定书[2015]19号
天津市环境保护局 新公告：天津市环境保护局行政处罚决定书[2015]11号
天津市环境保护局 新公告：天津市环境保护局行政处罚决定书[2015]12号
天津市环境保护局 新公告：天津市环境保护局行政处罚决定书[2015]13号
天津市环境保护局 新公告：天津市环境保护局行政处罚决定书[2015]14号
天津市环境保护局 新公告：天津市环境保护局行政处罚决定书[2015]15号
天津市环境保护局 新公告：天津市环境保护局行政处罚决定书[2015]16号
天津市环境保护局 新公告：天津市环境保护局行政处罚决定书[2015]17号
天津市环境保护局 新公告：天津市环境保护局行政处罚决定书[2015]18号
天津市环境保护局 新公告：天津市环境保护局行政处罚决定书[2015]10号
天津市环境保护局 新公告：天津市环境保护局行政处罚决定书[2015]6号
天津市环境保护局 新公告：天津市环境保护局行政处罚决定书[2015]7号
天津市环境保护局 新公告：天津市环境保护局行政处罚决定书[2015]9号
天津市环境保护局 新公告：天津市环境保护局行政处罚决定书[2015]8号
天津市环境保护局 新公告：天津市环境保护局行政处罚决定书[2015]2号
天津市环境保护局 新公告：天津市环境保护局行政处罚决定书[2015]5号
天津市环境保护局 新公告：天津市环境保护局行政处罚决定书[2015]4号
天津市环境保护局 新公告：天津市环境保护局行政处罚决定书[2015]3号
天津市环境保护局 新公告：天津市环境保护局行政处罚决定书[2015]1号
天津市环境保护局 新公告：天津市环境保护局行政处罚决定书[2014]97号
天津市环境保护局 新公告：天津市环境保护局行政处罚决定书[2014]88号
list index out of range
提取公告url出现问题
天津市环境保护局 新公告：天津市环境保护局行政处罚决定书[2014]69号
天津市环境保护局 新公告：天津市环境保护局行政处罚决定书[2014]68号
天津市环境保护局 新公告：天津市环境保护局行政处罚决定书[2014]67号
天津市环境保护局 新公告：天津市环境保护局行政处罚决定书[2014]66号
天津市环境保护局 新公告：天津市环境保护局行政处罚决定书[2014]65号
天津市环境保护局 新公告：天津市环境保护局行政处罚决定书[2014]64号
天津市环境保护局 新公告：天津市环境保护局行政处罚决定书[2014]63号
天津市环境保护局 新公告：天津市环境保护局行政处罚决定书[2014]62号
天津市环境保护局 新公告：天津市环境保护局行政处罚决定书[2014]61号
天津市环境保护局 新公告：天津市环境保护局行政处罚决定书[2014]60号
天津市环境保护局 新公告：天津市环境保护局行政处罚决定书[2014]59号
天津市环境保护局 新公告：天津市环境保护局行政处罚决定书[2014]58号
天津市环境保护局 新公告：天津市环境保护局行政处罚决定书[2014]56号
天津市环境保护局 新公告：天津市环境保护局行政处罚决定书[2014]55号
天津市环境保护局 新公告：天津市环境保护局行政处罚决定书[2014]54号
天津市环境保护局 新公告：天津市环境保护局行政处罚决定书[2014]53号
天津市环境保护局 新公告：天津市环境保护局行政处罚决定书[2014]52号
天津市环境保护局 新公告：天津市环境保护局行政处罚决定书[2014]51号
天津市环境保护局 新公告：天津市环境保护局行政处罚决定书[2014]50号
天津市环境保护局 新公告：天津市环境保护局行政处罚决定书[2014]49号
天津市环境保护局 新公告：天津市环境保护局行政处罚决定书[2014]48号
天津市环境保护局 新公告：天津市环境保护局行政处罚决定书[2014]47号
天津市环境保护局 新公告：天津市环境保护局行政处罚决定书[2014]46号
天津市环境保护局 新公告：天津市环境保护局行政处罚决定书[2014]45号
天津市环境保护局 新公告：天津市环境保护局行政处罚决定书[2014]44号
天津市环境保护局 新公告：天津市环境保护局行政处罚决定书[2014]43号
天津市环境保护局 新公告：天津市环境保护局行政处罚决定书[2014]42号
天津市环境保护局 新公告：天津市环境保护局行政处罚决定书[2014]41号
天津市环境保护局 新公告：天津市环境保护局行政处罚决定书[2014]40号
天津市环境保护局 新公告：天津市环境保护局行政处罚决定书[2014]39号
天津市环境保护局 新公告：天津市环境保护局行政处罚决定书[2014]38号
天津市环境保护局 新公告：天津市环境保护局行政处罚决定书[2014]37号
天津市环境保护局 新公告：天津市环境保护局行政处罚决定书[2014]36号
天津市环境保护局 新公告：天津市环境保护局行政处罚决定书[2014]35号
天津市环境保护局 新公告：天津市环境保护局行政处罚决定书[2014]34号
天津市环境保护局 新公告：天津市环境保护局行政处罚决定书[2014]33号
天津市环境保护局 新公告：天津市环境保护局行政处罚决定书[2014]32号
天津市环境保护局 新公告：天津市环境保护局行政处罚决定书[2014]31号
天津市环境保护局 新公告：天津市环境保护局行政处罚决定书[2014]30号
天津市环境保护局 新公告：天津市环境保护局责令改正违法行为决定书 [2014]19号
天津市环境保护局一共有369条新公告，导入数据库中......
天津市环境保护局公告导入完成！
