安徽省环境保护厅 一共有19页
安徽省环境保护厅 新公告：安徽省生态环境厅关于解除安徽迪诺环保科技有限公司环境违法案件挂牌督办的函
安徽省环境保护厅 新公告：安徽省生态环境厅关于解除繁昌县繁星针织漂染有限公司环境违法案件挂牌督办的函
安徽省环境保护厅 新公告：安徽省生态环境厅关于解除芜湖雅丽丝染整有限责任公司环境违法案件挂牌督办的函
安徽省环境保护厅 新公告：安徽省生态环境厅关于解除安徽省泽乾冶金科技有限公司环境违法案件挂牌督办的函
安徽省环境保护厅 新公告：安徽省生态环境厅关于芜湖市繁昌县中胜覆膜砂有限公司存在严重环境违法问题调查处理情况的函
安徽省环境保护厅 新公告：安徽省环保厅涉企检查事项一览表
安徽省环境保护厅 新公告：安徽省环保厅关于对安徽迪诺环保新材料科技有限公司环境违法案件实施挂牌督办的通知
安徽省环境保护厅 新公告：安徽省环保厅关于对淮南市田家庵区安成镇连岗码头等4起固体废物环境问题实施挂牌督办的通知
安徽省环境保护厅 新公告：安徽省环保厅关于对镜湖区方村街道工业集中区环境违法案件实施挂牌督办的通知
安徽省环境保护厅 新公告：安徽省环保厅转发生态环境部办公厅关于对安徽省、湖南省、重庆市的7起长江生态环境违法案件挂牌督办的通知
安徽省环境保护厅 新公告：安徽省环保厅关于解除安徽郎溪十字经济开发区环境违法案件挂牌督办的函
安徽省环境保护厅 新公告：安徽省环保厅关于解除安徽舒美特纤维股份有限公司环境违法案件挂牌督办的函
安徽省环境保护厅 新公告：安徽省环保厅关于对安徽德邦化工有限公司环境违法案件实施挂牌督办的通知
安徽省环境保护厅 新公告：安徽省环保厅关于2017年重点排污单位自动监控设施专项执法检查情况的通报
安徽省环境保护厅 新公告：安徽省环保厅关于解除铜陵市华兴化工有限公司环境违法案件挂牌督办的函
安徽省环境保护厅 新公告：安徽省环保厅关于解除铜陵市铜官山化工有限公司环境违法案件挂牌督办的函
安徽省环境保护厅 新公告：安徽省纳污坑塘整治方案
安徽省环境保护厅 新公告：安徽省环保厅关于暂停审批铜陵市循环经济工业试验园建设项目环境影响评价文件的函
安徽省环境保护厅 新公告：安徽省环保厅关于暂停审批东至经济开发区建设项目环境影响评价文件的函
安徽省环境保护厅 新公告：安徽省环保厅关于解除安徽金玉米农业科技开发有限公司环境违法案件挂牌督办的函
安徽省环境保护厅 新公告：安徽省环保厅关于解除安徽鑫光纸业股份有限公司环境违法案件挂牌督办的函
安徽省环境保护厅 新公告：安徽省环保厅关于撤销淮南市八公山豆制品厂挂牌督办案件的函
安徽省环境保护厅 新公告：安徽省环保厅关于解除安徽金牛矿业有限公司环境违法案件挂牌督办的函
安徽省环境保护厅 新公告：黄建树率队督查宣城环保系统预防职务犯罪工作
安徽省环境保护厅 新公告：安徽省环保厅关于解除德伦橡胶股份有限公司环境违法案件挂牌督办的通知
安徽省环境保护厅 新公告：芜湖南陵县三里镇吕山村佰金矿业环境违法问题曝光
安徽省环境保护厅 新公告：安徽省环保厅关于解除怀远县经济开发区区域限批的函
安徽省环境保护厅 新公告：2017年3月份现场执法检查情况（安徽华泰林浆纸有限公司）
安徽省环境保护厅 新公告：2017年3月份现场执法检查情况（安徽蓝博旺机械集团合诚机械有限公司）
安徽省环境保护厅 新公告：2017年2月份现场执法检查情况（大唐淮北发电厂）
安徽省环境保护厅 新公告：2017年2月份现场执法检查情况（安徽省萧县林平纸业有限公司）
安徽省环境保护厅 新公告：2017年2月份现场执法检查情况（安徽省萧县东方玻璃有限公司）
安徽省环境保护厅 新公告：2017年2月份现场执法检查情况（桐城市凯迪绿色能源开发有限公司）
安徽省环境保护厅 新公告：2017年一季度全省饮用水水源地主要环境问题清单
安徽省环境保护厅 新公告：2017年2月份现场执法检查情况（阿尔博波特兰（安庆）有限公司）
安徽省环境保护厅 新公告：2017年2月份现场执法检查情况（安徽省华电宿州发电有限公司）
安徽省环境保护厅 新公告：安徽省大气污染防治联席会议办公室关于2017年2月份全省秸秆禁烧情况的通报
安徽省环境保护厅 新公告：安徽省环保厅关于解除安徽贝克联合制药有限公司环境违法案件挂牌督办的通知
安徽省环境保护厅 新公告：安徽省环保厅关于对霍邱县威特先种猪育种有限公司环境违法案件实施挂牌督办的通知
安徽省环境保护厅 新公告：安徽省环保厅关于太湖县引进淘汰企业环境污染问题查处情况的函
安徽省环境保护厅 新公告：安徽省环境保护厅关于对繁昌县繁星针织漂染有限公司等三起环境违法案件实施挂牌督办的通知
安徽省环境保护厅 新公告：安徽省环保厅关于解除安徽江威精密制造有限公司环境违法案件挂牌督办的通知
安徽省环境保护厅 新公告：安徽省“十小”企业取缔情况明细表
安徽省环境保护厅 新公告：安徽省环保厅关于池州新赛德颜料有限公司环境问题调查情况的函
安徽省环境保护厅 新公告：安徽省环保厅关于对安徽舒美特纤维股份有限公司环境违法案件实施挂牌督办的通知
安徽省环境保护厅 新公告：安徽省“十小”企业取缔名单
安徽省环境保护厅 新公告：安徽省环保厅关于延长淮南市八公山豆制品厂环境违法案件挂牌督办时限的复函
安徽省环境保护厅 新公告：安徽省环保厅关于解除和县环境问题挂牌督办的通知
安徽省环境保护厅 新公告：安徽省环保厅关于延长安徽鑫光纸业股份有限公司环境违法案件挂牌督办时限的复函
安徽省环境保护厅 新公告：安徽省环保厅关于解除安徽金禾实业股份有限公司环境违法案件挂牌督办的通知
安徽省环境保护厅 新公告：安徽省环保厅关于延长德伦橡胶股份有限公司环境违法案件挂牌督办时限的复函
安徽省环境保护厅 新公告：安徽省环保厅关于解除青阳县新河镇工业园环境违法案件挂牌督办的通知
安徽省环境保护厅 新公告：安徽省环保厅关于延长芜湖雅丽丝染整有限责任公司环境违法案件挂牌督办时限的复函
安徽省环境保护厅 新公告：安徽省2016年重点行业环境保护专项执法检查信息
安徽省环境保护厅 新公告：安徽省环保厅关于解除铜陵瑞莱科技有限公司环境违法案件挂牌督办的通知
安徽省环境保护厅 新公告：安徽省环保厅关于解除芜湖国祯环保科技有限公司环境违法案件挂牌督办的通知
安徽省环境保护厅 新公告：安徽省2016年第二季度环保不达标生产企业名单
安徽省环境保护厅 新公告：安徽省环保厅关于延长安徽金牛矿业有限公司环境违法案件挂牌督办时限的复函
安徽省环境保护厅 新公告：安徽省环保厅关于取缔“十小”企业工作进展情况的报告
安徽省环境保护厅 新公告：安徽省环保厅关于对安徽郎溪十字经济开发区等两起环境违法案件实施挂牌督办的通知
安徽省环境保护厅 新公告：安徽省环保厅关于对安徽安特食品股份有限公司等3起环境违法案件实施挂牌督办的通知
安徽省环境保护厅 新公告：安徽省环保厅关于暂停审批蚌埠市怀远县经济开发区新、改、扩建项目环境影响评价文件的函
安徽省环境保护厅 新公告：安徽省环保厅关于拟作出安徽金日盛矿业有限责任公司周油坊铁矿450万吨/年采选工程竣工环境保护验收意见的公示
安徽省环境保护厅 新公告：安徽省环保厅关于解除濉溪县污水处理厂环境违法案件挂牌督办的通知
安徽省环境保护厅 新公告：安徽省环保厅关于对安徽金禾实业股份有限公司环境违法案件实施挂牌督办的通知
安徽省环境保护厅 新公告：安徽省环保厅关于对安徽金玉米农业科技开发有限公司等4起环境违法案件实施挂牌督办的通知
安徽省环境保护厅 新公告：安徽省环保厅关于落实马鞍山市玉江机械化工有限公司环境违法案件挂牌督办要求的通知
安徽省环境保护厅 新公告：安徽省环保厅关于解除马钢（合肥）钢铁有限责任公司环境违法案件挂牌督办的通知
安徽省环境保护厅 新公告：安徽省环保厅关于对长江经济带环保专项督查发现的环境问题实施挂牌督办的通知
安徽省环境保护厅 新公告：安徽省环保厅关于对安徽定远盐化工业园等8起环境违法案件实施挂牌督办的通知
安徽省环境保护厅 新公告：安徽省2015年度环境保护大检查工作开展情况
安徽省环境保护厅 新公告：安徽省环保厅关于对太和县垃圾填埋场环境问题挂牌督办的通知
安徽省环境保护厅 新公告：安徽省环保厅关于解除颍上县新增涉气建设项目环境影响评价文件限批的函
安徽省环境保护厅 新公告：安徽省环保厅关于解除颍上县新增涉气建设项目环境影响评价文件限批的函
安徽省环境保护厅 新公告：安徽省环保厅关于解除蚌埠精细化工高新技术产业基地（沫河口工业园）环境问题挂牌督办的通知
安徽省环境保护厅 新公告：安徽省环保厅关于2015年查处取缔无证无照经营行为情况的函
安徽省环境保护厅 新公告：安徽省环保厅关于解除中盐东兴盐化股份有限公司环境违法案件挂牌督办的通知
安徽省环境保护厅 新公告：安徽省环保厅关于解除中粮生物化学（安徽）股份有限公司环境违法案件挂牌督办的通知
安徽省环境保护厅 新公告：安徽省环保厅关于解除东至经济开发区环境问题挂牌督办的通知
安徽省环境保护厅 新公告：安徽省环保厅关于解除铜陵铜冠黄狮涝金矿有限责任公司环境违法案件挂牌督办的通知
安徽省环境保护厅 新公告：安徽省环保厅关于解除铜陵铜冠黄狮涝金矿有限责任公司环境违法案件挂牌督办的通知
安徽省环境保护厅 新公告：安徽省环保厅关于解除安徽省滁州热电厂环境违法案件挂牌督办的通知
安徽省环境保护厅 新公告：安徽省环保厅关于印发安徽省环境保护区域限批管理办法的通知
安徽省环境保护厅 新公告：安徽省环保厅关于印发安徽省环境保护区域限批管理办法的通知
安徽省环境保护厅 新公告：安徽省环保厅关于印发安徽省环境违法案件挂牌督办管理办法的通知
安徽省环境保护厅 新公告：安徽省环保厅关于同意解除对界首经济开发区田营循环产业园挂牌督办的通知
安徽省环境保护厅 新公告：安徽省环保厅关于解除安徽省固镇县污水处理厂等3起环境违法案件挂牌督办的通知
安徽省环境保护厅 新公告：安徽省环保厅关于同意解除对安徽灵璧宝迪种猪科技有限公司环境问题挂牌督办的通知
安徽省环境保护厅 新公告：安徽省环保厅关于合肥市一蘑菇加工厂环境污染问题查处情况的函
安徽省环境保护厅 新公告：安徽省环保厅关于阜阳市南照镇石料厂环境污染问题查处情况的函
安徽省环境保护厅 新公告：安徽省环保厅关于对合肥市滨湖新区北涝圩污水处理厂等15家企业环境问题实施挂牌督办的通知
安徽省环境保护厅 新公告：安徽省环保厅关于对尾矿库突出环境问题实施挂牌督办的通知
安徽省环境保护厅 新公告：安徽省环保厅关于对尾矿库突出环境问题实施挂牌督办的通知
安徽省环境保护厅 新公告：安徽省环保厅关于枞阳县一养殖户环境污染问题查处情况的函
安徽省环境保护厅 新公告：安徽省环保厅关于解除安徽淮化股份有限公司环境违法案件挂牌督办的通知
安徽省环境保护厅 新公告：安徽省环保厅关于解除怀远县污水处理厂环境违法案件挂牌督办的通知
安徽省环境保护厅 新公告：安徽省环保厅关于解除大唐淮南洛河发电厂环境违法案件挂牌督办的通知
安徽省环境保护厅 新公告：安徽省环保厅关于解除铜陵市新民污水处理厂等3起环境违法案件挂牌督办的通知
安徽省环境保护厅 新公告：安徽省环保厅关于对突出环境问题实施挂牌督办的通知
安徽省环境保护厅 新公告：安徽省环保厅关于解除淮北新源热电有限公司环境违法案件挂牌督办的通知
安徽省环境保护厅 新公告：安徽省环保厅关于解除安徽淮化股份有限公司环境违法案件挂牌督办的通知
安徽省环境保护厅 新公告：安徽省环保厅关于解除怀远县污水处理厂环境违法案件挂牌督办的通知
安徽省环境保护厅 新公告：安徽省环保厅关于解除大唐淮南洛河发电厂环境违法案件挂牌督办的通知
安徽省环境保护厅 新公告：安徽省环保厅关于解除铜陵市新民污水处理厂等3起环境违法案件挂牌督办的通知
安徽省环境保护厅 新公告：安徽省环保厅关于对突出环境问题实施挂牌督办的通知
安徽省环境保护厅 新公告：安徽省环保厅关于解除淮北新源热电有限公司环境违法案件挂牌督办的通知
安徽省环境保护厅 新公告：安徽省环保厅关于对东至经济开发区有关环境问题挂牌督办的通知
安徽省环境保护厅 新公告：安徽省环保厅关于对东至经济开发区有关环境问题挂牌督办的通知
安徽省环境保护厅 新公告：安徽省环保厅关于界首市天上人间娱乐会所环境污染问题查处情况的函
安徽省环境保护厅 新公告：安徽省环保厅关于解除圣戈班管道系统有限公司环境违法案件挂牌督办的通知
安徽省环境保护厅 新公告：安徽省环保厅关于解除圣戈班管道系统有限公司环境违法案件挂牌督办的通知
安徽省环境保护厅 新公告：安徽省环保厅关于大唐淮南洛河发电厂申请延期解除挂牌督办的复函
安徽省环境保护厅 新公告：安徽省环保厅关于中盐东兴盐化股份有限公司和安徽省滁州热电厂申请延期解除挂牌督办的复函
安徽省环境保护厅 新公告：安徽省环保厅关于对安徽灵璧宝迪种猪科技有限公司环境违法案件挂牌督办的通知
安徽省环境保护厅 新公告：安徽省环保厅关于对蚌埠精细化工高新技术产业基地（沫河口工业园）环境问题挂牌督办的通知
安徽省环境保护厅 新公告：安徽省环保厅关于解除圣戈班管道系统有限公司环境违法案件挂牌督办的通知
安徽省环境保护厅 新公告：安徽省环保厅关于解除圣戈班管道系统有限公司环境违法案件挂牌督办的通知
安徽省环境保护厅 新公告：安徽省环保厅关于大唐淮南洛河发电厂申请延期解除挂牌督办的复函
安徽省环境保护厅 新公告：安徽省环保厅关于中盐东兴盐化股份有限公司和安徽省滁州热电厂申请延期解除挂牌督办的复函
安徽省环境保护厅 新公告：安徽省环保厅关于对安徽灵璧宝迪种猪科技有限公司环境违法案件挂牌督办的通知
安徽省环境保护厅 新公告：安徽省环保厅关于对蚌埠精细化工高新技术产业基地（沫河口工业园）环境问题挂牌督办的通知
安徽省环境保护厅 新公告：安徽省环保厅关于解除安徽三星化工有限责任公司挂牌督办的通知
安徽省环境保护厅 新公告：安徽省环保厅关于怀远县污水处理厂申请延期解除挂牌督办的复函
安徽省环境保护厅 新公告：安徽省环保厅关于解除临涣中利发电有限公司等5起环境违法案件挂牌督办的通知
安徽省环境保护厅 新公告：安徽省环保厅关于利辛县一化工厂环境污染问题查处情况的函
安徽省环境保护厅 新公告：安徽省环保厅关于安徽省固镇县污水处理厂和蚌埠市第一污水处理厂申请解除挂牌督办的复函
安徽省环境保护厅 新公告：安徽省环保厅关于解除安徽三星化工有限责任公司挂牌督办的通知
安徽省环境保护厅 新公告：安徽省环保厅关于怀远县污水处理厂申请延期解除挂牌督办的复函
安徽省环境保护厅 新公告：安徽省环保厅关于解除临涣中利发电有限公司等5起环境违法案件挂牌督办的通知
安徽省环境保护厅 新公告：安徽省环保厅关于解除亳州瑞能热电有限责任公司挂牌督办的通知
安徽省环境保护厅 新公告：安徽省环保厅关于申请延期解除挂牌督办的复函
安徽省环境保护厅 新公告：安徽省环保厅关于申请延期解除铜陵市循环经济工业试验园挂牌督办的复函
安徽省环境保护厅 新公告：安徽省环保厅关于淮北市2家企业申请延期解除挂牌督办的复函
安徽省环境保护厅 新公告：安徽省环保厅关于安徽省固镇县污水处理厂和蚌埠市第一污水处理厂申请解除挂牌督办的复函
安徽省环境保护厅 新公告：安徽省环保厅关于解除安徽三星化工有限责任公司挂牌督办的通知
安徽省环境保护厅 新公告：安徽省环保厅关于怀远县污水处理厂申请延期解除挂牌督办的复函
安徽省环境保护厅 新公告：安徽省环保厅关于解除临涣中利发电有限公司等5起环境违法案件挂牌督办的通知
安徽省环境保护厅 新公告：安徽省环保厅关于利辛县一化工厂环境污染问题查处情况的函
安徽省环境保护厅 新公告：安徽省环保厅关于解除淮南首创水务有限责任公司八公山污水处理厂挂牌督办的通知
安徽省环境保护厅 新公告：安徽省环保厅关于解除亳州瑞能热电有限责任公司挂牌督办的通知
安徽省环境保护厅 新公告：安徽省环保厅关于解除对安徽德邦化工有限公司等3起环境违法案件挂牌督办的通知
安徽省环境保护厅 新公告：安徽省环保厅关于解除无为县环境问题挂牌督办的通知
安徽省环境保护厅 新公告：安徽省环保厅关于解除临涣焦化股份有限公司挂牌督办的通知
安徽省环境保护厅 新公告：安徽省环保厅关于解除淮南首创水务有限责任公司八公山污水处理厂挂牌督办的通知
安徽省环境保护厅 新公告：安徽省环保厅关于解除亳州瑞能热电有限责任公司挂牌督办的通知
安徽省环境保护厅 新公告：安徽省环保厅关于解除对安徽德邦化工有限公司等3起环境违法案件挂牌督办的通知
安徽省环境保护厅 新公告：安徽省环保厅关于解除无为县环境问题挂牌督办的通知
安徽省环境保护厅 新公告：安徽省环保厅关于解除临涣焦化股份有限公司挂牌督办的通知
安徽省环境保护厅 新公告：安徽省环保厅关于蒙城县双涧镇一粮食收购点环境信访问题查处情况的函
安徽省环境保护厅 新公告：安徽省环保厅关于解除六安市巢湖流域新增水污染物排放建设项目环评限批的函
安徽省环境保护厅 新公告：安徽省环保厅关于解除合肥市巢湖流域新增水污染物排放建设项目环评限批的函
安徽省环境保护厅 新公告：安徽省环保厅关于解除六安市巢湖流域新增水污染物排放建设项目环评限批的函
安徽省环境保护厅 新公告：安徽省环保厅关于对繁昌县和无为县环境问题挂牌督办的通知
安徽省环境保护厅 新公告：安徽省环保厅关于对铜陵市循环经济工业试验园环境问题挂牌督办的通知
安徽省环境保护厅 新公告：安徽省环保厅关于解除安徽金刀水泥有限公司等3起环境违法案件挂牌督办的通知
安徽省环境保护厅 新公告：安徽省环保厅关于解除对铜陵市富鑫钢铁有限公司等8起环境违法案件挂牌督办的通知
安徽省环境保护厅 新公告：安徽省环保厅关于安徽贵航特钢有限公司、贵池区贵航金属制品有限公司解除挂牌督办的通知
安徽省环境保护厅 新公告：安徽省环保厅关于对马鞍山市和县环境问题挂牌督办的通知
安徽省环境保护厅 新公告：安徽省环保厅关于对界首经济开发区田营循环经济产业园环境问题挂牌督办的通知
安徽省环境保护厅 新公告：关于拟同意芜湖华力五星电源科技有限公司通过核查验收的公示
安徽省环境保护厅 新公告：安徽省环保厅关于铜陵市华兴化工有限公司等2家企业环境问题的监察通知
安徽省环境保护厅 新公告：安徽省环保厅关于对淮北众城水泥有限责任公司等26起环境违法案件实施挂牌督办的通知
安徽省环境保护厅 新公告：安徽省环保厅关于对淮北众城水泥有限责任公司等26起环境违法案件实施挂牌督办的通知
安徽省环境保护厅 新公告：安徽省环保厅关于蚌埠市中环污水处理有限公司环境问题的监察通知
安徽省环境保护厅 新公告：安徽省环保厅关于安徽淮化集团股份有限公司环境问题的监察通知
安徽省环境保护厅 新公告：安徽省环保厅关于华泰林纸浆公司环境信访问题查处情况的函
安徽省环境保护厅 新公告：安徽省环保厅关于合肥方女士反映环境污染问题查处情况的函
安徽省环境保护厅 新公告：安徽省环保厅关于合肥市肥东县安达新能源有限公司环境信访问题查处情况的函
安徽省环境保护厅 新公告：安徽省环保厅关于安徽万磁电子有限公司环境信访问题查处情况的函
安徽省环境保护厅 新公告：关于省长信箱177160号来信事项的网上回复
安徽省环境保护厅 新公告：安徽省环保厅关于利辛县驰通商砼有限责任公司环境信访问题查处情况的函
安徽省环境保护厅 新公告：安徽省环保厅关于肥西协力树脂有限公司环境信访问题处理情况的函
安徽省环境保护厅 新公告：安徽省环保厅关于芜湖新兴铸管有限责任公司环境信访问题查处情况的函
安徽省环境保护厅 新公告：安徽省环保厅关于定远县焚烧秸秆环境污染问题查处情况的函
安徽省环境保护厅 新公告：安徽省环保厅关于安徽省皖北药业股份有限公司环境信访问题查处情况的函
安徽省环境保护厅 新公告：安徽省环保厅关于合肥方女士反映环境污染问题查处情况的函
安徽省环境保护厅 新公告：安徽省环保厅关于合肥市肥东县安达新能源有限公司环境信访问题查处情况的函
安徽省环境保护厅 新公告：安徽省环保厅关于安徽万磁电子有限公司环境信访问题查处情况的函
安徽省环境保护厅 新公告：关于省长信箱177160号来信事项的网上回复
安徽省环境保护厅 新公告：安徽省环保厅关于利辛县驰通商砼有限责任公司环境信访问题查处情况的函
安徽省环境保护厅 新公告：安徽省环保厅关于肥西协力树脂有限公司环境信访问题处理情况的函
安徽省环境保护厅 新公告：安徽省环保厅关于芜湖新兴铸管有限责任公司环境信访问题查处情况的函
安徽省环境保护厅 新公告：安徽省环保厅关于定远县焚烧秸秆环境污染问题查处情况的函
安徽省环境保护厅 新公告：安徽省环保厅关于安徽省皖北药业股份有限公司环境信访问题查处情况的函
安徽省环境保护厅 新公告：安徽省环保厅关于华鑫铅业有限公司、华宇公司环境信访问题查处情况的函
安徽省环境保护厅 新公告：安徽省环保厅关于淮南首创水务有限责任公司第一污水处理厂和八公山污水处理厂环境信访问题的查处情况
安徽省环境保护厅 新公告：安徽省环保厅关于黄山市歙县昌溪乡万二村养殖合作社环境信访问题查处情况的函
安徽省环境保护厅 新公告：安徽省环保厅关于宣城市永锦金属铸造有限公司环境污染问题查处情况的函
安徽省环境保护厅 新公告：安徽省环保厅关于芜湖联群船舶修造有限公司和芜湖宏宇船舶修造有限公司环境信访问题查处情况的函
安徽省环境保护厅 新公告：安徽省环保厅关于芜湖岭峰再生物资回收有限公司环境信访问题查处情况的函
安徽省环境保护厅 新公告：安徽省环保厅关于安徽金诚复合材料有限公司环境信访问题查处情况的函
安徽省环境保护厅 新公告：安徽省环保厅关于潜山县生活垃圾卫生填埋场环境信访问题查处情况的函
安徽省环境保护厅 新公告：安徽省环保厅关于合肥市一自来水厂受污染问题查处情况的函
安徽省环境保护厅 新公告：安徽省环保厅关于安徽佳通轮胎有限公司环境信访问题查处情况的函
安徽省环境保护厅 新公告：安徽省环保厅关于合肥光大人造板有限公司环境信访问题查处情况的函
安徽省环境保护厅 新公告：安徽省环保厅关于芜湖富春染织有限公司环境信访问题处理情况的函
安徽省环境保护厅 新公告：安徽省环保厅关于安徽华亚实业股份有限公司环境信访问题查处情况的函
安徽省环境保护厅 新公告：安徽省环保厅关于安庆市一企业环境污染问题查处情况的函
安徽省环境保护厅 新公告：安徽省环保厅关于安徽省鑫泰化工有限责任公司环境信访问题查处情况的函
安徽省环境保护厅 新公告：安徽省环保厅关于马鞍山市皖江水泥有限责任公司环境信访问题查处情况的函
安徽省环境保护厅 新公告：安徽省环保厅关于安庆首创水务有限责任公司环境信访问题查处情况的函
安徽省环境保护厅 新公告：安徽省环保厅关于安徽华亚实业股份有限公司环境信访问题查处情况的函
安徽省环境保护厅 新公告：安徽省环保厅关于中环污水处理有限公司蚌埠污水处理厂环境信访问题查处情况的函
安徽省环境保护厅 新公告：安徽省环保厅关于安徽三星化工有限责任公司环境信访问题查处情况的函
安徽省环境保护厅 新公告：安徽省环保厅关于安徽三星化工有限责任公司环境信访问题查处情况的函
安徽省环境保护厅 新公告：安徽省环保厅关于滁州市凤阳县养殖户养猪污染环境问题查处情况的函
安徽省环境保护厅 新公告：安徽省环保厅关于马鞍山市含山县一铸造厂环境污染问题查处情况的函
安徽省环境保护厅 新公告：安徽省环保厅关于太湖县林星板业有限公司环境信访问题查处情况的函
安徽省环境保护厅 新公告：安徽省环保厅关于合肥市101歌舞厅夜间噪音扰民问题查处情况的函
安徽省环境保护厅 新公告：安徽省环保厅关于广德正欣经编有限公司和安徽阳光纸业有限公司环境信访问题查处情况的函
安徽省环境保护厅 新公告：安徽省环保厅关于广德正欣经编有限公司和安徽阳光纸业有限公司环境信访问题查处情况的函
安徽省环境保护厅 新公告：安徽省环保厅关于对圣戈班管道系统有限公司等16起环境违法案件实施挂牌督办的通知
安徽省环境保护厅 新公告：安徽省环保厅关于岳西县青天乡胜利石子厂环境信访问题查处情况的函
安徽省环境保护厅 新公告：安徽省环保厅关于蚌埠市永和餐饮有限公司环境信访问题查处情况的函
安徽省环境保护厅 新公告：安徽省环保厅关于淮北杜集区和萧县孙圩子乡交界处石料厂环境信访问题处理情况的函
安徽省环境保护厅 新公告：安徽省环保厅关于马鞍山市花山区东南名苑同庆苑饭店环境信访问题处理情况的函
安徽省环境保护厅 新公告：安徽省2014年第一季度环保不达标生产企业名单
安徽省环境保护厅 新公告：安徽省环保厅关于解除太和县肖口镇有色金属循环经济示范区环境违法案件挂牌督办的通知
安徽省环境保护厅 新公告：安徽省环保厅关于通达公寓周边四家企业环境信访问题查处情况的函
安徽省环境保护厅 新公告：安徽省环保厅关于淮南首创水务有限责任公司环境信访问题查处情况的函
安徽省环境保护厅 新公告：安徽省环保厅关于博瑞电瓶厂环境信访问题查处情况的函
安徽省环境保护厅 新公告：安徽省环保厅关于通达公寓周边四家企业环境信访问题查处情况的函
安徽省环境保护厅 新公告：安徽省环保厅关于合肥四方磷复肥有限责任公司环境信访问题查处情况的函
安徽省环境保护厅 新公告：安徽省环保厅关于安徽三星化工有限责任公司环境信访问题查处情况的函
安徽省环境保护厅 新公告：安徽省环保厅关于中材安徽水泥有限公司环境信访问题处理情况的函
安徽省环境保护厅 新公告：安徽省环保厅关于东盾木业有限公司环境信访问题查处情况的函
安徽省环境保护厅 新公告：安徽省环保厅关于皖能中科环保电力有限公司环境信访问题查处情况的函
安徽省环境保护厅 新公告：安徽省环保厅关于解除太和县污水处理厂等7起环境违法案件挂牌督办的通知
安徽省环境保护厅 新公告：安徽省环保厅关于对贵池区贵航金属制品有限公司安徽省贵航特钢有限公司环境违法案件实施挂牌督办的通知
安徽省环境保护厅 新公告：安徽省环保厅关于安徽六国化工股份有限公司申请环保整改摘牌验收的复函
安徽省环境保护厅 新公告：安徽省环保厅关于解除池州经济技术开发区环境违法案件挂牌督办的通知
安徽省环境保护厅 新公告：安徽省环保厅关于安徽淮化股份有限公司环境问题的监察通知
安徽省环境保护厅 新公告：安徽省环保厅关于宿州市萧县圣泉乡王山村采石场环境信访问题查处情况的函
安徽省环境保护厅 新公告：安徽省环保厅关于华东环访转字〔2014〕1号信访件查处情况的函
安徽省环境保护厅 新公告：安徽省环保厅关于太湖县林星板业有限公司环境信访问题处理情况的函
安徽省环境保护厅 新公告：安徽省环保厅关于皖人常信函字〔2014〕7号信访件查处情况的函
安徽省环境保护厅 新公告：安徽省环保厅关于对淮南首创水务有限责任公司八公山污水处理厂环境违法案件挂牌督办的通知
安徽省环境保护厅 新公告：安徽省环保厅关于芜湖市德豪润达和东旭光电环境信访问题查处情况的函
安徽省环境保护厅 新公告：安徽省环保厅关于固镇养殖户螃蟹死亡要求赔偿信访事项查处情况的函
安徽省环境保护厅 新公告：安徽省环保厅关于皖北煤电信访问题查处情况的函
安徽省环境保护厅 新公告：安徽省环保厅关于繁昌金丰矿业有限公司和芜湖兆信炉料有限公司环境信访问题查处情况的函
安徽省环境保护厅 新公告：安徽省环保厅关于阜阳市太和县20多家土炼铅企业环境污染问题查处情况的函
安徽省环境保护厅 新公告：安徽省环保厅关于黄山市歙县虹宇纺织有限公司水污染问题调查情况的函
安徽省环境保护厅 新公告：安徽省环保厅关于固镇县仲兴乡境内河蟹养殖损失问题查处情况的函
安徽省环境保护厅 新公告：安徽省2013年第四季度环保不达标生产企业名单
安徽省环境保护厅 新公告：关于解除安徽国投新集刘庄矿业有限公司环境违法案件挂牌督办的通知
安徽省环境保护厅 新公告：安徽省环保厅关于解除颍上县建设项目环境影响评价文件限批的函
安徽省环境保护厅 新公告：关于解除芜湖富春染织有限公司环境违法案件挂牌督办的通知
安徽省环境保护厅 新公告：关于解除安徽理士电池技术有限公司环境违法案件挂牌督办的通知
安徽省环境保护厅 新公告：安徽省环保厅  安徽省监察厅关于解除广德县白云山矿区环境违法案件挂牌督办的通知
安徽省环境保护厅 新公告：安徽省环保厅  安徽省监察厅关于对马钢（合肥）钢铁有限责任公司环境违法案件挂牌督办的通知
安徽省环境保护厅 新公告：安徽省环保厅 安徽省监察厅关于解除池州中原化工有限公司环境违法案件挂牌督办的通知
安徽省环境保护厅 新公告：安徽省环保厅  安徽省监察厅关于解除合肥市长城电镀厂环境违法案件挂牌督办的通知
安徽省环境保护厅 新公告：安徽省环保厅  安徽省监察厅关于解除芜湖新芜电镀管理有限公司环境违法案件挂牌督办的通知
安徽省环境保护厅 新公告：安徽省环保厅 安徽省监察厅关于对安徽国投新集刘庄矿业有限公司环境违法案件挂牌督办的通知
安徽省环境保护厅 新公告：安徽省环保厅  安徽省监察厅关于解除芜湖新芜电镀管理有限公司环境违法案件挂牌督办的通知
安徽省环境保护厅 新公告：安徽省环保厅  安徽省监察厅关于解除合肥市长城电镀厂环境违法案件挂牌督办的通知
安徽省环境保护厅 新公告：关于对阜阳创业水务有限公司等9起环境违法案件实施挂牌督办的通知
安徽省环境保护厅 新公告：安徽省2013年第二季度环保不达标生产企业名单
安徽省环境保护厅 新公告：安徽省2013年第一季度环保不达标生产企业名单
安徽省环境保护厅 新公告：安徽省2012年第二季度环保不达标生产企业名单
安徽省环境保护厅 新公告：安徽省2012年第三季度环保不达标生产企业名单
安徽省环境保护厅 新公告：安徽省2011年铅蓄电池生产、组装企业名单
安徽省环境保护厅 新公告：2011年第一季度污染物超标排放企业名单
安徽省环境保护厅 新公告：安徽省2012年第一季度环保不达标生产企业名单
安徽省环境保护厅 新公告：安徽省2011年第四季度环保不达标生产企业名单
安徽省环境保护厅 新公告：安徽省2011年第三季度环保不达标生产企业名单
安徽省环境保护厅 新公告：安徽省2011年第二季度环保不达标生产企业名单
安徽省环境保护厅 新公告：关于对超彩钛白科技（安徽）有限公司等八起环境违法问题挂牌督办的通知
安徽省环境保护厅 新公告：关于同意苏深表面处理有限公司挂牌督办环境问题摘牌的通知
安徽省环境保护厅 新公告：关于同意安徽立龙蓄电池制造有限公司环境违法问题摘牌的通知
安徽省环境保护厅 新公告：关于铜陵市妥善处置铜陵县天门镇兴化村水污染事件情况的通报
安徽省环境保护厅 新公告：关于同意宿州雪马纸制品有限责任公司环境违法问题挂牌督办摘牌的通知
安徽省环境保护厅 新公告：关于同意宿州市四方造纸厂环境违法问题挂牌督办摘牌的通知
安徽省环境保护厅 新公告：关于同意和县广和再生纸品有限责任公司环境违法问题挂牌督办摘牌的通知
安徽省环境保护厅 新公告：关于同意黄山市美达电器有限公司环境违法问题挂牌督办摘牌的通知
安徽省环境保护厅 新公告：关于全省开展整治违法排污企业保障群众健康环保专项行动的通知
安徽省环境保护厅 新公告：2010年第三季度污染物超标排放企业名单
安徽省环境保护厅 新公告：关于同意天长市单晶硅企业群环境违法问题挂牌督办摘牌的通知
安徽省环境保护厅 新公告：关于同意安徽宝迪肉类食品有限公司环境违法问题挂牌督办摘牌的通知
安徽省环境保护厅 新公告：关于对安徽太阳禽业有限公司环境问题整改情况的监察意见
安徽省环境保护厅 新公告：关于对安徽五星食品股份有限公司环境问题整改情况的监察意见
安徽省环境保护厅 新公告：关于同意全椒县富阳纸品有限公司环境违法问题挂牌督办摘牌的通知
安徽省环境保护厅 新公告：关于对安徽皖维高新材料股份有限公司环境问题的监察意见
安徽省环境保护厅 新公告：关于同意太湖县光华铝业有限公司环境违法问题挂牌督办摘牌的通知
安徽省环境保护厅 新公告：狠抓“回头看”，合肥市支队把专项行动成效落到实处
安徽省环境保护厅 新公告：明察暗访寻真相，马鞍山市支队蹲守跟踪医疗废物处置全程
安徽省环境保护厅 新公告：蚌埠市环境监察支队针对焦点主抓“四点”阻遏环境污染
安徽省环境保护厅 新公告：蚌埠市环境监察支队强化环境监管力推减排
安徽省环境保护厅 新公告：发起“绿剑行动”，宁国第一剑指向化工企业
安徽省环境保护厅 新公告：“三不放过”高度警戒，阜阳加强环境执法不懈怠
安徽省环境保护厅 新公告：一改再改方可试生产，阜阳督导市级挂牌督办企业严格整改
安徽省环境保护厅 新公告：华东督查中心现场督察三星化工信访问题
安徽省环境保护厅 新公告：淮南市学习贯彻全省环境信息化工作会议精神
安徽省环境保护厅 新公告：省环境监察局对黄山、蚌埠两市部分企业进行检查
安徽省环境保护厅 新公告：泾县切实督导部级挂牌企业进行环保专项整改
安徽省环境保护厅 新公告：萧县强化采石企业环境综合整治
安徽省环境保护厅 新公告：阜阳市叫停未批先建项目
安徽省环境保护厅 新公告：省环境监察局追踪督导企业有效整改
安徽省环境保护厅 新公告：省环境监察局督导违法企业彻底整改环境问题
安徽省环境保护厅 新公告：“胸有成竹”好执法，马鞍山市环境监察支队建立完善企业环保档案
安徽省环境保护厅 新公告：省环境监察局黄建树局长带队督查淮北环境执法工作
安徽省环境保护厅 新公告：滁州市对6起典型环境违法案件实行市级挂牌督办
安徽省环境保护厅 新公告：省环境监察局对我省部分铅酸蓄电池企业进行专项执法检查
安徽省环境保护厅 新公告：亳州市开展后督察“回头看”执法
安徽省环境保护厅 新公告：省环境监察局黄建树局长带队对亳州市重点环境问题进行执法后督察
安徽省环境保护厅 新公告：巢湖市迅速行动彻查环境问题
安徽省环境保护厅 新公告：亳州市超能电源有限公司摘掉“督办牌”
安徽省环境保护厅 新公告：亳州逐步推动三星化工环境问题整改进程
安徽省环境保护厅 新公告：省环保厅、省监察厅联合对滁州市部分企业环保问题进行后督察
安徽省环境保护厅 新公告：省环境监察局检查怀宁县石牌镇工业集聚区环保状况
安徽省环境保护厅 新公告：省环保厅2010年第二季度污染物超标排放企业名单
安徽省环境保护厅 新公告：省环境监察局赴六安调查跨界河流污染情况
安徽省环境保护厅 新公告：怀宁县高河镇査湾村一企业环境污染问题查处情况
安徽省环境保护厅 新公告：太湖县赛华水洗厂环境污染问题查处情况
安徽省环境保护厅 新公告：阜阳市严肃查处医疗机构环境违法行为
安徽省环境保护厅 新公告：省环境监察局对蚌埠市开展2010年第二季度巡查工作
安徽省环境保护厅 新公告：省环境监察局对淮南市开展2010年第二季度巡查工作
安徽省环境保护厅 新公告：阜阳今年首起市级挂牌督办案件“剑指”安徽大鹏洁具有限公司
安徽省环境保护厅 新公告：力促减排，滁州四部门联合督查污水处理厂运行情况
安徽省环境保护厅 新公告：池州清查重金属排放企业污染隐患
安徽省环境保护厅 新公告：池州市环境监察支队对新增国控企业进行执法检查
安徽省环境保护厅 新公告：铜陵开展环保春季执法攻坚行动
安徽省环境保护厅 新公告：巢湖市开展国控、省控及重点污染源大检查
安徽省环境保护厅 新公告：安庆市两家省级挂牌督办企业通过摘牌验收
安徽省环境保护厅 新公告：滁州市检查重点污染源和“十一五”规划项目
安徽省环境保护厅 新公告：省环境监察局对安庆市开展2010年第一季度巡查工作
安徽省环境保护厅 新公告：省环境监察局对巢湖市开展2010年第一季度巡查工作
安徽省环境保护厅 新公告：环保部后督察亳州境内危废跨界非法转移事件
安徽省环境保护厅 新公告：省环境监察局现场调查枞阳县一家违法排污造纸企业
安徽省环境保护厅 新公告：关于安徽三星化工有限责任公司环境违法问题整改情况的报告
安徽省环境保护厅 新公告：安庆市加强菱湖风景区环境综合整治
安徽省环境保护厅 新公告：关于安徽三星化工有限责任公司环境违法问题整改情况的报告
安徽省环境保护厅 新公告：环保部华东督察中心现场核查亳州市国债资金暨污染减排项目
安徽省环境保护厅 新公告：环保部华东督查中心现场核查三星化工企业环境污染问题
安徽省环境保护厅 新公告：关于同意安徽长源（淮北）焦化有限公司环境违法问题挂牌督办摘牌的函
安徽省环境保护厅 新公告：关于同意亳州市古井镇白酒企业群环境违法问题挂牌督办摘牌的函
安徽省环境保护厅 新公告：关于安徽华瑞化工有限公司环境违法问题挂牌督办摘牌的函
安徽省环境保护厅 新公告：关于太和县环宇化工有限公司、太和县长江金属材料有限公司环境违法问题挂牌督办摘牌的函
安徽省环境保护厅 新公告：安庆市环境监察支队深入开展省级挂牌督办案件后督察
安徽省环境保护厅 新公告：安庆市处罚一批环境违法企业
安徽省环境保护厅 新公告：省环保厅检查安庆市环境监察标准化建设工作
安徽省环境保护厅 新公告：华东督察中心对安徽海螺水泥公司新股上市环保核查进行后督察
安徽省环境保护厅 新公告：滁州市大力督办凤阳县挂牌案件
安徽省环境保护厅 新公告：省环监局验收亳州两县一区环境监察标准化建设工作
安徽省环境保护厅 新公告：池州市开展工业园区环境监管专项检查
安徽省环境保护厅 新公告：关于太和县环宇化工有限公司、太和县长江金属材料有限公司环境违法问题挂牌督办摘牌的函
安徽省环境保护厅 新公告：亳州古井白酒企业群通过省环保厅、省监察厅摘牌验收
安徽省环境保护厅 新公告：淮北原野生物工程公司通过环保整改达标验收
安徽省环境保护厅 新公告：省环监局现场检查马鞍山市尾矿库企业环评情况
安徽省环境保护厅 新公告：桐城市光阳电雕制版公司积极整改环境问题
安徽省环境保护厅 新公告：安徽明光工业园区通过挂牌督办摘牌验收
安徽省环境保护厅 新公告：安徽省环保专项行动简报2009第二十四期
安徽省环境保护厅 新公告：2009年第三季度超标排放企业名单
安徽省环境保护厅 新公告：安徽省环保专项行动简报2009第二十三期
安徽省环境保护厅 新公告：安徽省环保专项行动简报2009第二十二期
安徽省环境保护厅 新公告：省环保厅、监察厅组织对太和县长江金属材料有限公司、环宇化工有限公司两家企业挂牌督办整改验收工作
安徽省环境保护厅 新公告：安徽省环保专项行动简报2009第二十一期
安徽省环境保护厅 新公告：阜阳市两家省级挂牌督办企业申请摘牌验收
安徽省环境保护厅 新公告：省环保厅验收宣酒集团污水处理工程
安徽省环境保护厅 新公告：金安区一饭店油烟扰民停业整顿，环保验收后重开业
安徽省环境保护厅 新公告：寿县污水处理厂通过验收投入试运行
安徽省环境保护厅 新公告：“偷梁换柱”违法生产，马鞍山市一“双面”企业被查处
安徽省环境保护厅 新公告：暗访察实情，“铜都环保世纪行”之夜查行动
安徽省环境保护厅 新公告：关于同意合肥四方磷复肥有限责任公司环境违法问题挂牌督办摘牌的函
安徽省环境保护厅 新公告：关于同意中橡(马鞍山)化学工业有限公司环境违法问题挂牌督办摘牌的函
安徽省环境保护厅 新公告：省环保厅、省监察厅对合肥四方磷复肥有限公司进行摘牌验收
安徽省环境保护厅 新公告：省环保专项行动督查组之池州行动
安徽省环境保护厅 新公告：省环保专项行动督查组到枞阳县督查
安徽省环境保护厅 新公告：马鞍山市开展环保专项行动联合督察
安徽省环境保护厅 新公告：省环保专项行动督查组之宣城行踪
安徽省环境保护厅 新公告：关于对原安徽天源科技股份有限公司铜陵锰业分公司环境问题的监察通知
安徽省环境保护厅 新公告：省环监局检查芜湖市燃煤电厂节能减排工作
安徽省环境保护厅 新公告：强化节前环境安全，亳州支队联合监察局检查23家重点污染源企业
安徽省环境保护厅 新公告：安徽省环保专项行动简报2009第二十期
安徽省环境保护厅 新公告：安徽省环保专项行动简报2009第十九期
安徽省环境保护厅 新公告：偿还一片清新净土，和县积极整治西梁山江边垃圾堆放场
安徽省环境保护厅 新公告：省环保厅约谈调处淮化集团环境违法事件
安徽省环境保护厅 新公告：关于安徽勉济堂纸塑品有限公司环境违法行为的通报（向银监金融部门）
安徽省环境保护厅 新公告：环境监察稽查制度
安徽省环境保护厅 新公告：我厅强化尾矿库环境监管工作
安徽省环境保护厅 新公告：省环保厅、监察厅现场督办合肥四方磷复肥有限责任公司环境问题
安徽省环境保护厅 新公告：岂可一抛了之，六安巢湖联合查处跨界非法转移危化品事件
安徽省环境保护厅 新公告：查问题堵漏洞，合肥市支队专项检查建筑企业项目环评“三同时”
安徽省环境保护厅 新公告：查问题提建议，蚌埠支队积极推动张公湖4A风景区创建
安徽省环境保护厅 新公告：关于同意安徽长丰双凤经济开发区摘牌的函
安徽省环境保护厅 新公告：关于同意卧龙风景区、八公山森林公园建材加工企业（碎石机、石灰窑）连片污染挂牌督办案件摘牌的函
安徽省环境保护厅 新公告：关于同意安庆市城区饮用水源地挂牌督办案件摘牌的函
安徽省环境保护厅 新公告：关于同意巢湖市振兴纸业有限公司摘牌的函
安徽省环境保护厅 新公告：严格整改，安徽省三环纸业集团有限公司积极落实省厅查处意见
安徽省环境保护厅 新公告：濉溪县查封取缔一家高污染非法炼油小作坊
安徽省环境保护厅 新公告：2007年安徽省整治违法排污企业保障群众健康环保专项行动简报（第一期）
安徽省环境保护厅 新公告：2007年安徽省整治违法排污企业保障群众健康环保专项行动简报（第二期）
安徽省环境保护厅 新公告：2007年安徽省整治违法排污企业保障群众健康环保专项行动简报（第三期）
安徽省环境保护厅 新公告：2007年安徽省整治违法排污企业保障群众健康环保专项行动简报（第四期）
安徽省环境保护厅 新公告：2007年安徽省整治违法排污企业保障群众健康环保专项行动简报（第五期）
安徽省环境保护厅 新公告：2007年安徽省整治违法排污企业保障群众健康环保专项行动简报（第六期）
安徽省环境保护厅 新公告：2007年安徽省整治违法排污企业保障群众健康环保专项行动简报（第七期）
安徽省环境保护厅 新公告：2007年安徽省整治违法排污企业保障群众健康环保专项行动简报（第八期）
安徽省环境保护厅 新公告：2007年安徽省整治违法排污企业保障群众健康环保专项行动简报（第九期）
安徽省环境保护厅 新公告：2007年安徽省整治违法排污企业保障群众健康环保专项行动简报（第十期）
安徽省环境保护厅 新公告：2007年安徽省整治违法排污企业保障群众健康环保专项行动简报（第十一期）
安徽省环境保护厅 新公告：2007年安徽省整治违法排污企业保障群众健康环保专项行动简报（第十五期）
安徽省环境保护厅 新公告：2007年安徽省整治违法排污企业保障群众健康环保专项行动简报（第十七期）
安徽省环境保护厅 新公告：2007年安徽省整治违法排污企业保障群众健康环保专项行动简报（第十八期）
安徽省环境保护厅 新公告：2007年安徽省整治违法排污企业保障群众健康环保专项行动简报（第十九期）
安徽省环境保护厅 新公告：2007年安徽省整治违法排污企业保障群众健康环保专项行动简报（第二十期）
安徽省环境保护厅 新公告：2007年安徽省整治违法排污企业保障群众健康环保专项行动简报（第二十一期）
安徽省环境保护厅 新公告：2007年安徽省整治违法排污企业保障群众健康环保专项行动简报（第二十二期）
安徽省环境保护厅 新公告：2007年安徽省整治违法排污企业保障群众健康环保专项行动简报（第十二期）
安徽省环境保护厅 新公告：2007年安徽省整治违法排污企业保障群众健康环保专项行动简报（第十三期）
安徽省环境保护厅 新公告：2007年安徽省整治违法排污企业保障群众健康环保专项行动简报（第二十四期）
安徽省环境保护厅 新公告：2007年安徽省整治违法排污企业保障群众健康环保专项行动简报（第二十五期）
安徽省环境保护厅 新公告：2007年安徽省整治违法排污企业保障群众健康环保专项行动简报（第二十六期）
安徽省环境保护厅 新公告：2007年安徽省整治违法排污企业保障群众健康环保专项行动简报（第二十七期）
安徽省环境保护厅 新公告：2007年安徽省整治违法排污企业保障群众健康环保专项行动简报（第二十八期）
安徽省环境保护厅 新公告：2007年安徽省整治违法排污企业保障群众健康环保专项行动简报（第二十九期）
安徽省环境保护厅 新公告：2007年安徽省整治违法排污企业保障群众健康环保专项行动简报（第三十期）
安徽省环境保护厅 新公告：2007年安徽省整治违法排污企业保障群众健康环保专项行动简报（第三十一期）
安徽省环境保护厅 新公告：2007年安徽省整治违法排污企业保障群众健康环保专项行动简报（第三十二期）
安徽省环境保护厅 新公告：2007年安徽省整治违法排污企业保障群众健康环保专项行动简报（第三十三期）
安徽省环境保护厅 新公告：2007年安徽省整治违法排污企业保障群众健康环保专项行动简报（第三十五期）
安徽省环境保护厅 新公告：2007年安徽省整治违法排污企业保障群众健康环保专项行动简报（第三十六期）
安徽省环境保护厅 新公告：安徽省整治违法排污企业保障群众健康环保专项行动考核自评估报告
安徽省环境保护厅 新公告：关于同意天长市万寿机械有限公司挂牌督办摘牌的函
安徽省环境保护厅 新公告：2007年安徽省整治违法排污企业保障群众健康环保专项行动简报（第三十七期）
安徽省环境保护厅 新公告：2007年安徽省整治违法排污企业保障群众健康环保专项行动简报（第三十八期）
安徽省环境保护厅 新公告：2007年安徽省整治违法排污企业保障群众健康环保专项行动简报（第三十九期）
安徽省环境保护厅 新公告：2007年安徽省整治违法排污企业保障群众健康环保专项行动简报（第四十期）
安徽省环境保护厅 新公告：2007年安徽省整治违法排污企业保障群众健康环保专项行动简报（第四十一期）
安徽省环境保护厅 新公告：2007年安徽省整治违法排污企业保障群众健康环保专项行动简报（第四十二期）
安徽省环境保护厅 新公告：2007年安徽省整治违法排污企业保障群众健康环保专项行动简报（第四十四期）
安徽省环境保护厅 新公告：2007年安徽省整治违法排污企业保障群众健康环保专项行动简报（第四十七期）
安徽省环境保护厅 新公告：转发环保部办公厅关于开展全国电解锰行业专项执法检查和环境整治的通知
安徽省环境保护厅 新公告：关于同意合肥市长城电镀厂等两企业摘牌的函
安徽省环境保护厅 新公告：建设项目“三同时”监察工作程序
安徽省环境保护厅 新公告：限期治理项目监察程序
安徽省环境保护厅 新公告：关于加强省级第三批挂牌案件督办的通知
安徽省环境保护厅 新公告：关于同意新江玻璃制品有限责任公司摘牌的函
安徽省环境保护厅 新公告：关于同意蚌埠市族光精细化工有限责任公司等三企业摘牌的函
安徽省环境保护厅 新公告：关于同意安徽金寨金铜矿业有限责任公司等两企业摘牌的函
安徽省环境保护厅 新公告：关于对卧龙风景区、八公山森林公园建材加工企业（碎石机、石灰窑）连片污染问题挂牌督办的通知
安徽省环境保护厅 新公告：关于同意马鞍山天兴钢制品有限公司摘牌的函
安徽省环境保护厅 新公告：关于对太湖县光华铝业有限公司挂牌督办的通知
安徽省环境保护厅 新公告：关于对青阳县兴达化工有限公司挂牌督办的通知
安徽省环境保护厅 新公告：关于安徽省重点流域专项整治工作情况的报告
安徽省环境保护厅 新公告：关于安徽霞珍羽绒股份有限公司整改情况的函
安徽省环境保护厅 新公告：关于报送整治违法排污企业保障群众健康环保专项行动有关情况的通知
安徽省环境保护厅 新公告：关于我省开展清理整顿不法排污企业保障群众健康环保行动工作情况的第一次报告
安徽省环境保护厅 新公告：关于我省开展清理整顿不发排污企业保障群众健康环保专项行动工作情况的第二次报告
安徽省环境保护厅 新公告：关于对“清理整顿不法排污企业保障群众健康环保行动”查处案件督办工作的汇报
安徽省环境保护厅 新公告：关于同意安徽宿州科技食品有限公司等四家企业摘牌的函
安徽省环境保护厅 新公告：关于同意安徽皖东化工有限公司等两家企业摘牌的函
安徽省环境保护厅 新公告：关于同意望江县新桥和平造纸厂等两企业摘牌的函
安徽省环境保护厅 新公告：安徽省整治违法排污企业保障群众健康环保专项行动自查自纠阶段工作总结
安徽省环境保护厅 新公告：关于同意安徽雪龙纤维科技股份有限公司挂牌督办摘牌的函
安徽省环境保护厅一共有442条新公告，导入数据库中......
安徽省环境保护厅公告导入完成！
安徽省环境保护厅 一共有2页
安徽省环境保护厅 新公告：安徽省生态环境厅关于解除安徽省泽乾冶金科技有限公司环境违法案件挂牌督办的函
安徽省环境保护厅 新公告：安徽省生态环境厅关于解除芜湖雅丽丝染整有限责任公司环境违法案件挂牌督办的函
安徽省环境保护厅 新公告：安徽省生态环境厅关于解除繁昌县繁星针织漂染有限公司环境违法案件挂牌督办的函
安徽省环境保护厅 新公告：安徽省生态环境厅关于解除安徽迪诺环保科技有限公司环境违法案件挂牌督办的函
安徽省环境保护厅 新公告：安徽省生态环境厅关于解除前江工业园环境违法案件挂牌督办的函
安徽省环境保护厅 新公告：安徽省环保厅关于解除固体废物环境问题挂牌督办的请示
安徽省环境保护厅 新公告：安徽省环保厅关于对安庆经济技术开发区十魏路区域环境违法案件和安庆市宜秀区白泽湖乡区域环境违法案件实施挂牌督办的函
安徽省环境保护厅 新公告：安徽省环保厅关于解除太和县垃圾填埋场环境违法案件挂牌督办的通知
安徽省环境保护厅 新公告：安徽省环保厅关于解除阜南县垃圾填埋场环境违法案件挂牌督办的通知
安徽省环境保护厅 新公告：安徽省环保厅转发生态环境部办公厅关于打击固体废物环境违法行为专项行动中发现的环境问题挂牌督办的通知
安徽省环境保护厅 新公告：安徽省环保厅关于解除祁门经济开发区挂牌督办的函
安徽省环境保护厅 新公告：安徽省环保厅关于对蚌埠第三污水处理有限公司沫河口污水处理厂环境违法案件实施挂牌督办的通知
安徽省环境保护厅 新公告：安徽省环保厅关于对安徽国风木塑科技有限公司环境违法问题实施挂牌督办的通知
安徽省环境保护厅 新公告：安徽省环保厅关于对安徽省凯杰机械制造有限公司和界首市粮食机械有限责任公司环境违法案件实施挂牌督办的通知
安徽省环境保护厅 新公告：安徽省环保厅关于对安徽迪诺环保新材料科技有限公司环境违法案件实施挂牌督办的通知
安徽省环境保护厅 新公告：安徽省环保厅关于对前江工业园环境违法案件实施挂牌督办的通知
安徽省环境保护厅 新公告：安徽省环保厅关于对黄山市祁门县祁山镇新岭村等5起固体废物环境问题实施挂牌督办的通知
安徽省环境保护厅 新公告：安徽省环保厅关于对淮南市田家庵区安成镇连岗码头等4起固体废物环境问题实施挂牌督办的通知
安徽省环境保护厅 新公告：安徽省环保厅关于对镜湖区方村街道工业集中区环境违法案件实施挂牌督办的通知
安徽省环境保护厅 新公告：安徽省环保厅转发生态环境部办公厅关于对安徽省、湖南省、重庆市的7起长江生态环境违法案件挂牌督办的通知
安徽省环境保护厅 新公告：我省快速响应环保部挂牌督办案件整改工作
安徽省环境保护厅 新公告：安徽省环保厅关于解除淮南平圩经济开发区挂牌督办和环评文件限批的函
安徽省环境保护厅 新公告：安徽省环保厅关于解除安徽郎溪十字经济开发区环境违法案件挂牌督办的函
安徽省环境保护厅 新公告：安徽省环保厅关于解除安徽舒美特纤维股份有限公司环境违法案件挂牌督办的函
安徽省环境保护厅 新公告：安徽省环保厅关于对安徽德邦化工有限公司环境违法案件实施挂牌督办的通知
安徽省环境保护厅 新公告：安徽省环保厅关于解除铜陵市华兴化工有限公司环境违法案件挂牌督办的函
安徽省环境保护厅 新公告：安徽省环保厅关于解除铜陵市铜官山化工有限公司环境违法案件挂牌督办的函
安徽省环境保护厅一共有27条新公告，导入数据库中......
安徽省环境保护厅公告导入完成！
