山东省环境保护厅 一共有3页
山东省环境保护厅 新公告：行政处罚决定书  鲁环罚字〔2019〕3号 （山东力强机械有限责任公司）
山东省环境保护厅 新公告：行政处罚决定书 鲁环罚字〔2019〕2号（枣庄市滕港港业有限公司）
山东省环境保护厅 新公告：行政处罚决定书 鲁环罚字〔2018〕3号（临沂金兴焦电有限责任公司）
山东省环境保护厅 新公告：行政处罚决定书 鲁环罚字〔2018〕4号（临沂协盈印染有限公司）
山东省环境保护厅 新公告：行政处罚决定书 鲁环罚字〔2018〕2号（枣庄中科环保电力有限公司）
山东省环境保护厅 新公告：行政处罚决定书 鲁环罚字〔2018〕1号（德州德工机械有限公司）
山东省环境保护厅 新公告：行政处罚决定书 鲁环罚字〔2017〕6号（青岛奥维俊杉贸易有限公司）
山东省环境保护厅 新公告：行政处罚决定书 鲁环罚字〔2017〕5号（山东百伦纸业有限公司）
山东省环境保护厅 新公告：行政处罚决定书 鲁环罚字〔2017〕4号（成武泰和化工有限公司）
山东省环境保护厅 新公告：行政处罚决定书 鲁环罚字〔2017〕3号（宁津县宝典纸业有限公司）
山东省环境保护厅 新公告：行政处罚决定书 鲁环罚字〔2017〕2号（宁津县宝典纸业有限公司）
山东省环境保护厅 新公告：行政处罚决定书 鲁环罚字〔2017〕1号（东平天佑石业有限公司）
山东省环境保护厅 新公告：行政处罚决定书 鲁环罚字〔2016〕1号（滨州鑫元水务有限公司）
山东省环境保护厅 新公告：2015年山东省环境保护厅行政处罚统计表
山东省环境保护厅 新公告：行政处罚决定书 鲁环罚字〔2015〕13号(山东酉泉科贸有限公司）
山东省环境保护厅 新公告：行政处罚决定书 鲁环罚字〔2015〕8号(盛隆化工有限公司）
山东省环境保护厅 新公告：行政处罚决定书 鲁环罚字〔2015〕11号(山东鲁峰专用汽车有限责任公司）
山东省环境保护厅 新公告：行政处罚决定书 鲁环罚字〔2015〕12号(山东万方板业有限公司）
山东省环境保护厅 新公告：行政处罚决定书 鲁环罚字〔2015〕10号(济南鲁建水泥有限责任公司）
山东省环境保护厅 新公告：行政处罚决定书 鲁环罚字〔2015〕9号(山东柳工混凝土设备有限公司）
山东省环境保护厅 新公告：行政处罚决定书 鲁环罚字〔2015〕7号(肥城九鼎水泥有限公司）
山东省环境保护厅 新公告：行政处罚决定书 鲁环罚字〔2015〕6号(肥城孚瑞达水泥有限公司 ）
山东省环境保护厅 新公告：行政处罚决定书 鲁环罚字〔2015〕5号(莱芜市汶源热电有限责任公司）
山东省环境保护厅 新公告：行政处罚决定书 鲁环罚字〔2015〕4号(山东富海材料科技有限公司）
山东省环境保护厅 新公告：行政处罚决定书 鲁环罚字〔2015〕3号(山东华丰板业有限公司）
山东省环境保护厅 新公告：行政处罚决定书 鲁环罚字〔2015〕2号(费县圣凯热电有限公司）
山东省环境保护厅 新公告：行政处罚决定书 鲁环罚字〔2015〕1号(阳谷森泉热电有限公司）
山东省环境保护厅 新公告：行政处罚决定书 鲁环罚字〔2014〕14号(德州晶华集团振华有限公司)
山东省环境保护厅 新公告：行政处罚决定书 鲁环罚字〔2014〕21号 （淄博鲁中水泥有限公司）
山东省环境保护厅 新公告：行政处罚决定书 鲁环罚字〔2014〕23号(山东滨州天鸿热电有限公司)
山东省环境保护厅 新公告：行政处罚决定书 鲁环罚字〔2014〕20号(邹平滨藤纺织热电厂)
山东省环境保护厅 新公告：行政处罚决定书 鲁环罚字〔2014〕19号(山东魏桥创业集团有限公司热电厂)
山东省环境保护厅 新公告：行政处罚决定书 鲁环罚字〔2014〕17号(淄博傅山热电有限公司)
山东省环境保护厅 新公告：行政处罚决定书 鲁环罚字〔2014〕16号(淄博周北热电有限公司)
山东省环境保护厅 新公告：行政处罚决定书 鲁环罚字〔2014〕15号(淄博热电集团公司)
山东省环境保护厅 新公告：行政处罚决定书 鲁环罚字〔2014〕11号(沂水县热电有限责任公司)
山东省环境保护厅 新公告：行政处罚决定书 鲁环罚字〔2014〕9号(山东潍焦集团薛城能源有限公司)
山东省环境保护厅 新公告：行政处罚决定书 鲁环罚字〔2014〕10号(东营华泰化工集团有限公司)
山东省环境保护厅 新公告：行政处罚决定书 鲁环罚字〔2014〕8号(烟台宝桥锦宏水泥有限公司)
山东省环境保护厅 新公告：行政处罚决定书 鲁环罚字〔2014〕6号(山东华能莱州风力发电有限公司)
山东省环境保护厅 新公告：行政处罚决定书 鲁环罚字〔2014〕5号(青州诺迪维铸造有限公司)
山东省环境保护厅 新公告：行政处罚决定书 鲁环罚字〔2014〕4号(青州奥普利金属材料有限公司)
山东省环境保护厅 新公告：行政处罚决定书 鲁环罚字〔2014〕7号(日照机场建设投资有限公司)
山东省环境保护厅 新公告：行政处罚决定书 鲁环罚字〔2014〕3号(潍坊森达美港有限公司)
山东省环境保护厅 新公告：行政处罚决定书 鲁环罚字〔2014〕1号(潍坊森达美港有限公司)
山东省环境保护厅 新公告：行政处罚决定书 鲁环罚字〔2014〕2号(潍坊森达美港有限公司)
山东省环境保护厅 新公告：行政处罚决定书 鲁环罚字〔2013〕15号(平原方源纸业有限公司)
山东省环境保护厅 新公告：行政处罚决定书 鲁环罚字〔2013〕14号(中国铝业山东分公司)
山东省环境保护厅 新公告：行政处罚决定书 鲁环罚字〔2013〕13号(曲阜金皇活塞股份有限公司)
山东省环境保护厅 新公告：行政处罚决定书 鲁环罚字〔2013〕12号(潍坊三维生物工程集团有限公司)
山东省环境保护厅 新公告：行政处罚决定书 鲁环罚字〔2013〕11号(山东泉林集团热电有限公司)
山东省环境保护厅 新公告：行政处罚决定书 鲁环罚字〔2013〕10号(济阳新华能源实业有限责任公司)
山东省环境保护厅 新公告：行政处罚决定书 鲁环罚字〔2013〕9号(临沭县华星纸业有限公司)
山东省环境保护厅 新公告：行政处罚决定书 鲁环罚字〔2013〕8号(中国重汽集团济南专用车有限公司)
山东省环境保护厅 新公告：行政处罚决定书 鲁环罚字〔2013〕6号(山东齐星长山热电有限公司)
山东省环境保护厅 新公告：行政处罚决定书 鲁环罚字〔2013〕7号(山东光大电力集团热电厂)
山东省环境保护厅 新公告：行政处罚决定书 鲁环罚字〔2013〕5号(齐河县力源热电有限公司)
山东省环境保护厅 新公告：行政处罚决定书 鲁环罚字〔2013〕4号(寿光市隆源纸业镀膜有限公司)
山东省环境保护厅 新公告：行政处罚决定书 鲁环罚字〔2013〕3号(山东永泰化工集团有限公司)
山东省环境保护厅 新公告：行政处罚决定书 鲁环罚字〔2013〕2号(山东金岭化工股份有限公司)
山东省环境保护厅 新公告：行政处罚决定书 鲁环罚字〔2013〕1号(济南东新热电有限公司)
山东省环境保护厅一共有61条新公告，导入数据库中......
山东省环境保护厅公告导入完成！
