山西省环境保护厅 一共有14页
山西省环境保护厅 新公告：2019年2月省环境监控中心无相关信息公开
山西省环境保护厅 新公告：晋环法罚字〔2018〕501号
山西省环境保护厅 新公告：2018年3季度主要污染物严重超标排放企业处置整改汇总表
山西省环境保护厅 新公告：晋环法罚字〔2018〕504号
山西省环境保护厅 新公告：晋环法罚字〔2018〕503号
山西省环境保护厅 新公告：晋环法罚字〔2018〕502号
山西省环境保护厅 新公告：晋环法罚字〔2018〕501号
山西省环境保护厅 新公告：2018年10月省环境监控中心无相关信息公开
山西省环境保护厅 新公告：2018年9月省环境监控中心无相关信息公开
山西省环境保护厅 新公告：行政处罚决定书晋环法罚字[2018]101号
山西省环境保护厅 新公告：2018年二季度严重超标企业处置情况
山西省环境保护厅 新公告：2018年7月省环境监控中心无相关信息公开
山西省环境保护厅 新公告：2018年一季度严重超标企业处置情况
山西省环境保护厅 新公告：2017年度4季度严重超标企业反馈处置情况
山西省环境保护厅 新公告：晋环法罚字【2017】515号
山西省环境保护厅 新公告：晋环法罚字【2017】514号
山西省环境保护厅 新公告：晋环法罚字【2017】513号
山西省环境保护厅 新公告：晋环法罚字【2017】512号
山西省环境保护厅 新公告：晋环法罚字【2017】511号
山西省环境保护厅 新公告：晋环法罚字【2017】510号
山西省环境保护厅 新公告：晋环法罚字【2017】509号
山西省环境保护厅 新公告：晋环法罚字【2017】569号
山西省环境保护厅 新公告：晋环法罚字【2017】568号
山西省环境保护厅 新公告：晋环法罚字【2017】567号
山西省环境保护厅 新公告：晋环法罚字【2017】566号
山西省环境保护厅 新公告：晋环法罚字【2017】565号
山西省环境保护厅 新公告：晋环法罚字【2017】564号
山西省环境保护厅 新公告：晋环法罚字【2017】563号
山西省环境保护厅 新公告：晋环法罚字【2017】562号
山西省环境保护厅 新公告：晋环法罚字【2017】561号
山西省环境保护厅 新公告：晋环法罚字【2017】560号
山西省环境保护厅 新公告：晋环法罚字【2017】559号
山西省环境保护厅 新公告：晋环法罚字【2017】558号
山西省环境保护厅 新公告：晋环法罚字【2017】557号
山西省环境保护厅 新公告：晋环法罚字【2017】556号
山西省环境保护厅 新公告：晋环法罚字【2017】555号
山西省环境保护厅 新公告：晋环法罚字【2017】554号
山西省环境保护厅 新公告：晋环法罚字【2017】553号
山西省环境保护厅 新公告：晋环法罚字【2017】552号
山西省环境保护厅 新公告：晋环法罚字【2017】550号
山西省环境保护厅 新公告：晋环法罚字【2017】549号
山西省环境保护厅 新公告：晋环法罚字【2017】548号
山西省环境保护厅 新公告：2017年度3季度山西省严重超标企业处理处置情况反馈
山西省环境保护厅 新公告：行政处罚决定书晋环法罚字〔2017〕104号
山西省环境保护厅 新公告：行政处罚决定书晋环法罚字〔2017〕103号
山西省环境保护厅 新公告：晋环法罚字【2017】547号
山西省环境保护厅 新公告：晋环法罚字【2017】546号
山西省环境保护厅 新公告：晋环法罚字【2017】545号
山西省环境保护厅 新公告：晋环法罚字【2017】544号
山西省环境保护厅 新公告：晋环法罚字【2017】544号
山西省环境保护厅 新公告：晋环法罚字【2017】543号
山西省环境保护厅 新公告：晋环法罚字【2017】542号
山西省环境保护厅 新公告：晋环法罚字【2017】539号
山西省环境保护厅 新公告：晋环法罚字【2017】537号
山西省环境保护厅 新公告：晋环法罚字【2017】536号
山西省环境保护厅 新公告：晋环法罚字【2017】535号
山西省环境保护厅 新公告：晋环法罚字【2017】534号
山西省环境保护厅 新公告：晋环法罚字【2017】533号
山西省环境保护厅 新公告：晋环法罚字【2017】532号
山西省环境保护厅 新公告：晋环法罚字【2017】531号
山西省环境保护厅 新公告：晋环法罚字【2017】530号
山西省环境保护厅 新公告：晋环法罚字【2017】529号
山西省环境保护厅 新公告：晋环法罚字【2017】528号
山西省环境保护厅 新公告：晋环法罚字【2017】527号
山西省环境保护厅 新公告：晋环法罚字【2017】526号
山西省环境保护厅 新公告：晋环法罚字【2017】525号
山西省环境保护厅 新公告：晋环法罚字【2017】524号
山西省环境保护厅 新公告：晋环法罚字【2017】523号
山西省环境保护厅 新公告：晋环法罚字【2017】522号
山西省环境保护厅 新公告：晋环法罚字【2017】521号
山西省环境保护厅 新公告：晋环法罚字【2017】520号
山西省环境保护厅 新公告：晋环法罚字【2017】519号
山西省环境保护厅 新公告：晋环法罚字【2017】518号
山西省环境保护厅 新公告：晋环法罚字【2017】517号
山西省环境保护厅 新公告：晋环法罚字【2017】516号
山西省环境保护厅 新公告：晋环法罚字[2017]538号
山西省环境保护厅 新公告：晋环法罚字[2017]554号
山西省环境保护厅 新公告：晋环法罚字[2017]555号
山西省环境保护厅 新公告：晋环法罚字[2017]556号
山西省环境保护厅 新公告：晋环法罚字[2017]557号
山西省环境保护厅 新公告：行政处罚决定书晋环法罚字〔2017〕102号
山西省环境保护厅 新公告：2017年第二季度严重超标企业处理处置情况
山西省环境保护厅 新公告：晋环法罚字[2017]549号
山西省环境保护厅 新公告：晋环法罚字[2017]550号
山西省环境保护厅 新公告：晋环法罚字[2017]551号
山西省环境保护厅 新公告：晋环法罚字[2017]552号
山西省环境保护厅 新公告：晋环法罚字[2017]553号
山西省环境保护厅 新公告：晋环法罚字[2017]558号
山西省环境保护厅 新公告：晋环法罚字[2017]548号
山西省环境保护厅 新公告：2017年第二季度严重超标企业处理处置情况
山西省环境保护厅 新公告：2017年1季度严重超标排放国家重点监控企业处置整改情况
山西省环境保护厅 新公告：晋环法罚字〔2017〕509号
山西省环境保护厅 新公告：晋环法罚字〔2017〕510号
山西省环境保护厅 新公告：晋环法罚字〔2017〕511号
山西省环境保护厅 新公告：晋环法罚字〔2017〕512号
山西省环境保护厅 新公告：晋环法罚字〔2017〕513号
山西省环境保护厅 新公告：晋环法罚字〔2017〕514号
山西省环境保护厅 新公告：晋环法罚字〔2017〕515号
山西省环境保护厅 新公告：山西省2016年度严重超标排放废气国家重点监控企业处置整改情况
山西省环境保护厅 新公告：处罚决定书晋环法罚字[2017]101号
山西省环境保护厅 新公告：晋环法罚字〔2017〕501号
山西省环境保护厅 新公告：晋环法罚字〔2017〕502号
山西省环境保护厅 新公告：晋环法罚字〔2017〕503号
山西省环境保护厅 新公告：晋环法罚字〔2017〕504号
山西省环境保护厅 新公告：晋环法罚字〔2017〕505号
山西省环境保护厅 新公告：晋环法罚字〔2017〕506号
山西省环境保护厅 新公告：晋环法罚字〔2017〕507号
山西省环境保护厅 新公告：晋环法罚字〔2017〕508号
山西省环境保护厅 新公告：山西省2016年4季度严重超标排放废气重点监控企业处置及整改情况
山西省环境保护厅 新公告：行政处罚决定书晋环法罚字[2016]109号
山西省环境保护厅 新公告：行政处罚决定书晋环法罚字[2016]110号
山西省环境保护厅 新公告：行政处罚决定书晋环法罚字[2016]111号
山西省环境保护厅 新公告：行政处罚决定书晋环法罚字[2016]112号
山西省环境保护厅 新公告：行政处罚决定书晋环法罚字[2016]113号
山西省环境保护厅 新公告：行政处罚决定书晋环法罚字[2016]114号
山西省环境保护厅 新公告：行政处罚决定书晋环法罚字[2016]115号
山西省环境保护厅 新公告：行政处罚决定书晋环法罚字[2016]116号
山西省环境保护厅 新公告：晋环法罚字〔2016〕571号
山西省环境保护厅 新公告：晋环法罚字〔2016〕539号
山西省环境保护厅 新公告：晋环法罚字〔2016〕570号
山西省环境保护厅 新公告：晋环法罚字〔2016〕572号
山西省环境保护厅 新公告：晋环法罚字〔2016〕573号
山西省环境保护厅 新公告：晋环法罚字〔2016〕575号
山西省环境保护厅 新公告：晋环法罚字〔2016〕576号
山西省环境保护厅 新公告：晋环法罚字〔2016〕568号
山西省环境保护厅 新公告：晋环法罚字〔2016〕569号
山西省环境保护厅 新公告：晋环法罚字〔2016〕574号
山西省环境保护厅 新公告：晋环法罚字〔2016〕533号
山西省环境保护厅 新公告：晋环法罚字〔2016〕535号
山西省环境保护厅 新公告：晋环法罚字〔2016〕537号
山西省环境保护厅 新公告：晋环法罚字〔2016〕540号
山西省环境保护厅 新公告：晋环法罚字〔2016〕555号
山西省环境保护厅 新公告：晋环法罚字〔2016〕556号
山西省环境保护厅 新公告：晋环法罚字〔2016〕557号
山西省环境保护厅 新公告：晋环法罚字〔2016〕558号
山西省环境保护厅 新公告：晋环法罚字〔2016〕559号
山西省环境保护厅 新公告：晋环法罚字〔2016〕560号
山西省环境保护厅 新公告：晋环法罚字〔2016〕561号
山西省环境保护厅 新公告：晋环法罚字〔2016〕562号
山西省环境保护厅 新公告：晋环法罚字〔2016〕563号
山西省环境保护厅 新公告：晋环法罚字〔2016〕565号
山西省环境保护厅 新公告：晋环法罚字〔2016〕566号
山西省环境保护厅 新公告：晋环法罚字〔2016〕567号
山西省环境保护厅 新公告：山西省环境保护厅关于2016年第三季度全省环保不达标生产重点企业名单的通报
山西省环境保护厅 新公告：山西省2016年3季度严重超标排放废气重点监控企业处理及处置情况
山西省环境保护厅 新公告：晋环法罚字〔2016〕534号
山西省环境保护厅 新公告：晋环法罚字〔2016〕536号
山西省环境保护厅 新公告：晋环法罚字〔2016〕538号
山西省环境保护厅 新公告：晋环法罚字〔2016〕541号
山西省环境保护厅 新公告：晋环法罚字〔2016〕543号
山西省环境保护厅 新公告：晋环法罚字〔2016〕544号
山西省环境保护厅 新公告：晋环法罚字〔2016〕545号
山西省环境保护厅 新公告：晋环法罚字〔2016〕546号
山西省环境保护厅 新公告：晋环法罚字〔2016〕547号
山西省环境保护厅 新公告：晋环法罚字〔2016〕548号
山西省环境保护厅 新公告：晋环法罚字〔2016〕549号
山西省环境保护厅 新公告：晋环法罚字〔2016〕550号
山西省环境保护厅 新公告：晋环法罚字〔2016〕551号
山西省环境保护厅 新公告：晋环法罚字〔2016〕552号
山西省环境保护厅 新公告：晋环法罚字〔2016〕553号
山西省环境保护厅 新公告：晋环法罚字〔2016〕554号
山西省环境保护厅 新公告：晋环法罚字〔2016〕542号
山西省环境保护厅 新公告：晋环法罚字〔2016〕507号
山西省环境保护厅 新公告：晋环法罚字〔2016〕514号
山西省环境保护厅 新公告：晋环法罚字[2016]104号
山西省环境保护厅 新公告：晋环法罚字[2016]105号
山西省环境保护厅 新公告：晋环法罚字[2016]106号
山西省环境保护厅 新公告：晋环法罚字[2016]107号
山西省环境保护厅 新公告：晋环法罚字[2016]108号
山西省环境保护厅 新公告：山西省2016年2季度严重超标排放废气重点监控企业处置及整改情况
山西省环境保护厅 新公告：晋环法罚字〔2016〕520号
山西省环境保护厅 新公告：晋环法罚字〔2016〕529号
山西省环境保护厅 新公告：晋环法罚字〔2016〕532号
山西省环境保护厅 新公告：晋环法罚字〔2016〕508号
山西省环境保护厅 新公告：晋环法罚字〔2016〕531号
山西省环境保护厅 新公告：晋环法罚字〔2016〕530号
山西省环境保护厅 新公告：晋环法罚字〔2016〕528号
山西省环境保护厅 新公告：晋环法罚字〔2016〕516号
山西省环境保护厅 新公告：晋环法罚字〔2016〕527号
山西省环境保护厅 新公告：晋环法罚字〔2016〕526号
山西省环境保护厅 新公告：晋环法罚字〔2016〕513号
山西省环境保护厅 新公告：晋环法罚字〔2016〕525号
山西省环境保护厅 新公告：晋环法罚字〔2016〕518号
山西省环境保护厅 新公告：晋环法罚字〔2016〕519号
山西省环境保护厅 新公告：晋环法罚字〔2016〕510号
山西省环境保护厅 新公告：晋环法罚字〔2016〕517号
山西省环境保护厅 新公告：山西省2016年1季度严重超标排放废气重点监控企业处置及整改情况
山西省环境保护厅 新公告：晋环法罚字〔2016〕523号
山西省环境保护厅 新公告：晋环法罚字〔2016〕524号
山西省环境保护厅 新公告：晋环法罚字〔2016〕522号
山西省环境保护厅 新公告：晋环法罚字〔2016〕512号
山西省环境保护厅 新公告：晋环法罚字〔2016〕515号
山西省环境保护厅 新公告：晋环法罚字〔2016〕521号
山西省环境保护厅 新公告：晋环法罚字〔2016〕511号
山西省环境保护厅 新公告：晋环法罚字〔2016〕509号
山西省环境保护厅 新公告：晋环法罚字〔2015〕508号
山西省环境保护厅 新公告：行政处罚决定书晋环法罚字[2016]103号
山西省环境保护厅 新公告：晋环法罚字〔2016〕506号
山西省环境保护厅 新公告：晋环法罚字〔2016〕505号
山西省环境保护厅 新公告：晋环法罚字〔2016〕504号
山西省环境保护厅 新公告：晋环法罚字〔2015〕524号
山西省环境保护厅 新公告：晋环法罚字〔2015〕525号
山西省环境保护厅 新公告：晋环法罚字〔2015〕546号
山西省环境保护厅 新公告：晋环法罚字〔2015〕548号
山西省环境保护厅 新公告：晋环法罚字〔2015〕558号
山西省环境保护厅 新公告：晋环法罚字〔2016〕503号
山西省环境保护厅 新公告：晋环法罚字〔2016〕502号
山西省环境保护厅 新公告：晋环法罚字〔2016〕501号
山西省环境保护厅 新公告：晋环法罚字[2015]555号
山西省环境保护厅 新公告：晋环法罚字[2015]552号
山西省环境保护厅 新公告：晋环法罚字[2015]554号
山西省环境保护厅 新公告：晋环法罚字[2015]553号
山西省环境保护厅 新公告：晋环法罚字[2015]549号
山西省环境保护厅 新公告：晋环法罚字[2015]545号
山西省环境保护厅 新公告：晋环法罚字[2015]548号
山西省环境保护厅 新公告：处罚决定书晋环法罚[2015]538号
山西省环境保护厅 新公告：晋环法罚字[2015]556号
山西省环境保护厅 新公告：处罚决定书晋环法罚[2015]539号
山西省环境保护厅 新公告：处罚决定书晋环法罚[2015]541号
山西省环境保护厅 新公告：晋环法罚字[2015]547号
山西省环境保护厅 新公告：处罚决定书晋环法罚[2015]530号
山西省环境保护厅 新公告：处罚决定书晋环法罚[2015]528号
山西省环境保护厅 新公告：处罚决定书晋环法罚[2015]523号
山西省环境保护厅 新公告：处罚决定书晋环法罚[2015]522号
山西省环境保护厅 新公告：处罚决定书晋环法罚[2015]532号
山西省环境保护厅 新公告：处罚决定书晋环法罚[2015]529号
山西省环境保护厅 新公告：处罚决定书晋环法罚[2015]527号
山西省环境保护厅 新公告：处罚决定书晋环法罚[2015]526号
山西省环境保护厅 新公告：处罚决定书晋环法罚[2015]520号
山西省环境保护厅 新公告：行政处罚决定书晋环法罚[2015]519号
山西省环境保护厅 新公告：行政处罚决定书晋环法罚[2015]518号
山西省环境保护厅 新公告：行政处罚决定书晋环法罚[2015]517号
山西省环境保护厅 新公告：行政处罚决定书晋环法罚[2015]516号
山西省环境保护厅 新公告：行政处罚决定书晋环法罚[2015]515号
山西省环境保护厅 新公告：晋环法罚字〔2015〕544号
山西省环境保护厅 新公告：按日连续处罚决定书晋环法连罚字[2016]1号
山西省环境保护厅 新公告：行政处罚决定书晋环法罚字[2016]101号
山西省环境保护厅 新公告：行政处罚决定书晋环法罚字[2016]102号
山西省环境保护厅 新公告：省管国控重点污染源在线监控日均值数据（废气）日期：2016.2.20
山西省环境保护厅 新公告：晋环法罚字〔2015〕511号
山西省环境保护厅 新公告：晋环法罚字〔2015〕512号
山西省环境保护厅 新公告：晋环法罚字〔2015〕510号
山西省环境保护厅 新公告：行政处罚决定书晋环法罚字[2015]134号
山西省环境保护厅 新公告：行政处罚决定书晋环法罚字[2015]133号
山西省环境保护厅 新公告：行政处罚决定书晋环法罚字[2015]128号
山西省环境保护厅 新公告：行政处罚决定书晋环法罚字[2015]130号
山西省环境保护厅 新公告：行政处罚决定书晋环法罚字[2015]124号
山西省环境保护厅 新公告：行政处罚决定书晋环法罚字[2015]131号
山西省环境保护厅 新公告：行政处罚决定书晋环法罚字[2015]125号
山西省环境保护厅 新公告：行政处罚决定书晋环法罚字[2015]126号
山西省环境保护厅 新公告：行政处罚决定书晋环法罚字[2015]127号
山西省环境保护厅 新公告：行政处罚决定书晋环法罚字[2015]132号
山西省环境保护厅 新公告：行政处罚决定书晋环法罚字[2015]129号
山西省环境保护厅 新公告：晋环法罚字〔2015〕513号
山西省环境保护厅 新公告：晋环法罚字〔2015〕509号
山西省环境保护厅 新公告：行政处罚决定书晋环法罚字[2015]115号
山西省环境保护厅 新公告：行政处罚决定书晋环法罚字[2015]102号
山西省环境保护厅 新公告：2013年1月份至9月份处罚信息
山西省环境保护厅 新公告：晋环法罚字〔2015〕512号
山西省环境保护厅 新公告：晋环法罚字〔2015〕510号
山西省环境保护厅 新公告：行政处罚决定书晋环法罚字[2015]134号
山西省环境保护厅 新公告：行政处罚决定书晋环法罚字[2015]133号
山西省环境保护厅 新公告：行政处罚决定书晋环法罚字[2015]128号
山西省环境保护厅 新公告：行政处罚决定书晋环法罚字[2015]130号
山西省环境保护厅 新公告：行政处罚决定书晋环法罚字[2015]124号
山西省环境保护厅 新公告：行政处罚决定书晋环法罚字[2015]131号
山西省环境保护厅 新公告：行政处罚决定书晋环法罚字[2015]125号
山西省环境保护厅 新公告：行政处罚决定书晋环法罚字[2015]126号
山西省环境保护厅 新公告：行政处罚决定书晋环法罚字[2015]127号
山西省环境保护厅 新公告：行政处罚决定书晋环法罚字[2015]132号
山西省环境保护厅 新公告：行政处罚决定书晋环法罚字[2015]129号
山西省环境保护厅 新公告：晋环法罚字〔2015〕513号
山西省环境保护厅 新公告：晋环法罚字〔2015〕509号
山西省环境保护厅 新公告：行政处罚决定书晋环法罚字[2015]115号
山西省环境保护厅 新公告：行政处罚决定书晋环法罚字[2015]102号
山西省环境保护厅 新公告：2013年1月份至9月份处罚信息
山西省环境保护厅一共有258条新公告，导入数据库中......
山西省环境保护厅公告导入完成！
