广西壮族自治区环境保护厅 抓取URL：http://sthjt.gxzf.gov.cn/xxgkml/ztfl/hjglywxx/xzcfhfy/index.html
广西壮族自治区环境保护厅 一共有15页
第1页
广西壮族自治区环境保护厅 新公告：行政复议调解书（钦州市国润环境工程有限公司） url: http://sthjt.gxzf.gov.cn/xxgkml/ztfl/hjglywxx/xzcfhfy/201903/t20190305_200012383.html
广西壮族自治区环境保护厅 新公告：延期审理通知书（钦州市国润环境工程有限公司） url: http://sthjt.gxzf.gov.cn/xxgkml/ztfl/hjglywxx/xzcfhfy/201812/t20181207_200011620.html
广西壮族自治区环境保护厅 新公告：广西壮族自治区生态环境厅关于撤销行政复议决定书的决定 url: http://sthjt.gxzf.gov.cn/xxgkml/ztfl/hjglywxx/xzcfhfy/201811/t20181126_200011441.html
广西壮族自治区环境保护厅 新公告：钦州胜科水务有限公司行政复议决定书 url: http://sthjt.gxzf.gov.cn/xxgkml/ztfl/hjglywxx/xzcfhfy/201811/t20181126_200011440.html
广西壮族自治区环境保护厅 新公告：广西壮族自治区环境保护厅行政复议决定书（蒋以飞、蒋远槐、蒋寿喜、蒋林利） url: http://sthjt.gxzf.gov.cn/xxgkml/ztfl/hjglywxx/xzcfhfy/201811/t20181109_200011276.html
广西壮族自治区环境保护厅 新公告：广西壮族自治区行政复议决定书（广西德保新水云河水电有限公司） url: http://sthjt.gxzf.gov.cn/xxgkml/ztfl/hjglywxx/xzcfhfy/201809/t20180929_200010812.html
广西壮族自治区环境保护厅 新公告：广西壮族自治区行政复议决定书（德保县汇德水电有限公司） url: http://sthjt.gxzf.gov.cn/xxgkml/ztfl/hjglywxx/xzcfhfy/201809/t20180929_200010813.html
广西壮族自治区环境保护厅 新公告：广西壮族自治区行政复议决定书（广西水利电业集团有限公司德保发电分公司 ） url: http://sthjt.gxzf.gov.cn/xxgkml/ztfl/hjglywxx/xzcfhfy/201809/t20180929_200010811.html
广西壮族自治区环境保护厅 新公告：广西壮族自治区行政复议决定书（广西水利电业集团有限公司德保发电分公司验收文 ） url: http://sthjt.gxzf.gov.cn/xxgkml/ztfl/hjglywxx/xzcfhfy/201809/t20180929_200010810.html
广西壮族自治区环境保护厅 新公告：广西壮族自治区行政复议决定书（那坡县金源淀粉有限公司不服百色市环境保护局行政处罚案） url: http://sthjt.gxzf.gov.cn/xxgkml/ztfl/hjglywxx/xzcfhfy/201809/t20180929_200010808.html
广西壮族自治区环境保护厅 新公告：广西壮族自治区环境保护厅行政复议终止决定书（柳州市鼎立废渣回收有限公司、柳州市环境保护局） url: http://sthjt.gxzf.gov.cn/xxgkml/ztfl/hjglywxx/xzcfhfy/201809/t20180913_200010631.html
广西壮族自治区环境保护厅 新公告：广西壮族自治区环境保护厅行政复议决定书（广州绿网环境保护服务中心、贺州市环境保护局） url: http://sthjt.gxzf.gov.cn/xxgkml/ztfl/hjglywxx/xzcfhfy/201807/t20180716_200010043.html
广西壮族自治区环境保护厅 新公告：广西壮族自治区环境保护厅行政复议决定书（广州绿网环境保护服务中心、柳州市环境保护局） url: http://sthjt.gxzf.gov.cn/xxgkml/ztfl/hjglywxx/xzcfhfy/201807/t20180716_200010042.html
广西壮族自治区环境保护厅 新公告：广西壮族自治区环境保护厅行政复议决定书（广州绿网环境保护服务中心、南宁市环境保护局） url: http://sthjt.gxzf.gov.cn/xxgkml/ztfl/hjglywxx/xzcfhfy/201807/t20180716_200010036.html
广西壮族自治区环境保护厅 新公告：广西壮族自治区环境保护厅行政复议决定书（钦州市国润环境工程有限公司不服钦州市环境保护局行政处罚案） url: http://sthjt.gxzf.gov.cn/xxgkml/ztfl/hjglywxx/xzcfhfy/201805/t20180523_200008971.html
广西壮族自治区环境保护厅 新公告：广西壮族自治区环境保护厅行政处罚决定书（广西田东南华纸业有限公司—废气超标） url: http://sthjt.gxzf.gov.cn/xxgkml/ztfl/hjglywxx/xzcfhfy/201804/t20180416_200008491.html
广西壮族自治区环境保护厅 新公告：广西壮族自治区环境保护厅行政处罚决定书（广西田东南华纸业有限公司—不正常使用大气污染防治设施） url: http://sthjt.gxzf.gov.cn/xxgkml/ztfl/hjglywxx/xzcfhfy/201804/t20180416_200008490.html
广西壮族自治区环境保护厅 新公告：广西壮族自治区环境保护厅行政处罚决定书（广西田东南华纸业有限公司—未按规定进行监测） url: http://sthjt.gxzf.gov.cn/xxgkml/ztfl/hjglywxx/xzcfhfy/201804/t20180416_200008489.html
广西壮族自治区环境保护厅 新公告：广西壮族自治区环境保护厅限制生产决定书（广西田东南华纸业有限公司-不正常使用大气污染防治设施、废气超标） url: http://sthjt.gxzf.gov.cn/xxgkml/ztfl/hjglywxx/xzcfhfy/201804/t20180416_200008488.html
广西壮族自治区环境保护厅 新公告：广西壮族自治区环境保护厅责令改正违法行为决定书（贵港市人民医院-新增射线装置未重新申领许可证） url: http://sthjt.gxzf.gov.cn/xxgkml/ztfl/hjglywxx/xzcfhfy/201804/t20180412_200008436.html
第2页
广西壮族自治区环境保护厅 新公告：谭作禧复议决定书 url: http://sthjt.gxzf.gov.cn/xxgkml/ztfl/hjglywxx/xzcfhfy/201802/t20180211_200007896.html
广西壮族自治区环境保护厅 新公告：广西壮族自治区环境保护厅责令改正违法行为决定书（广西田东南华纸业有限公司-按日计罚） url: http://sthjt.gxzf.gov.cn/xxgkml/ztfl/hjglywxx/xzcfhfy/201809/t20180913_200010645.html
广西壮族自治区环境保护厅 新公告：八步区铺门沙冲水电站复议决定书 url: http://sthjt.gxzf.gov.cn/xxgkml/ztfl/hjglywxx/xzcfhfy/201801/t20180129_200007758.html
广西壮族自治区环境保护厅 新公告：广西壮族自治区环境保护厅责令改正违法行为决定书 url: http://sthjt.gxzf.gov.cn/xxgkml/ztfl/hjglywxx/xzcfhfy/201801/t20180131_200007783.html
广西壮族自治区环境保护厅 新公告：广西壮族自治区环境保护厅行政复议终止决定书（于致海、贵港市环境保护局） url: http://sthjt.gxzf.gov.cn/xxgkml/ztfl/hjglywxx/xzcfhfy/201709/t20170927_200006213.html
广西壮族自治区环境保护厅 新公告：广西壮族自治区环境保护厅行政复议决定书（广西中粮生物质能源有限公司、北海市环境保护局） url: http://sthjt.gxzf.gov.cn/xxgkml/ztfl/hjglywxx/xzcfhfy/201708/t20170809_200005745.html
广西壮族自治区环境保护厅 新公告：广西壮族自治区环境保护厅行政复议终止决定书（中建三局第二建设工程有限责任公司、桂林市环境保护局） url: http://sthjt.gxzf.gov.cn/xxgkml/ztfl/hjglywxx/xzcfhfy/201707/t20170718_200005465.html
广西壮族自治区环境保护厅 新公告：广西壮族自治区环境保护厅行政复议决定书（丘佩娟、玉林市环境保护局） url: http://sthjt.gxzf.gov.cn/xxgkml/ztfl/hjglywxx/xzcfhfy/201707/t20170718_200005466.html
广西壮族自治区环境保护厅 新公告：广西壮族自治区环境保护厅行政处罚决定书（广西崇左市凯源酒业化工有限公司—私设暗管） url: http://sthjt.gxzf.gov.cn/xxgkml/ztfl/hjglywxx/xzcfhfy/201704/t20170412_200004257.html
广西壮族自治区环境保护厅 新公告：广西壮族自治区环境保护厅行政复议决定书（贵港市港兴服务公司进口汽车维修二厂、贵港市环境保护局） url: http://sthjt.gxzf.gov.cn/xxgkml/ztfl/hjglywxx/xzcfhfy/201702/t20170207_200003586.html
广西壮族自治区环境保护厅 新公告：广西壮族自治区环境保护厅行政复议决定书（南宁市凯辉金属门加工厂、南宁市环境保护局） url: http://sthjt.gxzf.gov.cn/xxgkml/ztfl/hjglywxx/xzcfhfy/201702/t20170207_200003585.html
广西壮族自治区环境保护厅 新公告：广西壮族自治区环境保护厅责令改正违法行为决定书（广西崇左市凯源酒业化工有限公司-不正常运行治污设施） url: http://sthjt.gxzf.gov.cn/xxgkml/ztfl/hjglywxx/xzcfhfy/201702/t20170206_200003579.html
广西壮族自治区环境保护厅 新公告：广西壮族自治区环境保护厅责令改正违法行为决定书（广西崇左市凯源酒业化工有限公司-私设暗管） url: http://sthjt.gxzf.gov.cn/xxgkml/ztfl/hjglywxx/xzcfhfy/201702/t20170214_200003646.html
广西壮族自治区环境保护厅 新公告：广西壮族自治区环境保护厅听证通知书（广西宁明东亚生物能源有限公司—废气超标排放—按日计罚1） url: http://sthjt.gxzf.gov.cn/xxgkml/ztfl/hjglywxx/xzcfhfy/201701/t20170110_200003288.html
广西壮族自治区环境保护厅 新公告：广西壮族自治区环境保护厅责令改正违法行为决定书（广西宁明东亚生物能源有限公司-按日计罚） url: http://sthjt.gxzf.gov.cn/xxgkml/ztfl/hjglywxx/xzcfhfy/201612/t20161228_200003141.html
广西壮族自治区环境保护厅 新公告：广西壮族自治区环境保护厅行政处罚决定书（防城港市玉龙饲料有限公司—违法排放污染物） url: http://sthjt.gxzf.gov.cn/xxgkml/ztfl/hjglywxx/xzcfhfy/201612/t20161202_200002735.html
广西壮族自治区环境保护厅 新公告：广西壮族自治区环境保护厅行政处罚决定书（河池市第一人民医院） url: http://sthjt.gxzf.gov.cn/xxgkml/ztfl/hjglywxx/xzcfhfy/201612/t20161202_200002734.html
广西壮族自治区环境保护厅 新公告：广西壮族自治区环境保护厅行政处罚决定书（宜州市人民医院） url: http://sthjt.gxzf.gov.cn/xxgkml/ztfl/hjglywxx/xzcfhfy/201612/t20161202_200002733.html
广西壮族自治区环境保护厅 新公告：广西壮族自治区环境保护厅行政处罚决定书（宜州市中医医院） url: http://sthjt.gxzf.gov.cn/xxgkml/ztfl/hjglywxx/xzcfhfy/201612/t20161202_200002732.html
广西壮族自治区环境保护厅 新公告：广西壮族自治区环境保护厅行政处罚决定书（南丹县人民医院） url: http://sthjt.gxzf.gov.cn/xxgkml/ztfl/hjglywxx/xzcfhfy/201612/t20161202_200002731.html
第3页
广西壮族自治区环境保护厅 新公告：广西壮族自治区环境保护厅行政处罚决定书（广西宁明东亚生物能源有限公司—废气超标排放） url: http://sthjt.gxzf.gov.cn/xxgkml/ztfl/hjglywxx/xzcfhfy/201611/t20161123_200002590.html
广西壮族自治区环境保护厅 新公告：广西壮族自治区环境保护厅行政处罚决定书（广西宁明东亚生物能源有限公司—未验先投） url: http://sthjt.gxzf.gov.cn/xxgkml/ztfl/hjglywxx/xzcfhfy/201611/t20161123_200002583.html
广西壮族自治区环境保护厅 新公告：广西壮族自治区环境保护厅行政处罚决定书（广西北流市兆周林产有限公司—向水体排放油类物质） url: http://sthjt.gxzf.gov.cn/xxgkml/ztfl/hjglywxx/xzcfhfy/201611/t20161123_200002582.html
广西壮族自治区环境保护厅 新公告：广西壮族自治区环境保护厅行政处罚决定书（广西北流市兆周林产有限公司—未验先投） url: http://sthjt.gxzf.gov.cn/xxgkml/ztfl/hjglywxx/xzcfhfy/201611/t20161123_200002581.html
广西壮族自治区环境保护厅 新公告：广西壮族自治区环境保护厅责令改正违法行为决定书（防城港市玉龙饲料有限公司） url: http://sthjt.gxzf.gov.cn/xxgkml/ztfl/hjglywxx/xzcfhfy/201611/t20161123_200002587.html
广西壮族自治区环境保护厅 新公告：广西壮族自治区环境保护厅责令改正违法行为决定书（广西宁明东亚生物能源有限公司—未验先投） url: http://sthjt.gxzf.gov.cn/xxgkml/ztfl/hjglywxx/xzcfhfy/201611/t20161110_200002439.html
广西壮族自治区环境保护厅 新公告：广西壮族自治区环境保护厅责令改正违法行为决定书（广西宁明东亚生物能源有限公司—废气超标排放） url: http://sthjt.gxzf.gov.cn/xxgkml/ztfl/hjglywxx/xzcfhfy/201611/t20161110_200002437.html
广西壮族自治区环境保护厅 新公告：广西壮族自治区环境保护厅行政复议决定书（广西富民建设有限公司、南宁市环境保护局） url: http://sthjt.gxzf.gov.cn/xxgkml/ztfl/hjglywxx/xzcfhfy/201609/t20160920_200001933.html
广西壮族自治区环境保护厅 新公告：广西壮族自治区环境保护厅行政复议决定书（卢一根、柳州市环境保护局柳环罚字〔2016〕37号） url: http://sthjt.gxzf.gov.cn/xxgkml/ztfl/hjglywxx/xzcfhfy/201608/t20160830_200001903.html
广西壮族自治区环境保护厅 新公告：广西壮族自治区环境保护厅行政复议决定书（卢一根、柳州市环境保护局柳环罚字〔2016〕38号） url: http://sthjt.gxzf.gov.cn/xxgkml/ztfl/hjglywxx/xzcfhfy/201608/t20160830_200001902.html
广西壮族自治区环境保护厅 新公告：广西壮族自治区环境保护厅行政复议决定书（卢一根、柳州市环境保护局柳环罚字〔2016〕36号） url: http://sthjt.gxzf.gov.cn/xxgkml/ztfl/hjglywxx/xzcfhfy/201608/t20160830_200001904.html
广西壮族自治区环境保护厅 新公告：广西壮族自治区环境保护厅行政处罚决定书(柳州市工人医院) url: http://sthjt.gxzf.gov.cn/xxgkml/ztfl/hjglywxx/xzcfhfy/201603/t20160325_200001704.html
广西壮族自治区环境保护厅 新公告：行政处罚决定书（广西农垦糖业集团红河制糖有限公司） url: http://sthjt.gxzf.gov.cn/xxgkml/ztfl/hjglywxx/xzcfhfy/201602/t20160225_28168.html
广西壮族自治区环境保护厅 新公告：广西壮族自治区环境保护厅按日连续处罚决定书（广西信发铝电有限公司—第二次按日计罚） url: http://sthjt.gxzf.gov.cn/xxgkml/ztfl/hjglywxx/xzcfhfy/201602/t20160203_200001646.html
广西壮族自治区环境保护厅 新公告：广西壮族自治区环境保护厅行政复议决定书（南宁市盛燕塑料制品有限责任公司、南宁市环境保护局） url: http://sthjt.gxzf.gov.cn/xxgkml/ztfl/hjglywxx/xzcfhfy/201601/t20160126_200001626.html
广西壮族自治区环境保护厅 新公告：广西壮族自治区环境保护厅行政处罚决定书（西林县利源垃圾处理有限责任公司） url: http://sthjt.gxzf.gov.cn/xxgkml/ztfl/hjglywxx/xzcfhfy/201601/t20160115_200001609.html
广西壮族自治区环境保护厅 新公告：广西壮族自治区环境保护厅行政复议决定书（南宁南箱彩印包装有限公司、南宁市环境保护局） url: http://sthjt.gxzf.gov.cn/xxgkml/ztfl/hjglywxx/xzcfhfy/201601/t20160126_200001629.html
广西壮族自治区环境保护厅 新公告：广西壮族自治区环境保护厅按日连续处罚决定书（广西信发铝电有限公司—按日计罚） url: http://sthjt.gxzf.gov.cn/xxgkml/ztfl/hjglywxx/xzcfhfy/201512/t20151228_200001564.html
广西壮族自治区环境保护厅 新公告：广西壮族自治区环境保护厅行政复议决定书（王永芬（南宁市柳发机瓦厂）、南宁市环境保护局） url: http://sthjt.gxzf.gov.cn/xxgkml/ztfl/hjglywxx/xzcfhfy/201512/t20151222_200001551.html
广西壮族自治区环境保护厅 新公告：广西壮族自治区环境保护厅听证通知书（西林县利源垃圾处理有限责任公司） url: http://sthjt.gxzf.gov.cn/xxgkml/ztfl/hjglywxx/xzcfhfy/201512/t20151222_200001550.html
第4页
广西壮族自治区环境保护厅 新公告：广西壮族自治区环境保护厅行政复议答复通知书（南宁市环境保护局） url: http://sthjt.gxzf.gov.cn/xxgkml/ztfl/hjglywxx/xzcfhfy/201512/t20151222_200001549.html
广西壮族自治区环境保护厅 新公告：广西壮族自治区环境保护厅行政复议受理通知书（南宁市盛燕塑料制品有限责任公司） url: http://sthjt.gxzf.gov.cn/xxgkml/ztfl/hjglywxx/xzcfhfy/201512/t20151222_200001548.html
广西壮族自治区环境保护厅 新公告：广西壮族自治区环境保护厅行政复议决定书（南宁市多路宝酒业有限责任公司、南宁市环境保护局） url: http://sthjt.gxzf.gov.cn/xxgkml/ztfl/hjglywxx/xzcfhfy/201512/t20151221_200001543.html
广西壮族自治区环境保护厅 新公告：广西壮族自治区环境保护厅责令改正违法行为决定书（广西信发铝电有限公司-按日计罚） url: http://sthjt.gxzf.gov.cn/xxgkml/ztfl/hjglywxx/xzcfhfy/201512/t20151201_200001518.html
广西壮族自治区环境保护厅 新公告：广西壮族自治区环境保护厅行政处罚决定书（凭祥市城市建设投资有限责任公司） url: http://sthjt.gxzf.gov.cn/xxgkml/ztfl/hjglywxx/xzcfhfy/201512/t20151201_200001513.html
广西壮族自治区环境保护厅 新公告：广西壮族自治区环境保护厅行政处罚决定书（广西伟昌钢管有限公司） url: http://sthjt.gxzf.gov.cn/xxgkml/ztfl/hjglywxx/xzcfhfy/201511/t20151130_200001509.html
广西壮族自治区环境保护厅 新公告：广西壮族自治区环境保护厅行政复议答复通知书（南宁市环境保护局） url: http://sthjt.gxzf.gov.cn/xxgkml/ztfl/hjglywxx/xzcfhfy/201511/t20151124_200001503.html
广西壮族自治区环境保护厅 新公告：广西壮族自治区环境保护厅行政复议受理通知书（南宁南箱彩印包装有限公司） url: http://sthjt.gxzf.gov.cn/xxgkml/ztfl/hjglywxx/xzcfhfy/201511/t20151124_200001502.html
广西壮族自治区环境保护厅 新公告：环境保护厅办公室转发环境保护部关于按日连续处罚计罚日数有关适用问题的函 url: http://sthjt.gxzf.gov.cn/xxgkml/ztfl/hjglywxx/xzcfhfy/201511/t20151130_200001510.html
广西壮族自治区环境保护厅 新公告：广西壮族自治区环境保护厅行政复议决定书（甘振中、南宁市环境保护局） url: http://sthjt.gxzf.gov.cn/xxgkml/ztfl/hjglywxx/xzcfhfy/201511/t20151109_200001476.html
广西壮族自治区环境保护厅 新公告：广西壮族自治区环境保护厅行政处罚决定书（广西信发铝电有限公司） url: http://sthjt.gxzf.gov.cn/xxgkml/ztfl/hjglywxx/xzcfhfy/201511/t20151102_200001461.html
广西壮族自治区环境保护厅 新公告：广西壮族自治区环境保护厅行政复议受理通知书（王永芬（南宁市柳发机瓦厂）） url: http://sthjt.gxzf.gov.cn/xxgkml/ztfl/hjglywxx/xzcfhfy/201511/t20151102_200001460.html
广西壮族自治区环境保护厅 新公告：广西壮族自治区环境保护厅行政复议答复通知书（南宁市环境保护局） url: http://sthjt.gxzf.gov.cn/xxgkml/ztfl/hjglywxx/xzcfhfy/201511/t20151102_200001459.html
广西壮族自治区环境保护厅 新公告：广西壮族自治区环境保护厅行政复议受理通知书（南宁市多宝路酒业有限公司） url: http://sthjt.gxzf.gov.cn/xxgkml/ztfl/hjglywxx/xzcfhfy/201511/t20151102_200001454.html
广西壮族自治区环境保护厅 新公告：广西壮族自治区环境保护厅行政复议受理通知书（南宁市环保局） url: http://sthjt.gxzf.gov.cn/xxgkml/ztfl/hjglywxx/xzcfhfy/201512/t20151208_200001527.html
广西壮族自治区环境保护厅 新公告：责令改正违法行为决定书（广西信发铝电有限公司） url: http://sthjt.gxzf.gov.cn/xxgkml/ztfl/hjglywxx/xzcfhfy/201510/t20151016_200001436.html
广西壮族自治区环境保护厅 新公告：广西壮族自治区环境保护厅行政复议决定书（南宁辽大养殖有限公司、南宁市环境保护局） url: http://sthjt.gxzf.gov.cn/xxgkml/ztfl/hjglywxx/xzcfhfy/201510/t20151012_200001432.html
广西壮族自治区环境保护厅 新公告：广西壮族自治区环境保护厅行政复议终止决定书 url: http://sthjt.gxzf.gov.cn/xxgkml/ztfl/hjglywxx/xzcfhfy/201510/t20151016_200001441.html
广西壮族自治区环境保护厅 新公告：环境保护厅关于第三方运维人员篡改自动监控设备参数环境违法行为行政处罚使用问题的函 url: http://sthjt.gxzf.gov.cn/xxgkml/ztfl/hjglywxx/xzcfhfy/201509/t20150929_200001399.html
广西壮族自治区环境保护厅 新公告：广西壮族自治区环境保护厅行政复议期限延长通知书（刘贻勇，南宁市环保局） url: http://sthjt.gxzf.gov.cn/xxgkml/ztfl/hjglywxx/xzcfhfy/201512/t20151208_200001526.html
第5页
广西壮族自治区环境保护厅 新公告：广西壮族自治区环境保护厅行政复议受理通知书（甘振中） url: http://sthjt.gxzf.gov.cn/xxgkml/ztfl/hjglywxx/xzcfhfy/201509/t20150914_200001379.html
广西壮族自治区环境保护厅 新公告：广西壮族自治区环境保护厅行政复议答复通知书（送南宁市环保局） url: http://sthjt.gxzf.gov.cn/xxgkml/ztfl/hjglywxx/xzcfhfy/201509/t20150914_200001378.html
广西壮族自治区环境保护厅 新公告：广西壮族自治区环境保护厅行政复议答复通知书（南宁市环境保护局） url: http://sthjt.gxzf.gov.cn/xxgkml/ztfl/hjglywxx/xzcfhfy/201508/t20150818_200001320.html
广西壮族自治区环境保护厅 新公告：广西壮族自治区环境保护厅行政复议受理通知书（南宁辽大养殖有限公司） url: http://sthjt.gxzf.gov.cn/xxgkml/ztfl/hjglywxx/xzcfhfy/201508/t20150818_200001319.html
广西壮族自治区环境保护厅 新公告：广西壮族自治区环境保护厅行政处罚决定书（广西柳州钢铁（集团）公司） url: http://sthjt.gxzf.gov.cn/xxgkml/ztfl/hjglywxx/xzcfhfy/201508/t20150812_200001316.html
广西壮族自治区环境保护厅 新公告：广西壮族自治区环境保护厅行政处罚决定书（广西信发铝电有限公司） url: http://sthjt.gxzf.gov.cn/xxgkml/ztfl/hjglywxx/xzcfhfy/201508/t20150812_200001315.html
广西壮族自治区环境保护厅 新公告：广西壮族自治区环境保护厅限制生产决定书(广西信发铝电有限公司) url: http://sthjt.gxzf.gov.cn/xxgkml/ztfl/hjglywxx/xzcfhfy/201512/t20151201_200001512.html
广西壮族自治区环境保护厅 新公告：广西壮族自治区环境保护厅行政复议答复通知书（南宁市环境保护局） url: http://sthjt.gxzf.gov.cn/xxgkml/ztfl/hjglywxx/xzcfhfy/201508/t20150811_200001306.html
广西壮族自治区环境保护厅 新公告：广西壮族自治区环境保护厅限制生产决定书(信发铝) url: http://sthjt.gxzf.gov.cn/xxgkml/ztfl/hjglywxx/xzcfhfy/201507/t20150722_200001228.html
广西壮族自治区环境保护厅 新公告：广西壮族自治区环境保护厅行政复议受理通知书（刘贻勇） url: http://sthjt.gxzf.gov.cn/xxgkml/ztfl/hjglywxx/xzcfhfy/201508/t20150811_200001305.html
广西壮族自治区环境保护厅 新公告：广西壮族自治区环境保护厅行政处罚决定书（南宁衍庆浆纸有限公司） url: http://sthjt.gxzf.gov.cn/xxgkml/ztfl/hjglywxx/xzcfhfy/201507/t20150724_200001274.html
广西壮族自治区环境保护厅 新公告：广西壮族自治区环境保护厅行政复议决定书（李艳萍、曾广元等52人、桂林市环境保护局） url: http://sthjt.gxzf.gov.cn/xxgkml/ztfl/hjglywxx/xzcfhfy/201505/t20150508_200001127.html
广西壮族自治区环境保护厅 新公告：广西壮族自治区环境保护厅行政处罚决定书（广西钦州盛隆冶金有限公司） url: http://sthjt.gxzf.gov.cn/xxgkml/ztfl/hjglywxx/xzcfhfy/201504/t20150417_200001089.html
广西壮族自治区环境保护厅 新公告：行政复议受理通知书（李艳萍、曾广元等52人） url: http://sthjt.gxzf.gov.cn/xxgkml/ztfl/hjglywxx/xzcfhfy/201503/t20150325_200001057.html
广西壮族自治区环境保护厅 新公告：行政复议受理通知书（桂林市环境保护局） url: http://sthjt.gxzf.gov.cn/xxgkml/ztfl/hjglywxx/xzcfhfy/201503/t20150325_200001058.html
广西壮族自治区环境保护厅 新公告：广西壮族自治区环境保护厅行政处罚决定书（广西北部湾国际港务集团有限公司） url: http://sthjt.gxzf.gov.cn/xxgkml/ztfl/hjglywxx/xzcfhfy/201503/t20150305_200000997.html
广西壮族自治区环境保护厅 新公告：广西壮族自治区环境保护厅行政处罚决定书（广西田东锦盛化工有限公司） url: http://sthjt.gxzf.gov.cn/xxgkml/ztfl/hjglywxx/xzcfhfy/201501/t20150119_200000945.html
广西壮族自治区环境保护厅 新公告：广西壮族自治区环境保护厅行政处罚决定书（广西贵港市甘化酒精有限公司） url: http://sthjt.gxzf.gov.cn/xxgkml/ztfl/hjglywxx/xzcfhfy/201501/t20150119_200000947.html
广西壮族自治区环境保护厅 新公告：广西壮族自治区环境保护厅行政处罚决定书（广西斯柳冶化有限责任公司） url: http://sthjt.gxzf.gov.cn/xxgkml/ztfl/hjglywxx/xzcfhfy/201501/t20150119_200000948.html
广西壮族自治区环境保护厅 新公告：广西壮族自治区环境保护厅行政处罚决定书（广西桂平市佳鑫铁合金冶炼有限公司） url: http://sthjt.gxzf.gov.cn/xxgkml/ztfl/hjglywxx/xzcfhfy/201501/t20150119_200000949.html
第6页
广西壮族自治区环境保护厅 新公告：广西壮族自治区环境保护厅行政复议决定书（广西福基混凝土有限公司） url: http://sthjt.gxzf.gov.cn/xxgkml/ztfl/hjglywxx/xzcfhfy/201412/t20141211_200000863.html
广西壮族自治区环境保护厅 新公告：广西壮族自治区环境保护厅行政处罚听证告知书（广西桂平市佳鑫铁合金冶炼有限公司） url: http://sthjt.gxzf.gov.cn/xxgkml/ztfl/hjglywxx/xzcfhfy/201412/t20141211_200000840.html
广西壮族自治区环境保护厅 新公告：广西壮族自治区环境保护厅行政处罚事先告知书（广西桂平市佳鑫铁合金冶炼有限公司） url: http://sthjt.gxzf.gov.cn/xxgkml/ztfl/hjglywxx/xzcfhfy/201412/t20141211_200000841.html
广西壮族自治区环境保护厅 新公告：广西壮族自治区环境保护厅行政处罚听证告知书（广西田东锦盛化工有限公司） url: http://sthjt.gxzf.gov.cn/xxgkml/ztfl/hjglywxx/xzcfhfy/201412/t20141211_200000842.html
广西壮族自治区环境保护厅 新公告：广西壮族自治区环境保护厅行政处罚事先告知书（广西田东锦盛化工有限公司） url: http://sthjt.gxzf.gov.cn/xxgkml/ztfl/hjglywxx/xzcfhfy/201412/t20141211_200000843.html
广西壮族自治区环境保护厅 新公告：广西壮族自治区环境保护厅行政处罚听证告知书（广西贵港市甘化酒精有限公司） url: http://sthjt.gxzf.gov.cn/xxgkml/ztfl/hjglywxx/xzcfhfy/201412/t20141211_200000844.html
广西壮族自治区环境保护厅 新公告：广西壮族自治区环境保护厅行政处罚事先告知书（广西贵港市甘化酒精有限公司） url: http://sthjt.gxzf.gov.cn/xxgkml/ztfl/hjglywxx/xzcfhfy/201412/t20141211_200000845.html
广西壮族自治区环境保护厅 新公告：广西壮族自治区环境保护厅行政处罚听证告知书（广西斯柳冶化有限责任公司） url: http://sthjt.gxzf.gov.cn/xxgkml/ztfl/hjglywxx/xzcfhfy/201412/t20141211_200000846.html
广西壮族自治区环境保护厅 新公告：广西壮族自治区环境保护厅行政处罚事先告知书（广西斯柳冶化有限责任公司） url: http://sthjt.gxzf.gov.cn/xxgkml/ztfl/hjglywxx/xzcfhfy/201412/t20141211_200000847.html
广西壮族自治区环境保护厅 新公告：广西壮族自治区环境保护厅行政处罚决定书（广西马山县远洋工贸有限责任公司） url: http://sthjt.gxzf.gov.cn/xxgkml/ztfl/hjglywxx/xzcfhfy/201412/t20141211_200000848.html
广西壮族自治区环境保护厅 新公告：广西壮族自治区环境保护厅行政处罚决定书（广西武鸣合立生物化工有限公司） url: http://sthjt.gxzf.gov.cn/xxgkml/ztfl/hjglywxx/xzcfhfy/201412/t20141211_200000849.html
广西壮族自治区环境保护厅 新公告：广西壮族自治区环境保护厅行政处罚决定书（广西海盈酒精有限责任公司） url: http://sthjt.gxzf.gov.cn/xxgkml/ztfl/hjglywxx/xzcfhfy/201412/t20141211_200000850.html
广西壮族自治区环境保护厅 新公告：广西壮族自治区环境保护厅行政处罚决定书（广西合浦常乐恒源酒业有限公司） url: http://sthjt.gxzf.gov.cn/xxgkml/ztfl/hjglywxx/xzcfhfy/201412/t20141211_200000851.html
广西壮族自治区环境保护厅 新公告：广西壮族自治区环境保护厅行政处罚决定书（广西金桂浆纸业有限公司） url: http://sthjt.gxzf.gov.cn/xxgkml/ztfl/hjglywxx/xzcfhfy/201412/t20141211_200000852.html
广西壮族自治区环境保护厅 新公告：广西壮族自治区环境保护厅行政处罚听证告知书（广西金桂浆纸业有限公司） url: http://sthjt.gxzf.gov.cn/xxgkml/ztfl/hjglywxx/xzcfhfy/201412/t20141211_200000853.html
广西壮族自治区环境保护厅 新公告：广西壮族自治区环境保护厅行政处罚事先告知书（广西金桂浆纸业有限公司） url: http://sthjt.gxzf.gov.cn/xxgkml/ztfl/hjglywxx/xzcfhfy/201412/t20141211_200000854.html
广西壮族自治区环境保护厅 新公告：广西壮族自治区环境保护厅行政处罚听证告知书（广西马山县远洋工贸有限责任公司） url: http://sthjt.gxzf.gov.cn/xxgkml/ztfl/hjglywxx/xzcfhfy/201412/t20141211_200000855.html
广西壮族自治区环境保护厅 新公告：广西壮族自治区环境保护厅行政处罚事先告知书（广西马山县远洋工贸有限责任公司） url: http://sthjt.gxzf.gov.cn/xxgkml/ztfl/hjglywxx/xzcfhfy/201412/t20141211_200000856.html
广西壮族自治区环境保护厅 新公告：广西壮族自治区环境保护厅行政处罚听证告知书（广西海盈酒精有限责任公司） url: http://sthjt.gxzf.gov.cn/xxgkml/ztfl/hjglywxx/xzcfhfy/201412/t20141211_200000859.html
广西壮族自治区环境保护厅 新公告：广西壮族自治区环境保护厅行政处罚事先告知书（广西海盈酒精有限责任公司） url: http://sthjt.gxzf.gov.cn/xxgkml/ztfl/hjglywxx/xzcfhfy/201412/t20141211_200000860.html
第7页
广西壮族自治区环境保护厅 新公告：广西壮族自治区环境保护厅行政处罚听证告知书（广西合浦常乐恒源酒业有限公司） url: http://sthjt.gxzf.gov.cn/xxgkml/ztfl/hjglywxx/xzcfhfy/201412/t20141211_200000861.html
广西壮族自治区环境保护厅 新公告：广西壮族自治区环境保护厅行政处罚事先告知书（广西合浦常乐恒源酒业有限公司） url: http://sthjt.gxzf.gov.cn/xxgkml/ztfl/hjglywxx/xzcfhfy/201412/t20141211_200000862.html
广西壮族自治区环境保护厅 新公告：广西壮族自治区环境保护厅行政处罚听证告知书（广西武鸣合立生物化工有限公司） url: http://sthjt.gxzf.gov.cn/xxgkml/ztfl/hjglywxx/xzcfhfy/201412/t20141211_200000857.html
广西壮族自治区环境保护厅 新公告：广西壮族自治区环境保护厅行政处罚事先告知书（广西武鸣合立生物化工有限公司） url: http://sthjt.gxzf.gov.cn/xxgkml/ztfl/hjglywxx/xzcfhfy/201412/t20141211_200000858.html
广西壮族自治区环境保护厅 新公告：广西壮族自治区环境保护厅行政处罚决定书（广西柳州市龙城染织有限公司） url: http://sthjt.gxzf.gov.cn/xxgkml/ztfl/hjglywxx/xzcfhfy/201411/t20141105_200000814.html
广西壮族自治区环境保护厅 新公告：广西壮族自治区环境保护厅行政处罚决定书（柳州市振兴针织厂） url: http://sthjt.gxzf.gov.cn/xxgkml/ztfl/hjglywxx/xzcfhfy/201411/t20141105_200000815.html
广西壮族自治区环境保护厅 新公告：行政复议受理通知书（南宁市环境保护局） url: http://sthjt.gxzf.gov.cn/xxgkml/ztfl/hjglywxx/xzcfhfy/201410/t20141031_200000787.html
广西壮族自治区环境保护厅 新公告：行政复议受理通知书（广西福基混凝土有限公司） url: http://sthjt.gxzf.gov.cn/xxgkml/ztfl/hjglywxx/xzcfhfy/201410/t20141031_200000788.html
广西壮族自治区环境保护厅 新公告：广西壮族自治区环境保护厅行政处罚听证告知书（广西柳州市龙城染织有限公司） url: http://sthjt.gxzf.gov.cn/xxgkml/ztfl/hjglywxx/xzcfhfy/201410/t20141031_200000789.html
广西壮族自治区环境保护厅 新公告：广西壮族自治区环境保护厅行政处罚事先告知书（广西柳州市龙城染织有限公司） url: http://sthjt.gxzf.gov.cn/xxgkml/ztfl/hjglywxx/xzcfhfy/201410/t20141031_200000790.html
广西壮族自治区环境保护厅 新公告：广西壮族自治区环境保护厅行政处罚听证告知书（柳州市振兴针织厂） url: http://sthjt.gxzf.gov.cn/xxgkml/ztfl/hjglywxx/xzcfhfy/201410/t20141031_200000791.html
广西壮族自治区环境保护厅 新公告：广西壮族自治区环境保护厅行政处罚事先告知书（柳州市振兴针织厂） url: http://sthjt.gxzf.gov.cn/xxgkml/ztfl/hjglywxx/xzcfhfy/201410/t20141031_200000792.html
广西壮族自治区环境保护厅 新公告：环境保护厅关于家禽宰杀建设项目行政处罚有关问题的复函 url: http://sthjt.gxzf.gov.cn/xxgkml/ztfl/hjglywxx/xzcfhfy/201409/t20140923_200000755.html
广西壮族自治区环境保护厅 新公告：责令停产整治通知书（华劲集团股份有限公司南宁纸业分公司） url: http://sthjt.gxzf.gov.cn/xxgkml/ztfl/hjglywxx/xzcfhfy/201409/t20140903_200000729.html
广西壮族自治区环境保护厅 新公告：广西壮族自治区环境保护厅2013年行政复议信息表 url: http://sthjt.gxzf.gov.cn/xxgkml/ztfl/hjglywxx/xzcfhfy/201312/t20131227_17485.html
广西壮族自治区环境保护厅 新公告：广西壮族自治区环境保护厅行政处罚项目目录 url: http://sthjt.gxzf.gov.cn/xxgkml/ztfl/hjglywxx/xzcfhfy/201312/t20131227_17484.html
广西壮族自治区环境保护厅 新公告：广西壮族自治区环境保护厅行政处罚决定书（武宣荣隆废渣再生利用金属有限公司） url: http://sthjt.gxzf.gov.cn/xxgkml/ztfl/hjglywxx/xzcfhfy/201310/t20131015_200000336.html
广西壮族自治区环境保护厅 新公告：行政处罚事先通知书（武宣荣隆废渣再生利用金属有限公司） url: http://sthjt.gxzf.gov.cn/xxgkml/ztfl/hjglywxx/xzcfhfy/201309/t20130918_200000320.html
广西壮族自治区环境保护厅 新公告：行政处罚听证告知书（武宣荣隆废渣再生利用金属有限公司） url: http://sthjt.gxzf.gov.cn/xxgkml/ztfl/hjglywxx/xzcfhfy/201309/t20130918_200000319.html
广西壮族自治区环境保护厅 新公告：中国石油天然气股份有限公司广西石化分公司行政复议终止决定书 url: http://sthjt.gxzf.gov.cn/xxgkml/ztfl/hjglywxx/xzcfhfy/201309/t20130911_200000314.html
第8页
广西壮族自治区环境保护厅 新公告：广西壮族自治区环境保护厅行政处罚决定书（广西平南辉明石油有限公司） url: http://sthjt.gxzf.gov.cn/xxgkml/ztfl/hjglywxx/xzcfhfy/201407/t20140721_200000660.html
广西壮族自治区环境保护厅 新公告：广西壮族自治区环境保护厅行政处罚听证通知书（广西永凯糖纸有限责任公司） url: http://sthjt.gxzf.gov.cn/xxgkml/ztfl/hjglywxx/xzcfhfy/201305/t20130524_991824.html
广西壮族自治区环境保护厅 新公告：广西壮族自治区环境保护厅行政复议决定书（广西鑫广达汽车贸易有限公司） url: http://sthjt.gxzf.gov.cn/xxgkml/ztfl/hjglywxx/xzcfhfy/201303/t20130329_991772.html
广西壮族自治区环境保护厅 新公告：广西壮族自治区环境保护厅驳回行政复议申请决定书 url: http://sthjt.gxzf.gov.cn/xxgkml/ztfl/hjglywxx/xzcfhfy/201302/t20130204_991710.html
广西壮族自治区环境保护厅 新公告：行政复议受理通知书（玉林市环境保护局） url: http://sthjt.gxzf.gov.cn/xxgkml/ztfl/hjglywxx/xzcfhfy/201212/t20121218_991644.html
广西壮族自治区环境保护厅 新公告：行政复议受理通知书（广西博白县达华化学工业有限公司） url: http://sthjt.gxzf.gov.cn/xxgkml/ztfl/hjglywxx/xzcfhfy/201212/t20121218_991645.html
广西壮族自治区环境保护厅 新公告：广西壮族自治区环境保护厅行政处罚决定书（广西海棠东亚糖业有限公司） url: http://sthjt.gxzf.gov.cn/xxgkml/ztfl/hjglywxx/xzcfhfy/201211/t20121113_991602.html
广西壮族自治区环境保护厅 新公告：广西壮族自治区环境保护厅行政复议决定书（防城港市信息公开案） url: http://sthjt.gxzf.gov.cn/xxgkml/ztfl/hjglywxx/xzcfhfy/201211/t20121113_991606.html
广西壮族自治区环境保护厅 新公告：广西壮族自治区环境保护厅行政处罚听证告知书（广西博庆食品有限公司怀远糖厂） url: http://sthjt.gxzf.gov.cn/xxgkml/ztfl/hjglywxx/xzcfhfy/201210/t20121031_991596.html
广西壮族自治区环境保护厅 新公告：广西壮族自治区环境保护厅行政处罚事先告知书（广西博庆食品有限公司怀远糖厂） url: http://sthjt.gxzf.gov.cn/xxgkml/ztfl/hjglywxx/xzcfhfy/201210/t20121031_991597.html
广西壮族自治区环境保护厅 新公告：广西壮族自治区环境保护厅行政处罚决定书（广西靖西县世纪飞龙制糖有限责任公司） url: http://sthjt.gxzf.gov.cn/xxgkml/ztfl/hjglywxx/xzcfhfy/201210/t20121025_991573.html
广西壮族自治区环境保护厅 新公告：广西壮族自治区环境保护厅行政处罚听证告知书（海棠东亚糖业） url: http://sthjt.gxzf.gov.cn/xxgkml/ztfl/hjglywxx/xzcfhfy/201210/t20121025_991574.html
广西壮族自治区环境保护厅 新公告：广西壮族自治区环境保护厅行政处罚事先告知书（海棠东亚糖业） url: http://sthjt.gxzf.gov.cn/xxgkml/ztfl/hjglywxx/xzcfhfy/201210/t20121025_991575.html
广西壮族自治区环境保护厅 新公告：广西壮族自治区环境保护厅行政处罚听证告知书（世纪飞龙糖厂） url: http://sthjt.gxzf.gov.cn/xxgkml/ztfl/hjglywxx/xzcfhfy/201210/t20121025_991576.html
广西壮族自治区环境保护厅 新公告：广西壮族自治区环境保护厅行政处罚事先告知书（世纪飞龙糖厂） url: http://sthjt.gxzf.gov.cn/xxgkml/ztfl/hjglywxx/xzcfhfy/201210/t20121025_991577.html
广西壮族自治区环境保护厅 新公告：行政处罚决定书（广西新合力冶金有限公司） url: http://sthjt.gxzf.gov.cn/xxgkml/ztfl/hjglywxx/xzcfhfy/201210/t20121008_991559.html
广西壮族自治区环境保护厅 新公告：行政复议受理通知书（防城港市环境保护局） url: http://sthjt.gxzf.gov.cn/xxgkml/ztfl/hjglywxx/xzcfhfy/201210/t20121008_991560.html
广西壮族自治区环境保护厅 新公告：行政复议受理通知书（莆田绿萌滨海湿地研究中心） url: http://sthjt.gxzf.gov.cn/xxgkml/ztfl/hjglywxx/xzcfhfy/201210/t20121025_991584.html
广西壮族自治区环境保护厅 新公告：行政处罚听证告知书（广西新合力冶金有限公司） url: http://sthjt.gxzf.gov.cn/xxgkml/ztfl/hjglywxx/xzcfhfy/201210/t20121008_991562.html
广西壮族自治区环境保护厅 新公告：行政处罚事先告知书（广西新合力治金有限公司） url: http://sthjt.gxzf.gov.cn/xxgkml/ztfl/hjglywxx/xzcfhfy/201210/t20121008_991563.html
第9页
广西壮族自治区环境保护厅 新公告：行政处罚决定书（广西华盛集团廖平糖业有限责任公司糖厂） url: http://sthjt.gxzf.gov.cn/xxgkml/ztfl/hjglywxx/xzcfhfy/201207/t20120703_982187.html
广西壮族自治区环境保护厅 新公告：行政复议决定书（《广西壮族自治区环境保护厅行政复议决定书》柳环罚字[2012]8 号） url: http://sthjt.gxzf.gov.cn/xxgkml/ztfl/hjglywxx/xzcfhfy/201206/t20120619_982178.html
广西壮族自治区环境保护厅 新公告：行政处罚决定书（方盛车桥（柳州）有限公司） url: http://sthjt.gxzf.gov.cn/xxgkml/ztfl/hjglywxx/xzcfhfy/201206/t20120619_982180.html
广西壮族自治区环境保护厅 新公告：行政处罚听证告知书（方盛车桥柳州有限公司） url: http://sthjt.gxzf.gov.cn/xxgkml/ztfl/hjglywxx/xzcfhfy/201206/t20120608_982170.html
广西壮族自治区环境保护厅 新公告：行政处罚事先告知书（广西华盛集团廖平糖业有限责任公司糖厂） url: http://sthjt.gxzf.gov.cn/xxgkml/ztfl/hjglywxx/xzcfhfy/201206/t20120604_982168.html
广西壮族自治区环境保护厅 新公告：行政复议受理通知书（柳州市环境保护局） url: http://sthjt.gxzf.gov.cn/xxgkml/ztfl/hjglywxx/xzcfhfy/201205/t20120507_982135.html
广西壮族自治区环境保护厅 新公告：行政复议受理通知书（柳州市静兰电镀厂） url: http://sthjt.gxzf.gov.cn/xxgkml/ztfl/hjglywxx/xzcfhfy/201205/t20120507_982136.html
广西壮族自治区环境保护厅 新公告：行政复议终止通知书（部秀君女士） url: http://sthjt.gxzf.gov.cn/xxgkml/ztfl/hjglywxx/xzcfhfy/201204/t20120417_982115.html
广西壮族自治区环境保护厅 新公告：行政处罚决定书（广西北部湾国际港务集团有限公司） url: http://sthjt.gxzf.gov.cn/xxgkml/ztfl/hjglywxx/xzcfhfy/201207/t20120705_982205.html
广西壮族自治区环境保护厅 新公告：行政处罚事先告知书（广西北部湾国际港务集团有限公司） url: http://sthjt.gxzf.gov.cn/xxgkml/ztfl/hjglywxx/xzcfhfy/201207/t20120705_982206.html
广西壮族自治区环境保护厅 新公告：关于委托检查行政处罚决定执行情况的函 url: http://sthjt.gxzf.gov.cn/xxgkml/ztfl/hjglywxx/xzcfhfy/201203/t20120314_982051.html
广西壮族自治区环境保护厅 新公告：责令改正违法行为决定书（河池市生富冶炼有限责任公司） url: http://sthjt.gxzf.gov.cn/xxgkml/ztfl/hjglywxx/xzcfhfy/201203/t20120314_982059.html
广西壮族自治区环境保护厅 新公告：行政处罚决定书（广西有色集团河池鑫华冶炼有限公司） url: http://sthjt.gxzf.gov.cn/xxgkml/ztfl/hjglywxx/xzcfhfy/201203/t20120314_982060.html
广西壮族自治区环境保护厅 新公告：行政处罚决定书（河池市五吉有限责任公司） url: http://sthjt.gxzf.gov.cn/xxgkml/ztfl/hjglywxx/xzcfhfy/201203/t20120314_982061.html
广西壮族自治区环境保护厅 新公告：行政处罚听证通知书（广西金河矿业股份有限公司） url: http://sthjt.gxzf.gov.cn/xxgkml/ztfl/hjglywxx/xzcfhfy/201202/t20120216_982003.html
广西壮族自治区环境保护厅 新公告：行政处罚决定书（﻿河池市南方有色冶炼有限责任公司） url: http://sthjt.gxzf.gov.cn/xxgkml/ztfl/hjglywxx/xzcfhfy/201203/t20120314_982065.html
广西壮族自治区环境保护厅 新公告：行政处罚决定书（﻿广西成源矿冶有限公司） url: http://sthjt.gxzf.gov.cn/xxgkml/ztfl/hjglywxx/xzcfhfy/201203/t20120314_982062.html
广西壮族自治区环境保护厅 新公告：行政处罚决定书（金河-废水直排溶洞） url: http://sthjt.gxzf.gov.cn/xxgkml/ztfl/hjglywxx/xzcfhfy/201202/t20120217_982024.html
广西壮族自治区环境保护厅 新公告：行政处罚决定书（金河-渣场不规范） url: http://sthjt.gxzf.gov.cn/xxgkml/ztfl/hjglywxx/xzcfhfy/201202/t20120217_982025.html
广西壮族自治区环境保护厅 新公告：行政处罚听证告知书（河池市生富冶炼有限责任公司） url: http://sthjt.gxzf.gov.cn/xxgkml/ztfl/hjglywxx/xzcfhfy/201202/t20120216_982004.html
第10页
广西壮族自治区环境保护厅 新公告：行政处罚听证告知书（广西有色集团河池鑫华冶炼有限公司） url: http://sthjt.gxzf.gov.cn/xxgkml/ztfl/hjglywxx/xzcfhfy/201202/t20120216_982005.html
广西壮族自治区环境保护厅 新公告：责令改正违法行为决定书（河池市汇源矿冶有限责任公司） url: http://sthjt.gxzf.gov.cn/xxgkml/ztfl/hjglywxx/xzcfhfy/201202/t20120216_982006.html
广西壮族自治区环境保护厅 新公告：责令改正违法行为决定书（﻿中国联通广西分公司） url: http://sthjt.gxzf.gov.cn/xxgkml/ztfl/hjglywxx/xzcfhfy/201203/t20120314_982069.html
广西壮族自治区环境保护厅 新公告：行政处罚听证告知书（河池市五吉有限责任公司） url: http://sthjt.gxzf.gov.cn/xxgkml/ztfl/hjglywxx/xzcfhfy/201202/t20120217_982007.html
广西壮族自治区环境保护厅 新公告：责令改正违法行为决定书（河池市金城江区宝来冶炼厂） url: http://sthjt.gxzf.gov.cn/xxgkml/ztfl/hjglywxx/xzcfhfy/201202/t20120217_982019.html
广西壮族自治区环境保护厅 新公告：行政处罚听证告知书（河池市南方有色冶炼有限责任公司） url: http://sthjt.gxzf.gov.cn/xxgkml/ztfl/hjglywxx/xzcfhfy/201202/t20120217_982020.html
广西壮族自治区环境保护厅 新公告：行政处罚听证告知书（广西成源矿冶有限公司） url: http://sthjt.gxzf.gov.cn/xxgkml/ztfl/hjglywxx/xzcfhfy/201202/t20120217_982021.html
广西壮族自治区环境保护厅 新公告：行政处罚决定书（鸿泉立德粉材料厂） url: http://sthjt.gxzf.gov.cn/xxgkml/ztfl/hjglywxx/xzcfhfy/201202/t20120217_982022.html
广西壮族自治区环境保护厅 新公告：行政处罚听证告知书（鸿泉立德粉材料厂） url: http://sthjt.gxzf.gov.cn/xxgkml/ztfl/hjglywxx/xzcfhfy/201202/t20120217_982023.html
广西壮族自治区环境保护厅 新公告：行政处罚听证告知书（金河-渣场不规范） url: http://sthjt.gxzf.gov.cn/xxgkml/ztfl/hjglywxx/xzcfhfy/201202/t20120217_982027.html
广西壮族自治区环境保护厅 新公告：行政处罚听证告知书（金河-废水直排溶洞） url: http://sthjt.gxzf.gov.cn/xxgkml/ztfl/hjglywxx/xzcfhfy/201202/t20120217_982026.html
广西壮族自治区环境保护厅 新公告：关于《环境行政处罚案卷评查指南》（征求意见稿）意见的函 url: http://sthjt.gxzf.gov.cn/xxgkml/ztfl/hjglywxx/xzcfhfy/201202/t20120217_982018.html
广西壮族自治区环境保护厅 新公告：行政复议决定书（北海市环境保护局行政处罚决定书》北环罚字［2011］第20号） url: http://sthjt.gxzf.gov.cn/xxgkml/ztfl/hjglywxx/xzcfhfy/201112/t20111221_981979.html
广西壮族自治区环境保护厅 新公告：行政处罚听证告知书（广西凤山天承黄金矿业有限公司-未置环评） url: http://sthjt.gxzf.gov.cn/xxgkml/ztfl/hjglywxx/xzcfhfy/201111/t20111111_981903.html
广西壮族自治区环境保护厅 新公告：行政处罚事先告知书（广西凤山天承黄金矿业有限公司） url: http://sthjt.gxzf.gov.cn/xxgkml/ztfl/hjglywxx/xzcfhfy/201111/t20111111_981904.html
广西壮族自治区环境保护厅 新公告：关于行政处罚相关事项的复函（广西田阳红岭坡水泥厂） url: http://sthjt.gxzf.gov.cn/xxgkml/ztfl/hjglywxx/xzcfhfy/201109/t20110930_981883.html
广西壮族自治区环境保护厅 新公告：行政复议受理通知书（北海市环境保护局） url: http://sthjt.gxzf.gov.cn/xxgkml/ztfl/hjglywxx/xzcfhfy/201109/t20110930_981884.html
广西壮族自治区环境保护厅 新公告：行政复议受理通知书（陈敬东 北海市海城区高朋酒楼业主） url: http://sthjt.gxzf.gov.cn/xxgkml/ztfl/hjglywxx/xzcfhfy/201109/t20110930_981885.html
广西壮族自治区环境保护厅 新公告：关于提供防城港市其沿矿业有限公司等环境违法案件行政复议情况的函 url: http://sthjt.gxzf.gov.cn/xxgkml/ztfl/hjglywxx/xzcfhfy/201109/t20110930_981889.html
广西壮族自治区环境保护厅 新公告：行政处罚决定书（中信大锰田东新材料有限公司） url: http://sthjt.gxzf.gov.cn/xxgkml/ztfl/hjglywxx/xzcfhfy/201109/t20110930_981886.html
第11页
广西壮族自治区环境保护厅 新公告：责令改正违法行为决定书（合浦县红十字会医院） url: http://sthjt.gxzf.gov.cn/xxgkml/ztfl/hjglywxx/xzcfhfy/201109/t20110922_981879.html
广西壮族自治区环境保护厅 新公告：行政处罚事先告知书（中信大锰田东新材料有限公司） url: http://sthjt.gxzf.gov.cn/xxgkml/ztfl/hjglywxx/xzcfhfy/201109/t20110926_981881.html
广西壮族自治区环境保护厅 新公告：行政处罚听证告知书（中信大锰田东新材料有限公司） url: http://sthjt.gxzf.gov.cn/xxgkml/ztfl/hjglywxx/xzcfhfy/201109/t20110926_981882.html
广西壮族自治区环境保护厅 新公告：行政复议决定书（广西鸿雁食品有限公司） url: http://sthjt.gxzf.gov.cn/xxgkml/ztfl/hjglywxx/xzcfhfy/201109/t20110930_981887.html
广西壮族自治区环境保护厅 新公告：关于同意广西罗城明武矿业有限公司分期缴纳行政处罚罚款的决定 url: http://sthjt.gxzf.gov.cn/xxgkml/ztfl/hjglywxx/xzcfhfy/201107/t20110728_981805.html
广西壮族自治区环境保护厅 新公告：责令改正违法行为决定书（中国联通广西分公司） url: http://sthjt.gxzf.gov.cn/xxgkml/ztfl/hjglywxx/xzcfhfy/201107/t20110722_981801.html
广西壮族自治区环境保护厅 新公告：责令改正违法行为决定书（中国移动通信集团广西有限公司） url: http://sthjt.gxzf.gov.cn/xxgkml/ztfl/hjglywxx/xzcfhfy/201107/t20110722_981802.html
广西壮族自治区环境保护厅 新公告：行政处罚决定书（广西平果万佳水泥有限责任公司-未办环评） url: http://sthjt.gxzf.gov.cn/xxgkml/ztfl/hjglywxx/xzcfhfy/201107/t20110715_981786.html
广西壮族自治区环境保护厅 新公告：行政处罚决定书（广西平果万佳水泥有限责任公司-闲置） url: http://sthjt.gxzf.gov.cn/xxgkml/ztfl/hjglywxx/xzcfhfy/201107/t20110715_981785.html
广西壮族自治区环境保护厅 新公告：行政复议受理通知书（广西鸿雁食品有限公司） url: http://sthjt.gxzf.gov.cn/xxgkml/ztfl/hjglywxx/xzcfhfy/201107/t20110706_981774.html
广西壮族自治区环境保护厅 新公告：行政复议受理通知书（北海市环境保护局） url: http://sthjt.gxzf.gov.cn/xxgkml/ztfl/hjglywxx/xzcfhfy/201107/t20110706_981775.html
广西壮族自治区环境保护厅 新公告：责令改正违法行为决定书（融水县江源锰业有限公司） url: http://sthjt.gxzf.gov.cn/xxgkml/ztfl/hjglywxx/xzcfhfy/201107/t20110713_981780.html
广西壮族自治区环境保护厅 新公告：行政处罚决定书（广西田阳红岭坡水泥厂-未办环评） url: http://sthjt.gxzf.gov.cn/xxgkml/ztfl/hjglywxx/xzcfhfy/201106/t20110624_981767.html
广西壮族自治区环境保护厅 新公告：行政处罚决定书（广西浦北县乐民菩娇山水泥有限公司-未办环评） url: http://sthjt.gxzf.gov.cn/xxgkml/ztfl/hjglywxx/xzcfhfy/201106/t20110608_4483.html
广西壮族自治区环境保护厅 新公告：行政处罚决定书（广西浦北县乐民菩娇山水泥有限公司-闲置） url: http://sthjt.gxzf.gov.cn/xxgkml/ztfl/hjglywxx/xzcfhfy/201106/t20110608_4482.html
广西壮族自治区环境保护厅 新公告：行政处罚决定书（广西合浦南珠水泥厂-未办环评） url: http://sthjt.gxzf.gov.cn/xxgkml/ztfl/hjglywxx/xzcfhfy/201106/t20110608_4478.html
广西壮族自治区环境保护厅 新公告：行政处罚决定书（广西合浦南珠水泥厂-闲置） url: http://sthjt.gxzf.gov.cn/xxgkml/ztfl/hjglywxx/xzcfhfy/201106/t20110608_4476.html
广西壮族自治区环境保护厅 新公告：行政处罚事先告知书（广西壮族自治区田阳红岭坡水泥厂-未办环评） url: http://sthjt.gxzf.gov.cn/xxgkml/ztfl/hjglywxx/xzcfhfy/201105/t20110520_4090.html
广西壮族自治区环境保护厅 新公告：行政处罚事先告知书（广西平果万佳水泥有限责任公司-闲置） url: http://sthjt.gxzf.gov.cn/xxgkml/ztfl/hjglywxx/xzcfhfy/201105/t20110520_4089.html
广西壮族自治区环境保护厅 新公告：行政处罚事先告知书（广西平果万佳水泥有限责任公司-未办环评） url: http://sthjt.gxzf.gov.cn/xxgkml/ztfl/hjglywxx/xzcfhfy/201105/t20110520_4087.html
第12页
广西壮族自治区环境保护厅 新公告：行政处罚事先告知书（广西合浦南珠水泥厂-未办环评） url: http://sthjt.gxzf.gov.cn/xxgkml/ztfl/hjglywxx/xzcfhfy/201104/t20110427_3494.html
广西壮族自治区环境保护厅 新公告：行政处罚事先告知书（广西合浦南珠水泥厂-闲置） url: http://sthjt.gxzf.gov.cn/xxgkml/ztfl/hjglywxx/xzcfhfy/201104/t20110427_3493.html
广西壮族自治区环境保护厅 新公告：行政处罚事先告知书（广西浦北县乐民菩娇山水泥有限公司） url: http://sthjt.gxzf.gov.cn/xxgkml/ztfl/hjglywxx/xzcfhfy/201104/t20110427_3492.html
广西壮族自治区环境保护厅 新公告：关于对钦州市国润环境工程有限公司环境违法问题的监察通知 url: http://sthjt.gxzf.gov.cn/xxgkml/ztfl/hjglywxx/xzcfhfy/201104/t20110426_3463.html
广西壮族自治区环境保护厅 新公告：行政处罚决定书（广西金龙钛业股份有限公司-水） url: http://sthjt.gxzf.gov.cn/xxgkml/ztfl/hjglywxx/xzcfhfy/201104/t20110419_3371.html
广西壮族自治区环境保护厅 新公告：行政处罚决定书（广西金龙钛业股份有限公司-气） url: http://sthjt.gxzf.gov.cn/xxgkml/ztfl/hjglywxx/xzcfhfy/201104/t20110419_3370.html
广西壮族自治区环境保护厅 新公告：行政处罚决定书（广西大化大地糖业有限公司） url: http://sthjt.gxzf.gov.cn/xxgkml/ztfl/hjglywxx/xzcfhfy/201105/t20110504_3724.html
广西壮族自治区环境保护厅 新公告：行政处罚决定书（鹿寨县中源锌业冶炼厂） url: http://sthjt.gxzf.gov.cn/xxgkml/ztfl/hjglywxx/xzcfhfy/201104/t20110402_3042.html
广西壮族自治区环境保护厅 新公告：行政处罚听证告知书（ 鹿寨县中源锌业冶炼厂） url: http://sthjt.gxzf.gov.cn/xxgkml/ztfl/hjglywxx/xzcfhfy/201104/t20110402_3041.html
广西壮族自治区环境保护厅 新公告：行政处罚决定书（鹿寨县中源锌业冶炼厂） url: http://sthjt.gxzf.gov.cn/xxgkml/ztfl/hjglywxx/xzcfhfy/201104/t20110411_3172.html
广西壮族自治区环境保护厅 新公告：行政处罚听证告知书（广西金龙钛业股份有限公司-水） url: http://sthjt.gxzf.gov.cn/xxgkml/ztfl/hjglywxx/xzcfhfy/201104/t20110412_3189.html
广西壮族自治区环境保护厅 新公告：行政处罚听证告知书（广西金龙钛业股份有限公司-气） url: http://sthjt.gxzf.gov.cn/xxgkml/ztfl/hjglywxx/xzcfhfy/201104/t20110412_3184.html
广西壮族自治区环境保护厅 新公告：行政处罚听证告知书（广西大化大地糖业有限公司） url: http://sthjt.gxzf.gov.cn/xxgkml/ztfl/hjglywxx/xzcfhfy/201104/t20110411_3163.html
广西壮族自治区环境保护厅 新公告：责令改正违法行为决定书（广西北部湾国际港务集团有限公司） url: http://sthjt.gxzf.gov.cn/xxgkml/ztfl/hjglywxx/xzcfhfy/201104/t20110414_3279.html
广西壮族自治区环境保护厅 新公告：责令改正违法行为决定书（宾阳县黎塘万星水泥有限公司） url: http://sthjt.gxzf.gov.cn/xxgkml/ztfl/hjglywxx/xzcfhfy/201104/t20110413_3219.html
广西壮族自治区环境保护厅 新公告：责令改正违法行为决定书（百色市水泥厂） url: http://sthjt.gxzf.gov.cn/xxgkml/ztfl/hjglywxx/xzcfhfy/201104/t20110413_3218.html
广西壮族自治区环境保护厅 新公告：责令改正违法行为决定书（上思县水泥厂） url: http://sthjt.gxzf.gov.cn/xxgkml/ztfl/hjglywxx/xzcfhfy/201104/t20110413_3214.html
广西壮族自治区环境保护厅 新公告：行政处罚决定书（广西罗城平兴矿业有限公司） url: http://sthjt.gxzf.gov.cn/xxgkml/ztfl/hjglywxx/xzcfhfy/201104/t20110414_3284.html
广西壮族自治区环境保护厅 新公告：行政处罚决定书（广西罗城平兴矿业有限公司未批先建） url: http://sthjt.gxzf.gov.cn/xxgkml/ztfl/hjglywxx/xzcfhfy/201104/t20110414_3281.html
广西壮族自治区环境保护厅 新公告：行政复议期限延长通知书（柳州市丰源纸业有限责任公司 柳州市环保局） url: http://sthjt.gxzf.gov.cn/xxgkml/ztfl/hjglywxx/xzcfhfy/201103/t20110303_2447.html
第13页
广西壮族自治区环境保护厅 新公告：行政处罚事先告知书（广西罗城平兴矿业有限公司） url: http://sthjt.gxzf.gov.cn/xxgkml/ztfl/hjglywxx/xzcfhfy/201104/t20110414_3287.html
广西壮族自治区环境保护厅 新公告：行政处罚听证告知书（广西罗城平兴矿业有限公司） url: http://sthjt.gxzf.gov.cn/xxgkml/ztfl/hjglywxx/xzcfhfy/201104/t20110414_3286.html
广西壮族自治区环境保护厅 新公告：行政处罚事先告知书(广西罗城平兴矿业有限公司) url: http://sthjt.gxzf.gov.cn/xxgkml/ztfl/hjglywxx/xzcfhfy/201104/t20110413_3254.html
广西壮族自治区环境保护厅 新公告：行政处罚听证告知书(广西罗城平兴矿业有限公司) url: http://sthjt.gxzf.gov.cn/xxgkml/ztfl/hjglywxx/xzcfhfy/201104/t20110413_3253.html
广西壮族自治区环境保护厅 新公告：行政复议决定书（《柳州市环境保护局行政处罚决定书》（柳环罚字〔2010〕第16号）） url: http://sthjt.gxzf.gov.cn/xxgkml/ztfl/hjglywxx/xzcfhfy/201102/t20110210_2149.html
广西壮族自治区环境保护厅 新公告：行政复议决定书（《柳州市环境保护局行政处罚决定书》（柳环罚字〔2010〕第17号）） url: http://sthjt.gxzf.gov.cn/xxgkml/ztfl/hjglywxx/xzcfhfy/201102/t20110210_2150.html
广西壮族自治区环境保护厅 新公告：行政复议决定书（柳州市丰源纸业有限责任公司 柳州市环境保护局） url: http://sthjt.gxzf.gov.cn/xxgkml/ztfl/hjglywxx/xzcfhfy/201103/t20110307_2528.html
广西壮族自治区环境保护厅 新公告：行政复议决定书（柳州市丰源纸业有限责任公司 柳州市环境保护局） url: http://sthjt.gxzf.gov.cn/xxgkml/ztfl/hjglywxx/xzcfhfy/201103/t20110307_2527.html
广西壮族自治区环境保护厅 新公告：责令改正违法行为决定书（中国移动通信集团广西有限公司） url: http://sthjt.gxzf.gov.cn/xxgkml/ztfl/hjglywxx/xzcfhfy/201103/t20110304_2497.html
广西壮族自治区环境保护厅 新公告：行政处罚决定书（广西罗城仫佬族自治县金源有色金属工业总公司） url: http://sthjt.gxzf.gov.cn/xxgkml/ztfl/hjglywxx/xzcfhfy/201103/t20110303_2473.html
广西壮族自治区环境保护厅 新公告：行政复议期限延长通知书（《柳州市环境保护局行政处罚决定书》（柳环罚字〔2010〕第16号）） url: http://sthjt.gxzf.gov.cn/xxgkml/ztfl/hjglywxx/xzcfhfy/201101/t20110104_1702.html
广西壮族自治区环境保护厅 新公告：行政复议期限延长通知书（《柳州市环境保护局行政处罚决定书》（柳环罚字〔2010〕第17号）） url: http://sthjt.gxzf.gov.cn/xxgkml/ztfl/hjglywxx/xzcfhfy/201101/t20110104_1703.html
广西壮族自治区环境保护厅 新公告：行政处罚决定书（广西金秀利兴强矿产冶炼有限公司） url: http://sthjt.gxzf.gov.cn/xxgkml/ztfl/hjglywxx/xzcfhfy/201101/t20110104_1701.html
广西壮族自治区环境保护厅 新公告：行政复议期限延长通知书（柳州市丰源纸业有限责任公司 柳州市环保局） url: http://sthjt.gxzf.gov.cn/xxgkml/ztfl/hjglywxx/xzcfhfy/201103/t20110303_2448.html
广西壮族自治区环境保护厅 新公告：行政处罚决定书（广西金秀利兴强矿产冶炼有限公司） url: http://sthjt.gxzf.gov.cn/xxgkml/ztfl/hjglywxx/xzcfhfy/201103/t20110301_2413.html
广西壮族自治区环境保护厅 新公告：行政处罚事先告知书（广西罗城仫佬族自治县金源有色金属工业总公司） url: http://sthjt.gxzf.gov.cn/xxgkml/ztfl/hjglywxx/xzcfhfy/201103/t20110301_2412.html
广西壮族自治区环境保护厅 新公告：行政处罚听证告知书（广西罗城仫佬族自治县金源有色金属工业总公司） url: http://sthjt.gxzf.gov.cn/xxgkml/ztfl/hjglywxx/xzcfhfy/201103/t20110301_2411.html
广西壮族自治区环境保护厅 新公告：申请人主动撤回行政复议申请 自治区环保厅复议调解工作起作用 url: http://sthjt.gxzf.gov.cn/xxgkml/ztfl/hjglywxx/xzcfhfy/201008/t20100817_930865.html
广西壮族自治区环境保护厅 新公告：行政复议决定书（赵仰新等59户村民） url: http://sthjt.gxzf.gov.cn/xxgkml/ztfl/hjglywxx/xzcfhfy/201011/t20101108_981751.html
广西壮族自治区环境保护厅 新公告：行政处罚决定书（广西罗城明武矿业有限公司） url: http://sthjt.gxzf.gov.cn/xxgkml/ztfl/hjglywxx/xzcfhfy/201007/t20100721_930571.html
第14页
广西壮族自治区环境保护厅 新公告：行政复议决定书（柳州市丰源纸业有限责任公司） url: http://sthjt.gxzf.gov.cn/xxgkml/ztfl/hjglywxx/xzcfhfy/201011/t20101108_981745.html
广西壮族自治区环境保护厅 新公告：行政复议终止通知书（南宁市环保局 南环罚字[2010]26号） url: http://sthjt.gxzf.gov.cn/xxgkml/ztfl/hjglywxx/xzcfhfy/201011/t20101108_981735.html
广西壮族自治区环境保护厅 新公告：行政复议终止通知书（广西金光淀粉有限公司 南环罚字〔2010〕26号） url: http://sthjt.gxzf.gov.cn/xxgkml/ztfl/hjglywxx/xzcfhfy/201011/t20101108_981738.html
广西壮族自治区环境保护厅 新公告：行政复议终止通知书（南宁市环保局 南环罚字〔2010〕25号） url: http://sthjt.gxzf.gov.cn/xxgkml/ztfl/hjglywxx/xzcfhfy/201011/t20101108_981740.html
广西壮族自治区环境保护厅 新公告：行政复议终止通知书（广西金光淀粉有限公司 南环罚字〔2010〕25号） url: http://sthjt.gxzf.gov.cn/xxgkml/ztfl/hjglywxx/xzcfhfy/201011/t20101108_981742.html
广西壮族自治区环境保护厅 新公告：行政处罚决定书（广西罗城明武矿业有限公司） url: http://sthjt.gxzf.gov.cn/xxgkml/ztfl/hjglywxx/xzcfhfy/201006/t20100611_930570.html
广西壮族自治区环境保护厅 新公告：行政处罚决定书(广西远辰锰业有限公司) url: http://sthjt.gxzf.gov.cn/xxgkml/ztfl/hjglywxx/xzcfhfy/201005/t20100516_930568.html
广西壮族自治区环境保护厅 新公告：行政处罚决定书(靖西县远大锰业有限公司) url: http://sthjt.gxzf.gov.cn/xxgkml/ztfl/hjglywxx/xzcfhfy/201005/t20100511_930569.html
广西壮族自治区环境保护厅 新公告：行政处罚决定书(钦州市泰鑫矿业有限公司) url: http://sthjt.gxzf.gov.cn/xxgkml/ztfl/hjglywxx/xzcfhfy/201004/t20100403_929462.html
广西壮族自治区环境保护厅 新公告：行政处罚决定书(靖西县鑫源锰业有限公司) url: http://sthjt.gxzf.gov.cn/xxgkml/ztfl/hjglywxx/xzcfhfy/201002/t20100226_929231.html
广西壮族自治区环境保护厅 新公告：行政处罚决定书(广西环江银河有限责任公司) url: http://sthjt.gxzf.gov.cn/xxgkml/ztfl/hjglywxx/xzcfhfy/201002/t20100226_929227.html
广西壮族自治区环境保护厅 新公告：行政处罚决定书(德保县沁源锰矿加工有限公司) url: http://sthjt.gxzf.gov.cn/xxgkml/ztfl/hjglywxx/xzcfhfy/201002/t20100216_929230.html
广西壮族自治区环境保护厅 新公告：行政处罚决定书(兴安县矿业公司高岭铅锌矿) url: http://sthjt.gxzf.gov.cn/xxgkml/ztfl/hjglywxx/xzcfhfy/201002/t20100216_929229.html
广西壮族自治区环境保护厅 新公告：自治区环保厅2009年行政处罚工作新突破 url: http://sthjt.gxzf.gov.cn/xxgkml/ztfl/hjglywxx/xzcfhfy/201002/t20100210_928938.html
广西壮族自治区环境保护厅 新公告：行政处罚决定书(广西宜州金孟锰业有限公司) url: http://sthjt.gxzf.gov.cn/xxgkml/ztfl/hjglywxx/xzcfhfy/201002/t20100206_929228.html
广西壮族自治区环境保护厅 新公告：南宁市环保局对两个行政处罚案进行现场核查 url: http://sthjt.gxzf.gov.cn/xxgkml/ztfl/hjglywxx/xzcfhfy/200907/t20090724_926491.html
广西壮族自治区环境保护厅 新公告：625110！自治区环保局开出该局史上最大罚单 url: http://sthjt.gxzf.gov.cn/xxgkml/ztfl/hjglywxx/xzcfhfy/200907/t20090724_926490.html
广西壮族自治区环境保护厅 新公告：行政公开新举措 行政处罚听证会面向社会公众听证 url: http://sthjt.gxzf.gov.cn/xxgkml/ztfl/hjglywxx/xzcfhfy/200906/t20090622_925818.html
广西壮族自治区环境保护厅 新公告：柳州市环保局依法举行市南荣家具制造有限公司行政处罚听证会 url: http://sthjt.gxzf.gov.cn/xxgkml/ztfl/hjglywxx/xzcfhfy/200901/t20090119_923465.html
广西壮族自治区环境保护厅 新公告：贵港市桥南中学违法市环保局依法处罚 url: http://sthjt.gxzf.gov.cn/xxgkml/ztfl/hjglywxx/xzcfhfy/200811/t20081119_922536.html
第15页
广西壮族自治区环境保护厅 新公告：自治区环保局前三季度行政处罚立案数取得新增长 url: http://sthjt.gxzf.gov.cn/xxgkml/ztfl/hjglywxx/xzcfhfy/200811/t20081114_922466.html
广西壮族自治区环境保护厅 新公告：柳州市环保局维护当事人合法权利依法举行三场听证会 url: http://sthjt.gxzf.gov.cn/xxgkml/ztfl/hjglywxx/xzcfhfy/200811/t20081112_922420.html
广西壮族自治区环境保护厅 新公告：对2007年脱硫设施非正常运行燃煤电厂进行处罚的公告 url: http://sthjt.gxzf.gov.cn/xxgkml/ztfl/hjglywxx/xzcfhfy/200811/t20081105_922311.html
广西壮族自治区环境保护厅 新公告：苍梧县一建筑公司拒报噪声排污登记被申请强制执行 url: http://sthjt.gxzf.gov.cn/xxgkml/ztfl/hjglywxx/xzcfhfy/200810/t20081009_921884.html
广西壮族自治区环境保护厅 新公告：广西壮族自治区环境保护局对中国移动通信集团广西有限公司的行政处罚决定书 url: http://sthjt.gxzf.gov.cn/xxgkml/ztfl/hjglywxx/xzcfhfy/200808/t20080802_921147.html
广西壮族自治区环境保护厅 新公告：关于企业试生产期间违法行为行政处罚意见的复函 url: http://sthjt.gxzf.gov.cn/xxgkml/ztfl/hjglywxx/xzcfhfy/200803/t20080318_920392.html
广西壮族自治区环境保护厅 新公告：国家环保总局环境行政复议与应诉工作座谈会在南宁召开 url: http://sthjt.gxzf.gov.cn/xxgkml/ztfl/hjglywxx/xzcfhfy/200711/t20071125_919865.html
广西壮族自治区环境保护厅 新公告：南宁市环保局2005年8月行政处罚表 url: http://sthjt.gxzf.gov.cn/xxgkml/ztfl/hjglywxx/xzcfhfy/200509/t20050913_918146.html
广西壮族自治区环境保护厅 新公告：南宁市2005年7月行政处罚表 url: http://sthjt.gxzf.gov.cn/xxgkml/ztfl/hjglywxx/xzcfhfy/200508/t20050816_918050.html
广西壮族自治区环境保护厅一共有289条新公告，导入数据库中......
广西壮族自治区环境保护厅公告导入完成！
广西壮族自治区环境保护厅 抓取URL：http://sthjt.gxzf.gov.cn/ztzl/lsztzl/hjwfbgt/index.html
广西壮族自治区环境保护厅 一共有2页
第1页
广西壮族自治区环境保护厅 新公告：自治区环境保护厅办公室关于全区2018年第二季度污染源自动监控飞行抽检情况的通报 url: http://sthjt.gxzf.gov.cn/xxgkml/ztfl/hjglywxx/xzsysf/201808/t20180821_200010411.html
广西壮族自治区环境保护厅 新公告：自治区环境保护厅办公室关于全区2018年第一季度污染源自动监控飞行抽检情况的通报 url: http://sthjt.gxzf.gov.cn/xxgkml/ztfl/hjglywxx/xzsysf/201805/t20180522_200008966.html
广西壮族自治区环境保护厅 新公告：环境保护厅办公室关于全区2017年第三季度污染源自动监控飞行抽检情况的通报 url: http://sthjt.gxzf.gov.cn/xxgkml/ztfl/hjglywxx/xzsysf/201712/t20171211_200007232.html
广西壮族自治区环境保护厅 新公告：环境保护厅办公室关于全区2017年第二季度污染源自动监控飞行抽检情况的通报 url: http://sthjt.gxzf.gov.cn/xxgkml/ztfl/hjglywxx/xzsysf/201710/t20171027_200006569.html
广西壮族自治区环境保护厅 新公告：2017年砖瓦行业环保专项执法检查清理整顿情况 url: http://sthjt.gxzf.gov.cn/ztzl/lsztzl/hjwfbgt/201801/t20180119_200007656.html
广西壮族自治区环境保护厅 新公告：环境保护厅办公室关于近期污染源自动监控飞行抽检情况的通报 url: http://sthjt.gxzf.gov.cn/xxgkml/ztfl/hjglywxx/xzsysf/201706/t20170609_200004985.html
广西壮族自治区环境保护厅 新公告：广西壮族自治区环境保护厅关于2016年第三季度污染源自动监控飞行抽检情况的通报 url: http://sthjt.gxzf.gov.cn/xxgkml/ztfl/hjglywxx/xzsysf/201701/t20170106_200003237.html
广西壮族自治区环境保护厅 新公告：2016年一至三季度主要污染物排放严重超标企业名单 url: http://sthjt.gxzf.gov.cn/xxgkml/ztfl/hjglywxx/xzsysf/201610/t20161027_200002208.html
广西壮族自治区环境保护厅 新公告：广西壮族自治区环境保护厅关于2016年第二季度飞行抽检情况的通报 url: http://sthjt.gxzf.gov.cn/xxgkml/ztfl/hjglywxx/xzsysf/201608/t20160830_200001905.html
广西壮族自治区环境保护厅 新公告：玉林市严肃查处一起中央督察组转办案件 4名相关责任人员被问责 url: http://sthjt.gxzf.gov.cn/zw/qnyw/201607/t20160728_30256.html
广西壮族自治区环境保护厅 新公告：贵港市南风化肥厂环境违法案件被立案查处 url: http://sthjt.gxzf.gov.cn/zw/qnyw/201607/t20160728_30254.html
广西壮族自治区环境保护厅 新公告：环境保护厅办公室关于2016年第一季度污染源自动监控飞行抽检情况的通报 url: http://sthjt.gxzf.gov.cn/xxgkml/ztfl/hjglywxx/xzsysf/201605/t20160512_200001763.html
第2页
广西壮族自治区环境保护厅 新公告：广西壮族自治区环境保护厅关于对广西南宁碧峰环保技术有限公司违规编制环评文件事件的通报 url: http://sthjt.gxzf.gov.cn/xxgkml/ztfl/hjglywxx/hjyxpj/201410/t20141022_200000784.html
广西壮族自治区环境保护厅 新公告：广西壮族自治区环境保护厅关于2013年度环境影响评价机构考核情况的通报 url: http://sthjt.gxzf.gov.cn/xxgkml/ztfl/hjglywxx/hjyxpj/201410/t20141022_200000785.html
广西壮族自治区环境保护厅 新公告：广西宏鑫生物科技有限公司年产4.5 万吨饲料级一水硫酸锌资源利用项目存在未批先建违法行为被责令停止建设 url: http://sthjt.gxzf.gov.cn/ztzl/lsztzl/hjwfbgt/201408/t20140818_20182.html
广西壮族自治区环境保护厅一共有15条新公告，导入数据库中......
广西壮族自治区环境保护厅公告导入完成！
广西壮族自治区环境保护厅 抓取URL：http://sthjt.gxzf.gov.cn/sgs/xzcfList.jsp?type=cf
广西壮族自治区环境保护厅 一共有3页
第1页
广西壮族自治区环境保护厅 新公告：桂环罚字〔2018〕3号 url: http://sthjt.gxzf.gov.cn/sgs/middleCfView.jsp?q_XH=201801536
广西壮族自治区环境保护厅 新公告：桂环罚字〔2018〕2号 url: http://sthjt.gxzf.gov.cn/sgs/middleCfView.jsp?q_XH=201801537
广西壮族自治区环境保护厅 新公告：桂环罚字〔2018〕1号 url: http://sthjt.gxzf.gov.cn/sgs/middleCfView.jsp?q_XH=201801535
广西壮族自治区环境保护厅 新公告：桂环罚字〔2017〕6号 url: http://sthjt.gxzf.gov.cn/sgs/middleCfView.jsp?q_XH=-9120083667029594112
广西壮族自治区环境保护厅 新公告：桂环罚字〔2016〕24号 url: http://sthjt.gxzf.gov.cn/sgs/middleCfView.jsp?q_XH=30
广西壮族自治区环境保护厅 新公告：桂环罚字〔2016〕25号 url: http://sthjt.gxzf.gov.cn/sgs/middleCfView.jsp?q_XH=31
广西壮族自治区环境保护厅 新公告：桂环罚字〔2016〕26号 url: http://sthjt.gxzf.gov.cn/sgs/middleCfView.jsp?q_XH=32
广西壮族自治区环境保护厅 新公告：桂环罚字〔2016〕27号 url: http://sthjt.gxzf.gov.cn/sgs/middleCfView.jsp?q_XH=33
广西壮族自治区环境保护厅 新公告：桂环罚字〔2016〕28号 url: http://sthjt.gxzf.gov.cn/sgs/middleCfView.jsp?q_XH=34
广西壮族自治区环境保护厅 新公告：桂环罚字〔2016〕15号 url: http://sthjt.gxzf.gov.cn/sgs/middleCfView.jsp?q_XH=26
广西壮族自治区环境保护厅 新公告：桂环罚字〔2016〕16号 url: http://sthjt.gxzf.gov.cn/sgs/middleCfView.jsp?q_XH=27
广西壮族自治区环境保护厅 新公告：桂环罚字〔2016〕17号 url: http://sthjt.gxzf.gov.cn/sgs/middleCfView.jsp?q_XH=28
广西壮族自治区环境保护厅 新公告：桂环罚字〔2016〕18号 url: http://sthjt.gxzf.gov.cn/sgs/middleCfView.jsp?q_XH=29
广西壮族自治区环境保护厅 新公告：桂环罚字〔2016〕7号 url: http://sthjt.gxzf.gov.cn/sgs/middleCfView.jsp?q_XH=25
广西壮族自治区环境保护厅 新公告：桂环罚字〔2016〕4号 url: http://sthjt.gxzf.gov.cn/sgs/middleCfView.jsp?q_XH=24
第2页
广西壮族自治区环境保护厅 新公告：桂环罚字〔2016〕3号 url: http://sthjt.gxzf.gov.cn/sgs/middleCfView.jsp?q_XH=23
广西壮族自治区环境保护厅 新公告：桂环罚字〔2015〕42号 url: http://sthjt.gxzf.gov.cn/sgs/middleCfView.jsp?q_XH=22
广西壮族自治区环境保护厅 新公告：桂环罚字〔2015〕31号 url: http://sthjt.gxzf.gov.cn/sgs/middleCfView.jsp?q_XH=21
广西壮族自治区环境保护厅 新公告：桂环罚字〔2015〕30号 url: http://sthjt.gxzf.gov.cn/sgs/middleCfView.jsp?q_XH=20
广西壮族自治区环境保护厅 新公告：桂环罚字〔2015〕25号 url: http://sthjt.gxzf.gov.cn/sgs/middleCfView.jsp?q_XH=19
广西壮族自治区环境保护厅 新公告：桂环罚字〔2015〕21号 url: http://sthjt.gxzf.gov.cn/sgs/middleCfView.jsp?q_XH=18
广西壮族自治区环境保护厅 新公告：桂环罚字〔2015〕20号 url: http://sthjt.gxzf.gov.cn/sgs/middleCfView.jsp?q_XH=17
广西壮族自治区环境保护厅 新公告：桂环罚字〔2015〕9号 url: http://sthjt.gxzf.gov.cn/sgs/middleCfView.jsp?q_XH=16
广西壮族自治区环境保护厅 新公告：桂环罚字〔2015〕6号 url: http://sthjt.gxzf.gov.cn/sgs/middleCfView.jsp?q_XH=15
广西壮族自治区环境保护厅 新公告：桂环罚字〔2015〕3号 url: http://sthjt.gxzf.gov.cn/sgs/middleCfView.jsp?q_XH=14
广西壮族自治区环境保护厅 新公告：桂环罚字〔2014〕33号 url: http://sthjt.gxzf.gov.cn/sgs/middleCfView.jsp?q_XH=13
广西壮族自治区环境保护厅 新公告：桂环罚字〔2014〕32号 url: http://sthjt.gxzf.gov.cn/sgs/middleCfView.jsp?q_XH=12
广西壮族自治区环境保护厅 新公告：桂环罚字〔2014〕30号 url: http://sthjt.gxzf.gov.cn/sgs/middleCfView.jsp?q_XH=10
广西壮族自治区环境保护厅 新公告：桂环罚字〔2014〕31号 url: http://sthjt.gxzf.gov.cn/sgs/middleCfView.jsp?q_XH=11
广西壮族自治区环境保护厅 新公告：桂环罚字〔2014〕20号 url: http://sthjt.gxzf.gov.cn/sgs/middleCfView.jsp?q_XH=8
第3页
广西壮族自治区环境保护厅 新公告：桂环罚字〔2014〕18号 url: http://sthjt.gxzf.gov.cn/sgs/middleCfView.jsp?q_XH=6
广西壮族自治区环境保护厅 新公告：桂环罚字〔2014〕19号 url: http://sthjt.gxzf.gov.cn/sgs/middleCfView.jsp?q_XH=7
广西壮族自治区环境保护厅 新公告：桂环罚字〔2014〕17号 url: http://sthjt.gxzf.gov.cn/sgs/middleCfView.jsp?q_XH=5
广西壮族自治区环境保护厅 新公告：桂环罚字〔2014〕5号 url: http://sthjt.gxzf.gov.cn/sgs/middleCfView.jsp?q_XH=3
广西壮族自治区环境保护厅 新公告：桂环罚字〔2014〕6号 url: http://sthjt.gxzf.gov.cn/sgs/middleCfView.jsp?q_XH=4
广西壮族自治区环境保护厅 新公告：桂环罚字〔2013〕10号 url: http://sthjt.gxzf.gov.cn/sgs/middleCfView.jsp?q_XH=2
广西壮族自治区环境保护厅 新公告：桂环罚字〔2013〕7号 url: http://sthjt.gxzf.gov.cn/sgs/middleCfView.jsp?q_XH=1
广西壮族自治区环境保护厅一共有37条新公告，导入数据库中......
广西壮族自治区环境保护厅公告导入完成！
