江苏省环境保护厅 一共有2页
江苏省环境保护厅 新公告：自2018年12月至今无行政处罚
江苏省环境保护厅 新公告：2018年11月省生态环境厅实施行政处罚情况
江苏省环境保护厅 新公告：2018年10月省环保厅实施行政处罚情况
江苏省环境保护厅 新公告：2018年8月27日省环保厅实施行政处罚情况
江苏省环境保护厅 新公告：2018年9月省环保厅实施行政处罚情况
江苏省环境保护厅 新公告：2018年8月省环保厅实施行政处罚情况
江苏省环境保护厅 新公告：2017年12月省环保厅实施行政处罚情况
江苏省环境保护厅 新公告：2017年8月省环保厅实施责令改正情况
江苏省环境保护厅 新公告：2017年10月省环保厅实施行政处罚情况
江苏省环境保护厅 新公告：2017年4月省环保厅实施行政处罚情况
江苏省环境保护厅 新公告：2017年4月省环保厅实施责令改正情况
江苏省环境保护厅 新公告：2017年1至3月省环保厅实施责令改正情况
江苏省环境保护厅 新公告：2016年10至12月省环保厅实施行政处罚情况
江苏省环境保护厅 新公告：2016年7至9月省环保厅实施行政处罚情况
江苏省环境保护厅 新公告：2016年4-6月省环保厅实施行政处罚情况
江苏省环境保护厅 新公告：2016年1-3月省环保厅实施行政处罚情况
江苏省环境保护厅 新公告：2015年10至12月省环保厅实施行政处罚及责令改正情况
江苏省环境保护厅 新公告：2015年7至9月省环保厅实施行政处罚情况
江苏省环境保护厅 新公告：2015年4至6月省环保厅实施行政处罚情况
江苏省环境保护厅 新公告：2015年1至3月省环保厅实施行政处罚情况
江苏省环境保护厅 新公告：2014年10至12月省环保厅实施行政处罚情况
江苏省环境保护厅 新公告：2014年10至12月省环保厅实施责令改正情况
江苏省环境保护厅 新公告：2014年7至9月省环保厅实施行政处罚情况
江苏省环境保护厅 新公告：2014年7至9月省环保厅实施责令改正情况
江苏省环境保护厅 新公告：2014年4至6月省环保厅实施行政处罚情况
江苏省环境保护厅 新公告：2014年1至6月省环保厅实施责令改正情况
江苏省环境保护厅 新公告：2014年1至3月省环保厅实施行政处罚情况
江苏省环境保护厅 新公告：2013年省环保厅实施责令改正情况
江苏省环境保护厅 新公告：2013年10至12月省环保厅实施行政处罚情况
江苏省环境保护厅 新公告：2013年7至9月省环保厅实施行政处罚情况
江苏省环境保护厅 新公告：2013年4至6月省环保厅实施行政处罚情况
江苏省环境保护厅 新公告：2013年1至3月省环保厅实施行政处罚情况
江苏省环境保护厅 新公告：2012年9至12月省环保厅实施行政处罚情况
江苏省环境保护厅 新公告：2012年7至12月省环保厅实施责令改正情况
江苏省环境保护厅 新公告：2012年7至8月省环保厅实施行政处罚情况
江苏省环境保护厅 新公告：2012年4至6月省环保厅实施行政处罚情况
江苏省环境保护厅 新公告：2012年1至6月省环保厅实施责令改正情况
江苏省环境保护厅 新公告：2012年1至3月省环保厅实施行政处罚情况
江苏省环境保护厅一共有38条新公告，导入数据库中......
江苏省环境保护厅公告导入完成！
