江西省环境保护厅 一共有7页
江西省环境保护厅 新公告：3月份行政处罚
江西省环境保护厅 新公告：玉山县博爱医院有限公司赣环行罚（2019）1号；上饶市人民医院 赣环行罚（2019）2号.
江西省环境保护厅 新公告：2019年2月行政处罚
江西省环境保护厅 新公告：2018年12月行政处罚决定
江西省环境保护厅 新公告：2018年11月行政处罚决定
江西省环境保护厅 新公告：2018年10月行政处罚决定
江西省环境保护厅 新公告：2018年行政处罚（九月）
江西省环境保护厅 新公告：2018年8月行政处罚（2）
江西省环境保护厅 新公告：2018年行政处罚（8月）
江西省环境保护厅 新公告：处罚决定书赣环辐行罚〔2018〕10号(江西省定海钽铌有限公司)
江西省环境保护厅 新公告：2018年环境行政处罚（七月）
江西省环境保护厅 新公告：2018年环境行政处罚（六月）
江西省环境保护厅 新公告：2018年环境行政处罚（五月）
江西省环境保护厅 新公告：2018年环境行政处罚（四月）
江西省环境保护厅 新公告：2018年环境行政处罚（三月）
江西省环境保护厅 新公告：2018年环境行政处罚（二月）
江西省环境保护厅 新公告：2018年环境行政处罚（一月）
江西省环境保护厅 新公告：赣环监行罚〔2017〕26号江西通泰新材料科技有限公司
江西省环境保护厅 新公告：赣环监行罚〔2017〕25号新余钢铁集团有限公司
江西省环境保护厅 新公告：赣环监行罚〔2017〕24号江西星火狮达科技有限公司
江西省环境保护厅 新公告：赣环监行罚〔2017〕23 号景德镇开门子陶瓷化工集团有限公司
江西省环境保护厅 新公告：赣环监行罚〔2017〕22 号江西瑞晶太阳能科技有限公司
江西省环境保护厅 新公告：赣环监行罚〔2017〕21号江西永兆实业有限公司
江西省环境保护厅 新公告：赣环监行罚[2017]19号江西万众陶瓷有限公司
江西省环境保护厅 新公告：赣环监行罚〔2017]18号江西金茂电镀有限公司
江西省环境保护厅 新公告：赣环监行罚[2017]16号景德镇开门子陶瓷化工集团有限公司
江西省环境保护厅 新公告：赣环监行罚[2017]15号 江西欧氏化工有限公司
江西省环境保护厅 新公告：赣环监行罚[2017]14号萍乡萍钢安源钢铁有限公司
江西省环境保护厅 新公告：赣环监行罚[2017]13号江西六国化工有限责任公司
江西省环境保护厅 新公告：赣环监行罚[2017]11号江西三元药业有限公司
江西省环境保护厅 新公告：赣环监行罚[2017]12号南昌洪崖环保有限责任公司
江西省环境保护厅 新公告：赣环监行罚[2017]10号江西旭阳雷迪高科技股份有限公司
江西省环境保护厅 新公告：赣环监行罚〔20179号江西华达昌食品有限公司
江西省环境保护厅 新公告：赣环监行罚[2017]8号 江西全球化工股份有限公司
江西省环境保护厅 新公告：赣环监行罚[2017]7号 江西益敏电子科技有限公司
江西省环境保护厅 新公告：赣环监行罚[2017]6号 远东福斯特新能源有限公司
江西省环境保护厅 新公告：赣环监行罚[2017]4号 江西六国化工有限责任公司
江西省环境保护厅 新公告：赣环监行罚[2017]3号 九江财兴卫浴实业有限公司
江西省环境保护厅 新公告：赣环监行罚[2017]2号 江西盛嘉环保科技有限公司
江西省环境保护厅 新公告：赣环监行罚[2017]1号 景德镇开门子陶瓷化工集团有限公司
江西省环境保护厅 新公告：赣环监行罚[2016]26号 南昌市振兴针织漂染厂
江西省环境保护厅 新公告：赣环监行罚[2016]28号  东乡县洋源里生活垃圾填埋场
江西省环境保护厅 新公告：赣环监行罚[2016]27号  江西瑞晶太阳能科技有限公司
江西省环境保护厅 新公告：赣环监行罚[2016]25号  江西赛维LDK太阳能高科技有限公司
江西省环境保护厅 新公告：赣环监行罚[2016]24号  上饶永达电器有限公司
江西省环境保护厅 新公告：赣环监行罚[2016]23号  江西榕昌水务有限公司
江西省环境保护厅 新公告：赣环监行罚[2016]22号 江西腾马纺织印染股份有限公司
江西省环境保护厅 新公告：赣环监行罚[2016]21号 九江金源化纤股份有限公司
江西省环境保护厅 新公告：赣环监行罚[2016]18号 江西江锂科技有限公司
江西省环境保护厅 新公告：赣环监行罚[2016]19号 九江财兴卫浴实业有限公司
江西省环境保护厅 新公告：赣环监行罚[2016]16号  景德镇开门子陶瓷化工集团有限公司
江西省环境保护厅 新公告：赣环监行罚[2016]15号 江西新干森泰水务有限公司
江西省环境保护厅 新公告：赣环监行罚[2016]13号萍乡众邦冶炼有限公司
江西省环境保护厅 新公告：赣环监行罚[2016]12号江西华科稀土新材料有限公司
江西省环境保护厅 新公告：赣环监行罚[2016]11号江西恒腾化学科技有限公司
江西省环境保护厅 新公告：赣环监行罚[2016]10号萍乡萍钢钢铁有限公司
江西省环境保护厅 新公告：赣环监行罚[2016]9号 江西六国化工有限公司
江西省环境保护厅 新公告：赣环监行罚[2016]8号 赛得利纤维有限公司
江西省环境保护厅 新公告：赣环监行罚[2016]6、7号 赛得利（九江）纤维有限公司
江西省环境保护厅 新公告：赣环行罚[2016]1号	江西省鄱湖低碳环保股份有限公司樟树盐化工业基地污水处理厂
江西省环境保护厅 新公告：赣环监行罚[2016]4号景德镇开门子陶瓷化工集团有限公司
江西省环境保护厅 新公告：赣环监行罚[2016]3号 江西六国化工有限责任公司
江西省环境保护厅 新公告：2015年行政处罚（十二月）
江西省环境保护厅 新公告：2015年行政处罚（十一月）
江西省环境保护厅 新公告：2015年行政处罚（十月）
江西省环境保护厅 新公告：2015年行政处罚（九）月
江西省环境保护厅 新公告：2015年行政处罚（七月）
江西省环境保护厅 新公告：2015年省环保厅行政处罚（五、六月）
江西省环境保护厅 新公告：2015年省环保厅行政处罚（四月）
江西省环境保护厅 新公告：2015年省环保厅环境行政处罚（三月）
江西省环境保护厅 新公告：2015年行政处罚（一、二月）
江西省环境保护厅 新公告：行政处罚决定书 江西领先精工陶瓷发展有限公司
江西省环境保护厅 新公告：行政处罚决定书 南昌宝迪农业科技有限公司
江西省环境保护厅 新公告：行政处罚决定书 南昌宝迪农业科技有限公司
江西省环境保护厅 新公告：行政处罚决定书 江西鑫盛稀有金属有限公司
江西省环境保护厅 新公告：行政处罚决定书 新余市伟成金属制品有限公司
江西省环境保护厅 新公告：行政处罚决定书 江西荣昌医药化工有限公司
江西省环境保护厅 新公告：行政处罚决定书 丰城市创星蓄电池厂
江西省环境保护厅 新公告：行政处罚决定书 余干县金泰有色金属有限公司
江西省环境保护厅 新公告：行政处罚决定书 上饶县黄沙岭开发煤矿
江西省环境保护厅 新公告：行政处罚决定书 南昌正大畜禽有限公司
江西省环境保护厅 新公告：行政处罚决定书 江西正邦科技股份有限公司南昌广联分公司
江西省环境保护厅 新公告：行政处罚决定书 江西雄鼎实业有限公司
江西省环境保护厅 新公告：行政处罚决定书 江西省信诚纺织印染有限公司
江西省环境保护厅 新公告：行政处罚决定书 江西省分宜西茶煤矿
江西省环境保护厅 新公告：行政处罚决定书 江西省百盈明业投资有限公司
江西省环境保护厅 新公告：行政处罚决定书 江西荣盛钢结构工程有限公司
江西省环境保护厅 新公告：行政处罚决定书 江西闽盛实业有限公司
江西省环境保护厅 新公告：行政处罚决定书 江西凯利化工有限公司
江西省环境保护厅 新公告：行政处罚决定书  江西凯利化工有限公司
江西省环境保护厅 新公告：行政处罚决定书 江西金利源陶瓷有限公司
江西省环境保护厅 新公告：行政处罚决定书 江西富龙食品有限公司
江西省环境保护厅 新公告：行政处罚决定书 赣县洁详餐具消毒厂
江西省环境保护厅一共有93条新公告，导入数据库中......
江西省环境保护厅公告导入完成！
江西省环境保护厅 一共有2页
江西省环境保护厅 新公告：2019年3月黄牌警示名单
江西省环境保护厅 新公告：2018年12月黄牌警示名单
江西省环境保护厅 新公告：“红黄”牌警示名单
江西省环境保护厅 新公告：红黄牌企业名单2018年12月
江西省环境保护厅 新公告：2018年红黄牌警示企业名单
江西省环境保护厅 新公告：2018年10月红黄牌警示企业名单
江西省环境保护厅 新公告：2018年9月红黄牌警示名单
江西省环境保护厅 新公告：2018年8月红黄牌警示企业
江西省环境保护厅 新公告：红黄牌企业名单2018年6月
江西省环境保护厅 新公告：红黄牌企业名单2018年5月
江西省环境保护厅 新公告：红黄牌企业名单2018年4月
江西省环境保护厅 新公告：红黄牌企业名单2018年3月
江西省环境保护厅 新公告：红黄牌企业名单2018年2月
江西省环境保护厅 新公告：红黄牌企业名单2018年1月
江西省环境保护厅 新公告：红黄牌企业名单（2017.9-2017.12)
江西省环境保护厅 新公告：红黄牌企业名单（2017.7-2017.9）
江西省环境保护厅 新公告：黄牌企业名单（2016-2017.7）
江西省环境保护厅 新公告：红牌企业名单（2016-2017.7）
江西省环境保护厅 新公告：环境违法黑名单2
江西省环境保护厅 新公告：黄牌企业名单1
江西省环境保护厅 新公告：红牌企业名单1
江西省环境保护厅 新公告：环境违法黑名单1
江西省环境保护厅一共有22条新公告，导入数据库中......
江西省环境保护厅公告导入完成！
