河北省环境保护厅 一共有39页
河北省环境保护厅 新公告：行政处罚决定书（唐山燕山钢铁有限公司）
河北省环境保护厅 新公告：行政处罚决定书（宣化钢铁集团有限责任公司）
河北省环境保护厅 新公告：行政处罚决定书（宣化钢铁集团有限责任公司）
河北省环境保护厅 新公告：行政处罚决定书（辛集市奥森钢铁有限公司）
河北省环境保护厅 新公告：行政处罚决定书（冀州市国昌新型建材有限公司）
河北省环境保护厅 新公告：行政处罚决定书（唐山东方炼焦制气有限公司）
河北省环境保护厅 新公告：行政处罚决定书（玉田县古玉煤焦化有限公司）
河北省环境保护厅 新公告：行政处罚决定书（唐山瑞丰钢铁（集团）有限公司）
河北省环境保护厅 新公告：行政处罚决定书（唐山松汀钢铁有限公司）
河北省环境保护厅 新公告：行政处罚决定书（河北安丰钢铁有限公司）
河北省环境保护厅 新公告：按日连续处罚决定书（河北华丰煤化电力有限公司）
河北省环境保护厅 新公告：按日连续处罚决定书（迁安轧一钢铁集团有限公司）
河北省环境保护厅 新公告：按日连续处罚决定书（河北鑫跃焦化有限公司）
河北省环境保护厅 新公告：行政处罚决定书（河北华丰煤化电力有限公司）
河北省环境保护厅 新公告：行政处罚决定书（迁安轧一钢铁集团有限公司）
河北省环境保护厅 新公告：行政处罚决定书（邯钢集团邯宝钢铁有限公司）
河北省环境保护厅 新公告：行政处罚决定书（天津天铁冶金集团有限公司）
河北省环境保护厅 新公告：行政处罚决定书（涉县天利煤化有限责任公司）
河北省环境保护厅 新公告：行政处罚决定书（河北龙凤山铸业有限公司）
河北省环境保护厅 新公告：行政处罚决定书（河北新武安钢铁集团烘熔钢铁有限公司）
河北省环境保护厅 新公告：行政处罚决定书（武安市明芳钢铁有限公司）
河北省环境保护厅 新公告：行政处罚决定书（河北玉洲煤化工业股份有限公司）
河北省环境保护厅 新公告：行政处罚决定书（河北文丰钢铁有限公司）
河北省环境保护厅 新公告：行政处罚决定书（河北天煜煤化电力有限公司）
河北省环境保护厅 新公告：行政处罚决定书（河北新武安钢铁集团鑫山钢铁有限公司）
河北省环境保护厅 新公告：行政处罚决定书（新兴铸管股份有限公司）
河北省环境保护厅 新公告：行政处罚决定书（河北鑫利玻璃有限公司）
河北省环境保护厅 新公告：行政处罚决定书（河北玉星生物工程股份有限公司）
河北省环境保护厅 新公告：行政处罚决定书（冀中能源股份有限公司东庞矿）
河北省环境保护厅 新公告：行政处罚决定书（河北进功实业集团有限公司）
河北省环境保护厅 新公告：行政处罚决定书（冀中能源股份有限公司东庞矿矸石热电厂）
河北省环境保护厅 新公告：行政处罚决定书（河北蓝鸟家具股份有限公司）
河北省环境保护厅 新公告：行政处罚决定书（南和县长红玻璃有限公司）
河北省环境保护厅 新公告：行政处罚决定书（沧州大化TDI有限责任公司）
河北省环境保护厅 新公告：行政处罚决定书（邢台钢铁有限责任公司）
河北省环境保护厅 新公告：行政处罚决定书（沧州瑞图强业建材有限公司）
河北省环境保护厅 新公告：行政处罚决定书（文安县新钢钢铁有限公司）
河北省环境保护厅 新公告：行政处罚决定书（唐山市春兴特种钢有限公司）
河北省环境保护厅 新公告：行政处罚决定书（唐山汇丰钢铁有限公司）
河北省环境保护厅 新公告：行政处罚决定书（唐山中润煤化工有限公司）
河北省环境保护厅 新公告：行政处罚决定书（河北华西钢铁有限公司）
河北省环境保护厅 新公告：行政处罚决定书（天津荣程集团唐山特种钢有限公司）
河北省环境保护厅 新公告：行政处罚决定书（唐山市玉田建邦实业有限公司）
河北省环境保护厅 新公告：行政处罚决定书（唐山国义特种钢铁有限公司）
河北省环境保护厅 新公告：行政处罚决定书（河北东海特钢集团有限公司）
河北省环境保护厅 新公告：行政处罚决定书（滦县磐石水泥有限公司）
河北省环境保护厅 新公告：行政处罚决定书（迁安市宏奥工贸有限公司）
河北省环境保护厅 新公告：行政处罚决定书（河北荣信钢铁有限公司）
河北省环境保护厅 新公告：行政处罚决定书（秦皇岛北方玻璃有限公司）
河北省环境保护厅 新公告：行政处罚决定书（秦皇岛首秦金属材料有限公司）
河北省环境保护厅 新公告：行政处罚决定书（张家口时代橡胶制品股份有限公司）
河北省环境保护厅 新公告：行政处罚决定书（阳原县兴安热力有限公司）
河北省环境保护厅 新公告：行政处罚决定书（兴隆县福成新型建材有限公司）
河北省环境保护厅 新公告：行政处罚决定书（承德中滦煤化工有限公司）
河北省环境保护厅 新公告：行政处罚决定书（河北诚信九天医药化工有限公司）
河北省环境保护厅 新公告：行政处罚决定书（石家庄瑞定塑业有限公司）
河北省环境保护厅 新公告：行政处罚决定书（石家庄钢铁有限责任公司）
河北省环境保护厅 新公告：行政处罚决定书(石家庄钢铁有限责任公司)
河北省环境保护厅 新公告：行政处罚决定书（武安市广普焦化有限公司）
河北省环境保护厅 新公告：行政处罚决定书(中国石油化工股份有限公司石家庄炼化分公司)
河北省环境保护厅 新公告：行政处罚决定书（中普（邯郸）钢铁有限公司）
河北省环境保护厅 新公告：行政处罚决定书（河北普阳钢铁有限公司）
河北省环境保护厅 新公告：行政处罚决定书（沙河市日隆玻璃有限公司）
河北省环境保护厅 新公告：行政处罚决定书（河北元华玻璃股份有限公司）
河北省环境保护厅 新公告：行政处罚决定书（邢台钢铁有限责任公司）
河北省环境保护厅 新公告：行政处罚决定书（邢台钢铁有限责任公司）
河北省环境保护厅 新公告：行政处罚决定书（邢台国泰发电有限责任公司）
河北省环境保护厅 新公告：行政处罚决定书（沧州中铁装备制造材料有限公司）
河北省环境保护厅 新公告：行政处罚决定书（德龙钢铁有限公司）
河北省环境保护厅 新公告：行政处罚决定书（沧州市南大港管理区胜利玻璃制品有限公司）
河北省环境保护厅 新公告：行政处罚决定书（沧州威达聚氨酯高科股份有限公司）
河北省环境保护厅 新公告：行政处罚决定书（河北京兰水泥有限公司）
河北省环境保护厅 新公告：行政处罚决定书（保定中达铸造有限公司）
河北省环境保护厅 新公告：行政处罚决定书（深能保定发电有限公司）
河北省环境保护厅 新公告：行政处罚决定书（河北唐银钢铁有限公司）
河北省环境保护厅 新公告：行政处罚决定书（唐山燕东水泥股份有限公司）
河北省环境保护厅 新公告：行政处罚决定书（华润电力唐山丰润有限公司）
河北省环境保护厅 新公告：行政处罚决定书（华润电力唐山丰润有限公司）
河北省环境保护厅 新公告：行政处罚决定书（唐山文丰山川轮毂有限公司）
河北省环境保护厅 新公告：行政处罚决定书（唐山建龙特殊钢有限公司）
河北省环境保护厅 新公告：行政处罚决定书（唐山建龙简舟钢铁有限公司）
河北省环境保护厅 新公告：行政处罚决定书（唐山国丰钢铁有限公司）
河北省环境保护厅 新公告：行政处罚决定书（唐山达丰焦化有限公司）
河北省环境保护厅 新公告：行政处罚决定书（河北永顺实业集团有限公司）
河北省环境保护厅 新公告：行政处罚决定书（唐山市蓝海实业有限公司）
河北省环境保护厅 新公告：行政处罚决定书（唐山宝利源炼焦有限公司）
河北省环境保护厅 新公告：行政处罚决定书（唐山市蓝海实业有限公司）
河北省环境保护厅 新公告：行政处罚决定书（迁安恒晖热电有限公司）
河北省环境保护厅 新公告：行政处罚决定书（唐山市蓝海实业有限公司）
河北省环境保护厅 新公告：行政处罚决定书（迁安中化煤化工有限责任公司）
河北省环境保护厅 新公告：行政处罚决定书（秦皇岛秦热发电有限责任公司）
河北省环境保护厅 新公告：行政处罚决定书（宣化县东海实业有限公司）
河北省环境保护厅 新公告：行政处罚决定书（阳原县华阳集中供热有限公司）
河北省环境保护厅 新公告：行政处罚决定书（涿鹿亿达玻璃容器有限公司）
河北省环境保护厅 新公告：行政处罚决定书（河北建投宣化热电有限责任公司）
河北省环境保护厅 新公告：行政处罚决定书（宣化钢铁集团有限责任公司）
河北省环境保护厅 新公告：行政处罚决定书（承德环能热电有限责任公司）
河北省环境保护厅 新公告：行政处罚决定书（石家庄诚峰热电有限公司）
河北省环境保护厅 新公告：行政处罚决定书（河北宏源热电有限责任公司）
河北省环境保护厅 新公告：行政处罚决定书（中电投石家庄高新热电有限公司）
河北省环境保护厅 新公告：行政处罚决定书（河北华荣制药有限公司）
河北省环境保护厅 新公告：行政处罚决定书（石药集团中诺药业（石家庄）有限公司）
河北省环境保护厅 新公告：行政处罚决定书（华北制药股份有限公司）
河北省环境保护厅 新公告：行政处罚决定书
河北省环境保护厅 新公告：行政处罚决定书
河北省环境保护厅 新公告：河北省对央视《新闻直播间》曝光9家环境违法企业严查重处
河北省环境保护厅 新公告：责令改正违法行为决定书（河北玉洲煤化工业股份有限公司）
河北省环境保护厅 新公告：责令改正违法行为决定书（河北宏源热电有限责任公司）
河北省环境保护厅 新公告：责令改正违法行为决定书（中国石油化工股份有限公司石家庄炼化分公司）
河北省环境保护厅 新公告：责令改正违法行为决定书（中国石油化工股份有限公司石家庄炼化分公司）
河北省环境保护厅 新公告：责令改正违法行为决定书（华北制药华胜有限公司）
河北省环境保护厅 新公告：责令改正违法行为决定书（大唐保定华源热电有限责任公司）
河北省环境保护厅 新公告：责令改正违法行为决定书（邯郸钢铁集团有限责任公司）
河北省环境保护厅 新公告：责令改正违法行为决定书（河北联冠智能环保设备有限公司）
河北省环境保护厅 新公告：责令改正违法行为决定书（无极县长业水务有限公司）
河北省环境保护厅 新公告：责令改正违法行为决定书（河北广玉淀粉糖业有限公司）
河北省环境保护厅 新公告：责令改正违法行为决定书（中节能（保定）环保能源有限公司）
河北省环境保护厅 新公告：责令改正违法行为决定书（邢台钢铁有限责任公司）
河北省环境保护厅 新公告：责令改正违法行为决定书（河北宏泰专用汽车有限公司）
河北省环境保护厅 新公告：责令改正违法行为决定书（青县宏源新型建材有限公司）
河北省环境保护厅 新公告：责令改正违法行为决定书（河北省青县陈嘴乡联谊建材厂）
河北省环境保护厅 新公告：责令改正违法行为决定书（沧州华伟建材有限公司）
河北省环境保护厅 新公告：责令改正违法行为决定书（沧州树华新型建材有限公司）
河北省环境保护厅 新公告：责令改正违法行为决定书（青县鼎基建筑材料有限公司）
河北省环境保护厅 新公告：责令改正违法行为决定书（青县万马新型建材有限公司）
河北省环境保护厅 新公告：责令改正违法行为决定书（定州市万宇建材有限公司）
河北省环境保护厅 新公告：责令改正违法行为决定书（河北伟硕建材有限公司）
河北省环境保护厅 新公告：责令改正违法行为决定书（大城县嘉泰建材有限公司）
河北省环境保护厅 新公告：责令改正违法行为决定书（河北敬业钢铁有限公司）
河北省环境保护厅 新公告：责令改正违法行为决定书（河北常恒能源技术开发有限公司）
河北省环境保护厅 新公告：责令改正违法行为决定书（石家庄新世纪煤化实业集团有限公司）
河北省环境保护厅 新公告：责令改正违法行为决定书（河北荣信钢铁有限公司）
河北省环境保护厅 新公告：责令改正违法行为决定书（河北新晶焦化有限责任公司）
河北省环境保护厅 新公告：责令改正违法行为决定书（河北新武安钢铁集团烘熔钢铁有限公司）
河北省环境保护厅 新公告：责令改正违法行为决定书（峰峰矿区合信钢铁有限公司）
河北省环境保护厅 新公告：2017年河北省污染源日常监管“双随机”抽查工作实施方案
河北省环境保护厅 新公告：责令改正违法行为决定书（唐山金利海生物柴油股份有限公司）
河北省环境保护厅 新公告：责令改正违法行为决定书（唐山泰丰实业集团有限公司）
河北省环境保护厅 新公告：责令改正违法行为决定书（围场县鑫星造型材料厂）
河北省环境保护厅 新公告：责令改正违法行为决定书（河北依利玻璃棉制品有限公司）
河北省环境保护厅 新公告：责令改正违法行为决定书（涿州市富尔达电镀厂）
河北省环境保护厅 新公告：责令改正违法行为决定书（迁安耀华玻璃有限公司）
河北省环境保护厅 新公告：责令改正违法行为决定书（保定市兴顺钢业有限公司）
河北省环境保护厅 新公告：责令改正违法行为决定书（河北天意碳素有限公司）
河北省环境保护厅 新公告：责令改正违法行为决定书（霸州市光阳人造板制造有限公司）
河北省环境保护厅 新公告：责令改正违法行为决定书（廊坊市广炎供热有限责任公司）
河北省环境保护厅 新公告：责令改正违法行为决定书（秦皇岛方圆包装玻璃有限公司）
河北省环境保护厅 新公告：责令改正违法行为决定书（迁安市九江煤炭储运有限公司、迁安市宏奥工贸有限公司、迁安中化煤化工...
河北省环境保护厅 新公告：责令改正违法行为决定书（唐山冀东水泥股份有限公司）
河北省环境保护厅 新公告：责令改正违法决定书（河北钢铁集团滦县司家营铁矿有限公司）
河北省环境保护厅 新公告：责令改正违法行为决定书（邯郸市峰峰矿区义戎焦化有限公司）
河北省环境保护厅 新公告：责令改正违法行为决定书（磁县申家庄煤矿矸石发电厂）
河北省环境保护厅 新公告：责令改正违法行为决定书（河北润安建材有限公司）
河北省环境保护厅 新公告：责令改正违法行为决定书（霸州市益鑫达钢管有限公司）
河北省环境保护厅 新公告：责令改正违法行为决定书（北京汇源集团衡水有限公司）
河北省环境保护厅 新公告：责令改正违法行为决定书（河北东华冀衡化工有限公司）
河北省环境保护厅 新公告：责令改正违法行为决定书（河北燕京玻璃制品有限公司）
河北省环境保护厅 新公告：责令改正违法行为决定书（石家庄市藁城区鸿腾建材有限公司）
河北省环境保护厅 新公告：责令改正违法行为决定书（阳煤集团深州化工有限公司）
河北省环境保护厅 新公告：责令改正违法行为决定书（衡水市垃圾综合处理厂）
河北省环境保护厅 新公告：责令改正违法行为决定书（遵化市中环固体废弃物综合利用有限公司）
河北省环境保护厅 新公告：责令改正违法行为决定书（涿州亿力达热电有限公司）
河北省环境保护厅 新公告：责令改正违法行为决定书（迁安市志诚润滑油有限公司）
河北省环境保护厅 新公告：责令改正违法行为决定书（廊坊莱索思环境技术有限公司）
河北省环境保护厅 新公告：关于对霸州市中亭河胜芳大桥段河水泛红事件调查处理情况
河北省环境保护厅 新公告：责令改正违法行为决定书（唐山市丰润区申恒钢铁有限公司）
河北省环境保护厅 新公告：责令整改违法行为决定书（唐山开滦热电有限公司林西分公司
河北省环境保护厅 新公告：关于严肃查处秦皇岛市索坤玻璃容器有限公司环境违法问题的通知
河北省环境保护厅 新公告：关于严肃查处秦皇岛市方圆包装玻璃 有限公司环境违法问题的通知
河北省环境保护厅 新公告：关于严肃查处沧州市南皮县文正五金制造有限公司噪声污染问题督查的通知
河北省环境保护厅 新公告：关于严肃查处廊坊市大厂县部分石料厂 环境污染问题的通知
河北省环境保护厅 新公告：河北省环保厅对沧州临港工业园区环境问题调查情况
河北省环境保护厅 新公告：责令改正违法行为决定书（献县伟峰建材厂）
河北省环境保护厅 新公告：责令整改违法行为决定书（华北制药河北华民药业倍达工厂）
河北省环境保护厅 新公告：责令整改违法行为决定书（河北华药环境保护研究所有限公司）
河北省环境保护厅 新公告：责令整改违法行为决定书（河北华药环境保护研究所有限公司）
河北省环境保护厅 新公告：责令改正违法行为决定书（秦皇岛弘耀节能玻璃有限公司）
河北省环境保护厅 新公告：责令改正违法行为决定书（秦皇岛北方玻璃集团有限公司）
河北省环境保护厅 新公告：责令改正违法行为决定书（秦皇岛耀华玻璃工业园有限责任公司）
河北省环境保护厅 新公告：关于廊坊三河市东部山区盗采环境问题调查处理情况
河北省环境保护厅 新公告：责令改正违法行为决定书（廊坊顶津食品有限公司）
河北省环境保护厅 新公告：关于河北华电石家庄裕华热电有限公司环境问题调查处理情况
河北省环境保护厅 新公告：关于公开引滦工程水源地及沿线环境污染问题调查处理情况的请示
河北省环境保护厅 新公告：关于公开廊坊市大城县奥强电源和金霸电源设备技术有限公司两家企业环境问题调查处理的情况
河北省环境保护厅 新公告：关于公开引滦工程水源地及沿线环境污染问题调查的情况
河北省环境保护厅 新公告：关于公开环保部环监局部分转办案件调查处理的情况
河北省环境保护厅 新公告：关于公开阜平县南台村无证金矿环境问题调查处理的情况
河北省环境保护厅 新公告：河北省环境保护厅责令改正违法行为决定书冀环改字（2015）527号
河北省环境保护厅 新公告：关于阜平县南台村无证金矿环境问题调查处理的情况报告
河北省环境保护厅 新公告：河北省环境保护厅责令改正违法行为决定书冀环改字〔2015〕525号
河北省环境保护厅 新公告：河北省环境保护厅责令改正违法行为决定书冀环改字〔2015〕533号
河北省环境保护厅 新公告：河北省环境保护厅责令改正违法行为决定书冀环改字〔2015〕524号
河北省环境保护厅 新公告：河北省环境保护厅办公室文件
河北省环境保护厅 新公告：关于要求中国移动通信集团河北有限公司严格落实环保法律法规的督办函
河北省环境保护厅 新公告：关于严肃查处行唐县北河乡多家石子厂非法加工　　生产污染环境问题的督查通知
河北省环境保护厅 新公告：关于督办安新县寨里联合造纸厂等三家造纸企业停产整改的督查通知
河北省环境保护厅 新公告：关于严肃查处馆陶县信德电力配件公司环境污染问题的督察通知
河北省环境保护厅 新公告：依法取缔永年县等地小化工企业情况
河北省环境保护厅 新公告：关于严肃查处换马店镇小制革企业环境违法问题的函
'NoneType' object has no attribute 'text'
提取公告url出现问题
河北省环境保护厅 新公告：关于排查违法排污企业解决磁河污染问题的督查通知
河北省环境保护厅 新公告：关于严肃查处晋州市拔丝镀锌企业环境违法问题的督查通知
河北省环境保护厅 新公告：关于严肃查处衡水市饶阳县魏春雷镀锌厂等三家企业污染问题的督察通知
河北省环境保护厅 新公告：关于严肃查处石家庄富基化工有限公司污染环境问题的督查通知
河北省环境保护厅 新公告：关于严肃查处邯郸市筑宏水泥有限公司和邯郸筑城水泥厂污染环境问题的督查通知
河北省环境保护厅 新公告：关于严肃查处河北浅海石油化工有限公司违法处置危险废物等问题的督察通知
河北省环境保护厅 新公告：关于严肃查处故城县营东项目区未批先建和区内皮草加工企业污染问题的督察通知
河北省环境保护厅 新公告：关于严肃查处任丘市辛中驿镇刘庄村工业园区生产废水污染环境问题的督查通知
河北省环境保护厅 新公告：关于严肃查处衡水百盛橡胶有限公司环境污染问题的督察通知
河北省环境保护厅 新公告：关于限期解决河北春风铸造有限责任公司环境污染问题的督察通知
河北省环境保护厅 新公告：关于严肃查处深州市镀锌企业环境污染问题的督察通知
河北省环境保护厅 新公告：关于严肃查处沧县沧州科润化工厂有限公司等6家化工厂环境问题的督查通知
河北省环境保护厅 新公告：关于查处河北华晨淀粉糖有限公司环境问题的督查通知
河北省环境保护厅 新公告：关于排查沙河市玻璃企业环境问题的督查通知
河北省环境保护厅 新公告：关于严肃查处赵县南解疃淀粉工业区周边环境污染问题的督查通知
河北省环境保护厅 新公告：关于严肃查处河间市束城镇岩棉企业污染环境问题的督查通知
河北省环境保护厅 新公告：关于严肃查处武邑县小化工厂污染环境问题的督查通知
河北省环境保护厅 新公告：蠡县制革行业污染问题整改情况
河北省环境保护厅 新公告：关于严肃查处卢龙县钢铁企业环境违法问题的督察通知
河北省环境保护厅 新公告：关于严肃查处唐山市部分钢铁企业违法新建建设项目的函
河北省环境保护厅 新公告：关于严肃查处石家庄市井陉矿区焦化企业污染环境问题的函
河北省环境保护厅 新公告：关于严肃查处井陉县灰粉加工企业污染问题的督查通知
河北省环境保护厅 新公告：关于严肃查处石家庄藁城市等地违法小化工厂污染环境问题的督查通知
河北省环境保护厅 新公告：关于严肃查处蠡县制革行业污染问题的督察通知
河北省环境保护厅 新公告：关于严肃查处赞皇县榆底村炼铁厂环境污染问题的督察通知
河北省环境保护厅 新公告：关于加强晋州深泽两地肥皂企业监督检查的通知
河北省环境保护厅 新公告：关于加强华北制药集团有限责任公司三废治理中心监管工作的督办通知
河北省环境保护厅 新公告：关于严肃查处河北新武安钢铁集团明芳钢铁有限公司污染环境问题的督查通知
河北省环境保护厅 新公告：关于加强对大唐微水发电厂环境监管的督办通知
河北省环境保护厅 新公告：关于三河市鑫岭家园环境污染问题的督查通知
河北省环境保护厅 新公告：关于严肃查处霸州市新利钢铁有限公司环境违法问题的督查通知
河北省环境保护厅 新公告：关于严肃查处文安县电镀企业未批先建问题的督查通知
河北省环境保护厅 新公告：关于万全县凯迪农药化工企业集团下属两公司环境违法问题整改的督查通知
河北省环境保护厅 新公告：关于对石家庄市井陉矿区焦化行业进行全面排查的通知
河北省环境保护厅 新公告：关于严肃查处丰润区韩城镇造纸企业污染环境问题的督查通知
河北省环境保护厅 新公告：关于严肃查处广宗县郑三周村皮革厂污染环境问题的督查通知
河北省环境保护厅 新公告：关于严肃查处邯郸市峰峰东信煤化工有限责任公司污染环境问题的督查通知
河北省环境保护厅 新公告：关于严肃查处河北路友交通设施安装工程有限公司污染环境问题的督查通知
河北省环境保护厅 新公告：关于限期解决任丘市通讯农场电镀、玻璃纤维企业环境问题的督办通知
河北省环境保护厅 新公告：关于立即纠正藁城市金鑫焦化有限公司环境违法问题的督办通知
河北省环境保护厅 新公告：关于加强邯郸市辖区内小炼油摊点环境监管的函
河北省环境保护厅 新公告：关于严肃查处和依法取缔海兴县西马村农药厂的督察通知
河北省环境保护厅 新公告：关于蒙牛乳业（保定）有限公司落实环评批复有关要求的督办函
河北省环境保护厅 新公告：关于解决围场县群众反映泰豪氟化工有限公司环境问题的督查通知
河北省环境保护厅 新公告：石家庄华莱化工有限公司处理情况
河北省环境保护厅 新公告：关于责令正定县东风绝缘材料厂限期搬迁的督查通知
河北省环境保护厅 新公告：邯郸市磁县、涉县污水处理厂整改情况
河北省环境保护厅 新公告：关于严肃查处正定县新安镇两家化工企业污染问题的督查通知
河北省环境保护厅 新公告：关于解决衡水市枣强县金豪工贸有限公司污染问题的督办通知
河北省环境保护厅 新公告：关于解决曲阳县阜平县选矿厂污染问题的督办通知
河北省环境保护厅 新公告：关于对沧州市运河区两家电镀企业进行停产治理的督办通知
河北省环境保护厅 新公告：关于严肃查处易县燕北调料厂污染环境问题的督查通知
河北省环境保护厅 新公告：关于严肃查处阜城县王金锋等镀锌点污染环境问题的督查通知
河北省环境保护厅 新公告：关于严肃查处曲阳县晓林乡店头村云母厂污染环境问题的督查通知
河北省环境保护厅 新公告：关于严肃查处保定市北市区银星电镀厂污染环境问题的督查通知
河北省环境保护厅 新公告：关于对霸州市梅花生物科技集团股份有限公司污染环境问题调查处理情况的通报
河北省环境保护厅 新公告：关于严肃查处安平县镀锌工业公司污染环境问题的督查通知
河北省环境保护厅 新公告：关于严肃查处保定南市区违法造纸企业的督查通知
河北省环境保护厅 新公告：关于严肃查处深泽县耿庄村西毛巾染厂污染环境问题的督查通知
河北省环境保护厅 新公告：关于严肃查处晋州市光阳毛巾厂和晋州市东海毛巾制造有限公司污染环境问题的督查通知
河北省环境保护厅 新公告：关于严肃查处藁城市永红纺织品有限公司污染环污染环境问题的督查通知
河北省环境保护厅 新公告：关于对石家庄华莱化工有限公司实施停产和限期搬迁的督察通知
河北省环境保护厅 新公告：关于清理整治保定市境内废旧塑料加工企业的督查通知
河北省环境保护厅 新公告：关于严肃查处磁县、涉县污水处理厂存在问题的督察通知
河北省环境保护厅 新公告：威县郭牛村、赵牛村等地小皮革加工摊点环境违法问题的处理结果
河北省环境保护厅 新公告：保定市蠡县徐庄京华联营制革厂环境违法问题的处理结果
河北省环境保护厅 新公告：河北智慧彩钢建材有限公司环境违法问题的处理结果
河北省环境保护厅 新公告：深州市化肥总厂周边地下水污染问题的处理结果
河北省环境保护厅 新公告：廊坊三河市石料加工企业违法问题处理结果
河北省环境保护厅 新公告：石家庄市元氏县储煤场环境违法法问题整治结果
河北省环境保护厅 新公告：邯郸市肥乡县邯郸古杉能源有限公司及周边小企业环境违法问题的处理结果
河北省环境保护厅 新公告：山海关区石河水库周边违法建设项目的处理结果
河北省环境保护厅 新公告：深州市天翔化工有限公司环境违法问题的处理结果
河北省环境保护厅 新公告：承德市平泉县泰辉矿业有限公司环境违法问题的处理结果
河北省环境保护厅 新公告：柏乡君和化工有限公司环境违法问题的处理结果
河北省环境保护厅 新公告：关于严肃查处泰辉矿业有限公司环境问题的监察通知
河北省环境保护厅 新公告：关于严肃查处山海关石河水库关于严肃查处山海关石河水库
河北省环境保护厅 新公告：关于严肃查处元氏县储煤场环境违法问题的督查通知
河北省环境保护厅 新公告：关于严肃查处青县上伍乡上伍村芦苇塘污水超标问题的督查通知
河北省环境保护厅 新公告：关于严肃查处石家庄市染料厂污染问题的督查通知
河北省环境保护厅 新公告：关于责令三河市石料加工企业立即停止生产的督查通知
河北省环境保护厅 新公告：关于查处石家庄市石门大酒店噪声扰民问题的督查通知
河北省环境保护厅 新公告：关于限期解决牛尾河污染问题的函
河北省环境保护厅 新公告：关于严肃查处深州市天翔化工有限公司环境问题的督查通知
河北省环境保护厅 新公告：关于严肃查处永年县新兴、中兴造纸企业环境违法问题的督查通知
河北省环境保护厅 新公告：关于严肃查处河北永恒纸业有限公司环境违法问题的督查通知
河北省环境保护厅 新公告：关于严肃查处河北省柏乡县长城造纸厂环境违法问题的督查通知
河北省环境保护厅 新公告：关于严肃查处柏乡县金地纸业有限公司环境违法问题的督查通知
河北省环境保护厅 新公告：关于严肃查处石家庄泰丰铁业有限公司污染环境问题的督查通知
河北省环境保护厅 新公告：关于严肃查处河北怀来县万隆钢铁有限公司和建海钢铁有限公司环境污染问题的督查通知
河北省环境保护厅 新公告：关于责令邯郸峰峰明源物资有限公司停止生产的督查通知
河北省环境保护厅 新公告：关于严肃查处秦皇岛中信戴卡轮毂有限公司污染环境问题的督查通知
河北省环境保护厅 新公告：关于严肃查处迁安市污水处理厂环境违法行为的督查通知
河北省环境保护厅 新公告：关于严肃查处衡水京华化工厂环境违法问题的督查通知
河北省环境保护厅 新公告：关于查处衡水东风化工有限责任公司外排污水超标问题的督查通知
河北省环境保护厅 新公告：关于严肃查处沧州大化tdi公司环境违法问题的督查通知
河北省环境保护厅 新公告：关于严肃查处河北智慧彩钢建材有限公司环境违法问题的督查通知
河北省环境保护厅 新公告：关于严肃查处保定市蠡县徐庄京华联营制革厂环境违法问题的督查通知
河北省环境保护厅 新公告：关于严肃查处京沈高速公路两侧钢铁企业污染问题的督查通知
河北省环境保护厅 新公告：关于严肃查处滹沱河流域污染问题的督查通知
河北省环境保护厅 新公告：关于限期解决2007年国家、省级挂牌督办案件的督查通知
河北省环境保护厅 新公告：关于严肃查处深州市化肥总厂周边地下水污染问题的督查通知
河北省环境保护厅 新公告：关于对河北星火集团有限公司造纸厂污染环境问题查处情况的公告
河北省环境保护厅 新公告：藁城市三座砖窑督查通知
河北省环境保护厅 新公告：关于查处邯郸古杉能源有限公司及周边小企环境违法问题的督查通知
河北省环境保护厅 新公告：关于严肃查处大名县新盛化工有限公司环境违法问题的督查通知
河北省环境保护厅 新公告：关于严肃查处迁安市联钢鑫达钢铁有限公司环境违法问题的督查通知
河北省环境保护厅 新公告：关于严肃查处深泽县染厂污染环境问题的督查通知
河北省环境保护厅 新公告：关于严肃查处赤城县炮梁乡何家窑金矿
河北省环境保护厅 新公告：关于严肃查处黄骅东兴化工区
河北省环境保护厅 新公告：关于严肃查处玉田县涉铅企业污染问题的督查通知
河北省环境保护厅 新公告：关于责令邯武水泥厂限期整改的督查通知
河北省环境保护厅 新公告：关于严肃查处深泽县威龙糖醇有限公司环境违法问题的督查通知
河北省环境保护厅 新公告：关于严肃查处石家庄艾力格不锈钢制品有限公司环境违法问题的督查通知
河北省环境保护厅 新公告：关于加强黄骅市东兴工业小区环境监管的督查通知
河北省环境保护厅 新公告：关于加强对河北大田化工有限公司环境监管的督查通知
河北省环境保护厅 新公告：关于严肃查处吴桥县宏光纸业有限公司环境违法问题的督查通知
河北省环境保护厅 新公告：关于对河北海达化工有限公司加强监管的督查通知
河北省环境保护厅 新公告：关于查处河北诚信有限责任公司环境违法问题的督查通知
河北省环境保护厅 新公告：关于深州市天翔化工有限公司污染环境问题的督查通知
河北省环境保护厅 新公告：关于依法取缔沙河市小炼铁炉违法生产的督查通知
河北省环境保护厅 新公告：关于限期解决河北华戈染料化工股份有限公司存在问题的督查通知
河北省环境保护厅 新公告：关于立即拆除唐山市第一水泥厂违法建设水泥立窑的函
河北省环境保护厅 新公告：关于严肃查处饶阳县张各庄造纸厂污染环境问题的督查通知
河北省环境保护厅 新公告：关于严肃查处任丘市5家染厂污染环境问题的督查通知
河北省环境保护厅 新公告：关于严肃查处武安市明芳钢铁有限公司未批先建问题的督查通知
河北省环境保护厅 新公告：关于严肃查处唐山滦南县安各庄镇邢洪林料厂扬尘污染问题的督查通知
河北省环境保护厅 新公告：关于查处藁城市金鑫焦化有限公司环境违法问题的督查通知
河北省环境保护厅 新公告：关于深泽县深玉纸业有限公司实施停产整改的函
河北省环境保护厅 新公告：关于光大纸业有限公司实施停产整改的函
河北省环境保护厅 新公告：关于衡水市污水处理厂实施限期治理的函
河北省环境保护厅 新公告：关于河北冀衡磷肥股份有限公司实施限期整改的函
河北省环境保护厅 新公告：关于郭西电镀小区实施停产整改的函
河北省环境保护厅 新公告：关于邢台市农药有限公司实施停产治理并限期拆除设备的函
河北省环境保护厅 新公告：关于河北环达纸业有限公司实施停产整改的函
河北省环境保护厅 新公告：关于河北邢台康达纸业有限责任公司实施停产治理的函
河北省环境保护厅 新公告：关于永年县电镀工业小区实施限期治理的函
河北省环境保护厅 新公告：关于严肃查处廊坊萨丽伯特肠衣食品有限公司污染问题的督查通知
河北省环境保护厅 新公告：关于严肃查处献县红星电子材料有限公司污染环境问题的督查通知
河北省环境保护厅 新公告：关于迁安轧一联成钢铁集团污染环境问题的督查通知
河北省环境保护厅 新公告：关于严肃查处枣强县非法堆放玻璃钢废物污染环境问题的督查通知
河北省环境保护厅 新公告：关于严肃查处新乐市化皮冲压件厂违法生产的督查通知
河北省环境保护厅 新公告：河北省环境保护局关于报送突发环境事件应急联系方式的函
河北省环境保护厅 新公告：关于建立环境应急资料库的通知
河北省环境保护厅 新公告：关于中央电视台《焦点访谈》反映邢钢污染问题查处情况的通报
河北省环境保护厅 新公告：河北省生态环境监察工作信息第21期
河北省环境保护厅 新公告：关于严肃查处唐山粤丰钢铁有限责任公司污染环境问题的督查通知
河北省环境保护厅 新公告：关于严肃查处赵县大郝庄碳黑厂污染问题的督查通知
河北省环境保护厅 新公告：关于严肃查处秦皇岛市贾河河水被沿岸企业污染的督查通知
河北省环境保护厅 新公告：关于严肃查处平乡县河古庙村电镀企业环境违法案件的督查通知
河北省环境保护厅 新公告：关于严肃查处石家庄市炼油厂生活区周围化工企业污染大气情况的函
河北省环境保护厅 新公告：关于严肃查处唐山市遵化市黎河实业有限公司污染问题的督查通知
河北省环境保护厅 新公告：关于严肃查处唐山市迁安联钢三联钢铁有限公司迁安联钢宝成炼铁有限公司污染环境问题的督查通知
河北省环境保护厅 新公告：关于查处鸡泽县部分企业违法排污污染问题的督查通知
河北省环境保护厅 新公告：关于环境监察执法证年审的通知
河北省环境保护厅 新公告：关于加强电镀行业环境监管的通知
河北省环境保护厅 新公告：关于查处石家庄市、保定市违法制革场点转移污染情况的通报
河北省环境保护厅 新公告：关于查处存在环境污染隐患建设项目情况的督查通知
河北省环境保护厅 新公告：关于尽快解决武安市崔运生钢铁厂、铁矿厂污染问题的函
河北省环境保护厅 新公告：河北省环境保护局被国家环境保护总局授予“全国打击环境违法行为先进集体”荣誉称号
河北省环境保护厅 新公告：省领导关注环境信访举报工作
河北省环境保护厅 新公告：关于严肃查处唐山市开平与丰南区交界处焦化厂、化工厂污染问题的督查通知
河北省环境保护厅 新公告：关于严肃查处违法制革企业的督查通知
河北省环境保护厅 新公告：关于严肃查处违法制革企业的督查通知
河北省环境保护厅 新公告：关于表彰河北省打击环境违法行为先进集体和先进个人的通报
河北省环境保护厅 新公告：关于查处新河县通达机械附件厂环境污染问题的督查通知
河北省环境保护厅 新公告：关于严肃查处万全县万胜冶炼有限公司环境违法问题的督查通知
河北省环境保护厅 新公告：关于严肃查处涉县太行炼铁厂环境污染问题的督查通知
河北省环境保护厅 新公告：省环保局组织开展打击环境违法行为先进集体和先进个人评选活动
河北省环境保护厅 新公告：省环保局等六部门对全省环保专项整治行动工作进行联合督导检查
河北省环境保护厅 新公告：关于开展全省打击环境违法行为先进集体和先进个人评选的通知(3)
河北省环境保护厅 新公告：关于开展全省打击环境违法行为先进集体和先进个人评选的通知(2)
河北省环境保护厅 新公告：关于开展全省打击环境违法行为先进集体和先进个人评选的通知(1)
河北省环境保护厅 新公告：河北省环保局副局长杨智明在河北省环保整治专项行动第四次新闻发布会上的讲话
河北省环境保护厅 新公告：“环境执法大家谈”有奖征文活动我省成绩突出
河北省环境保护厅 新公告：2004年河北省环保局督查案件查处结果（2）
河北省环境保护厅 新公告：关于严肃查处邯郸恒天鞋业有限公司环境污染问题的督查通知
河北省环境保护厅 新公告：柏乡县政府认真落实督查通知精神严肃查处当地违法排污企业
河北省环境保护厅 新公告：河北省召开秋季秸秆禁烧工作调度会
河北省环境保护厅 新公告：关于严肃查处唐山市迁安市蓝海实业有限公司污染问题的督查通知
河北省环境保护厅 新公告：我省八部门制定打击地条钢建筑用材非法生产销售实施方案
河北省环境保护厅 新公告：关于转发国家六部门对2004年环保专项整治行动联合督查的通知
河北省环境保护厅 新公告：河北省环境保护工作领导小组关于保定市严肃处理徐水县涉铅企业环境违法问题情况的通报
河北省环境保护厅 新公告：关于严肃查处柏乡县造纸企业污染问题的督查通知
河北省环境保护厅 新公告：关于严肃查处赵县违法排污企业的督查通知
河北省环境保护厅 新公告：关于加强对沙河市、武安市小选矿厂监督管理的督查通知
河北省环境保护厅 新公告：关于严肃查处阜城永发糠醛有限公司环境污染问题的督查通知
河北省环境保护厅 新公告：杨智明副局长在河北省环保整治专项行动第三次新闻发布会上的讲话
河北省环境保护厅 新公告：关于贯彻实施新修订《火电厂大气污染物排放标准》的通知
河北省环境保护厅 新公告：关于拒绝缴纳大气污染排污费法律适用问题的复函
河北省环境保护厅 新公告：关于限制营业性饮食服务单位和娱乐场所夜间工作时间的复函
河北省环境保护厅 新公告：关于污染源自动监测监控设备属于环境保护设施的复函
河北省环境保护厅 新公告：关于对城市污水集中处理设施处理后污泥法律适用问题的复函
河北省环境保护厅 新公告：关于自来水厂排放废水中污染物排放量核定方法等有关问题的复函
河北省环境保护厅 新公告：河北省环保局副局长孙彦敏在河北省环保整治专项行动第二次新闻发布会上的讲话
河北省环境保护厅 新公告：关于召开暑期环境信访工作稽查队长紧急调度会议的通知
河北省环境保护厅 新公告：河北省环境保护局关于做好暑期环境信访工作的紧急通知
河北省环境保护厅 新公告：关于严肃查处石家庄市井陉矿区嘉华特种水泥有限公司污染问题的督查通知
河北省环境保护厅 新公告：关于严肃查处承德永和水泥有限责任公司环境污染问题的督查通知
河北省环境保护厅 新公告：关于加强2004年秸秆禁烧和综合利用工作的通知
河北省环境保护厅 新公告：杨智明副局长在全省环保专项行动工作调度会暨建设项目环境管理会议上的讲话
河北省环境保护厅 新公告：关于各市报送环保专项整治行动第一阶段有关情况的通报
河北省环境保护厅 新公告：关于召开全省环保专项行动工作调度会暨建设项目环境管理会议的通知
河北省环境保护厅 新公告：关于环保部门在调查取证过程中先行登记保存适用问题的复函
河北省环境保护厅 新公告：关于查处邯郸市两家小炼铁环境污染问题的督查通知
河北省环境保护厅 新公告：河北省环保专项整治行动阶段性工作情况
河北省环境保护厅 新公告：2004年开展排查环境污染隐患保障群众环保权益专项行动省重点督查案件
河北省环境保护厅 新公告：关于督查上报重点环境案件处理结果的通知
河北省环境保护厅 新公告：关于查处石家庄市高邑县花园村周边炼铁厂环境污染问题的督查通知
河北省环境保护厅 新公告：河北省召开电视电话会议布置全省整治违法排污企业保障群众健康环保专项行动
河北省环境保护厅 新公告：柳宝全副省长在全省整治违法排污企业保障群众健康环保专项行动电视电话会议上的讲话
河北省环境保护厅 新公告：国家环保总局副局长汪纪戎在全国整治违法排污企业保障群众健康环保专项行动电视电话会议上的讲话
河北省环境保护厅 新公告：关于查处水泥厂、选矿厂环境污染问题的督查通知
河北省环境保护厅 新公告：唐山市环保局督查滦县九百户镇闵庄村“土炼油”
河北省环境保护厅 新公告：河北省环保局迅速查处井陉县药材公司倒卖医疗垃圾的问题
河北省环境保护厅 新公告：河北省环保局查处省二监狱机械加工厂噪声污染的问题
河北省环境保护厅 新公告：河北省环保局督查《绿色家园》曝光邢台市、唐山市污染企业问题
河北省环境保护厅 新公告：2003年河北省环保局督查案件查处结果（1）
河北省环境保护厅 新公告：2004年河北省环保局督查案件查处结果（1）
河北省环境保护厅 新公告：2003年河北省环保局督查案件查处结果（2）
河北省环境保护厅 新公告：关于开展“排查环境污染隐患，保障群众环境权益”专项行动的紧急通知
河北省环境保护厅 新公告：以案说法提要求内强素质砺队伍
河北省环境保护厅 新公告：关于严肃查处鹿泉市宏源冶炼厂污染问题的督查通知
河北省环境保护厅 新公告：关于严肃查处河北新金钢铁有限公司违法建设排污问题的督查通知
河北省环境保护厅 新公告：关于严肃查处唐山市迁西县圣丰钢铁有限公司违法建设生产问题的督查通知
河北省环境保护厅 新公告：关于表彰河北省秸秆禁烧和综合利用工作先进单位和先进个人名单的通知
河北省环境保护厅 新公告：关于做好全国“两会”期间我省环境信访工作的通知
河北省环境保护厅 新公告：关于严肃查处唐山市新龙皮塑有限公司污染问题的督查通知
河北省环境保护厅 新公告：关于查处高邑县大夫庄村四家企业违法生产排污问题的督查通知
河北省环境保护厅 新公告：关于严肃查处藁城市宏泰人造板厂污染问题的督查通知
河北省环境保护厅 新公告：关于严肃查处辛集、无极制革区污水超标排放的督查通知
河北省环境保护厅 新公告：关于严肃查处盐山县春凤船舶压铁铸造厂地条钢非法生产线的督查通知
河北省环境保护厅 新公告：关于进一步做好“环境保护省长电话”办理工作的通知
河北省环境保护厅 新公告：关于严肃查处清河县八方纸业有限公司非法排污问题的督查通知
河北省环境保护厅 新公告：关于严肃查处赵县汇康精细化工有限公司污染问题的督查通知
河北省环境保护厅 新公告：关于查处石家庄市鑫豪化工有限公司污染问题的督查通知
河北省环境保护厅 新公告：河北省环境执法稽查大队开展环保严查专项行动情况总结
河北省环境保护厅 新公告：河北省2003年秸秆禁烧和综合利用工作情况
河北省环境保护厅 新公告：河北省第二批重点环境违法案件及处理情况
河北省环境保护厅 新公告：关于严肃查处任丘市星火造纸集团擅自停运治理设施问题的督查通知
河北省环境保护厅 新公告：关于严肃查处宣化四方钢铁冶炼有限公司环境违法案件的督查通知
河北省环境保护厅 新公告：关于查处定州市李亲顾镇柳宿村多家镀锌厂、拔丝厂污染问题的督查通知
河北省环境保护厅 新公告：关于严肃查处昌黎县刘台庄镇、朱各庄小轧钢厂、土焦炭厂环境污染问题的督查通知
河北省环境保护厅 新公告：关于严肃查处行唐县东秀村两造纸厂污染问题的督查通知
河北省环境保护厅 新公告：关于严肃查处昌黎县靖安镇张各庄违规建设土炼焦厂问题的督查通知
河北省环境保护厅 新公告：关于严肃查处承德恒远钢铁有限责任公司新上两座128立方米炼铁高炉项目未经环保部门批准擅自开工建...
河北省环境保护厅 新公告：关于严肃查处青龙县新源炼铁有限公司违法生产问题的督查通知
河北省环境保护厅 新公告：关于严肃查处新乐市化肥厂污染问题的督查通知
河北省环境保护厅 新公告：关于查处磁河污染问题的督查通知
河北省环境保护厅 新公告：关于严肃查处磁县宏鹏有限公司东昊分公司硫酸厂污染问题的督查通知
河北省环境保护厅 新公告：关于查处满城县烧制石灰开山碎石小企业污染问题的督查通知
河北省环境保护厅 新公告：关于严肃查处乐亭县汀流河镇恒安实业有限公司污染问题的督查通知
河北省环境保护厅 新公告：关于严肃查处枣强县大营镇染皮厂的督查通知
河北省环境保护厅 新公告：关于严肃查处承德建龙钢铁水泥有限责任公司污染问题的督查通知
河北省环境保护厅 新公告：关于2003年全省夏季秸秆禁烧和综合利用工作情况的通报
河北省环境保护厅 新公告：各市向社会公布重点环境违法案件情况
河北省环境保护厅 新公告：省环保局在严查行动中查处的重点案件
河北省环境保护厅一共有456条新公告，导入数据库中......
河北省环境保护厅公告导入完成！
