河南省环境保护厅 一共有11页
河南省环境保护厅 新公告：行政处罚决定书河南金渠黄金股份有限公司
河南省环境保护厅 新公告：行政处罚决定书渑池县仰韶磨料磨具有限公司耐火材料厂
河南省环境保护厅 新公告：行政处罚决定书洛阳热力有限公司
河南省环境保护厅 新公告：行政处罚决定书洛阳榕拓焦化有限责任公司
河南省环境保护厅 新公告：行政处罚决定书河南毅联再生资源科技有限公司
河南省环境保护厅 新公告：行政处罚决定书三门峡捷马电化有限公司
河南省环境保护厅 新公告：行政处罚决定书河南能源化工集团精细化工有限公司
河南省环境保护厅 新公告：行政处罚决定书巩义市银兴铝业有限公司
河南省环境保护厅 新公告：行政处罚决定书灵宝华鑫铜箔有限责任公司
河南省环境保护厅 新公告：行政处罚决定书汝州市汝丰焦化有限公司
河南省环境保护厅 新公告：行政处罚决定书华能渑池热电有限责任公司
河南省环境保护厅 新公告：行政处罚决定书三门峡锦华化工有限公司
河南省环境保护厅 新公告：行政处罚决定书郑州裕中能源有限责任公司
河南省环境保护厅 新公告：责令改正环境违法行为决定书（郑州裕中能源有限责任公司）
河南省环境保护厅 新公告：行政处罚决定书联熹(新乡)污水处理有限公司
河南省环境保护厅 新公告：行政处罚决定书郑州市第十六人民医院
河南省环境保护厅 新公告：行政处罚决定书鹤壁市宝马化肥厂
河南省环境保护厅 新公告：行政处罚决定书范县濮王污水处理有限责任公司
河南省环境保护厅 新公告：行政处罚决定书南阳新大地陶瓷有限公司
河南省环境保护厅 新公告：行政处罚决定书河南英奇陶瓷有限公司
河南省环境保护厅 新公告：行政处罚决定书汝州市汝丰焦化有限公司
河南省环境保护厅 新公告：行政处罚决定书中国平煤神马集团平顶山朝川焦化有限公司
河南省环境保护厅 新公告：行政处罚决定书汝州天瑞煤焦化有限公司
河南省环境保护厅 新公告：行政处罚决定书三门峡惠能热电有限责任公司
河南省环境保护厅 新公告：行政处罚决定书河南省顺成集团煤焦有限公司
河南省环境保护厅 新公告：行政处罚决定书范县濮王污水处理有限责任公司
河南省环境保护厅 新公告：行政处罚决定书联熹（新乡）污水处理有限公司
河南省环境保护厅 新公告：行政处罚决定书河南李固特种水泥有限公司
河南省环境保护厅 新公告：行政处罚决定书鹤壁煤电股份有限公司化工分公司
河南省环境保护厅 新公告：行政处罚决定书三门峡惠能热电有限责任公司
河南省环境保护厅 新公告：行政处罚决定书洛阳欣隆工程检测有限公司
河南省环境保护厅 新公告：行政处罚决定书鹤壁煤电股份有限公司化工分公司
河南省环境保护厅 新公告：行政处罚决定书河南李固特种水泥有限公司
河南省环境保护厅 新公告：行政处罚决定书河南永安水泥有限责任公司
河南省环境保护厅 新公告：行政处罚决定书鹤壁煤电股份有限公司化工分公司
河南省环境保护厅 新公告：行政处罚决定书三门峡惠能热电有限责任公司
河南省环境保护厅 新公告：行政处罚决定书鹤壁煤电股份有限公司热电厂
河南省环境保护厅 新公告：行政处罚决定书鹤壁煤电股份有限公司热电厂
河南省环境保护厅 新公告：行政处罚决定书鹤壁煤电股份有限公司化工分公司
河南省环境保护厅 新公告：行政处罚决定书河南新乡华星药厂
河南省环境保护厅 新公告：行政处罚决定书濮阳龙宇化工有限责任公司
河南省环境保护厅 新公告：行政处罚决定书鹤壁煤电股份有限公司化工分公司
河南省环境保护厅 新公告：行政处罚决定书三门峡惠能热电有限责任公司-6号
河南省环境保护厅 新公告：行政处罚决定书三门峡惠能热电有限责任公司-5号
河南省环境保护厅 新公告：行政处罚决定书三门峡惠能热电有限责任公司-4号
河南省环境保护厅 新公告：行政处罚决定书鹤壁煤电股份有限公司化工分公司
河南省环境保护厅 新公告：行政处罚决定书鹤壁煤电股份有限公司热电厂
河南省环境保护厅 新公告：行政处罚决定书三门峡惠能热电有限责任公司
河南省环境保护厅 新公告：行政处罚决定书新乡市黄河白水泥有限责任公司
河南省环境保护厅 新公告：行政处罚决定书平顶山市泓丰选煤焦化厂
河南省环境保护厅 新公告：行政处罚决定书万基控股集团有限公司
河南省环境保护厅 新公告：行政处罚决定书平顶山市东鑫焦化有限责任公司
河南省环境保护厅 新公告：行政处罚决定书河南晋开化工投资控股集团有限责任公司
河南省环境保护厅 新公告：行政处罚决定书义马环保电力有限公司
河南省环境保护厅 新公告：行政处罚决定书洛阳义安电力有限公司
河南省环境保护厅 新公告：行政处罚决定书洛玻集团洛阳龙昊玻璃有限公司
河南省环境保护厅 新公告：行政处罚决定书三门峡惠能热电有限责任公司
河南省环境保护厅 新公告：行政处罚决定书万基控股集团有限公司
河南省环境保护厅 新公告：行政处罚决定书洛阳义安电力有限公司
河南省环境保护厅 新公告：行政处罚决定书河南省中联玻璃有限责任公司
河南省环境保护厅 新公告：行政处罚决定书河南华丽美陶瓷有限公司
河南省环境保护厅 新公告：行政处罚决定书汝州市华港陶瓷有限公司
河南省环境保护厅 新公告：行政处罚决定书河南省煜晟镍业有限责任公司
河南省环境保护厅 新公告：行政处罚决定书濮阳龙宇化工有限责任公司
河南省环境保护厅 新公告：行政处罚决定书昊华宇航化工有限责任公司
河南省环境保护厅 新公告：行政处罚决定书河南益丰畜禽养殖有限公司
河南省环境保护厅 新公告：行政处罚决定书汝州中岳科技制釉有限公司
河南省环境保护厅 新公告：行政处罚决定书洛阳中硅高科技有限公司
河南省环境保护厅 新公告：行政处罚决定书洛阳中硅高科技有限公司
河南省环境保护厅 新公告：行政处罚决定书河南省力神机械有限公司
河南省环境保护厅 新公告：行政处罚决定书濮阳龙丰纸业有限公司
河南省环境保护厅 新公告：行政处罚决定书焦作市广兴化工有限责任公司
河南省环境保护厅 新公告：行政处罚决定书鹤壁煤电股份有限公司热电厂
河南省环境保护厅 新公告：行政处罚决定书安阳永金化工有限公司
河南省环境保护厅 新公告：行政处罚决定书濮阳市雨泽牧业有限公司
河南省环境保护厅 新公告：行政处罚决定书河南太平种猪繁育有限公司
河南省环境保护厅 新公告：行政处罚决定书洛阳义安电力有限公司
河南省环境保护厅 新公告：行政处罚决定书洛阳义安电力有限公司
河南省环境保护厅 新公告：行政处罚决定书许昌宏伟热力有限责任公司
河南省环境保护厅 新公告：行政处罚决定书嵩县金牛有限责任公司
河南省环境保护厅 新公告：行政处罚决定书河南鸽瑞复合材料有限公司
河南省环境保护厅 新公告：行政处罚决定书万基控股集团有限公司
河南省环境保护厅 新公告：行政处罚决定书洛阳义安电力有限公司
河南省环境保护厅 新公告：行政处罚决定书上海现代哈森（商丘）药业有限公司
河南省环境保护厅 新公告：行政处罚决定书开封华瑞化工新材料股份有限公司
河南省环境保护厅 新公告：行政处罚决定书中国平煤神马集团联合盐化有限责任公司
河南省环境保护厅 新公告：行政处罚决定书洛阳捷胜通矿业发展有限公司
河南省环境保护厅 新公告：行政处罚决定书新乡中新化工有限责任公司
河南省环境保护厅 新公告：行政处罚决定书安阳灵锐热电有限责任公司
河南省环境保护厅 新公告：行政处罚决定书安阳九天精细化工有限责任公司
河南省环境保护厅 新公告：行政处罚决定书新乡豫新发电有限责任公司
河南省环境保护厅 新公告：行政处罚决定书平顶山市宏业泰工贸有限公司
河南省环境保护厅 新公告：行政处罚决定书河南省中联玻璃有限责任公司
河南省环境保护厅 新公告：行政处罚决定书河南华冠养元饮料有限公司
河南省环境保护厅 新公告：行政处罚决定书万基控股集团有限公司
河南省环境保护厅 新公告：行政处罚决定书卢氏县北方矿业有限公司
河南省环境保护厅 新公告：行政处罚决定书郏县银泰陶瓷有限公司
河南省环境保护厅 新公告：行政处罚决定书河南安彩高科股份有限公司
河南省环境保护厅 新公告：行政处罚决定书河南省远创生物科技有限公司
河南省环境保护厅 新公告：行政处罚决定书焦作云阳铝业有限公司
河南省环境保护厅 新公告：行政处罚决定书范县濮王污水处理有限责任公司
河南省环境保护厅 新公告：行政处罚决定书昊华宇航化工有限责任公司
河南省环境保护厅 新公告：行政处罚决定书河南利华制药有限公司
河南省环境保护厅 新公告：行政处罚决定书孟州市桑坡污水处理有限公司
河南省环境保护厅 新公告：行政处罚决定书南阳热电有限责任公司
河南省环境保护厅 新公告：行政处罚决定书开封空分集团有限公司
河南省环境保护厅 新公告：行政处罚决定书三门峡缘分果业有限公司陕县分公司
河南省环境保护厅 新公告：行政处罚决定书嵩县庙岭金矿有限公司
河南省环境保护厅 新公告：行政处罚决定书河南晋成陶瓷有限公司
河南省环境保护厅 新公告：行政处罚决定书河南金利金铅有限公司
河南省环境保护厅 新公告：行政处罚决定书漯河兴茂钛业股份有限公司
河南省环境保护厅 新公告：行政处罚决定书杞县宏四发皮革有限公司
河南省环境保护厅 新公告：行政处罚决定书大唐邓州生物质能热电有限责任公司
河南省环境保护厅 新公告：行政处罚决定书郑州市郑东新区热电有限公司
河南省环境保护厅 新公告：行政处罚决定书郑州新力电力有限公司
河南省环境保护厅 新公告：行政处罚决定书郑州新力电力有限公司
河南省环境保护厅 新公告：行政处罚决定书中电投河南电力有限公司开封发电分公司
河南省环境保护厅 新公告：行政处罚决定书镇平县污水处理中心
河南省环境保护厅 新公告：行政处罚决定书禹州市灵威水泥熟料有限公司
河南省环境保护厅 新公告：行政处罚决定书安阳宇浩金属制品有限公司
河南省环境保护厅 新公告：行政处罚决定书华能沁北发电有限责任公司
河南省环境保护厅 新公告：行政处罚决定书洛宁紫金黄金冶炼有限公司
河南省环境保护厅 新公告：行政处罚决定书河南锦荣水泥有限公司
河南省环境保护厅 新公告：行政处罚决定书河南天方药业股份有限公司
河南省环境保护厅 新公告：行政处罚决定书河南宇晖炭素制品有限公司
河南省环境保护厅 新公告：行政处罚决定书郑州荣奇（俱进）热电能源有限公司
河南省环境保护厅 新公告：行政处罚决定书中国平煤神马集团开封东大化工有限公司
河南省环境保护厅 新公告：行政处罚决定书河南永煤碳纤维有限公司
河南省环境保护厅 新公告：行政处罚决定书河南神马尼龙化工有限责任公司
河南省环境保护厅 新公告：行政处罚决定书河南新乡华星药厂
河南省环境保护厅 新公告：行政处罚决定书河南新乡华星药厂
河南省环境保护厅 新公告：行政处罚决定书河南济源钢铁（集团）有限公司
河南省环境保护厅 新公告：行政处罚决定书新乡新亚纸业集团股份有限公司
河南省环境保护厅 新公告：行政处罚决定书洛阳富川矿业有限公司
河南省环境保护厅 新公告：行政处罚决定书卫辉市春江水泥有限公司
河南省环境保护厅 新公告：行政处罚决定书河南孟电集团水泥有限公司
河南省环境保护厅 新公告：行政处罚决定书河南嵩岳碳素有限公司
河南省环境保护厅 新公告：行政处罚决定书洛阳伟业轧钢有限公司
河南省环境保护厅 新公告：行政处罚决定书淅川县九晟光伏材料有限公司
河南省环境保护厅 新公告：行政处罚决定书洛阳榕拓焦化有限责任公司
河南省环境保护厅 新公告：行政处罚决定书中铝中州矿业有限公司
河南省环境保护厅 新公告：行政处罚决定书河南京宝新奥新能源有限公司
河南省环境保护厅 新公告：行政处罚决定书南阳市理邦制药有限公司
河南省环境保护厅 新公告：行政处罚决定书新乡市国银化工有限公司
河南省环境保护厅 新公告：行政处罚决定书河南钧鼎电子科技发展股份有限公司
河南省环境保护厅 新公告：行政处罚决定书开封金帝化工有限公司
河南省环境保护厅 新公告：行政处罚决定书安阳首创水务有限公司
河南省环境保护厅 新公告：行政处罚决定书洛阳市水业资产投资管理有限公司涧西污水处理厂
河南省环境保护厅 新公告：行政处罚决定书河南东华鼎盛热力有限公司
河南省环境保护厅 新公告：行政处罚决定书富泰华精密电子（济源）有限公司
河南省环境保护厅 新公告：行政处罚决定书河南绿园药业有限公司
河南省环境保护厅 新公告：行政处罚决定书新乡市辉普化工科技有限公司
河南省环境保护厅 新公告：行政处罚决定书河南省顺成集团煤焦有限公司
河南省环境保护厅 新公告：行政处罚决定书安阳长江铁合金有限责任公司
河南省环境保护厅 新公告：行政处罚决定书济源武山振龙电源有限公司
河南省环境保护厅 新公告：行政处罚决定书河南天盛化学工业有限公司
河南省环境保护厅 新公告：行政处罚决定书河南开祥化工有限公司
河南省环境保护厅 新公告：行政处罚决定书南阳广电同方数字电视有限责任公司
河南省环境保护厅 新公告：行政处罚决定书淅川县九信电化有限公司
河南省环境保护厅 新公告：行政处罚决定书陕县申家窑金矿有限责任公司
河南省环境保护厅 新公告：行政处罚决定书河南晋开化工投资控股集团有限责任公司二公司
河南省环境保护厅 新公告：行政处罚决定书郑州海王微粉有限公司
河南省环境保护厅 新公告：行政处罚决定书林州市污水处理有限公司
河南省环境保护厅 新公告：行政处罚决定书河南四铃实业有限公司
河南省环境保护厅 新公告：行政处罚决定书三门峡义翔铝业有限公司
河南省环境保护厅 新公告：行政处罚决定书洛阳东华鼎盛热力有限公司
河南省环境保护厅 新公告：行政处罚决定书义马环保电力有限公司
河南省环境保护厅 新公告：行政处罚决定书中国平煤神马集团许昌首山焦化有限公司
河南省环境保护厅 新公告：行政处罚决定书河南省首创科技化工有限公司
河南省环境保护厅 新公告：行政处罚决定书平顶山市神鹰盐业有限公司
河南省环境保护厅 新公告：行政处罚决定书河南省万丰源橡胶有限公司
河南省环境保护厅 新公告：行政处罚决定书汝州市保剑建材有限公司
河南省环境保护厅 新公告：行政处罚决定书焦作凯森药业有限公司
河南省环境保护厅 新公告：行政处罚决定书河南今越生物技术有限公司
河南省环境保护厅 新公告：行政处罚决定书信阳市鸡公山酒业有限公司
河南省环境保护厅 新公告：行政处罚决定书商丘凯瑞达化工有限公司
河南省环境保护厅 新公告：行政处罚决定书河南神火发电有限公司
河南省环境保护厅 新公告：行政处罚决定书兰考县聚能新材料有限公司
河南省环境保护厅 新公告：行政处罚决定书三门峡捷马电化有限公司
河南省环境保护厅 新公告：行政处罚决定书温县神龙化纤有限公司
河南省环境保护厅 新公告：行政处罚决定书武陟县明生皮业有限公司
河南省环境保护厅 新公告：行政处罚决定书河南万东牧业有限公司舞钢原种猪场
河南省环境保护厅 新公告：行政处罚决定书河南省豫源清生物科技工程有限公司义马污水处理厂
河南省环境保护厅 新公告：行政处罚决定书鹤壁同力发电有限责任公司
河南省环境保护厅 新公告：行政处罚决定书焦作金冠嘉华电力有限公司
河南省环境保护厅 新公告：行政处罚决定书安钢集团信阳钢铁有限责任公司
河南省环境保护厅 新公告：行政处罚决定书河南炎晔化工科技有限公司
河南省环境保护厅 新公告：行政处罚决定书晋开化工投资控股集团有限责任公司
河南省环境保护厅 新公告：行政处罚决定书新乡新亚纸业集团股份有限公司
河南省环境保护厅 新公告：行政处罚决定书河南省龙源纸业股份有限公司
河南省环境保护厅 新公告：行政处罚决定书瑞庆汽车发动机技术有限公司
河南省环境保护厅 新公告：行政处罚决定书灵宝市豫西矿业有限责任公司
河南省环境保护厅 新公告：行政处罚决定书河南三丽电源股份有限公司
河南省环境保护厅 新公告：行政处罚决定书三门峡美乐化工有限公司
河南省环境保护厅 新公告：行政处罚决定书三门峡昊运化工有限公司
河南省环境保护厅 新公告：行政处罚决定书三门峡中达化工有限公司
河南省环境保护厅 新公告：行政处罚决定书汝州市中天牧业有限公司
河南省环境保护厅 新公告：行政处罚决定书郑州沃原化工股份有限公司
河南省环境保护厅 新公告：行政处罚决定书淅川县九信电化有限公司
河南省环境保护厅 新公告：行政处罚决定书开曼(陕县)能源综合利用有限公司
河南省环境保护厅 新公告：行政处罚决定书河南省大地水泥有限公司
河南省环境保护厅 新公告：行政处罚决定书河南神马氯碱发展有限公司
河南省环境保护厅 新公告：行政处罚决定书平顶山瑞平石龙水泥有限公司
河南省环境保护厅 新公告：行政处罚决定书国能浚县生物发电有限公司
河南省环境保护厅 新公告：行政处罚决定书辉县市瑞恒化工有限公司
河南省环境保护厅 新公告：行政处罚决定书三门峡义翔铝业有限公司
河南省环境保护厅 新公告：行政处罚决定书固始环宇化工有限公司
河南省环境保护厅 新公告：行政处罚决定书中国平煤神马集团许昌首山焦化有限公司
河南省环境保护厅 新公告：行政处罚决定书河南金锐达不锈钢薄板有限公司
河南省环境保护厅 新公告：行政处罚决定书南阳天冉香料有限公司
河南省环境保护厅 新公告：行政处罚决定书河南省中原大化集团有限责任公司
河南省环境保护厅 新公告：行政处罚决定书洛阳阳光热电有限公司
河南省环境保护厅 新公告：行政处罚决定书三门峡捷马电化有限公司
河南省环境保护厅一共有213条新公告，导入数据库中......
河南省环境保护厅公告导入完成！
