浙江省环境保护厅 一共有7页
浙江省环境保护厅 新公告：关于吊销温州市中金岭南科技环保有限公司的危险废物经营许可证的公示
浙江省环境保护厅 新公告：浙江省环境保护厅2017年度行政处罚结果信息公开一览表
浙江省环境保护厅 新公告：温州市中金环保有限公司非法处置危险废物行政处罚案
浙江省环境保护厅 新公告：温州市中金环保有限公司非法处置危险废物行政处罚案
浙江省环境保护厅 新公告：浙江省2016年第四季度主要污染物严重超标国家重点监控企业处理情况
浙江省环境保护厅 新公告：浙江省2016年第四季度主要污染物严重超标国家重点监控企业处理情况
浙江省环境保护厅 新公告：2016年浙江省环保厅（省行政复议局）受理审查的行政复议案件情况
浙江省环境保护厅 新公告：2016年浙江省环保厅被行政复议情况
浙江省环境保护厅 新公告：金华乌拉环保能源有限公司超标排污行政处罚案
浙江省环境保护厅 新公告：浙江省环境保护厅责令改正违法行为决定书
浙江省环境保护厅 新公告：浙江省环境保护厅2016年（1－4月）行政处罚结果信息公开一览表
浙江省环境保护厅 新公告：宁波市第二医院行政处罚案
浙江省环境保护厅 新公告：湖州加怡新市热电有限公司行政处罚决定案
浙江省环境保护厅 新公告：浙江三星热电有限公司行政处罚案
浙江省环境保护厅 新公告：国网浙江省电力公司宁波供电公司行政处罚案
浙江省环境保护厅 新公告：行政处罚决定书（嘉兴中华热电开发有限公司）
浙江省环境保护厅 新公告：浙江省环境保护厅2015年度行政处罚结果信息公开一览表
浙江省环境保护厅 新公告：浙江省环境保护厅2015年度行政处罚结果信息公开一览表
浙江省环境保护厅 新公告：浙江省环境保护厅2015年度行政处罚结果信息公开一览表
浙江省环境保护厅 新公告：浙江省环境保护厅2015年度行政处罚结果信息公开一览表
浙江省环境保护厅 新公告：行政处罚听证告知书（中华人民共和国舟山海事局）
浙江省环境保护厅 新公告：行政处罚听证告知书（中华人民共和国舟山海事局）
浙江省环境保护厅 新公告：2014年浙江省环保厅环境违法案件查处登记表
浙江省环境保护厅 新公告：2014年浙江省环保厅环境违法案件查处登记表
浙江省环境保护厅 新公告：环境违法行为限期改正决定书（台州电业局）
浙江省环境保护厅 新公告：环境违法行为限期改正决定书（台州电业局）
浙江省环境保护厅 新公告：行政处罚决定书（浙江赐富化纤有限公司）
浙江省环境保护厅 新公告：行政处罚决定书（浙江赐富化纤有限公司）
浙江省环境保护厅 新公告：行政处罚决定书（浙江开化合成材料有限公司）
浙江省环境保护厅 新公告：行政处罚决定书（浙江开化合成材料有限公司）
浙江省环境保护厅 新公告：行政处罚听证告知书（浙江开化合成材料有限公司）
浙江省环境保护厅 新公告：行政处罚听证告知书（浙江开化合成材料有限公司）
浙江省环境保护厅 新公告：行政处罚听证告知书（浙江赐富化纤有限公司）
浙江省环境保护厅 新公告：行政处罚听证告知书（浙江赐富化纤有限公司）
浙江省环境保护厅 新公告：行政处罚决定书（浙江浙能洞头风力发电有限公司）
浙江省环境保护厅 新公告：行政处罚决定书（浙江浙能洞头风力发电有限公司）
浙江省环境保护厅 新公告：行政处罚决定书（温州市益科环保科技有限公司）
浙江省环境保护厅 新公告：行政处罚决定书（温州市益科环保科技有限公司）
浙江省环境保护厅 新公告：行政处罚听证告知书（温州市益科环保科技有限公司）
浙江省环境保护厅 新公告：行政处罚听证告知书（温州市益科环保科技有限公司）
浙江省环境保护厅 新公告：行政处罚强制执行申请书（绍兴华鑫环保科技有限公司）
浙江省环境保护厅 新公告：行政处罚强制执行申请书（浙江荣成纸业有限公司）
浙江省环境保护厅 新公告：行政处罚强制执行申请书（绍兴华鑫环保科技有限公司）
浙江省环境保护厅 新公告：行政处罚强制执行申请书（浙江荣成纸业有限公司）
浙江省环境保护厅 新公告：环境违法行为限期改正决定书（浙江省电力公司超高压建设分公司）
浙江省环境保护厅 新公告：环境违法行为限期改正决定书（浙江省电力公司超高压建设分公司）
浙江省环境保护厅 新公告：行政处罚听证告知书（浙江三星热电有限公司）
浙江省环境保护厅 新公告：行政处罚决定书(嘉兴市固体废物处置有限责任公司)
浙江省环境保护厅 新公告：行政处罚听证告知书（浙江三星热电有限公司）
浙江省环境保护厅 新公告：行政处罚决定书(嘉兴市固体废物处置有限责任公司)
浙江省环境保护厅 新公告：行政处罚听证告知书（嘉兴市固体废物处置有限责任公司）
浙江省环境保护厅 新公告：行政处罚听证告知书（嘉兴市固体废物处置有限责任公司）
浙江省环境保护厅 新公告：行政处罚决定书（嘉兴永明石化有限公司）
浙江省环境保护厅 新公告：行政处罚决定书（嘉兴永明石化有限公司）
浙江省环境保护厅 新公告：行政处罚听证告知书（嘉兴永明石化有限公司）
浙江省环境保护厅 新公告：行政处罚听证告知书（嘉兴永明石化有限公司）
浙江省环境保护厅 新公告：环境违法行为限期改正决定书（浙江三星热电有限公司）
浙江省环境保护厅 新公告：环境违法行为限期改正决定书（浙江三星热电有限公司）
浙江省环境保护厅 新公告：履行行政处罚决定催告书（浙江荣成纸业有限公司）
浙江省环境保护厅 新公告：履行行政处罚决定催告书（浙江荣成纸业有限公司）
浙江省环境保护厅 新公告：行政处罚决定书（杭州士兰集成电路有限公司）
浙江省环境保护厅 新公告：行政处罚听证告知书（中华人民共和国舟山海事局）
浙江省环境保护厅 新公告：行政处罚听证告知书（中华人民共和国舟山海事局）
浙江省环境保护厅 新公告：2014年浙江省环保厅环境违法案件查处登记表
浙江省环境保护厅 新公告：2014年浙江省环保厅环境违法案件查处登记表
浙江省环境保护厅 新公告：环境违法行为限期改正决定书（台州电业局）
浙江省环境保护厅 新公告：环境违法行为限期改正决定书（台州电业局）
浙江省环境保护厅 新公告：行政处罚决定书（浙江赐富化纤有限公司）
浙江省环境保护厅 新公告：行政处罚决定书（浙江赐富化纤有限公司）
浙江省环境保护厅 新公告：行政处罚决定书（浙江开化合成材料有限公司）
浙江省环境保护厅 新公告：行政处罚决定书（浙江开化合成材料有限公司）
浙江省环境保护厅 新公告：行政处罚听证告知书（浙江开化合成材料有限公司）
浙江省环境保护厅 新公告：行政处罚听证告知书（浙江开化合成材料有限公司）
浙江省环境保护厅 新公告：行政处罚听证告知书（浙江赐富化纤有限公司）
浙江省环境保护厅 新公告：行政处罚听证告知书（浙江赐富化纤有限公司）
浙江省环境保护厅 新公告：行政处罚决定书（浙江浙能洞头风力发电有限公司）
浙江省环境保护厅 新公告：行政处罚决定书（浙江浙能洞头风力发电有限公司）
浙江省环境保护厅 新公告：行政处罚决定书（温州市益科环保科技有限公司）
浙江省环境保护厅 新公告：行政处罚决定书（温州市益科环保科技有限公司）
浙江省环境保护厅 新公告：行政处罚听证告知书（温州市益科环保科技有限公司）
浙江省环境保护厅 新公告：行政处罚听证告知书（温州市益科环保科技有限公司）
浙江省环境保护厅 新公告：行政处罚强制执行申请书（绍兴华鑫环保科技有限公司）
浙江省环境保护厅 新公告：行政处罚强制执行申请书（浙江荣成纸业有限公司）
浙江省环境保护厅 新公告：行政处罚强制执行申请书（绍兴华鑫环保科技有限公司）
浙江省环境保护厅 新公告：行政处罚强制执行申请书（浙江荣成纸业有限公司）
浙江省环境保护厅 新公告：环境违法行为限期改正决定书（浙江省电力公司超高压建设分公司）
浙江省环境保护厅 新公告：环境违法行为限期改正决定书（浙江省电力公司超高压建设分公司）
浙江省环境保护厅 新公告：行政处罚听证告知书（浙江三星热电有限公司）
浙江省环境保护厅 新公告：行政处罚决定书(嘉兴市固体废物处置有限责任公司)
浙江省环境保护厅 新公告：行政处罚听证告知书（浙江三星热电有限公司）
浙江省环境保护厅 新公告：行政处罚决定书(嘉兴市固体废物处置有限责任公司)
浙江省环境保护厅 新公告：行政处罚听证告知书（嘉兴市固体废物处置有限责任公司）
浙江省环境保护厅 新公告：行政处罚听证告知书（嘉兴市固体废物处置有限责任公司）
浙江省环境保护厅 新公告：行政处罚决定书（嘉兴永明石化有限公司）
浙江省环境保护厅 新公告：行政处罚决定书（嘉兴永明石化有限公司）
浙江省环境保护厅 新公告：行政处罚听证告知书（嘉兴永明石化有限公司）
浙江省环境保护厅 新公告：行政处罚听证告知书（嘉兴永明石化有限公司）
浙江省环境保护厅 新公告：环境违法行为限期改正决定书（浙江三星热电有限公司）
浙江省环境保护厅 新公告：环境违法行为限期改正决定书（浙江三星热电有限公司）
浙江省环境保护厅 新公告：履行行政处罚决定催告书（浙江荣成纸业有限公司）
浙江省环境保护厅 新公告：履行行政处罚决定催告书（浙江荣成纸业有限公司）
浙江省环境保护厅 新公告：行政处罚决定书（杭州士兰集成电路有限公司）
浙江省环境保护厅 新公告：行政处罚决定书（杭州士兰集成电路有限公司）
浙江省环境保护厅 新公告：行政处罚听证告知书（杭州士兰集成电路有限公司）
浙江省环境保护厅 新公告：行政处罚听证告知书（杭州士兰集成电路有限公司）
浙江省环境保护厅 新公告：行政处罚决定书（亚曦纺织整理（嘉兴）有限公司）
浙江省环境保护厅 新公告：行政处罚决定书（亚曦纺织整理（嘉兴）有限公司）
浙江省环境保护厅 新公告：行政处罚决定书（桐乡市鑫隆印染有限公司）
浙江省环境保护厅 新公告：行政处罚决定书（桐乡市鑫隆印染有限公司）
浙江省环境保护厅 新公告：行政处罚决定书（绍兴华鑫环保科技有限公司）
浙江省环境保护厅 新公告：行政处罚决定书（绍兴华鑫环保科技有限公司）
浙江省环境保护厅 新公告：行政处罚决定书（宁波万隆食用酒精有限公司）
浙江省环境保护厅 新公告：行政处罚听证告知书（亚曦纺织整理（嘉兴）有限公司）
浙江省环境保护厅 新公告：行政处罚决定书（宁波万隆食用酒精有限公司）
浙江省环境保护厅 新公告：行政处罚听证告知书（亚曦纺织整理（嘉兴）有限公司）
浙江省环境保护厅 新公告：环境违法行为改正催告书（苍南县电力有限责任公司）
浙江省环境保护厅 新公告：环境违法行为改正催告书（苍南县电力有限责任公司）
浙江省环境保护厅 新公告：行政处罚听证告知书（桐乡市鑫隆印染有限公司）
浙江省环境保护厅 新公告：行政处罚决定书（杭州特种纸业有限公司）
浙江省环境保护厅 新公告：行政处罚决定书（浙江荣成纸业有限公司）
浙江省环境保护厅 新公告：行政处罚听证告知书（桐乡市鑫隆印染有限公司）
浙江省环境保护厅 新公告：行政处罚决定书（杭州特种纸业有限公司）
浙江省环境保护厅 新公告：行政处罚强制执行申请书（绍兴华鑫环保科技有限公司）
浙江省环境保护厅 新公告：行政处罚强制执行申请书（浙江荣成纸业有限公司）
浙江省环境保护厅 新公告：行政处罚强制执行申请书（绍兴华鑫环保科技有限公司）
浙江省环境保护厅 新公告：行政处罚强制执行申请书（浙江荣成纸业有限公司）
浙江省环境保护厅 新公告：环境违法行为限期改正决定书（浙江省电力公司超高压建设分公司）
浙江省环境保护厅 新公告：环境违法行为限期改正决定书（浙江省电力公司超高压建设分公司）
浙江省环境保护厅 新公告：行政处罚听证告知书（浙江三星热电有限公司）
浙江省环境保护厅 新公告：行政处罚决定书(嘉兴市固体废物处置有限责任公司)
浙江省环境保护厅 新公告：行政处罚听证告知书（浙江三星热电有限公司）
浙江省环境保护厅 新公告：行政处罚决定书(嘉兴市固体废物处置有限责任公司)
浙江省环境保护厅 新公告：行政处罚听证告知书（嘉兴市固体废物处置有限责任公司）
浙江省环境保护厅 新公告：行政处罚听证告知书（嘉兴市固体废物处置有限责任公司）
浙江省环境保护厅 新公告：行政处罚决定书（嘉兴永明石化有限公司）
浙江省环境保护厅 新公告：行政处罚决定书（嘉兴永明石化有限公司）
浙江省环境保护厅 新公告：行政处罚听证告知书（嘉兴永明石化有限公司）
浙江省环境保护厅 新公告：行政处罚听证告知书（嘉兴永明石化有限公司）
浙江省环境保护厅 新公告：环境违法行为限期改正决定书（浙江三星热电有限公司）
浙江省环境保护厅 新公告：环境违法行为限期改正决定书（浙江三星热电有限公司）
浙江省环境保护厅 新公告：履行行政处罚决定催告书（浙江荣成纸业有限公司）
浙江省环境保护厅 新公告：履行行政处罚决定催告书（浙江荣成纸业有限公司）
浙江省环境保护厅 新公告：行政处罚决定书（杭州士兰集成电路有限公司）
浙江省环境保护厅 新公告：行政处罚决定书（杭州士兰集成电路有限公司）
浙江省环境保护厅 新公告：行政处罚听证告知书（杭州士兰集成电路有限公司）
浙江省环境保护厅 新公告：行政处罚听证告知书（杭州士兰集成电路有限公司）
浙江省环境保护厅 新公告：行政处罚决定书（亚曦纺织整理（嘉兴）有限公司）
浙江省环境保护厅 新公告：行政处罚决定书（亚曦纺织整理（嘉兴）有限公司）
浙江省环境保护厅 新公告：行政处罚决定书（桐乡市鑫隆印染有限公司）
浙江省环境保护厅 新公告：行政处罚决定书（桐乡市鑫隆印染有限公司）
浙江省环境保护厅 新公告：行政处罚决定书（绍兴华鑫环保科技有限公司）
浙江省环境保护厅 新公告：行政处罚决定书（绍兴华鑫环保科技有限公司）
浙江省环境保护厅 新公告：行政处罚决定书（宁波万隆食用酒精有限公司）
浙江省环境保护厅 新公告：行政处罚听证告知书（亚曦纺织整理（嘉兴）有限公司）
浙江省环境保护厅 新公告：行政处罚决定书（宁波万隆食用酒精有限公司）
浙江省环境保护厅 新公告：行政处罚听证告知书（亚曦纺织整理（嘉兴）有限公司）
浙江省环境保护厅 新公告：环境违法行为改正催告书（苍南县电力有限责任公司）
浙江省环境保护厅 新公告：环境违法行为改正催告书（苍南县电力有限责任公司）
浙江省环境保护厅 新公告：行政处罚听证告知书（桐乡市鑫隆印染有限公司）
浙江省环境保护厅 新公告：行政处罚决定书（杭州特种纸业有限公司）
浙江省环境保护厅 新公告：行政处罚决定书（浙江荣成纸业有限公司）
浙江省环境保护厅 新公告：行政处罚听证告知书（桐乡市鑫隆印染有限公司）
浙江省环境保护厅 新公告：行政处罚决定书（杭州特种纸业有限公司）
浙江省环境保护厅 新公告：行政处罚决定书（浙江荣成纸业有限公司）
浙江省环境保护厅 新公告：i浙江省环境保护厅行政处罚事先告知书（杭州特种纸业有限公司）
浙江省环境保护厅 新公告：i浙江省环境保护厅行政处罚事先告知书（杭州特种纸业有限公司）
浙江省环境保护厅 新公告：浙江省环境保护厅行政处罚听证告知书（宁波万隆食用酒精有限公司）
浙江省环境保护厅 新公告：浙江省环境保护厅行政处罚听证告知书（宁波万隆食用酒精有限公司）
浙江省环境保护厅 新公告：浙江省环境保护厅环境违法行为限期改正决定书(苍南电力有限责任公司)
浙江省环境保护厅 新公告：浙江省环境保护厅环境违法行为限期改正决定书(苍南电力有限责任公司)
浙江省环境保护厅 新公告：浙江省环境保护厅行政处罚听证告知书(浙江荣成纸业有限公司)
浙江省环境保护厅 新公告：浙江省环境保护厅行政处罚听证告知书(浙江荣成纸业有限公司)
浙江省环境保护厅 新公告：浙江省环境保护厅行政处罚决定书
浙江省环境保护厅 新公告：浙江省环境保护厅行政处罚决定书
浙江省环境保护厅 新公告：浙江省环境保护厅行政处罚听证告知书
浙江省环境保护厅 新公告：浙江省环境保护厅行政处罚听证告知书
浙江省环境保护厅 新公告：行政处罚决定书（苍南电力有限责任公司）
浙江省环境保护厅 新公告：行政处罚决定书（苍南电力有限责任公司）
浙江省环境保护厅 新公告：行政处罚听证通知书（苍南电力有限责任公司）
浙江省环境保护厅 新公告：行政处罚听证通知书（苍南电力有限责任公司）
浙江省环境保护厅 新公告：行政处罚听证告知书（苍南电力有限责任公司）
浙江省环境保护厅 新公告：行政处罚听证告知书（苍南电力有限责任公司）
浙江省环境保护厅 新公告：行政处罚决定书（浙江永农化工有限公司）
浙江省环境保护厅 新公告：行政处罚决定书（杭州士兰集成电路有限公司）
浙江省环境保护厅 新公告：行政处罚决定书（杭州士兰集成电路有限公司）
浙江省环境保护厅 新公告：行政处罚听证告知书（杭州士兰集成电路有限公司）
浙江省环境保护厅 新公告：行政处罚听证告知书（杭州士兰集成电路有限公司）
浙江省环境保护厅 新公告：行政处罚决定书（亚曦纺织整理（嘉兴）有限公司）
浙江省环境保护厅 新公告：行政处罚决定书（亚曦纺织整理（嘉兴）有限公司）
浙江省环境保护厅 新公告：行政处罚决定书（桐乡市鑫隆印染有限公司）
浙江省环境保护厅 新公告：行政处罚决定书（桐乡市鑫隆印染有限公司）
浙江省环境保护厅 新公告：行政处罚决定书（绍兴华鑫环保科技有限公司）
浙江省环境保护厅 新公告：行政处罚决定书（绍兴华鑫环保科技有限公司）
浙江省环境保护厅 新公告：行政处罚决定书（宁波万隆食用酒精有限公司）
浙江省环境保护厅 新公告：行政处罚听证告知书（亚曦纺织整理（嘉兴）有限公司）
浙江省环境保护厅 新公告：行政处罚决定书（宁波万隆食用酒精有限公司）
浙江省环境保护厅 新公告：行政处罚听证告知书（亚曦纺织整理（嘉兴）有限公司）
浙江省环境保护厅 新公告：环境违法行为改正催告书（苍南县电力有限责任公司）
浙江省环境保护厅 新公告：环境违法行为改正催告书（苍南县电力有限责任公司）
浙江省环境保护厅 新公告：行政处罚听证告知书（桐乡市鑫隆印染有限公司）
浙江省环境保护厅 新公告：行政处罚决定书（杭州特种纸业有限公司）
浙江省环境保护厅 新公告：行政处罚决定书（浙江荣成纸业有限公司）
浙江省环境保护厅 新公告：行政处罚听证告知书（桐乡市鑫隆印染有限公司）
浙江省环境保护厅 新公告：行政处罚决定书（杭州特种纸业有限公司）
浙江省环境保护厅 新公告：行政处罚决定书（浙江荣成纸业有限公司）
浙江省环境保护厅 新公告：i浙江省环境保护厅行政处罚事先告知书（杭州特种纸业有限公司）
浙江省环境保护厅 新公告：i浙江省环境保护厅行政处罚事先告知书（杭州特种纸业有限公司）
浙江省环境保护厅 新公告：浙江省环境保护厅行政处罚听证告知书（宁波万隆食用酒精有限公司）
浙江省环境保护厅 新公告：浙江省环境保护厅行政处罚听证告知书（宁波万隆食用酒精有限公司）
浙江省环境保护厅 新公告：浙江省环境保护厅环境违法行为限期改正决定书(苍南电力有限责任公司)
浙江省环境保护厅 新公告：浙江省环境保护厅环境违法行为限期改正决定书(苍南电力有限责任公司)
浙江省环境保护厅 新公告：浙江省环境保护厅行政处罚听证告知书(浙江荣成纸业有限公司)
浙江省环境保护厅 新公告：浙江省环境保护厅行政处罚听证告知书(浙江荣成纸业有限公司)
浙江省环境保护厅 新公告：浙江省环境保护厅行政处罚决定书
浙江省环境保护厅 新公告：浙江省环境保护厅行政处罚决定书
浙江省环境保护厅 新公告：浙江省环境保护厅行政处罚听证告知书
浙江省环境保护厅 新公告：浙江省环境保护厅行政处罚听证告知书
浙江省环境保护厅 新公告：行政处罚决定书（苍南电力有限责任公司）
浙江省环境保护厅 新公告：行政处罚决定书（苍南电力有限责任公司）
浙江省环境保护厅 新公告：行政处罚听证通知书（苍南电力有限责任公司）
浙江省环境保护厅 新公告：行政处罚听证通知书（苍南电力有限责任公司）
浙江省环境保护厅 新公告：行政处罚听证告知书（苍南电力有限责任公司）
浙江省环境保护厅 新公告：行政处罚听证告知书（苍南电力有限责任公司）
浙江省环境保护厅 新公告：行政处罚决定书（浙江永农化工有限公司）
浙江省环境保护厅 新公告：行政处罚决定书（浙江永农化工有限公司）
浙江省环境保护厅 新公告：行政处罚决定书（余杭供电局）
浙江省环境保护厅 新公告：行政处罚决定书（余杭供电局）
浙江省环境保护厅 新公告：行政处罚听证告知书（浙江永农化工有限公司）
浙江省环境保护厅 新公告：行政处罚听证告知书（浙江永农化工有限公司）
浙江省环境保护厅 新公告：行政处罚决定书（浙江真爱毛纺有限公司）
浙江省环境保护厅 新公告：行政处罚决定书（浙江真爱毛纺有限公司）
浙江省环境保护厅 新公告：浙江真爱毛纺有限公司行政处罚听证告知书
浙江省环境保护厅 新公告：浙江真爱毛纺有限公司行政处罚听证告知书
浙江省环境保护厅 新公告：准许余杭供电局撤回行政处罚听证申请通知书
浙江省环境保护厅 新公告：准许余杭供电局撤回行政处罚听证申请通知书
浙江省环境保护厅 新公告：余杭供电局行政处罚听证通知书
浙江省环境保护厅 新公告：余杭供电局行政处罚听证通知书
浙江省环境保护厅 新公告：余杭供电局行政处罚听证告知书
浙江省环境保护厅 新公告：余杭供电局行政处罚听证告知书
浙江省环境保护厅 新公告：德清荣瑾金属丝有限公司行政处罚听证告知书
浙江省环境保护厅 新公告：德清荣瑾金属丝有限公司行政处罚案件查处通知书
浙江省环境保护厅 新公告：德清荣瑾金属丝有限公司行政处罚听证告知书
浙江省环境保护厅 新公告：德清荣瑾金属丝有限公司行政处罚案件查处通知书
浙江省环境保护厅 新公告：浙江兰溪巨化氟化学有限公司行政处罚决定书
浙江省环境保护厅 新公告：行政处罚决定书（杭州特种纸业有限公司）
浙江省环境保护厅 新公告：行政处罚决定书（浙江荣成纸业有限公司）
浙江省环境保护厅 新公告：i浙江省环境保护厅行政处罚事先告知书（杭州特种纸业有限公司）
浙江省环境保护厅 新公告：i浙江省环境保护厅行政处罚事先告知书（杭州特种纸业有限公司）
浙江省环境保护厅 新公告：浙江省环境保护厅行政处罚听证告知书（宁波万隆食用酒精有限公司）
浙江省环境保护厅 新公告：浙江省环境保护厅行政处罚听证告知书（宁波万隆食用酒精有限公司）
浙江省环境保护厅 新公告：浙江省环境保护厅环境违法行为限期改正决定书(苍南电力有限责任公司)
浙江省环境保护厅 新公告：浙江省环境保护厅环境违法行为限期改正决定书(苍南电力有限责任公司)
浙江省环境保护厅 新公告：浙江省环境保护厅行政处罚听证告知书(浙江荣成纸业有限公司)
浙江省环境保护厅 新公告：浙江省环境保护厅行政处罚听证告知书(浙江荣成纸业有限公司)
浙江省环境保护厅 新公告：浙江省环境保护厅行政处罚决定书
浙江省环境保护厅 新公告：浙江省环境保护厅行政处罚决定书
浙江省环境保护厅 新公告：浙江省环境保护厅行政处罚听证告知书
浙江省环境保护厅 新公告：浙江省环境保护厅行政处罚听证告知书
浙江省环境保护厅 新公告：行政处罚决定书（苍南电力有限责任公司）
浙江省环境保护厅 新公告：行政处罚决定书（苍南电力有限责任公司）
浙江省环境保护厅 新公告：行政处罚听证通知书（苍南电力有限责任公司）
浙江省环境保护厅 新公告：行政处罚听证通知书（苍南电力有限责任公司）
浙江省环境保护厅 新公告：行政处罚听证告知书（苍南电力有限责任公司）
浙江省环境保护厅 新公告：行政处罚听证告知书（苍南电力有限责任公司）
浙江省环境保护厅 新公告：行政处罚决定书（浙江永农化工有限公司）
浙江省环境保护厅 新公告：行政处罚决定书（浙江永农化工有限公司）
浙江省环境保护厅 新公告：行政处罚决定书（余杭供电局）
浙江省环境保护厅 新公告：行政处罚决定书（余杭供电局）
浙江省环境保护厅 新公告：行政处罚听证告知书（浙江永农化工有限公司）
浙江省环境保护厅 新公告：行政处罚听证告知书（浙江永农化工有限公司）
浙江省环境保护厅 新公告：行政处罚决定书（浙江真爱毛纺有限公司）
浙江省环境保护厅 新公告：行政处罚决定书（浙江真爱毛纺有限公司）
浙江省环境保护厅 新公告：浙江真爱毛纺有限公司行政处罚听证告知书
浙江省环境保护厅 新公告：浙江真爱毛纺有限公司行政处罚听证告知书
浙江省环境保护厅 新公告：准许余杭供电局撤回行政处罚听证申请通知书
浙江省环境保护厅 新公告：准许余杭供电局撤回行政处罚听证申请通知书
浙江省环境保护厅 新公告：余杭供电局行政处罚听证通知书
浙江省环境保护厅 新公告：余杭供电局行政处罚听证通知书
浙江省环境保护厅 新公告：余杭供电局行政处罚听证告知书
浙江省环境保护厅 新公告：余杭供电局行政处罚听证告知书
浙江省环境保护厅 新公告：德清荣瑾金属丝有限公司行政处罚听证告知书
浙江省环境保护厅 新公告：德清荣瑾金属丝有限公司行政处罚案件查处通知书
浙江省环境保护厅 新公告：德清荣瑾金属丝有限公司行政处罚听证告知书
浙江省环境保护厅 新公告：德清荣瑾金属丝有限公司行政处罚案件查处通知书
浙江省环境保护厅 新公告：浙江兰溪巨化氟化学有限公司行政处罚决定书
浙江省环境保护厅 新公告：浙江兰溪巨化氟化学有限公司行政处罚决定书
浙江省环境保护厅 新公告：和邦化学有限公司行政处罚决定书
浙江省环境保护厅 新公告：和邦化学有限公司行政处罚决定书
浙江省环境保护厅 新公告：和邦化学有限公司行政处罚听证告知书
浙江省环境保护厅 新公告：和邦化学有限公司行政处罚听证告知书
浙江省环境保护厅 新公告：义乌市森美化工原料有限公司五金电镀厂行政处罚决定书
浙江省环境保护厅 新公告：义乌市森美化工原料有限公司五金电镀厂行政处罚决定书
浙江省环境保护厅 新公告：义乌市森美化工原料有限公司五金电镀厂行政处罚听证告知书
浙江省环境保护厅 新公告：义乌市森美化工原料有限公司五金电镀厂行政处罚听证告知书
浙江省环境保护厅 新公告：海宁市袁花龙山净化材料厂行政处罚决定书
浙江省环境保护厅 新公告：海宁市袁花龙山净化材料厂行政处罚决定书
浙江省环境保护厅 新公告：海宁市袁花龙山净化材料厂行政处罚事先告知书
浙江省环境保护厅 新公告：海宁市袁花龙山净化材料厂行政处罚事先告知书
浙江省环境保护厅 新公告：浙江誉华集团湖州印染有限公司行政处罚决定书
浙江省环境保护厅 新公告：浙江誉华集团湖州印染有限公司行政处罚决定书
浙江省环境保护厅 新公告：行政处罚决定书（浙江永农化工有限公司）
浙江省环境保护厅 新公告：行政处罚决定书（浙江永农化工有限公司）
浙江省环境保护厅 新公告：行政处罚决定书（余杭供电局）
浙江省环境保护厅 新公告：行政处罚决定书（余杭供电局）
浙江省环境保护厅 新公告：行政处罚听证告知书（浙江永农化工有限公司）
浙江省环境保护厅 新公告：行政处罚听证告知书（浙江永农化工有限公司）
浙江省环境保护厅 新公告：行政处罚决定书（浙江真爱毛纺有限公司）
浙江省环境保护厅 新公告：行政处罚决定书（浙江真爱毛纺有限公司）
浙江省环境保护厅 新公告：浙江真爱毛纺有限公司行政处罚听证告知书
浙江省环境保护厅 新公告：浙江真爱毛纺有限公司行政处罚听证告知书
浙江省环境保护厅 新公告：准许余杭供电局撤回行政处罚听证申请通知书
浙江省环境保护厅 新公告：准许余杭供电局撤回行政处罚听证申请通知书
浙江省环境保护厅 新公告：余杭供电局行政处罚听证通知书
浙江省环境保护厅 新公告：余杭供电局行政处罚听证通知书
浙江省环境保护厅 新公告：余杭供电局行政处罚听证告知书
浙江省环境保护厅 新公告：余杭供电局行政处罚听证告知书
浙江省环境保护厅 新公告：德清荣瑾金属丝有限公司行政处罚听证告知书
浙江省环境保护厅 新公告：德清荣瑾金属丝有限公司行政处罚案件查处通知书
浙江省环境保护厅 新公告：德清荣瑾金属丝有限公司行政处罚听证告知书
浙江省环境保护厅 新公告：德清荣瑾金属丝有限公司行政处罚案件查处通知书
浙江省环境保护厅 新公告：浙江兰溪巨化氟化学有限公司行政处罚决定书
浙江省环境保护厅 新公告：浙江兰溪巨化氟化学有限公司行政处罚决定书
浙江省环境保护厅 新公告：和邦化学有限公司行政处罚决定书
浙江省环境保护厅 新公告：和邦化学有限公司行政处罚决定书
浙江省环境保护厅 新公告：和邦化学有限公司行政处罚听证告知书
浙江省环境保护厅 新公告：和邦化学有限公司行政处罚听证告知书
浙江省环境保护厅 新公告：义乌市森美化工原料有限公司五金电镀厂行政处罚决定书
浙江省环境保护厅 新公告：义乌市森美化工原料有限公司五金电镀厂行政处罚决定书
浙江省环境保护厅 新公告：义乌市森美化工原料有限公司五金电镀厂行政处罚听证告知书
浙江省环境保护厅 新公告：义乌市森美化工原料有限公司五金电镀厂行政处罚听证告知书
浙江省环境保护厅 新公告：海宁市袁花龙山净化材料厂行政处罚决定书
浙江省环境保护厅 新公告：海宁市袁花龙山净化材料厂行政处罚决定书
浙江省环境保护厅 新公告：海宁市袁花龙山净化材料厂行政处罚事先告知书
浙江省环境保护厅 新公告：海宁市袁花龙山净化材料厂行政处罚事先告知书
浙江省环境保护厅 新公告：浙江誉华集团湖州印染有限公司行政处罚决定书
浙江省环境保护厅 新公告：浙江誉华集团湖州印染有限公司行政处罚决定书
浙江省环境保护厅 新公告：浙江兰溪巨化氟化学有限公司行政处罚决定书
浙江省环境保护厅 新公告：浙江兰溪巨化氟化学有限公司行政处罚决定书
浙江省环境保护厅 新公告：和邦化学有限公司行政处罚决定书
浙江省环境保护厅 新公告：和邦化学有限公司行政处罚决定书
浙江省环境保护厅 新公告：和邦化学有限公司行政处罚听证告知书
浙江省环境保护厅 新公告：和邦化学有限公司行政处罚听证告知书
浙江省环境保护厅 新公告：义乌市森美化工原料有限公司五金电镀厂行政处罚决定书
浙江省环境保护厅 新公告：义乌市森美化工原料有限公司五金电镀厂行政处罚决定书
浙江省环境保护厅 新公告：义乌市森美化工原料有限公司五金电镀厂行政处罚听证告知书
浙江省环境保护厅 新公告：义乌市森美化工原料有限公司五金电镀厂行政处罚听证告知书
浙江省环境保护厅 新公告：海宁市袁花龙山净化材料厂行政处罚决定书
浙江省环境保护厅 新公告：海宁市袁花龙山净化材料厂行政处罚决定书
浙江省环境保护厅 新公告：海宁市袁花龙山净化材料厂行政处罚事先告知书
浙江省环境保护厅 新公告：海宁市袁花龙山净化材料厂行政处罚事先告知书
浙江省环境保护厅 新公告：浙江誉华集团湖州印染有限公司行政处罚决定书
浙江省环境保护厅 新公告：浙江誉华集团湖州印染有限公司行政处罚决定书
浙江省环境保护厅一共有136条新公告，导入数据库中......
浙江省环境保护厅公告导入完成！
