海南省环境保护厅 抓取URL：http://hnsthb.hainan.gov.cn/xxgk/0200/0202/zwgk/zfwj/
海南省环境保护厅 一共有2页
第1页
海南省环境保护厅 新公告：行政处罚决定书 url: http://hnsthb.hainan.gov.cn/xxgk/0200/0202/hjywgl/hjzf/201903/t20190306_2393730.html
海南省环境保护厅 新公告：海南省生态环境保护厅行政处罚决定书 url: http://hnsthb.hainan.gov.cn/xxgk/0200/0202/hjywgl/hjzf/201901/t20190106_2126107.html
海南省环境保护厅 新公告：海南省生态环境保护厅行政处罚决定书 url: http://hnsthb.hainan.gov.cn/xxgk/0200/0202/hjywgl/hjzf/201901/t20190106_2126106.html
海南省环境保护厅 新公告：海南省环境保护厅责令改正违法行为决定书 url: http://hnsthb.hainan.gov.cn/xxgk/0200/0202/hjywgl/hjzf/201901/t20190106_2126100.html
海南省环境保护厅 新公告：2015年9月份环境违法案件公示表(海口) url: http://hnsthb.hainan.gov.cn/xxgk/0200/0202/hjywgl/hjzf/201901/t20190106_2126097.html
海南省环境保护厅 新公告：2015年8月份环境违法案件公示表(海口) url: http://hnsthb.hainan.gov.cn/xxgk/0200/0202/hjywgl/hjzf/201901/t20190106_2126096.html
海南省环境保护厅 新公告：2015年7月份环境违法案件公示表(海口) url: http://hnsthb.hainan.gov.cn/xxgk/0200/0202/hjywgl/hjzf/201901/t20190106_2126095.html
海南省环境保护厅 新公告：2015年6月份环境违法案件公示表(海口) url: http://hnsthb.hainan.gov.cn/xxgk/0200/0202/hjywgl/hjzf/201901/t20190106_2126094.html
海南省环境保护厅 新公告：2015年5月份环境违法案件公示表(海口) url: http://hnsthb.hainan.gov.cn/xxgk/0200/0202/hjywgl/hjzf/201901/t20190106_2126093.html
第2页
海南省环境保护厅 新公告：2015年4月份环境违法案件公示表(海口) url: http://hnsthb.hainan.gov.cn/xxgk/0200/0202/hjywgl/hjzf/201901/t20190106_2126092.html
海南省环境保护厅 新公告：2015年第一季度环境违法案件公示表 url: http://hnsthb.hainan.gov.cn/xxgk/0200/0202/hjywgl/hjzf/201901/t20190106_2126091.html
海南省环境保护厅 新公告：行政处罚决定书（海南逸盛石化有限公司） url: http://hnsthb.hainan.gov.cn/xxgk/0200/0202/hjywgl/hjzf/201812/t20181202_1382289.html
海南省环境保护厅 新公告：行政处罚决定书（海南实华嘉盛化工有限公司） url: http://hnsthb.hainan.gov.cn/xxgk/0200/0202/hjywgl/hjzf/201812/t20181202_1382288.html
海南省环境保护厅 新公告：行政处罚决定书（海南英利新能源有限公司） url: http://hnsthb.hainan.gov.cn/xxgk/0200/0202/hjywgl/hjzf/201812/t20181202_1382287.html
海南省环境保护厅 新公告：行政处罚决定书（海南南国置业有限公司） url: http://hnsthb.hainan.gov.cn/xxgk/0200/0202/hjywgl/hjzf/201812/t20181202_1382286.html
海南省环境保护厅 新公告：2015年5月份环境违法案件公示表(海口) url: http://hnsthb.hainan.gov.cn/xxgk/0200/0202/hjywgl/hjzf/201812/t20181202_1382285.html
海南省环境保护厅一共有16条新公告，导入数据库中......
海南省环境保护厅公告导入完成！
