湖南省环境保护厅 一共有3页
湖南省环境保护厅 新公告：湘环稽意见【2017】3号
湖南省环境保护厅 新公告：湘环稽意见【2017】2号
湖南省环境保护厅 新公告：湖南省环境保护厅行政处罚决定书湘环罚字〔2017〕2号
湖南省环境保护厅 新公告：湖南省环境保护厅行政处罚决定书湘环罚字〔2017〕1号
湖南省环境保护厅 新公告：行政处罚决定书 湘环罚字〔2016〕6号
湖南省环境保护厅 新公告：行政处罚决定书 湘环罚字〔2016〕5号
湖南省环境保护厅 新公告：行政处罚决定书 湘环罚字〔2016〕4号
湖南省环境保护厅 新公告：行政处罚决定书 湘环罚字〔2016〕3号
湖南省环境保护厅 新公告：行政处罚决定书 湘环罚字〔2016〕2号
湖南省环境保护厅 新公告：行政处罚决定书(湘环罚字[ 2016 ] 1号)
湖南省环境保护厅 新公告：行政处罚事先告知书 湘环罚告字[2015]
湖南省环境保护厅 新公告：行政处罚决定书 湘环罚字〔2015〕8号
湖南省环境保护厅 新公告：行政处罚决定书 湘环罚字〔2015〕7号
湖南省环境保护厅 新公告：行政处罚决定书 湘环罚字〔2015〕6号
湖南省环境保护厅 新公告：湖南省环境保护厅2015年1-6月受理群众环境举报投诉案件情况
湖南省环境保护厅 新公告：行政处罚决定书 湘环罚字〔2015〕5号
湖南省环境保护厅 新公告：行政处罚决定书 湘环罚字〔2015〕4号
湖南省环境保护厅 新公告：行政处罚决定书 湘环罚字〔2015〕3号
湖南省环境保护厅 新公告：行政处罚决定书 湘环罚字〔2015〕1号
湖南省环境保护厅 新公告：行政处罚决定书 湘环罚字〔2015〕2号
湖南省环境保护厅 新公告：行政处罚决定书 湘环罚字[2014]9号
湖南省环境保护厅 新公告：行政处罚决定书 湘环罚字〔2014〕8号
湖南省环境保护厅 新公告：行政处罚决定书 湘环罚字〔2014〕10号
湖南省环境保护厅 新公告：行政处罚决定书 湘环罚字〔2014〕11号
湖南省环境保护厅 新公告：行政处罚决定书 湘环罚字〔2014〕12号
湖南省环境保护厅 新公告：行政处罚决定书 湘环罚字〔2014〕13 号
湖南省环境保护厅 新公告：行政处罚决定书 湘环罚字〔2014〕7号
湖南省环境保护厅 新公告：行政处罚决定书 湘环罚字〔2014〕6号
湖南省环境保护厅 新公告：行政处罚决定书 湘环罚字〔2014〕5号
湖南省环境保护厅 新公告：行政处罚决定书 湘环罚字〔2014〕4号
湖南省环境保护厅 新公告：行政处罚决定书 湘环罚字〔2014〕3号
湖南省环境保护厅 新公告：行政处罚决定书 湘环罚字〔2014〕2号
湖南省环境保护厅 新公告：行政处罚决定书 湘环罚字〔2014〕1号
湖南省环境保护厅 新公告：行政处罚决定书  湘环罚字〔2013〕22号
湖南省环境保护厅 新公告：行政处罚决定书 湘环罚字〔2013〕21号
湖南省环境保护厅 新公告：行政处罚决定书 湘环罚字〔2013〕24号
湖南省环境保护厅 新公告：行政处罚决定书 湘环罚字〔2013〕23号
湖南省环境保护厅 新公告：行政处罚决定书 湘环罚字〔2013〕18号
湖南省环境保护厅 新公告：行政处罚决定书  湘环罚字〔2013〕17号
湖南省环境保护厅 新公告：行政处罚决定书 湘环罚字〔2013〕16号
湖南省环境保护厅 新公告：行政处罚决定书 湘环罚字〔2013〕8号
湖南省环境保护厅 新公告：行政处罚决定书 湘环罚字〔2013〕7号
湖南省环境保护厅 新公告：行政处罚决定书 湘环罚字〔2013〕6号
湖南省环境保护厅 新公告：行政处罚决定书 湘环罚字〔2013〕5号
湖南省环境保护厅 新公告：行政处罚决定书 湘环罚字〔2013〕4号
湖南省环境保护厅一共有45条新公告，导入数据库中......
湖南省环境保护厅公告导入完成！
