环保部门 一共有19页
环保部门 新公告：关于对26家排污单位主要污染物排放严重超标问题挂牌督办的通知
环保部门 新公告：关于解除对山东省邹平县清源纺织助剂有限公司环境问题挂牌督办的通知
环保部门 新公告：关于对安徽省、湖南省、重庆市的7起长江生态环境违法案件挂牌督办的通知
环保部门 新公告：关于对长江安徽池州段污染环境案件联合挂牌督办的通知
环保部门 新公告：关于解除天津市静海区、河北省大城县渗坑污染问题挂牌督办的通知
环保部门 新公告：关于对山西省绛县天龙农科贸有限公司异地非法倾倒生产废渣案件联合挂牌督办的通知
环保部门 新公告：关于解除重庆市石柱县西沱镇污水处理厂环境问题挂牌督办的通知
环保部门 新公告：关于解除内江市甜郁纸业有限公司等3起环境违法案件挂牌督办的通知
环保部门 新公告：关于对3起广东省危险废物非法转移倾倒至广西壮族自治区案件联合挂牌督办的通知
环保部门 新公告：环境保护部对廊坊市大气环境问题进行挂牌督办
环保部门 新公告：关于对河北石家庄市赞皇县垃圾填埋场环境问题挂牌督办的通知
环保部门 新公告：关于解除江苏、山东两省绣针河沿岸交界区域环境污染问题挂牌督办的通知
环保部门 新公告：关于对宁夏精英鲁西化肥有限公司环境问题挂牌督办的通知
环保部门 新公告：关于解除山西省运城市环境问题挂牌督办的通知
环保部门 新公告：关于解除湖南湘瑞健农牧有限公司等3家企业环境违法问题挂牌督办的通知
环保部门 新公告：关于解除湖北省武汉市余家头水厂水源地一级保护区内建设码头环境违法案挂牌督办的通知
环保部门 新公告：关于对深圳市中恒华发科技有限公司环境问题挂牌督办的通知
环保部门 新公告：关于对龙口市尾矿库环境问题挂牌督办的通知
环保部门 新公告：关于对乾县西沟垃圾场环境问题联合挂牌督办的通知
环保部门 新公告：关于对江西乐平工业园区（塔山园区）挂牌督办的通知
环保部门 新公告：关于对马鞍山市玉江机械化工有限公司等3起环境违法案挂牌督办的通知
环保部门 新公告：关于对山东省寿光市固体废物环境管理问题挂牌督办的通知
环保部门 新公告：关于解除哈尔滨亚麻纺织有限公司环境违法案挂牌督办的通知
环保部门 新公告：关于对山西天脊潞安化工有限公司等3起环境违法案挂牌督办的通知
环保部门 新公告：关于对江苏、山东两省绣针河沿岸交界区域环境污染问题挂牌督办的通知
环保部门 新公告：关于对湖南湘瑞健农牧有限公司等3家企业环境违法问题挂牌督办的通知
环保部门 新公告：关于对安徽省芜湖市二水厂饮用水水源地环境违法问题挂牌督办的通知
环保部门 新公告：关于对中国石化上海石油化工股份有限公司环境问题挂牌督办的通知
环保部门 新公告：关于解除沈阳东进化工产业有限公司和沈阳抗生素厂两起环境违法案挂牌督办的通知
环保部门 新公告：关于对黑龙江黑化集团有限公司环境违法案件挂牌督办的通知
环保部门 新公告：关于解除天津市静海区双塘高档五金制品产业园等6起环境违法案挂牌督办的通知
环保部门 新公告：关于解除湖北省恩施自治州建始磺厂坪矿业有限责任公司等5起环境违法案挂牌督办的通知
环保部门 新公告：关于对四川省煤焦化集团有限公司等4起环境违法案挂牌督办的通知
环保部门 新公告：关于解除浙江省苍南县金乡镇电镀工业园环境违法案挂牌督办的通知
环保部门 新公告：关于对黑龙江省鑫玛热电集团有限责任公司5家下属公司等环境违法案挂牌督办的通知
环保部门 新公告：关于对山西省运城市环境问题挂牌督办的通知
环保部门 新公告：关于解除鞍山钢铁集团公司化工总厂环境违法案件挂牌督办的通知
环保部门 新公告：关于解除江苏沙钢集团锡兴特钢有限公司和华尔润玻璃产业股份有限公司环境违法案件挂牌督办的通知
环保部门 新公告：关于解除河北省承德市大气污染问题挂牌督办的通知
环保部门 新公告：关于解除山东鲁维制药有限公司及广东省广州市花都区石灰厂和铸造企业环境违法案挂牌督办的通知
环保部门 新公告：关于对浙江省苍南县金乡镇电镀工业园环境违法案挂牌督办的通知
环保部门 新公告：关于对云南省玉溪易和环境技术有限公司环境违法案挂牌督办的通知
环保部门 新公告：关于解除河南省安阳市大气污染问题挂牌督办的通知
环保部门 新公告：关于对贵州省城乡统筹发展综合改革义龙试验区等4起环境违法案挂牌督办的通知
环保部门 新公告：关于对华尔润玻璃产业股份有限公司等5起环境违法案挂牌督办的通知
环保部门 新公告：关于对腾格里沙漠地区环境污染问题挂牌督办的通知
环保部门 新公告：关于对山东省临沂市大气污染问题挂牌督办的通知
环保部门 新公告：关于对河北省承德市大气污染问题挂牌督办的通知
环保部门 新公告：环境保护部公布2010年首批挂牌督办案件 坚决查处环境违法行为 遏制污染反弹势头
环保部门 新公告：环境保护部监察部联合挂牌督办五起环境违法案件　坚决遏制“两高一资”企业违法排污行为
环保部门 新公告：环境保护部监察部决定对严重环境违法案件挂牌督办
环保部门 新公告：全国挂牌督办违法案件五千五百多件 专项行动破解突出环境问题
环保部门 新公告：环保总局 监察部联合 对八起典型环境违法案件挂牌督办
环保部门 新公告：环保总局、监察部联合对五个开发区九家企业挂牌督办
环保部门 新公告：环保总局、监察部公布2006年第三批挂牌督办名单
环保部门 新公告：环保总局、监察部联合公布2006年第二批挂牌督办的环境违法案件
环保部门 新公告：环保总局与监察部公布2006年首批挂牌督办案件
环保部门一共有57条新公告，导入数据库中......
环保部门公告导入完成！
