福建省环境保护厅 一共有11页
福建省环境保护厅 新公告：不予受理行政复议申请决定书
福建省环境保护厅 新公告：行政复议决定书
福建省环境保护厅 新公告：行政复议决定书
福建省环境保护厅 新公告：行政复议决定书
福建省环境保护厅 新公告：行政复议决定书
福建省环境保护厅 新公告：不予受理行政复议申请决定书
福建省环境保护厅 新公告：行政复议终止决定书
福建省环境保护厅 新公告：行政复议决定书
福建省环境保护厅 新公告：行政复议决定书
福建省环境保护厅 新公告：行政复议决定书
福建省环境保护厅 新公告：行政复议决定书
福建省环境保护厅 新公告：不予受理行政复议申请决定书
福建省环境保护厅 新公告：行政复议决定书
福建省环境保护厅 新公告：行政复议终止决定书
福建省环境保护厅 新公告：行政复议决定书
福建省环境保护厅 新公告：行政复议终止决定书
福建省环境保护厅 新公告：不予受理行政复议申请决定书
福建省环境保护厅 新公告：福建省环境保护厅行政处罚决定书
福建省环境保护厅 新公告：福建省环境保护厅行政处罚决定书
福建省环境保护厅 新公告：行政复议决定书
福建省环境保护厅 新公告：行政复议决定书
福建省环境保护厅 新公告：行政复议决定书
福建省环境保护厅 新公告：行政复议决定书
福建省环境保护厅 新公告：行政复议决定书
福建省环境保护厅 新公告：行政复议决定书
福建省环境保护厅 新公告：福建省环境保护厅行政处罚决定书
福建省环境保护厅 新公告：福建省环保厅关于污染投诉案件调查处理情况的函
福建省环境保护厅 新公告：福建省环境保护厅行政处罚决定书
福建省环境保护厅 新公告：福建省环境保护厅行政处罚决定书
福建省环境保护厅 新公告：行政复议决定书
福建省环境保护厅 新公告：行政复议决定书
福建省环境保护厅 新公告：行政复议决定书
福建省环境保护厅 新公告：行政复议决定书
福建省环境保护厅 新公告：福建省环境保护厅行政处罚决定书
福建省环境保护厅 新公告：福建省环境保护厅行政处罚决定书
福建省环境保护厅 新公告：福建省环境保护厅行政处罚决定书
福建省环境保护厅 新公告：行政复议决定书
福建省环境保护厅 新公告：福建省环境保护厅行政处罚决定书
福建省环境保护厅 新公告：福建省环境保护厅行政处罚决定书
福建省环境保护厅 新公告：福建省环境保护厅行政处罚决定书
福建省环境保护厅 新公告：福建省环境保护厅行政处罚决定书
福建省环境保护厅 新公告：福建省环境保护厅行政处罚决定书
福建省环境保护厅 新公告：福建省环境保护厅行政处罚决定书
福建省环境保护厅 新公告：福建省环境保护厅行政处罚决定书
福建省环境保护厅 新公告：福建省环境保护厅行政处罚决定书
福建省环境保护厅 新公告：福建省环境保护厅行政处罚决定书
福建省环境保护厅 新公告：福建省环境保护厅行政处罚决定书
福建省环境保护厅 新公告：福建省环境保护厅行政处罚决定书
福建省环境保护厅 新公告：福建省环境保护厅行政处罚事先（听证）告知书
福建省环境保护厅 新公告：福建省环境保护厅行政处罚事先（听证）告知书
福建省环境保护厅 新公告：福建省环境保护厅行政处罚事先（听证）告知书
福建省环境保护厅 新公告：福建省环境保护厅行政处罚事先（听证）告知书
福建省环境保护厅 新公告：福建省环境保护厅行政处罚事先（听证）告知书
福建省环境保护厅 新公告：福建省环境保护厅行政处罚事先（听证）告知书
福建省环境保护厅 新公告：福建省环境保护厅行政处罚事先（听证）告知书
福建省环境保护厅 新公告：福建省环境保护厅行政处罚事先（听证）告知书
福建省环境保护厅 新公告：福建省环境保护厅行政处罚事先（听证）告知书
福建省环境保护厅 新公告：福建省环境保护厅行政处罚事先（听证）告知书
福建省环境保护厅 新公告：福建省环境保护厅行政处罚事先（听证）告知书
福建省环境保护厅 新公告：福建省环境保护厅行政处罚决定书
福建省环境保护厅 新公告：福建省环境保护厅行政处罚事先（听证）告知书
福建省环境保护厅 新公告：福建省环境保护厅行政处罚决定书（闽清东莹）
福建省环境保护厅 新公告：福建省环境保护厅行政处罚决定书（邵武华孚）
福建省环境保护厅 新公告：福建省环境保护厅行政处罚决定书（陈景河）
福建省环境保护厅 新公告：福建省环境保护厅行政处罚决定书（邹来昌）
福建省环境保护厅 新公告：福建省环境保护厅行政处罚决定书
福建省环境保护厅一共有66条新公告，导入数据库中......
福建省环境保护厅公告导入完成！
