辽宁省环境保护厅 一共有8页
辽宁省环境保护厅 新公告：辽宁省环境保护厅关于解除大连嘉胜置业有限公司环境违法案件挂牌督办的通知
辽宁省环境保护厅 新公告：辽宁省环境保护厅关于解除盘锦宝宇化工有限公司环境违法案件挂牌督办的通知
辽宁省环境保护厅 新公告：辽宁省环境保护厅关于依法查处本溪玉晶玻璃有限公司环境违法问题的通知
辽宁省环境保护厅 新公告：辽宁省环境保护厅关于解除营口钢铁有限公司等3家企业环境违法问题挂牌督办的通知
辽宁省环境保护厅 新公告：辽宁省环境保护厅关于进一步加强环保违法违规建设项目责任追究的通知
辽宁省环境保护厅 新公告：辽宁省环境保护厅关于解除沈阳石蜡化工有限公司等8家企业环境违法案件挂牌督办的通知
辽宁省环境保护厅 新公告：关于对辽宁省环境违法企业采取停止供电措施的通知
辽宁省环境保护厅 新公告：辽宁省环境保护厅关于印发《开展大伙房水源保护区首批环境违法“黑名单”企业（污染源）执法专项行动实施方案》的通知
辽宁省环境保护厅 新公告：关于严厉打击环境违法犯罪行为的通知
辽宁省环境保护厅 新公告：辽宁省环境保护厅关于责成依法查处大气污染企业环境违法问题的函
辽宁省环境保护厅 新公告：辽宁省环境保护厅关于建议关闭搬迁大伙房水源保护区内9家环境违法企业的函
辽宁省环境保护厅 新公告：辽宁省环境保护厅关于建议关闭大伙房水源保护区内环境违法采选矿企业的函
辽宁省环境保护厅 新公告：辽宁省环境保护厅关于报送辽宁省2014年整治违法排污企业保障群众健康
辽宁省环境保护厅 新公告：关于请落实桓仁水库环境违法问题整改要求的函
辽宁省环境保护厅 新公告：关于解除鞍山市千峰供暖公司等22家企业环境违法案件挂牌督办的通知
辽宁省环境保护厅 新公告：关于对26家环境违法企业实施信贷限制措施的通知
辽宁省环境保护厅 新公告：关于印发辽宁省2013年整治违法排污企业保障群众健康环保专项行动工作方案的通知
辽宁省环境保护厅 新公告：关于挂牌督办2012年环境违法案件的通知
辽宁省环境保护厅 新公告：中国石油天然气股份有限公司抚顺石化分公司热电厂环境违法案
辽宁省环境保护厅 新公告：辽宁路德森建设发展有限公司环境违法案
辽宁省环境保护厅 新公告：阜新飞雪（集团）糖业加工有限公司环境违法案
辽宁省环境保护厅 新公告：锦州市义县双立电解厂环境违法案
辽宁省环境保护厅 新公告：辽宁宽甸东方化工有限公司环境违法案
辽宁省环境保护厅 新公告：关于印发辽宁省2012年整治违法排污企业保障群众健康环保专项行动工作方案的通知
辽宁省环境保护厅 新公告：关于解除13家2010年环境违法企业挂牌督办的通知
辽宁省环境保护厅 新公告：关于下达2011年环境违法案件挂牌督办的通知
辽宁省环境保护厅 新公告：关于解除25家环境违法企业挂牌督办的通知
辽宁省环境保护厅 新公告：关于加强省挂牌督办环境违法案件管理的通知
辽宁省环境保护厅 新公告：转发环境保护部办公厅《关于浙江省奉化市四家电镀企业违法排污问题查处结果的通报》
辽宁省环境保护厅 新公告：2010年重金属环境违法案件挂牌督办名单
辽宁省环境保护厅 新公告：2010年实施绿色信贷46家环境违法企业名单
辽宁省环境保护厅 新公告：我省实施挂牌督办、绿色信贷，严厉打击环境违法企业
辽宁省环境保护厅 新公告：关于报送2009年整治违法排污企业保障群众健康环保专项行动有关信息的通知
辽宁省环境保护厅 新公告：关于建立辽宁省环境违法企业名单定期公布制度的通知
辽宁省环境保护厅 新公告：关于夜间违法进行建筑施工作业处罚问题的复函
辽宁省环境保护厅 新公告：关于企业试生产期间违法行为行政处罚意见的复函
辽宁省环境保护厅一共有36条新公告，导入数据库中......
辽宁省环境保护厅公告导入完成！
