黑龙江省环境保护厅 一共有5页
黑龙江省环境保护厅 新公告：环境违法问题监察通知 黑环法监〔2018〕32号
黑龙江省环境保护厅 新公告：环境违法问题监察通知 黑环法监〔2018〕19号
黑龙江省环境保护厅 新公告：环境违法问题监察通知 黑环法监〔2018〕18号
黑龙江省环境保护厅 新公告：环境违法问题监察通知 黑环法监〔2018〕17号
黑龙江省环境保护厅 新公告：环境违法问题监察通知 黑环法监〔2018〕16号
黑龙江省环境保护厅 新公告：环境违法问题监察通知 黑环法监〔2018〕15号
黑龙江省环境保护厅 新公告：环境违法问题监察通知 黑环法监〔2018〕30号
黑龙江省环境保护厅 新公告：环境违法问题监察通知 黑环法监〔2018〕29号
黑龙江省环境保护厅 新公告：环境违法问题监察通知 黑环法监〔2018〕28号
黑龙江省环境保护厅 新公告：环境违法问题监察通知 黑环法监〔2018〕27号
黑龙江省环境保护厅 新公告：环境违法问题监察通知 黑环法监〔2018〕26号
黑龙江省环境保护厅 新公告：环境违法问题监察通知 黑环法监〔2018〕25号
黑龙江省环境保护厅 新公告：环境违法问题监察通知 黑环法监〔2018〕24号
黑龙江省环境保护厅 新公告：环境违法问题监察通知 黑环法监〔2018〕23号
黑龙江省环境保护厅 新公告：环境违法问题监察通知 黑环法监〔2018〕20号
黑龙江省环境保护厅 新公告：环境违法问题监察通知 黑环法监〔2018〕22号
黑龙江省环境保护厅 新公告：环境违法问题监察通知 黑环法监〔2018〕21号
黑龙江省环境保护厅 新公告：解除查封决定书  黑环查字〔2018〕10号
黑龙江省环境保护厅 新公告：解除查封决定书  黑环查字〔2018〕9号
黑龙江省环境保护厅 新公告：解除查封决定书  黑环查字〔2018〕7号
黑龙江省环境保护厅 新公告：解除查封决定书  黑环查字〔2018〕8号
黑龙江省环境保护厅 新公告：行政处罚决定书  黑环法发〔2017〕29号
黑龙江省环境保护厅 新公告：行政处罚决定书  黑环法〔2015〕47号
黑龙江省环境保护厅 新公告：行政处罚决定书  黑环法发〔2016〕4号
黑龙江省环境保护厅 新公告：行政处罚决定书  黑环法发〔2017〕33号
黑龙江省环境保护厅 新公告：解除查封决定书  黑环查字〔2018〕6号
黑龙江省环境保护厅 新公告：查封决定书  黑环查字〔2018〕2号
黑龙江省环境保护厅 新公告：查封决定书  黑环查字〔2018〕3号
黑龙江省环境保护厅 新公告：查封决定书  黑环查字〔2018〕5号
黑龙江省环境保护厅 新公告：查封决定书  黑环查字〔2018〕1号
黑龙江省环境保护厅 新公告：查封决定书  黑环查字〔2018〕4号
黑龙江省环境保护厅 新公告：环境违法问题监察通知 黑环法监[2018]10号
黑龙江省环境保护厅 新公告：环境违法问题监察通知 黑环法监[2018]12号
黑龙江省环境保护厅 新公告：环境违法问题监察通知 黑环法监[2018]6号
黑龙江省环境保护厅 新公告：环境违法问题监察通知 黑环法监[2018]13号
黑龙江省环境保护厅 新公告：环境违法问题监察通知 黑环法监[2018]11号
黑龙江省环境保护厅 新公告：环境违法问题监察通知 黑环法监[2018]7号
黑龙江省环境保护厅 新公告：环境违法问题监察通知 黑环法监[2018]8号
黑龙江省环境保护厅 新公告：环境违法问题监察通知 黑环法监[2018]4号
黑龙江省环境保护厅 新公告：环境违法问题监察通知 黑环法监[2018]5号
黑龙江省环境保护厅 新公告：环境违法问题监察通知 黑环法监[2018]9号
黑龙江省环境保护厅 新公告：环境违法问题监察通知 黑环法监[2018]14号
黑龙江省环境保护厅 新公告：饮用水水源地环境问题清单
黑龙江省环境保护厅 新公告：行政处罚决定书 黑环法发〔2017〕24号
黑龙江省环境保护厅 新公告：责令改正违法行为决定书 黑环法责〔2017〕8号
黑龙江省环境保护厅 新公告：行政处罚决定书 黑环法发〔2017〕30号
黑龙江省环境保护厅 新公告：责令改正违法行为决定书 黑环法责〔2017〕16号
黑龙江省环境保护厅 新公告：行政处罚决定书 黑环法发〔2017〕28号
黑龙江省环境保护厅 新公告：责令改正违法行为决定书 黑环法责〔2017〕13号
黑龙江省环境保护厅 新公告：行政处罚决定书 黑环法发〔2017〕31号
黑龙江省环境保护厅 新公告：责令改正违法行为决定书 黑环发责〔2017〕9号
黑龙江省环境保护厅 新公告：行政处罚决定书 黑环法发〔2017〕27号
黑龙江省环境保护厅 新公告：责令改正违法行为决定书 黑环法责〔2017〕11号
黑龙江省环境保护厅 新公告：行政处罚决定书黑环法发〔2017〕26号
黑龙江省环境保护厅 新公告：责令改正违法行为决定书黑环法责〔2017〕15号
黑龙江省环境保护厅 新公告：行政处罚决定书黑环法发〔2017〕32号
黑龙江省环境保护厅 新公告：责令改正违法行为决定书 黑环法责〔2017〕10号
黑龙江省环境保护厅 新公告：责令改正违法行为决定书  黑环法〔2017〕18号
黑龙江省环境保护厅 新公告：黑环法监〔2017〕15号环境违法问题监察通知
黑龙江省环境保护厅 新公告：关于黑龙江省鸡西市多家石墨矿环境问题调查处理情况的报告
黑龙江省环境保护厅 新公告：关于开展违规建设项目查处情况信息公开的通知
黑龙江省环境保护厅 新公告：关于切实加强环境监管执法依法履行环境行政权力的通知
黑龙江省环境保护厅 新公告：大气环境违法企业查处情况信息公开表
黑龙江省环境保护厅 新公告：行政处罚决定书黑环法〔2014〕114号
黑龙江省环境保护厅 新公告：行政处罚决定书黑环法〔2014〕105号
黑龙江省环境保护厅 新公告：行政处罚决定书黑环法〔2014〕106号
黑龙江省环境保护厅 新公告：行政处罚决定书黑环法〔2014〕101号
黑龙江省环境保护厅 新公告：行政处罚决定书黑环法〔2014〕100号
黑龙江省环境保护厅 新公告：行政处罚决定书黑环法〔2014〕93号
黑龙江省环境保护厅 新公告：行政处罚决定书黑环法〔2014〕83号
黑龙江省环境保护厅 新公告：行政处罚决定书黑环法〔2014〕82号
黑龙江省环境保护厅 新公告：行政处罚决定书黑环法〔2014〕78号
黑龙江省环境保护厅 新公告：行政处罚决定书黑环法〔2014〕77号
黑龙江省环境保护厅 新公告：行政处罚决定书黑环法〔2014〕80号
黑龙江省环境保护厅 新公告：行政处罚决定书黑环法〔2014〕79号
黑龙江省环境保护厅 新公告：行政处罚决定书黑环法〔2014〕81号
黑龙江省环境保护厅 新公告：行政处罚决定书黑环法〔2014〕68号
黑龙江省环境保护厅 新公告：行政处罚决定书黑环法〔2014〕44号
黑龙江省环境保护厅 新公告：行政处罚决定书黑环法〔2014〕42号
黑龙江省环境保护厅 新公告：行政处罚决定书黑环法〔2014〕39号
黑龙江省环境保护厅 新公告：行政处罚决定书黑环法〔2014〕38号
黑龙江省环境保护厅 新公告：行政处罚决定书黑环法〔2014〕40号
黑龙江省环境保护厅 新公告：行政处罚决定书黑环法〔2014〕41号
黑龙江省环境保护厅 新公告：直接做出的环境违法行为限期改正决定
黑龙江省环境保护厅 新公告：行政处罚决定书黑环法〔2014〕3号
黑龙江省环境保护厅 新公告：黑环法〔2014〕3号行政处罚决定书
黑龙江省环境保护厅 新公告：黑环法〔2014〕2号行政处罚决定书
黑龙江省环境保护厅 新公告：黑环法〔2014〕4号行政处罚决定书
黑龙江省环境保护厅 新公告：黑环法〔2014〕5号行政处罚决定书
黑龙江省环境保护厅 新公告：行政处罚决定书黑环法〔2014〕2号
黑龙江省环境保护厅 新公告：行政处罚决定书黑环法〔2013〕99号
黑龙江省环境保护厅 新公告：行政处罚决定书黑环法〔2013〕100号
黑龙江省环境保护厅 新公告：行政处罚决定书黑环法〔2013〕98号
黑龙江省环境保护厅 新公告：行政处罚决定书黑环法〔2013〕96号
黑龙江省环境保护厅 新公告：行政处罚决定书黑环法〔2013〕71号
黑龙江省环境保护厅 新公告：直接做出的环境违法行为限期改正决定
黑龙江省环境保护厅 新公告：行政处罚决定书黑环法〔2013〕51号
黑龙江省环境保护厅 新公告：行政处罚决定书黑环法〔2013〕50号
黑龙江省环境保护厅 新公告：行政处罚决定书黑环法〔2013〕49号
黑龙江省环境保护厅 新公告：行政处罚决定书黑环法〔2013〕45号
黑龙江省环境保护厅 新公告：行政处罚决定书黑环法〔2013〕35号
黑龙江省环境保护厅 新公告：行政处罚决定书黑环法〔2013〕34号
黑龙江省环境保护厅 新公告：行政处罚决定书黑环法〔2013〕5号
黑龙江省环境保护厅 新公告：行政处罚决定书黑环法〔2013〕14号
黑龙江省环境保护厅 新公告：行政处罚决定书黑环法〔2013〕13号
黑龙江省环境保护厅 新公告：行政处罚决定书黑环法〔2013〕8号
黑龙江省环境保护厅 新公告：行政处罚决定书黑环法〔2013〕7号
黑龙江省环境保护厅 新公告：行政处罚决定书黑环法〔2013〕6号
黑龙江省环境保护厅 新公告：行政处罚决定书黑环法〔2013〕1号
黑龙江省环境保护厅 新公告：行政处罚决定书黑环法〔2012〕31号
黑龙江省环境保护厅 新公告：行政处罚决定书黑环法〔2012〕32号
黑龙江省环境保护厅 新公告：行政处罚决定书黑环法〔2012〕30号
黑龙江省环境保护厅 新公告：行政处罚决定书黑环法〔2012〕23号
黑龙江省环境保护厅 新公告：行政处罚决定书黑环法〔2012〕22号
黑龙江省环境保护厅 新公告：行政处罚决定书黑环法〔2012〕16号
黑龙江省环境保护厅 新公告：行政处罚决定书黑环法〔2012〕3号
黑龙江省环境保护厅 新公告：行政处罚决定书黑环法〔2011〕36号
黑龙江省环境保护厅 新公告：行政处罚决定书黑环法〔2011〕30号
黑龙江省环境保护厅 新公告：行政处罚决定书黑环法〔2011〕28号
黑龙江省环境保护厅一共有119条新公告，导入数据库中......
黑龙江省环境保护厅公告导入完成！
