第1页
天津市税务局 新公告：天津宏图盛业商贸有限公司 url: 天津宏图盛业商贸有限公司2019-05-31
天津市税务局 新公告：天津市鼎坤华泰管业有限公司 url: 天津市鼎坤华泰管业有限公司2019-05-31
天津市税务局 新公告：天津盛伟再生资源回收有限公司 url: 天津盛伟再生资源回收有限公司2019-05-31
天津市税务局 新公告：天津市盛浩海峰商贸有限公司 url: 天津市盛浩海峰商贸有限公司2019-05-31
天津市税务局 新公告：天津兴茂盛塑料制品销售有限公司 url: 天津兴茂盛塑料制品销售有限公司2019-05-31
天津市税务局 新公告：天津逸林生物科技有限公司 url: 天津逸林生物科技有限公司2019-05-31
天津市税务局 新公告：天津博爱广发贸易有限公司 url: 天津博爱广发贸易有限公司2019-05-31
天津市税务局 新公告：天津辉宏轩商贸有限公司 url: 天津辉宏轩商贸有限公司2019-05-31
天津市税务局 新公告：天津宝上金属材料销售有限公司 url: 天津宝上金属材料销售有限公司2019-05-31
天津市税务局 新公告：天津天正宏拓商贸有限公司 url: 天津天正宏拓商贸有限公司2019-05-31
天津市税务局 新公告：天津腾越宏达商贸有限公司 url: 天津腾越宏达商贸有限公司2019-05-31
天津市税务局 新公告：天津升发金属材料销售有限公司 url: 天津升发金属材料销售有限公司2019-05-31
天津市税务局 新公告：天津市嘉晟纺织有限公司 url: 天津市嘉晟纺织有限公司2019-05-31
天津市税务局 新公告：天津铭扬彩德商贸有限公司 url: 天津铭扬彩德商贸有限公司2019-05-31
天津市税务局 新公告：天津环欣商贸有限公司 url: 天津环欣商贸有限公司2019-05-31
天津市税务局 新公告：天津裕典商贸有限公司 url: 天津裕典商贸有限公司2019-05-31
天津市税务局 新公告：天津维摩诘商贸有限公司 url: 天津维摩诘商贸有限公司2019-05-31
天津市税务局 新公告：天津林盛业煤炭销售有限公司 url: 天津林盛业煤炭销售有限公司2019-05-31
天津市税务局 新公告：天津首航阀门科技有限公司 url: 天津首航阀门科技有限公司2019-05-31
天津市税务局 新公告：天津康百宜管业有限公司 url: 天津康百宜管业有限公司2019-05-31
天津市税务局一共有20条新公告，导入数据库中......
天津市税务局公告导入完成！
