抓取b28dcb23c0a3496ca04ad1e39707d31e地区, 第1页
到达上次爬取的链接
到达上次爬取的链接
抓取f4bcd55acb284eb7afaf8be4fd573cca地区, 第1页
到达上次爬取的链接
到达上次爬取的链接
抓取030b623d1c094f9da5a94b6e9c66a578地区, 第1页
广东省税务局 新公告：东莞市郑氏服饰有限公司 url: http://www.gd-n-tax.gov.cn/siteapps/webpage/gdtax/zdsswfaj/service.jsp?manuscriptId=6bdc14e32b204f2786c050ef41f024d9
广东省税务局 新公告：东莞市骏卓制衣有限公司 url: http://www.gd-n-tax.gov.cn/siteapps/webpage/gdtax/zdsswfaj/service.jsp?manuscriptId=9117739d23aa45c6ac88aea76e0c7c85
广东省税务局 新公告：东莞市电力燃料有限公司 url: http://www.gd-n-tax.gov.cn/siteapps/webpage/gdtax/zdsswfaj/service.jsp?manuscriptId=7a12f2d11c86429e8c297681a1660485
抓取ee5a8c3bca414a64b5f04c96418edba6地区, 第1页
广东省税务局 新公告：珠海安顺科技有限公司 url: http://www.gd-n-tax.gov.cn/siteapps/webpage/gdtax/zdsswfaj/service.jsp?manuscriptId=4aead31feb11426cabcffc1ab951d66e
广东省税务局 新公告：珠海保税区昌恒贸易有限公司 url: http://www.gd-n-tax.gov.cn/siteapps/webpage/gdtax/zdsswfaj/service.jsp?manuscriptId=ff67c6cda7fd4772a73e6d0744ffa236
广东省税务局 新公告：珠海市漫宇进出口有限公司 url: http://www.gd-n-tax.gov.cn/siteapps/webpage/gdtax/zdsswfaj/service.jsp?manuscriptId=1071051dc0fe4577aa14cb9b9167063c
抓取76e4455df97b4dd2b002f4be51e2f669地区, 第1页
广东省税务局 新公告：汕头市金涛实业有限公司 url: http://www.gd-n-tax.gov.cn/siteapps/webpage/gdtax/zdsswfaj/service.jsp?manuscriptId=d286c65c10bd4d3390c37671e03347d9
广东省税务局 新公告：汕头市信德强贸易有限公司 url: http://www.gd-n-tax.gov.cn/siteapps/webpage/gdtax/zdsswfaj/service.jsp?manuscriptId=debb3f71be5f47c7bab92486f2f56af0
抓取adc6e4d228194537a2264e326e33099d地区, 第1页
广东省税务局 新公告：佛山市润多鼎贸易有限公司 url: http://www.gd-n-tax.gov.cn/siteapps/webpage/gdtax/zdsswfaj/service.jsp?manuscriptId=7d43a8d58e0e45db95cd4f8cbe64d911
广东省税务局 新公告：佛山市广兴聚贸易有限公司 url: http://www.gd-n-tax.gov.cn/siteapps/webpage/gdtax/zdsswfaj/service.jsp?manuscriptId=214e70a67e0947ab9fb0ea378fc64665
广东省税务局 新公告：佛山市迅力鑫贸易有限公司 url: http://www.gd-n-tax.gov.cn/siteapps/webpage/gdtax/zdsswfaj/service.jsp?manuscriptId=e00bf897059448a48af4e20bfaac2db5
广东省税务局 新公告：佛山市顺德区卓陆五金机电有限公司 url: http://www.gd-n-tax.gov.cn/siteapps/webpage/gdtax/zdsswfaj/service.jsp?manuscriptId=a4c13e59517b48e88694a33b76c78915
广东省税务局 新公告：佛山市轩捷科技有限公司 url: http://www.gd-n-tax.gov.cn/siteapps/webpage/gdtax/zdsswfaj/service.jsp?manuscriptId=c176a203db8649beb07b3d5d2ea0114b
广东省税务局 新公告：佛山市春耀电子科技有限公司 url: http://www.gd-n-tax.gov.cn/siteapps/webpage/gdtax/zdsswfaj/service.jsp?manuscriptId=06ab7b11a5404225b39550ff174363ec
广东省税务局 新公告：佛山市銮昇进出口有限公司 url: http://www.gd-n-tax.gov.cn/siteapps/webpage/gdtax/zdsswfaj/service.jsp?manuscriptId=b7567720ef7741fa957cb7ec4de1e126
广东省税务局 新公告：佛山市吉曜进出口贸易有限公司 url: http://www.gd-n-tax.gov.cn/siteapps/webpage/gdtax/zdsswfaj/service.jsp?manuscriptId=aac775b040c84d5fa3b53cee7afb9a22
广东省税务局 新公告：佛山市图昌五金制品有限公司 url: http://www.gd-n-tax.gov.cn/siteapps/webpage/gdtax/zdsswfaj/service.jsp?manuscriptId=3ba3336a177c4d3882fdd4770a00844b
广东省税务局 新公告：佛山市顺德区午浴松贸易有限公司 url: http://www.gd-n-tax.gov.cn/siteapps/webpage/gdtax/zdsswfaj/service.jsp?manuscriptId=642ad226040a4cf692a2c5f603dc2121
抓取adc6e4d228194537a2264e326e33099d地区, 第2页
广东省税务局 新公告：佛山市利禾宝电子科技有限公司 url: http://www.gd-n-tax.gov.cn/siteapps/webpage/gdtax/zdsswfaj/service.jsp?manuscriptId=7f9731736e884771a592fa422aaf7272
广东省税务局 新公告：佛山市顺德区陆遥贸易有限公司 url: http://www.gd-n-tax.gov.cn/siteapps/webpage/gdtax/zdsswfaj/service.jsp?manuscriptId=749cf25c759e473c8a674c8aeb28fad7
广东省税务局 新公告：佛山市骥根贸易有限公司 url: http://www.gd-n-tax.gov.cn/siteapps/webpage/gdtax/zdsswfaj/service.jsp?manuscriptId=74139c0d7a164808a716a1e5be5479a5
广东省税务局 新公告：佛山市迪淼商贸有限公司 url: http://www.gd-n-tax.gov.cn/siteapps/webpage/gdtax/zdsswfaj/service.jsp?manuscriptId=d6e50c03740740e2bc393bf532062bcb
广东省税务局 新公告：佛山市浩靖贸易有限公司 url: http://www.gd-n-tax.gov.cn/siteapps/webpage/gdtax/zdsswfaj/service.jsp?manuscriptId=5f92ffce2bb44f79b968e82741edfd81
广东省税务局 新公告：佛山市同开贸易有限公司 url: http://www.gd-n-tax.gov.cn/siteapps/webpage/gdtax/zdsswfaj/service.jsp?manuscriptId=c5cfed759e9a4a33807899ce12a18214
广东省税务局 新公告：佛山市环球鑫贸易有限公司 url: http://www.gd-n-tax.gov.cn/siteapps/webpage/gdtax/zdsswfaj/service.jsp?manuscriptId=c0ec7ed8c159458a88e2c6a6f4079cfb
广东省税务局 新公告：佛山市欧富钢贸易有限公司 url: http://www.gd-n-tax.gov.cn/siteapps/webpage/gdtax/zdsswfaj/service.jsp?manuscriptId=f148f946449648c79d3cf6ba4ae56432
广东省税务局 新公告：佛山市鑫伟业机电设备有限公司 url: http://www.gd-n-tax.gov.cn/siteapps/webpage/gdtax/zdsswfaj/service.jsp?manuscriptId=da75160a267145c9840567f94320e69f
广东省税务局 新公告：佛山市易诺金属材料有限公司 url: http://www.gd-n-tax.gov.cn/siteapps/webpage/gdtax/zdsswfaj/service.jsp?manuscriptId=5f63a6ee2e9d49629b473790aae88576
抓取adc6e4d228194537a2264e326e33099d地区, 第3页
广东省税务局 新公告：佛山市胜冠铝业有限公司 url: http://www.gd-n-tax.gov.cn/siteapps/webpage/gdtax/zdsswfaj/service.jsp?manuscriptId=f2f471da29c349aba963e7d19405fa02
广东省税务局 新公告：佛山市建越建材批发有限公司 url: http://www.gd-n-tax.gov.cn/siteapps/webpage/gdtax/zdsswfaj/service.jsp?manuscriptId=da9eb7e522734a4e9d38b916b8084640
广东省税务局 新公告：佛山市兄联科技有限公司 url: http://www.gd-n-tax.gov.cn/siteapps/webpage/gdtax/zdsswfaj/service.jsp?manuscriptId=77ca598300df4e7ab10df8e8eb3d20a0
广东省税务局 新公告：佛山市建禾建材批发有限公司 url: http://www.gd-n-tax.gov.cn/siteapps/webpage/gdtax/zdsswfaj/service.jsp?manuscriptId=916ca9287b90467e823f7629db18b0b9
广东省税务局 新公告：佛山市翁山贸易有限公司 url: http://www.gd-n-tax.gov.cn/siteapps/webpage/gdtax/zdsswfaj/service.jsp?manuscriptId=0200d7c9a77c405699ae5f86968e70d2
广东省税务局 新公告：佛山市顺德区盈丰行网络科技有限公司 url: http://www.gd-n-tax.gov.cn/siteapps/webpage/gdtax/zdsswfaj/service.jsp?manuscriptId=45f79752748c46b3975d39e1302b4fad
广东省税务局 新公告：佛山市钜牛金属制品有限公司 url: http://www.gd-n-tax.gov.cn/siteapps/webpage/gdtax/zdsswfaj/service.jsp?manuscriptId=b849befcc3d94301946f40432df663fc
广东省税务局 新公告：佛山市天尼斯家具有限公司 url: http://www.gd-n-tax.gov.cn/siteapps/webpage/gdtax/zdsswfaj/service.jsp?manuscriptId=d007c53997164a6d8b2a24b9d617ddb7
广东省税务局 新公告：广东本邦电器有限公司 url: http://www.gd-n-tax.gov.cn/siteapps/webpage/gdtax/zdsswfaj/service.jsp?manuscriptId=dea03130be4d48c6b758b3617d80a1f4
广东省税务局 新公告：广东顺德中海源富环保科技有限公司 url: http://www.gd-n-tax.gov.cn/siteapps/webpage/gdtax/zdsswfaj/service.jsp?manuscriptId=19e5c04ab084435894288f93c945493c
抓取adc6e4d228194537a2264e326e33099d地区, 第4页
广东省税务局 新公告：佛山市顺德区扬声进出口贸易有限公司 url: http://www.gd-n-tax.gov.cn/siteapps/webpage/gdtax/zdsswfaj/service.jsp?manuscriptId=3dcb8cb3c5684b31a6a8098bbddf30ed
广东省税务局 新公告：佛山市南海区轩信金属贸易有限公司 url: http://www.gd-n-tax.gov.cn/siteapps/webpage/gdtax/zdsswfaj/service.jsp?manuscriptId=ede2b79926a54bbba7467ecad92c8507
广东省税务局 新公告：佛山市缘振智建材有限公司 url: http://www.gd-n-tax.gov.cn/siteapps/webpage/gdtax/zdsswfaj/service.jsp?manuscriptId=c0949487ed8c4ccf92330dd62bc361bd
广东省税务局 新公告：佛山市亚发元科技有限公司 url: http://www.gd-n-tax.gov.cn/siteapps/webpage/gdtax/zdsswfaj/service.jsp?manuscriptId=14b459e2dca843e8921341b6ad40da7b
广东省税务局 新公告：佛山市协耀浩贸易有限公司 url: http://www.gd-n-tax.gov.cn/siteapps/webpage/gdtax/zdsswfaj/service.jsp?manuscriptId=e2e25564c8224ad798c2bfafac4705b8
广东省税务局 新公告：佛山市千广国建材有限公司 url: http://www.gd-n-tax.gov.cn/siteapps/webpage/gdtax/zdsswfaj/service.jsp?manuscriptId=00554ec93c6a476c82d8f493532cf83c
广东省税务局 新公告：佛山市凯美聚贸易有限公司 url: http://www.gd-n-tax.gov.cn/siteapps/webpage/gdtax/zdsswfaj/service.jsp?manuscriptId=481ad108890f4bed9966fb206af3a485
广东省税务局 新公告：佛山市俊进粮贸易有限公司 url: http://www.gd-n-tax.gov.cn/siteapps/webpage/gdtax/zdsswfaj/service.jsp?manuscriptId=61cefeddb7b84eed8b0b5ccbc18f26f0
广东省税务局 新公告：佛山市集广段金属材料有限公司 url: http://www.gd-n-tax.gov.cn/siteapps/webpage/gdtax/zdsswfaj/service.jsp?manuscriptId=2f8f04939b504b1886bdaea8d0349c5b
广东省税务局 新公告：佛山市南海勤丰贸易有限公司 url: http://www.gd-n-tax.gov.cn/siteapps/webpage/gdtax/zdsswfaj/service.jsp?manuscriptId=1eaf9bda7cec427a8af8f1a0189f3699
抓取adc6e4d228194537a2264e326e33099d地区, 第5页
广东省税务局 新公告：广东佳明电器有限公司 url: http://www.gd-n-tax.gov.cn/siteapps/webpage/gdtax/zdsswfaj/service.jsp?manuscriptId=c2d38e9edc034aec92dad035b2a52c3a
广东省税务局 新公告：佛山市美莱特电器有限公司 url: http://www.gd-n-tax.gov.cn/siteapps/webpage/gdtax/zdsswfaj/service.jsp?manuscriptId=5a902e4e70164590937ae65197e13d8a
广东省税务局 新公告：佛山市燊诚贸易有限公司 url: http://www.gd-n-tax.gov.cn/siteapps/webpage/gdtax/zdsswfaj/service.jsp?manuscriptId=8db6aba0f6044b2a90b78b12af8d808e
广东省税务局 新公告：佛山市汝广装饰工程有限公司 url: http://www.gd-n-tax.gov.cn/siteapps/webpage/gdtax/zdsswfaj/service.jsp?manuscriptId=124aeb2afe4445598596caf0494fdec3
广东省税务局 新公告：广东奥丽侬内衣集团有限公司 url: http://www.gd-n-tax.gov.cn/siteapps/webpage/gdtax/zdsswfaj/service.jsp?manuscriptId=16efb0b07a3f4f3c94b3834c228d714e
广东省税务局 新公告：佛山市南海区奇海金属贸易有限公司 url: http://www.gd-n-tax.gov.cn/siteapps/webpage/gdtax/zdsswfaj/service.jsp?manuscriptId=58195839bd844ab7813855c3e3e7ab4c
广东省税务局 新公告：佛山市锌品昇贸易有限公司 url: http://www.gd-n-tax.gov.cn/siteapps/webpage/gdtax/zdsswfaj/service.jsp?manuscriptId=54e49982480947998cda90e025dde3dd
广东省税务局 新公告：佛山市顺德区车霸汽车用品有限公司 url: http://www.gd-n-tax.gov.cn/siteapps/webpage/gdtax/zdsswfaj/service.jsp?manuscriptId=9c38dbf759e7440c91b6611f31c24271
广东省税务局 新公告：佛山市顺德区聚豪达环保科技有限公司 url: http://www.gd-n-tax.gov.cn/siteapps/webpage/gdtax/zdsswfaj/service.jsp?manuscriptId=b25c90f58a054d4fa9614c6d01e7984c
广东省税务局 新公告：广东昊中宏进出口贸易有限公司 url: http://www.gd-n-tax.gov.cn/siteapps/webpage/gdtax/zdsswfaj/service.jsp?manuscriptId=2a2bc33752544c0aa635b60957da9d19
抓取adc6e4d228194537a2264e326e33099d地区, 第6页
广东省税务局 新公告：佛山市顺德区沃玛特家具有限公司 url: http://www.gd-n-tax.gov.cn/siteapps/webpage/gdtax/zdsswfaj/service.jsp?manuscriptId=7f4873344649430ca4739dbe93f0c587
广东省税务局 新公告：佛山市顺德区杰斯宝贸易有限公司 url: http://www.gd-n-tax.gov.cn/siteapps/webpage/gdtax/zdsswfaj/service.jsp?manuscriptId=510b6d42d737421982a8ff44fe11cea1
广东省税务局 新公告：佛山市顺德区杰深实业有限公司 url: http://www.gd-n-tax.gov.cn/siteapps/webpage/gdtax/zdsswfaj/service.jsp?manuscriptId=26d9cda8736c499a9c58bf0b44b1d8fd
广东省税务局 新公告：佛山市顺德区希盾电器实业有限公司 url: http://www.gd-n-tax.gov.cn/siteapps/webpage/gdtax/zdsswfaj/service.jsp?manuscriptId=c4b9f27e0cf4451ebacbc76be0646f20
广东省税务局 新公告：顺德区大良鼎力威机械配件厂 url: http://www.gd-n-tax.gov.cn/siteapps/webpage/gdtax/zdsswfaj/service.jsp?manuscriptId=58063737259646af9133e13f8f6b6687
广东省税务局 新公告：佛山市置盛科技有限公司 url: http://www.gd-n-tax.gov.cn/siteapps/webpage/gdtax/zdsswfaj/service.jsp?manuscriptId=5014fbb09aa14d7e929330f8ee48dca9
广东省税务局 新公告：佛山市三水祥兆金属制品有限公司 url: http://www.gd-n-tax.gov.cn/siteapps/webpage/gdtax/zdsswfaj/service.jsp?manuscriptId=57efd649c91a4f9fb834dd194f48e838
广东省税务局 新公告：佛山市广盛金生物能源科技有限公司 url: http://www.gd-n-tax.gov.cn/siteapps/webpage/gdtax/zdsswfaj/service.jsp?manuscriptId=3848f2669c934b6ab37d5912c656a339
广东省税务局 新公告：佛山市星之彩玻璃有限公司 url: http://www.gd-n-tax.gov.cn/siteapps/webpage/gdtax/zdsswfaj/service.jsp?manuscriptId=babc49d1f69b4f3fa2c45a4d67b7b83a
广东省税务局 新公告：佛山市客恬贸易有限公司 url: http://www.gd-n-tax.gov.cn/siteapps/webpage/gdtax/zdsswfaj/service.jsp?manuscriptId=64e4825cc56c40038d2721e329f1fb69
抓取adc6e4d228194537a2264e326e33099d地区, 第7页
广东省税务局 新公告：佛山市汇浩贸易有限公司 url: http://www.gd-n-tax.gov.cn/siteapps/webpage/gdtax/zdsswfaj/service.jsp?manuscriptId=0847e4b96885436ebceb2e30d45f4cc1
广东省税务局 新公告：佛山市赛泉电子科技有限公司 url: http://www.gd-n-tax.gov.cn/siteapps/webpage/gdtax/zdsswfaj/service.jsp?manuscriptId=685d2ecaa72e436581997554ac545ae9
广东省税务局 新公告：佛山市邦纳贸易有限公司 url: http://www.gd-n-tax.gov.cn/siteapps/webpage/gdtax/zdsswfaj/service.jsp?manuscriptId=c0cfa4bc923b4fbb9cdf2ba528f93951
广东省税务局 新公告：佛山市哲奇金属制品有限公司 url: http://www.gd-n-tax.gov.cn/siteapps/webpage/gdtax/zdsswfaj/service.jsp?manuscriptId=e4aee542838f40eaa620d5c4ac72501c
广东省税务局 新公告：佛山市恬盟贸易有限公司 url: http://www.gd-n-tax.gov.cn/siteapps/webpage/gdtax/zdsswfaj/service.jsp?manuscriptId=ec9324736d73468d8e904735f5063f2b
广东省税务局 新公告：佛山市赢丰贸易有限公司 url: http://www.gd-n-tax.gov.cn/siteapps/webpage/gdtax/zdsswfaj/service.jsp?manuscriptId=1c7fc54539da4239af761fe845f3876b
广东省税务局 新公告：佛山市前壹超贸易有限公司 url: http://www.gd-n-tax.gov.cn/siteapps/webpage/gdtax/zdsswfaj/service.jsp?manuscriptId=f242dab4d7474f5d963ad608b6256897
广东省税务局 新公告：佛山市洪德诚商贸有限公司 url: http://www.gd-n-tax.gov.cn/siteapps/webpage/gdtax/zdsswfaj/service.jsp?manuscriptId=cd36fcf3308d41dd9514b528f06ebf3e
广东省税务局 新公告：佛山市壹叁柒贸易有限公司 url: http://www.gd-n-tax.gov.cn/siteapps/webpage/gdtax/zdsswfaj/service.jsp?manuscriptId=9e622952c3984b08b1df39481632f15d
广东省税务局 新公告：佛山市仁安恒贸易有限公司 url: http://www.gd-n-tax.gov.cn/siteapps/webpage/gdtax/zdsswfaj/service.jsp?manuscriptId=e7aa1c41d4d0478082b8d520a67163c5
抓取adc6e4d228194537a2264e326e33099d地区, 第8页
广东省税务局 新公告：佛山市达库远贸易有限公司 url: http://www.gd-n-tax.gov.cn/siteapps/webpage/gdtax/zdsswfaj/service.jsp?manuscriptId=f31c578272184420904a290d1457de5c
广东省税务局 新公告：佛山市九佑贸易有限公司 url: http://www.gd-n-tax.gov.cn/siteapps/webpage/gdtax/zdsswfaj/service.jsp?manuscriptId=af5e9bb0db094f96beab88e4c614e2f9
广东省税务局 新公告：佛山市灵杜海贸易有限公司 url: http://www.gd-n-tax.gov.cn/siteapps/webpage/gdtax/zdsswfaj/service.jsp?manuscriptId=65c8e88ed11a41baae94c95fbe8311de
广东省税务局 新公告：佛山市秦泓贸易有限公司 url: http://www.gd-n-tax.gov.cn/siteapps/webpage/gdtax/zdsswfaj/service.jsp?manuscriptId=fce2270c2a9745328d0b621fc6d0c0bf
广东省税务局 新公告：佛山市沃宝贸易有限公司 url: http://www.gd-n-tax.gov.cn/siteapps/webpage/gdtax/zdsswfaj/service.jsp?manuscriptId=0482666373684b27ba967ee4895b7336
广东省税务局 新公告：佛山市谱尼修贸易有限公司 url: http://www.gd-n-tax.gov.cn/siteapps/webpage/gdtax/zdsswfaj/service.jsp?manuscriptId=54c9c3f7763240c8bfb332f3e0a0b004
广东省税务局 新公告：佛山市寰洋进出口有限公司 url: http://www.gd-n-tax.gov.cn/siteapps/webpage/gdtax/zdsswfaj/service.jsp?manuscriptId=7e5f0d3f799b496cbdadb6bae88c508c
广东省税务局 新公告：佛山市红思港贸易有限公司 url: http://www.gd-n-tax.gov.cn/siteapps/webpage/gdtax/zdsswfaj/service.jsp?manuscriptId=f0fa2895af194bdab03f60ee3af39e29
广东省税务局 新公告：佛山市可洲罗贸易有限公司 url: http://www.gd-n-tax.gov.cn/siteapps/webpage/gdtax/zdsswfaj/service.jsp?manuscriptId=1b841082d73f46c98e05e094b679484b
广东省税务局 新公告：佛山市昆综宏贸易有限公司 url: http://www.gd-n-tax.gov.cn/siteapps/webpage/gdtax/zdsswfaj/service.jsp?manuscriptId=1f9a99005c514a668eb81e6a015f8c04
抓取adc6e4d228194537a2264e326e33099d地区, 第9页
广东省税务局 新公告：佛山市赐靖贸易有限公司 url: http://www.gd-n-tax.gov.cn/siteapps/webpage/gdtax/zdsswfaj/service.jsp?manuscriptId=2bd56296e640479e8a218f59a060a50e
广东省税务局 新公告：佛山市社灵钜贸易有限公司 url: http://www.gd-n-tax.gov.cn/siteapps/webpage/gdtax/zdsswfaj/service.jsp?manuscriptId=4d37ab8bdf8041489ba462061a801ee9
广东省税务局 新公告：佛山市西锐贸易有限公司 url: http://www.gd-n-tax.gov.cn/siteapps/webpage/gdtax/zdsswfaj/service.jsp?manuscriptId=73fa4c8101c34ef5bc163fa43788ee53
广东省税务局 新公告：佛山市蜀黎贸易有限公司 url: http://www.gd-n-tax.gov.cn/siteapps/webpage/gdtax/zdsswfaj/service.jsp?manuscriptId=f11f22f583fb480d99e6379f329e0a69
广东省税务局 新公告：佛山市顺德区炫越服装有限公司 url: http://www.gd-n-tax.gov.cn/siteapps/webpage/gdtax/zdsswfaj/service.jsp?manuscriptId=276d8d60aaef49219227bd30cfefe689
广东省税务局 新公告：佛山市顺德区燊悦龙服装制造有限公司 url: http://www.gd-n-tax.gov.cn/siteapps/webpage/gdtax/zdsswfaj/service.jsp?manuscriptId=dce2433d432c41a48d23ef3d26f6e9dd
广东省税务局 新公告：佛山市顺德区富比迪制衣有限公司 url: http://www.gd-n-tax.gov.cn/siteapps/webpage/gdtax/zdsswfaj/service.jsp?manuscriptId=f5b85302638a456ea7e5c770a6a1d6c3
广东省税务局 新公告：佛山市喜来购贸易有限公司 url: http://www.gd-n-tax.gov.cn/siteapps/webpage/gdtax/zdsswfaj/service.jsp?manuscriptId=2924ae2a405c4a67bf9c2a34309bad60
广东省税务局 新公告：佛山市禅城区天运龙房地产开发有限公司 url: http://www.gd-n-tax.gov.cn/siteapps/webpage/gdtax/zdsswfaj/service.jsp?manuscriptId=02d92cd42ae942d0a59d3ad69b3ceda4
广东省税务局 新公告：佛山市中瓷万景窑炉有限公司 url: http://www.gd-n-tax.gov.cn/siteapps/webpage/gdtax/zdsswfaj/service.jsp?manuscriptId=56d57a2cbb4f4abc87115dc1aa1b2080
抓取adc6e4d228194537a2264e326e33099d地区, 第10页
广东省税务局 新公告：佛山市瑞喆投资有限公司 url: http://www.gd-n-tax.gov.cn/siteapps/webpage/gdtax/zdsswfaj/service.jsp?manuscriptId=7c34e2b29dcd4773a80055b584df5405
广东省税务局 新公告：佛山市立信金属制品有限公司 url: http://www.gd-n-tax.gov.cn/siteapps/webpage/gdtax/zdsswfaj/service.jsp?manuscriptId=cd387e95d4414b5d9ccfa38ceb5e0ca5
广东省税务局 新公告：佛山市金豪杰纺织品进出口有限公司 url: http://www.gd-n-tax.gov.cn/siteapps/webpage/gdtax/zdsswfaj/service.jsp?manuscriptId=5c285eeddb4e4e68888b53b46a6dc07f
广东省税务局 新公告：佛山市美瓷建材有限公司 url: http://www.gd-n-tax.gov.cn/siteapps/webpage/gdtax/zdsswfaj/service.jsp?manuscriptId=c74c579e09ae44128c97941759d4c6e3
广东省税务局 新公告：佛山市穗鸿家具有限公司 url: http://www.gd-n-tax.gov.cn/siteapps/webpage/gdtax/zdsswfaj/service.jsp?manuscriptId=e3a5f5c80ac642af9acd11a79016c986
广东省税务局 新公告：佛山市粤建电力安装工程有限公司 url: http://www.gd-n-tax.gov.cn/siteapps/webpage/gdtax/zdsswfaj/service.jsp?manuscriptId=265af7e2b5254eb3a78fa4e09dab4f33
广东省税务局 新公告：佛山市南海誉天金属制品厂 url: http://www.gd-n-tax.gov.cn/siteapps/webpage/gdtax/zdsswfaj/service.jsp?manuscriptId=0ca1909bc65e4503834717a5340c458b
广东省税务局 新公告：佛山市南海华豪铝型材有限公司 url: http://www.gd-n-tax.gov.cn/siteapps/webpage/gdtax/zdsswfaj/service.jsp?manuscriptId=99463fd4071f473297b666c2132099a2
广东省税务局 新公告：佛山市顺德区川斯特机电设备有限公司 url: http://www.gd-n-tax.gov.cn/siteapps/webpage/gdtax/zdsswfaj/service.jsp?manuscriptId=a7d602201c1149468c48e9ceb6a60a31
抓取39d05f421014430fafa894c9057e4053地区, 第1页
广东省税务局 新公告：始兴县凯轩商贸有限公司 url: http://www.gd-n-tax.gov.cn/siteapps/webpage/gdtax/zdsswfaj/service.jsp?manuscriptId=ced0fdd65c2a406e92dd567a46213d7f
广东省税务局 新公告：韶关市核工业华南实业有限公司 url: http://www.gd-n-tax.gov.cn/siteapps/webpage/gdtax/zdsswfaj/service.jsp?manuscriptId=4f828424acc64fc584b5d44f299404fa
抓取025e14dd98ce4b48824253d86e0c650e地区, 第1页
广东省税务局 新公告：和平利元科技实业有限公司 url: http://www.gd-n-tax.gov.cn/siteapps/webpage/gdtax/zdsswfaj/service.jsp?manuscriptId=63da670b50d7416ea6045417c8bffe2b
抓取1e63950660364473894522d257ccf8f1地区, 第1页
广东省税务局 新公告：广东合本药业有限公司 url: http://www.gd-n-tax.gov.cn/siteapps/webpage/gdtax/zdsswfaj/service.jsp?manuscriptId=6e2859dbd8074bb49c2f39c8f661fc58
广东省税务局 新公告：广东曼尔菲医疗器械有限公司 url: http://www.gd-n-tax.gov.cn/siteapps/webpage/gdtax/zdsswfaj/service.jsp?manuscriptId=361f959daa534274b096dde10055a4c2
广东省税务局 新公告：梅州市金俊贸易有限公司阳光手机超市 url: http://www.gd-n-tax.gov.cn/siteapps/webpage/gdtax/zdsswfaj/service.jsp?manuscriptId=251be676c1aa469daacbd83af5c54fc8
广东省税务局 新公告：梅州市顺达鑫钢铁材料有限公司 url: http://www.gd-n-tax.gov.cn/siteapps/webpage/gdtax/zdsswfaj/service.jsp?manuscriptId=1fa41a7e162d45118d561bee807f490a
广东省税务局 新公告：梅州兴利科技有限公司 url: http://www.gd-n-tax.gov.cn/siteapps/webpage/gdtax/zdsswfaj/service.jsp?manuscriptId=875bc3faac25422d85232c2579810e32
广东省税务局 新公告：广东省梅州市世煌家具有限公司 url: http://www.gd-n-tax.gov.cn/siteapps/webpage/gdtax/zdsswfaj/service.jsp?manuscriptId=71b8a1fc1fbf4c84b7fd4f25c810373c
广东省税务局 新公告：广东省梅州市平远新雷腾胶合板有限公司 url: http://www.gd-n-tax.gov.cn/siteapps/webpage/gdtax/zdsswfaj/service.jsp?manuscriptId=5282fcd33ff546cc8136ce9933b5cdef
广东省税务局 新公告：梅州市荣安医疗器械有限公司 url: http://www.gd-n-tax.gov.cn/siteapps/webpage/gdtax/zdsswfaj/service.jsp?manuscriptId=d8eafcacd1ed493f9a838386a8e1a7e9
广东省税务局 新公告：梅州市梅县区华盛电子有限公司 url: http://www.gd-n-tax.gov.cn/siteapps/webpage/gdtax/zdsswfaj/service.jsp?manuscriptId=4270d97f90554083b5019c0ca720b85b
广东省税务局 新公告：梅州市裕吉宇贸易有限公司 url: http://www.gd-n-tax.gov.cn/siteapps/webpage/gdtax/zdsswfaj/service.jsp?manuscriptId=bea071c5122e49a7b85243dc5e834378
抓取1e63950660364473894522d257ccf8f1地区, 第2页
广东省税务局 新公告：梅州市久腾辰商贸有限公司 url: http://www.gd-n-tax.gov.cn/siteapps/webpage/gdtax/zdsswfaj/service.jsp?manuscriptId=018634fb45084c799015c1caac32d47e
广东省税务局 新公告：梅州市宏鑫平进出口有限公司 url: http://www.gd-n-tax.gov.cn/siteapps/webpage/gdtax/zdsswfaj/service.jsp?manuscriptId=3d3b6cf865d34f77bad03133cd4559ac
抓取908439689e1044b6a0ff8743a38c49c2地区, 第1页
广东省税务局 新公告：广东省惠州纺织品进出口有限公司 url: http://www.gd-n-tax.gov.cn/siteapps/webpage/gdtax/zdsswfaj/service.jsp?manuscriptId=780eafc0cc6042c6a6342e83e2e446a5
广东省税务局 新公告：广东省惠州金源丝绸进出口有限公司 url: http://www.gd-n-tax.gov.cn/siteapps/webpage/gdtax/zdsswfaj/service.jsp?manuscriptId=689bcedecc2f4704b9f9da528f85d257
广东省税务局 新公告：惠东县盛兴贸易有限公司 url: http://www.gd-n-tax.gov.cn/siteapps/webpage/gdtax/zdsswfaj/service.jsp?manuscriptId=adf7c52fd62147a7ad740c0ca589f53c
广东省税务局 新公告：广东华联兴业电子有限公司 url: http://www.gd-n-tax.gov.cn/siteapps/webpage/gdtax/zdsswfaj/service.jsp?manuscriptId=f4fb26f6144d4d2fbcae7c40a9c6687a
广东省税务局 新公告：惠州市奥维仕数码科技有限公司 url: http://www.gd-n-tax.gov.cn/siteapps/webpage/gdtax/zdsswfaj/service.jsp?manuscriptId=2b0dfc2134f1451789e2385554824c5c
广东省税务局 新公告：惠州市纳伟仕视听科技有限公司 url: http://www.gd-n-tax.gov.cn/siteapps/webpage/gdtax/zdsswfaj/service.jsp?manuscriptId=1de1175fffa64dff918f26be2de4da7d
广东省税务局 新公告：现代照明电气（惠州）有限公司 url: http://www.gd-n-tax.gov.cn/siteapps/webpage/gdtax/zdsswfaj/service.jsp?manuscriptId=d78f4854cd7a4993a39235ada786238e
广东省税务局 新公告：惠州富泰恒科技有限公司 url: http://www.gd-n-tax.gov.cn/siteapps/webpage/gdtax/zdsswfaj/service.jsp?manuscriptId=864631210c2f432e85d2ab3c51ee80c3
广东省税务局 新公告：惠州市泰丰源贸易有限公司 url: http://www.gd-n-tax.gov.cn/siteapps/webpage/gdtax/zdsswfaj/service.jsp?manuscriptId=6c0124267e644f39b24a8dda9fb20c26
广东省税务局 新公告：惠州市南方联创科技发展有限公司 url: http://www.gd-n-tax.gov.cn/siteapps/webpage/gdtax/zdsswfaj/service.jsp?manuscriptId=c75a3335854a4bf682d01c684d0367e3
抓取908439689e1044b6a0ff8743a38c49c2地区, 第2页
广东省税务局 新公告：惠州市博罗县瑞洋五金实业有限公司 url: http://www.gd-n-tax.gov.cn/siteapps/webpage/gdtax/zdsswfaj/service.jsp?manuscriptId=469730522cf24cdaa4827e9d8a91ed1c
广东省税务局 新公告：惠州世通皮具制品有限公司 url: http://www.gd-n-tax.gov.cn/siteapps/webpage/gdtax/zdsswfaj/service.jsp?manuscriptId=57baa45c5207422f9148ba9480587d93
广东省税务局 新公告：惠州市安东尼罗宾服饰有限公司 url: http://www.gd-n-tax.gov.cn/siteapps/webpage/gdtax/zdsswfaj/service.jsp?manuscriptId=e61e1483be3b4abf960675026fe66fbe
广东省税务局 新公告：惠州市庄正服饰有限公司 url: http://www.gd-n-tax.gov.cn/siteapps/webpage/gdtax/zdsswfaj/service.jsp?manuscriptId=0a151f04d5f74d92a44145dcdc8989f0
广东省税务局 新公告：惠州大亚湾东安石化有限公司 url: http://www.gd-n-tax.gov.cn/siteapps/webpage/gdtax/zdsswfaj/service.jsp?manuscriptId=661d40e350134537acb8e8dd8286ec42
广东省税务局 新公告：惠州市晒乐照明光电科技有限公司 url: http://www.gd-n-tax.gov.cn/siteapps/webpage/gdtax/zdsswfaj/service.jsp?manuscriptId=a93fff2ccf094fa79beebbb89f337aed
广东省税务局 新公告：惠州市康瑞医药有限公司 url: http://www.gd-n-tax.gov.cn/siteapps/webpage/gdtax/zdsswfaj/service.jsp?manuscriptId=2b6dabb11c804b86828954ec96f4fcc4
广东省税务局 新公告：惠州市和标贸易有限公司 url: http://www.gd-n-tax.gov.cn/siteapps/webpage/gdtax/zdsswfaj/service.jsp?manuscriptId=3fe45ad30428421b92bb86642f14a7fb
抓取779d14dafbfb497da46f83a5a101dc8f地区, 第1页
广东省税务局 新公告：陆河协盛药业有限公司 url: http://www.gd-n-tax.gov.cn/siteapps/webpage/gdtax/zdsswfaj/service.jsp?manuscriptId=da871282b8a148a1bda51bd4719f5db5
广东省税务局 新公告：海丰县广信鞋业有限公司 url: http://www.gd-n-tax.gov.cn/siteapps/webpage/gdtax/zdsswfaj/service.jsp?manuscriptId=48b3f85502e54cbbbf7cc133dd776816
抓取460c303ce3e94a68aac999ce41663485地区, 第1页
广东省税务局 新公告：中山市宝迪斯照明有限公司 url: http://www.gd-n-tax.gov.cn/siteapps/webpage/gdtax/zdsswfaj/service.jsp?manuscriptId=17056ef5563a46868554ebe44aad32c1
广东省税务局 新公告：中山市炬拓塑料制品有限公司 url: http://www.gd-n-tax.gov.cn/siteapps/webpage/gdtax/zdsswfaj/service.jsp?manuscriptId=1eaeffbbb3aa4050b07e0ae8e72230c1
广东省税务局 新公告：中山火炬开发区良沃贸易商行 url: http://www.gd-n-tax.gov.cn/siteapps/webpage/gdtax/zdsswfaj/service.jsp?manuscriptId=376c7ecf3368452da1a6f69ba156065b
广东省税务局 新公告：中山市力度贸易有限公司 url: http://www.gd-n-tax.gov.cn/siteapps/webpage/gdtax/zdsswfaj/service.jsp?manuscriptId=6bb7dc69eb2d4f9b86d7be74920ffaac
广东省税务局 新公告：中山市柴敏贸易有限公司 url: http://www.gd-n-tax.gov.cn/siteapps/webpage/gdtax/zdsswfaj/service.jsp?manuscriptId=a3ce7d8554fa44d6b4ccbdf4fd586362
广东省税务局 新公告：中山市恒荣贸易有限公司 url: http://www.gd-n-tax.gov.cn/siteapps/webpage/gdtax/zdsswfaj/service.jsp?manuscriptId=768556095b3c432080887064be65eaf5
广东省税务局 新公告：中山市翔宸贸易有限公司 url: http://www.gd-n-tax.gov.cn/siteapps/webpage/gdtax/zdsswfaj/service.jsp?manuscriptId=bb4449134aa146ba9a3d484f17ffa0b5
广东省税务局 新公告：中山市千永贸易商行 url: http://www.gd-n-tax.gov.cn/siteapps/webpage/gdtax/zdsswfaj/service.jsp?manuscriptId=a283626fbfe64b2291b355dc1ec3acaf
广东省税务局 新公告：中山市聚讯尔贸易有限公司 url: http://www.gd-n-tax.gov.cn/siteapps/webpage/gdtax/zdsswfaj/service.jsp?manuscriptId=4a7b077efacf4e55a8693ed166dca896
广东省税务局 新公告：中山雄浩纺织有限公司 url: http://www.gd-n-tax.gov.cn/siteapps/webpage/gdtax/zdsswfaj/service.jsp?manuscriptId=43a67b386ac249e0bfe7fda86994328a
抓取460c303ce3e94a68aac999ce41663485地区, 第2页
广东省税务局 新公告：中山市英业达建筑材料有限公司 url: http://www.gd-n-tax.gov.cn/siteapps/webpage/gdtax/zdsswfaj/service.jsp?manuscriptId=c5add995404a4df6885a3a6c56bbde14
广东省税务局 新公告：中山市安明会贸易有限公司 url: http://www.gd-n-tax.gov.cn/siteapps/webpage/gdtax/zdsswfaj/service.jsp?manuscriptId=703b4bb2971b4c1782075929fb97adfd
广东省税务局 新公告：中山市吴陆妹贸易有限公司 url: http://www.gd-n-tax.gov.cn/siteapps/webpage/gdtax/zdsswfaj/service.jsp?manuscriptId=18e5a22fb20945ee930fe9056db6873e
广东省税务局 新公告：中山市宇富贸易有限公司 url: http://www.gd-n-tax.gov.cn/siteapps/webpage/gdtax/zdsswfaj/service.jsp?manuscriptId=34cda12ab33f45a7bcfbda63d85f1449
广东省税务局 新公告：中山市昶彦电子科技有限公司 url: http://www.gd-n-tax.gov.cn/siteapps/webpage/gdtax/zdsswfaj/service.jsp?manuscriptId=da64c0bbcbb544ba9d2e71b2a0909c4c
广东省税务局 新公告：中山市民新益贸易商行 url: http://www.gd-n-tax.gov.cn/siteapps/webpage/gdtax/zdsswfaj/service.jsp?manuscriptId=b98317d656a143539f0933698a5a9448
广东省税务局 新公告：中山市振凡鑫贸易有限公司 url: http://www.gd-n-tax.gov.cn/siteapps/webpage/gdtax/zdsswfaj/service.jsp?manuscriptId=d18c0f1d3ee844fda69e081df287b37e
广东省税务局 新公告：中山市阳鼎硕商贸有限公司 url: http://www.gd-n-tax.gov.cn/siteapps/webpage/gdtax/zdsswfaj/service.jsp?manuscriptId=26090c749a0140068f9b43a88c1d2e40
广东省税务局 新公告：中山市庆至裕商贸有限公司 url: http://www.gd-n-tax.gov.cn/siteapps/webpage/gdtax/zdsswfaj/service.jsp?manuscriptId=74c167afef744f5188707b2a3420f557
广东省税务局 新公告：中山市彩正木贸易有限公司 url: http://www.gd-n-tax.gov.cn/siteapps/webpage/gdtax/zdsswfaj/service.jsp?manuscriptId=1f9d213263b6470dabaab19b70a763f2
抓取460c303ce3e94a68aac999ce41663485地区, 第3页
广东省税务局 新公告：中山市智旻五金制品有限公司 url: http://www.gd-n-tax.gov.cn/siteapps/webpage/gdtax/zdsswfaj/service.jsp?manuscriptId=31efd181bd85463bbd38f04014122f12
广东省税务局 新公告：中山市哲势力贸易有限公司 url: http://www.gd-n-tax.gov.cn/siteapps/webpage/gdtax/zdsswfaj/service.jsp?manuscriptId=7d163f37dd82463fbf3819f48b941913
广东省税务局 新公告：中山市颂文贸易商行 url: http://www.gd-n-tax.gov.cn/siteapps/webpage/gdtax/zdsswfaj/service.jsp?manuscriptId=99c3fa77c5704a9682e9790dd63cceed
广东省税务局 新公告：中山市纳维斯贸易有限公司 url: http://www.gd-n-tax.gov.cn/siteapps/webpage/gdtax/zdsswfaj/service.jsp?manuscriptId=ffe7161b439d400f8644a72003e89b3b
广东省税务局 新公告：中山市寄丰贸易有限公司 url: http://www.gd-n-tax.gov.cn/siteapps/webpage/gdtax/zdsswfaj/service.jsp?manuscriptId=e04aea15add74175868a4da27cf09e0d
广东省税务局 新公告：中山市永厚贸易有限公司 url: http://www.gd-n-tax.gov.cn/siteapps/webpage/gdtax/zdsswfaj/service.jsp?manuscriptId=ab5e58b4c89342209abba50c377debde
广东省税务局 新公告：中山市仁本光电照明科技有限公司 url: http://www.gd-n-tax.gov.cn/siteapps/webpage/gdtax/zdsswfaj/service.jsp?manuscriptId=62454ddc4dfb43c0afb0f88842705f3a
广东省税务局 新公告：中山市美高能新洗涤剂有限公司 url: http://www.gd-n-tax.gov.cn/siteapps/webpage/gdtax/zdsswfaj/service.jsp?manuscriptId=1546e0e673d149efb1d820ff04ad13dc
广东省税务局 新公告：中山市三乡镇博成鞋材厂 url: http://www.gd-n-tax.gov.cn/siteapps/webpage/gdtax/zdsswfaj/service.jsp?manuscriptId=8d675460feae4b30912fbab490a0a267
广东省税务局 新公告：中山市时尚部落服装有限公司 url: http://www.gd-n-tax.gov.cn/siteapps/webpage/gdtax/zdsswfaj/service.jsp?manuscriptId=910846bf6d024a2390400a8d20f14812
抓取460c303ce3e94a68aac999ce41663485地区, 第4页
广东省税务局 新公告：中山市凯盛房地产开发有限公司 url: http://www.gd-n-tax.gov.cn/siteapps/webpage/gdtax/zdsswfaj/service.jsp?manuscriptId=6476636d9f6d4665976a0f374ba7b452
广东省税务局 新公告：中山市涵博鞋材辅料有限公司 url: http://www.gd-n-tax.gov.cn/siteapps/webpage/gdtax/zdsswfaj/service.jsp?manuscriptId=05bcddb3ef40402f8878a2d39c616056
广东省税务局 新公告：中山市三乡镇胜建鞋类加工厂 url: http://www.gd-n-tax.gov.cn/siteapps/webpage/gdtax/zdsswfaj/service.jsp?manuscriptId=aab22cb88841491eb14edcb029330336
广东省税务局 新公告：中山市三乡镇三立塑胶制品厂 url: http://www.gd-n-tax.gov.cn/siteapps/webpage/gdtax/zdsswfaj/service.jsp?manuscriptId=9dd7ad26414f4da3b21ce18558b3fa08
广东省税务局 新公告：中山市双茏制衣有限公司 url: http://www.gd-n-tax.gov.cn/siteapps/webpage/gdtax/zdsswfaj/service.jsp?manuscriptId=cd97d40b222448919971d226a5bf8d0e
广东省税务局 新公告：中山市宝恒儿童用品有限公司 url: http://www.gd-n-tax.gov.cn/siteapps/webpage/gdtax/zdsswfaj/service.jsp?manuscriptId=60e44c7e43054b07bba0c073db909868
广东省税务局 新公告：中山市三乡祥成家具有限公司 url: http://www.gd-n-tax.gov.cn/siteapps/webpage/gdtax/zdsswfaj/service.jsp?manuscriptId=173c5d58d8a84076b162c17ca1da3578
广东省税务局 新公告：中山市古镇国亮光电厂 url: http://www.gd-n-tax.gov.cn/siteapps/webpage/gdtax/zdsswfaj/service.jsp?manuscriptId=b5f1d53ddeb74cc997993ec0dda43f25
广东省税务局 新公告：中山市中美金属制品有限公司 url: http://www.gd-n-tax.gov.cn/siteapps/webpage/gdtax/zdsswfaj/service.jsp?manuscriptId=994d7ed54fe649a58c6e2788e62f0d90
广东省税务局 新公告：中山芳宇自动化设备有限公司 url: http://www.gd-n-tax.gov.cn/siteapps/webpage/gdtax/zdsswfaj/service.jsp?manuscriptId=8553de3a0037433ebfb99ba144ed4396
抓取460c303ce3e94a68aac999ce41663485地区, 第5页
广东省税务局 新公告：中山市腾祥精密电子科技有限公司 url: http://www.gd-n-tax.gov.cn/siteapps/webpage/gdtax/zdsswfaj/service.jsp?manuscriptId=4bf7b5781f394490aee9f356e3954f87
广东省税务局 新公告：中山市东升镇钛元五金厂 url: http://www.gd-n-tax.gov.cn/siteapps/webpage/gdtax/zdsswfaj/service.jsp?manuscriptId=6ebfa3878841413b92f52c24e9961817
抓取bdb7286237cf432db9d0e4673cf0e0cf地区, 第1页
广东省税务局 新公告：江门市锦恒贸易有限公司 url: http://www.gd-n-tax.gov.cn/siteapps/webpage/gdtax/zdsswfaj/service.jsp?manuscriptId=8f2b0890d9944c15a6f251e22c7a78fe
广东省税务局 新公告：开平市宏旺纺织有限公司 url: http://www.gd-n-tax.gov.cn/siteapps/webpage/gdtax/zdsswfaj/service.jsp?manuscriptId=c883ffb3021c41b987e0209f0b467aab
广东省税务局 新公告：开平市锦宏纺织有限公司 url: http://www.gd-n-tax.gov.cn/siteapps/webpage/gdtax/zdsswfaj/service.jsp?manuscriptId=7828599b04d0450a91da6559b301df25
广东省税务局 新公告：恩平市华新纺织有限公司 url: http://www.gd-n-tax.gov.cn/siteapps/webpage/gdtax/zdsswfaj/service.jsp?manuscriptId=fe31582d75ed4c06a8352c5c4a302481
广东省税务局 新公告：彭勇 url: http://www.gd-n-tax.gov.cn/siteapps/webpage/gdtax/zdsswfaj/service.jsp?manuscriptId=2ac00c5322eb4438a102a6b3d7418007
广东省税务局 新公告：江门市新会尚家清洁用品有限公司 url: http://www.gd-n-tax.gov.cn/siteapps/webpage/gdtax/zdsswfaj/service.jsp?manuscriptId=ac62fa02a4984cd2b5dea72a7b32933d
广东省税务局 新公告：莫海光 url: http://www.gd-n-tax.gov.cn/siteapps/webpage/gdtax/zdsswfaj/service.jsp?manuscriptId=527709b66530407ea94dc3b605d260f1
广东省税务局 新公告：鹤山市龙强鞋业有限公司 url: http://www.gd-n-tax.gov.cn/siteapps/webpage/gdtax/zdsswfaj/service.jsp?manuscriptId=cc06fe74db0d43d299cab6e486914d5b
广东省税务局 新公告：江门市广鸿贸易有限公司 url: http://www.gd-n-tax.gov.cn/siteapps/webpage/gdtax/zdsswfaj/service.jsp?manuscriptId=d0ee5dae698b4afabb5b7790445d17b5
广东省税务局 新公告：江门市伟特科技有限公司 url: http://www.gd-n-tax.gov.cn/siteapps/webpage/gdtax/zdsswfaj/service.jsp?manuscriptId=d492490a327c4582ac023e412b1b29a9
抓取bdb7286237cf432db9d0e4673cf0e0cf地区, 第2页
广东省税务局 新公告：江门市蓬江区天豪玻璃制品有限公司 url: http://www.gd-n-tax.gov.cn/siteapps/webpage/gdtax/zdsswfaj/service.jsp?manuscriptId=5c4f3970e60f44c9aec059847e92dc8e
抓取d939f9d648bb43f2b654e92c60b63415地区, 第1页
广东省税务局 新公告：遂溪县品朝贸易有限公司 url: http://www.gd-n-tax.gov.cn/siteapps/webpage/gdtax/zdsswfaj/service.jsp?manuscriptId=ca1abd3e99a24ce7b809c5147f5363d9
广东省税务局 新公告：湛江市麻章圣发家私有限公司 url: http://www.gd-n-tax.gov.cn/siteapps/webpage/gdtax/zdsswfaj/service.jsp?manuscriptId=b8b97df310f943309ad78394f3352fb2
广东省税务局 新公告：湛江市义信木业有限公司 url: http://www.gd-n-tax.gov.cn/siteapps/webpage/gdtax/zdsswfaj/service.jsp?manuscriptId=cc7a73e23d9d454186159019a2765ba3
广东省税务局 新公告：湛江市联湛木业有限公司 url: http://www.gd-n-tax.gov.cn/siteapps/webpage/gdtax/zdsswfaj/service.jsp?manuscriptId=da35318cb7864b469617044db190b929
广东省税务局 新公告：湛江市宏鹏家具有限公司 url: http://www.gd-n-tax.gov.cn/siteapps/webpage/gdtax/zdsswfaj/service.jsp?manuscriptId=6cdc0062bc714d14873d3b5ddaca3217
广东省税务局 新公告：湛江市博雄木业有限公司 url: http://www.gd-n-tax.gov.cn/siteapps/webpage/gdtax/zdsswfaj/service.jsp?manuscriptId=e0af2feb2ba340f9bec4e151bd3db53c
抓取f8890b0c70c342ce8d4bb001ceb165b1地区, 第1页
广东省税务局 新公告：高州市柏明商贸有限公司 url: http://www.gd-n-tax.gov.cn/siteapps/webpage/gdtax/zdsswfaj/service.jsp?manuscriptId=e61a116b794f4539915b759c18b34739
广东省税务局 新公告：茂名弘巨春贸易有限公司 url: http://www.gd-n-tax.gov.cn/siteapps/webpage/gdtax/zdsswfaj/service.jsp?manuscriptId=c0f0936c902b4786b43bb7c6d56f0b8a
广东省税务局 新公告：高州金丰木业有限公司 url: http://www.gd-n-tax.gov.cn/siteapps/webpage/gdtax/zdsswfaj/service.jsp?manuscriptId=7673e01d859d47a39bffd943a347525b
广东省税务局 新公告：茂名冠达化工贸易有限公司 url: http://www.gd-n-tax.gov.cn/siteapps/webpage/gdtax/zdsswfaj/service.jsp?manuscriptId=04df0eaab8fe4b4380e20944cd3fd0b6
广东省税务局 新公告：茂名市电白区源邦化工有限公司 url: http://www.gd-n-tax.gov.cn/siteapps/webpage/gdtax/zdsswfaj/service.jsp?manuscriptId=82107fbd2ffd4494a3fa5fa3b80000dd
广东省税务局 新公告：信宜市同富织造实业有限公司 url: http://www.gd-n-tax.gov.cn/siteapps/webpage/gdtax/zdsswfaj/service.jsp?manuscriptId=ee32e215891848ac974336d4febcc6e4
广东省税务局 新公告：高州市邦得家纺有限公司 url: http://www.gd-n-tax.gov.cn/siteapps/webpage/gdtax/zdsswfaj/service.jsp?manuscriptId=29de1241ffe64be4a10dc022adce2bfb
广东省税务局 新公告：茂名市伟烨塑料有限公司 url: http://www.gd-n-tax.gov.cn/siteapps/webpage/gdtax/zdsswfaj/service.jsp?manuscriptId=4eb339cfeaf740bea97179de737b642f
广东省税务局 新公告：茂名市创源贸易有限公司 url: http://www.gd-n-tax.gov.cn/siteapps/webpage/gdtax/zdsswfaj/service.jsp?manuscriptId=882383a93cb64b03aacdbe7e1cde17d6
广东省税务局 新公告：茂名市茂南禾源化工有限公司 url: http://www.gd-n-tax.gov.cn/siteapps/webpage/gdtax/zdsswfaj/service.jsp?manuscriptId=b3f62925d67644c7b57117563be3b0fa
抓取f8890b0c70c342ce8d4bb001ceb165b1地区, 第2页
广东省税务局 新公告：茂名市宏丰化工有限公司 url: http://www.gd-n-tax.gov.cn/siteapps/webpage/gdtax/zdsswfaj/service.jsp?manuscriptId=9e9f4156d8144948a05631d17939910a
广东省税务局 新公告：信宜市瑞丰针织有限公司 url: http://www.gd-n-tax.gov.cn/siteapps/webpage/gdtax/zdsswfaj/service.jsp?manuscriptId=ec8be50195594452bea3aaf3bccbd9f1
广东省税务局 新公告：信宜市同兴纺织品有限公司 url: http://www.gd-n-tax.gov.cn/siteapps/webpage/gdtax/zdsswfaj/service.jsp?manuscriptId=ec68bde15d3341fc954add462d98d4bb
广东省税务局 新公告：信宜市润诚纺织品有限公司 url: http://www.gd-n-tax.gov.cn/siteapps/webpage/gdtax/zdsswfaj/service.jsp?manuscriptId=8b036fe0b8e74ce28a6e2626b089ca00
广东省税务局 新公告：茂名市翔誉商贸有限公司 url: http://www.gd-n-tax.gov.cn/siteapps/webpage/gdtax/zdsswfaj/service.jsp?manuscriptId=3540530dd8b6478da6baf0a040a5c303
广东省税务局 新公告：茂名市众燃物流有限公司 url: http://www.gd-n-tax.gov.cn/siteapps/webpage/gdtax/zdsswfaj/service.jsp?manuscriptId=2926e713cf074b24a267fa7421c906c0
广东省税务局 新公告：茂名市丰翔商贸有限公司 url: http://www.gd-n-tax.gov.cn/siteapps/webpage/gdtax/zdsswfaj/service.jsp?manuscriptId=3d766150d16c41e58e7b9d2d4397b328
广东省税务局 新公告：茂名市俊奕商贸有限公司 url: http://www.gd-n-tax.gov.cn/siteapps/webpage/gdtax/zdsswfaj/service.jsp?manuscriptId=d74cd5098c224d839c5b1db8fcb416b1
广东省税务局 新公告：茂名市建鸿商贸有限公司 url: http://www.gd-n-tax.gov.cn/siteapps/webpage/gdtax/zdsswfaj/service.jsp?manuscriptId=14f49d8722204cd58ef90e59653cc2f6
广东省税务局 新公告：茂名市润朔商贸有限公司 url: http://www.gd-n-tax.gov.cn/siteapps/webpage/gdtax/zdsswfaj/service.jsp?manuscriptId=79d06631b833491c9b72952ab173cc84
抓取f8890b0c70c342ce8d4bb001ceb165b1地区, 第3页
广东省税务局 新公告：茂名市盈宇商贸有限公司 url: http://www.gd-n-tax.gov.cn/siteapps/webpage/gdtax/zdsswfaj/service.jsp?manuscriptId=fb5d4f103e3b493495f8cd3a29aab613
广东省税务局 新公告：高州市奇慧针织有限公司 url: http://www.gd-n-tax.gov.cn/siteapps/webpage/gdtax/zdsswfaj/service.jsp?manuscriptId=b6457f7cc4f24e12b1ff5f4d9c146337
广东省税务局 新公告：茂名市国峰化工有限公司 url: http://www.gd-n-tax.gov.cn/siteapps/webpage/gdtax/zdsswfaj/service.jsp?manuscriptId=200c18e809854dea985f8d5a403e7a58
广东省税务局 新公告：茂名市明汇贸易有限公司 url: http://www.gd-n-tax.gov.cn/siteapps/webpage/gdtax/zdsswfaj/service.jsp?manuscriptId=374c848c8e40461693fbbc3a19239796
广东省税务局 新公告：茂名市胜浩石化有限公司 url: http://www.gd-n-tax.gov.cn/siteapps/webpage/gdtax/zdsswfaj/service.jsp?manuscriptId=fecbf884310b49d0a544cbf5e28399e3
广东省税务局 新公告：茂名市天朗石油化工有限公司 url: http://www.gd-n-tax.gov.cn/siteapps/webpage/gdtax/zdsswfaj/service.jsp?manuscriptId=0eedfddec4a440eda0e634ad7acd8872
广东省税务局 新公告：茂名市威港石化有限公司 url: http://www.gd-n-tax.gov.cn/siteapps/webpage/gdtax/zdsswfaj/service.jsp?manuscriptId=27b234121f8a4f13baf2ed12e32ee2ac
广东省税务局 新公告：茂名市元泽石油化工有限公司 url: http://www.gd-n-tax.gov.cn/siteapps/webpage/gdtax/zdsswfaj/service.jsp?manuscriptId=53a78586af334f8a9b9a2a0d643b2ac6
抓取b3651ebfd3cd411b804b1e745afaa431地区, 第1页
广东省税务局 新公告：肇庆市松风贸易有限公司 url: http://www.gd-n-tax.gov.cn/siteapps/webpage/gdtax/zdsswfaj/service.jsp?manuscriptId=ee5851706d14474ea3a9ac20c4e51b10
广东省税务局 新公告：四会市量宇铜业有限公司 url: http://www.gd-n-tax.gov.cn/siteapps/webpage/gdtax/zdsswfaj/service.jsp?manuscriptId=64c8bc3413fa41efb2c9703ef4e2f1fa
广东省税务局 新公告：广东润辉金属科技有限公司 url: http://www.gd-n-tax.gov.cn/siteapps/webpage/gdtax/zdsswfaj/service.jsp?manuscriptId=47bcb521f3984d90877b5230fe121d98
广东省税务局 新公告：四会市维力有限公司 url: http://www.gd-n-tax.gov.cn/siteapps/webpage/gdtax/zdsswfaj/service.jsp?manuscriptId=5b2c09c648284c9190a4e6ce09c9c55b
广东省税务局 新公告：肇庆宇龙珠五金制品有限公司 url: http://www.gd-n-tax.gov.cn/siteapps/webpage/gdtax/zdsswfaj/service.jsp?manuscriptId=7bfd64d28cbc411f9f8a1b3a91e345cd
广东省税务局 新公告：肇庆市威铭电器有限公司 url: http://www.gd-n-tax.gov.cn/siteapps/webpage/gdtax/zdsswfaj/service.jsp?manuscriptId=2d7e0aaaf2304806add16857ae1fba35
广东省税务局 新公告：四会市金家乐五金制品有限公司 url: http://www.gd-n-tax.gov.cn/siteapps/webpage/gdtax/zdsswfaj/service.jsp?manuscriptId=debab9dbf4c940f98ed85e8999884186
广东省税务局 新公告：肇庆市长青蓄电池有限公司 url: http://www.gd-n-tax.gov.cn/siteapps/webpage/gdtax/zdsswfaj/service.jsp?manuscriptId=76dd2fabfb8542fc9e759c4d7f29d848
广东省税务局 新公告：高要市裕通外经贸易发展有限公司 url: http://www.gd-n-tax.gov.cn/siteapps/webpage/gdtax/zdsswfaj/service.jsp?manuscriptId=385e518b3bc24291a24c97e1404d00ca
抓取94db0e948b0c46a09255b0b216d1dc5f地区, 第1页
广东省税务局 新公告：潮州市翔宇服装有限公司 url: http://www.gd-n-tax.gov.cn/siteapps/webpage/gdtax/zdsswfaj/service.jsp?manuscriptId=44093a20e3924ff295ffb09f2ff3d275
广东省税务局 新公告：潮州市哲康生物医药科技有限公司 url: http://www.gd-n-tax.gov.cn/siteapps/webpage/gdtax/zdsswfaj/service.jsp?manuscriptId=706487aa5a224460a4c2d061c6374089
广东省税务局 新公告：潮州市正德生物医药科技有限公司 url: http://www.gd-n-tax.gov.cn/siteapps/webpage/gdtax/zdsswfaj/service.jsp?manuscriptId=af356957cfcc49f7bac1173d2bca56f6
抓取06994b8b6d4d4215bd695962cf44baae地区, 第1页
广东省税务局 新公告：揭阳市彬达贸易有限公司 url: http://www.gd-n-tax.gov.cn/siteapps/webpage/gdtax/zdsswfaj/service.jsp?manuscriptId=5886982237914c8490744a8801f6175c
广东省税务局 新公告：揭阳市泰诺通讯科技有限公司 url: http://www.gd-n-tax.gov.cn/siteapps/webpage/gdtax/zdsswfaj/service.jsp?manuscriptId=fd957c5d0cff4b6791026367179f601c
广东省税务局 新公告：普宁市益民堂医药有限公司 url: http://www.gd-n-tax.gov.cn/siteapps/webpage/gdtax/zdsswfaj/service.jsp?manuscriptId=459737c53e144c66a6347d116d54f49a
广东省税务局 新公告：广东亿隆药业有限公司 url: http://www.gd-n-tax.gov.cn/siteapps/webpage/gdtax/zdsswfaj/service.jsp?manuscriptId=b89553a38b7a4c20ad73f0e3ca4c6580
广东省税务局 新公告：广东省揭阳市普宁市万江织造有限公司 url: http://www.gd-n-tax.gov.cn/siteapps/webpage/gdtax/zdsswfaj/service.jsp?manuscriptId=b10b63b66d794461bba0b08220e1642b
广东省税务局 新公告：揭阳同润药业有限公司 url: http://www.gd-n-tax.gov.cn/siteapps/webpage/gdtax/zdsswfaj/service.jsp?manuscriptId=5b621970daf84975b4a156ae2c5a7497
广东省税务局 新公告：普宁市普瑞医药有限公司 url: http://www.gd-n-tax.gov.cn/siteapps/webpage/gdtax/zdsswfaj/service.jsp?manuscriptId=d6e253d0af99400da33394546ad7b452
广东省税务局 新公告：揭阳市润丰医药有限公司 url: http://www.gd-n-tax.gov.cn/siteapps/webpage/gdtax/zdsswfaj/service.jsp?manuscriptId=83f2d14bc1974f5fb906ff77bce739ac
广东省税务局 新公告：普宁市药材公司 url: http://www.gd-n-tax.gov.cn/siteapps/webpage/gdtax/zdsswfaj/service.jsp?manuscriptId=5e0929030bf0463a8b9b58188dee0ce8
广东省税务局 新公告：广东欣嵘药业有限公司 url: http://www.gd-n-tax.gov.cn/siteapps/webpage/gdtax/zdsswfaj/service.jsp?manuscriptId=980af3d311eb4d4785a47dc04c26c290
抓取06994b8b6d4d4215bd695962cf44baae地区, 第2页
广东省税务局 新公告：广东润升药械有限公司 url: http://www.gd-n-tax.gov.cn/siteapps/webpage/gdtax/zdsswfaj/service.jsp?manuscriptId=322b3990454e4a4e9c84057efeaffbe7
广东省税务局 新公告：广东乐欣药业有限公司 url: http://www.gd-n-tax.gov.cn/siteapps/webpage/gdtax/zdsswfaj/service.jsp?manuscriptId=18d7276f465044b48e50e0510ab7c0f3
广东省税务局 新公告：广东恒邦药业有限公司 url: http://www.gd-n-tax.gov.cn/siteapps/webpage/gdtax/zdsswfaj/service.jsp?manuscriptId=3d18b4903c1540bfa5225d292877658a
广东省税务局 新公告：广东润嵘药业有限公司 url: http://www.gd-n-tax.gov.cn/siteapps/webpage/gdtax/zdsswfaj/service.jsp?manuscriptId=57012fe69a3e4e04857c6cda47398a08
广东省税务局 新公告：广东康欣药业有限公司 url: http://www.gd-n-tax.gov.cn/siteapps/webpage/gdtax/zdsswfaj/service.jsp?manuscriptId=0cf01b57ff3640bb8e70cf8c95a7ec0e
广东省税务局 新公告：广东润得药械有限公司 url: http://www.gd-n-tax.gov.cn/siteapps/webpage/gdtax/zdsswfaj/service.jsp?manuscriptId=08eb8d5845254dc893184f0d3008bda3
广东省税务局 新公告：广东汇升药械有限公司 url: http://www.gd-n-tax.gov.cn/siteapps/webpage/gdtax/zdsswfaj/service.jsp?manuscriptId=a113969e9c704dfdb2f326a79381cae9
广东省税务局 新公告：广东恒茂药业有限公司 url: http://www.gd-n-tax.gov.cn/siteapps/webpage/gdtax/zdsswfaj/service.jsp?manuscriptId=58d1e807a23f481cafe77a8cbb5f7687
广东省税务局 新公告：广东威尔曼药械有限公司 url: http://www.gd-n-tax.gov.cn/siteapps/webpage/gdtax/zdsswfaj/service.jsp?manuscriptId=3447923056a54ad6b85109495c61d338
广东省税务局 新公告：普宁市里湖药品公司 url: http://www.gd-n-tax.gov.cn/siteapps/webpage/gdtax/zdsswfaj/service.jsp?manuscriptId=5176ab5b2929405ea8414330391f1ef9
抓取06994b8b6d4d4215bd695962cf44baae地区, 第3页
广东省税务局 新公告：广东润康药械有限公司 url: http://www.gd-n-tax.gov.cn/siteapps/webpage/gdtax/zdsswfaj/service.jsp?manuscriptId=58eab88ded1048aa8d248c11e731b176
广东省税务局 新公告：广东恒泰药业有限公司 url: http://www.gd-n-tax.gov.cn/siteapps/webpage/gdtax/zdsswfaj/service.jsp?manuscriptId=56c646c0fde1486cab8daca6944249b8
广东省税务局 新公告：揭西县荣协商贸有限公司 url: http://www.gd-n-tax.gov.cn/siteapps/webpage/gdtax/zdsswfaj/service.jsp?manuscriptId=9283e1b8915841d18ff0f3d66a2e551d
广东省税务局 新公告：揭西县升顺贸易有限公司 url: http://www.gd-n-tax.gov.cn/siteapps/webpage/gdtax/zdsswfaj/service.jsp?manuscriptId=d28c9343ea584675bf67cd7a1599509d
广东省税务局 新公告：揭西县元康贸易有限公司 url: http://www.gd-n-tax.gov.cn/siteapps/webpage/gdtax/zdsswfaj/service.jsp?manuscriptId=0cedb3987e184b389e60bb95999a7ea5
广东省税务局 新公告：揭西县久泰商贸有限公司 url: http://www.gd-n-tax.gov.cn/siteapps/webpage/gdtax/zdsswfaj/service.jsp?manuscriptId=835467e1ef5d4564989480e75b9d206b
广东省税务局 新公告：惠来县钰润实业有限公司 url: http://www.gd-n-tax.gov.cn/siteapps/webpage/gdtax/zdsswfaj/service.jsp?manuscriptId=e0388272a3e941628b299b267ffef704
广东省税务局 新公告：惠来县钰帆贸易有限公司 url: http://www.gd-n-tax.gov.cn/siteapps/webpage/gdtax/zdsswfaj/service.jsp?manuscriptId=a83ee02fdb784bc5adae9304c3c176e2
广东省税务局 新公告：惠来县金铎贸易有限公司 url: http://www.gd-n-tax.gov.cn/siteapps/webpage/gdtax/zdsswfaj/service.jsp?manuscriptId=beb0dd911d4149c480d66a9e9969aea8
广东省税务局 新公告：惠来县科博实业有限公司 url: http://www.gd-n-tax.gov.cn/siteapps/webpage/gdtax/zdsswfaj/service.jsp?manuscriptId=46e254b2a35b4019a95db2233b87e629
抓取06994b8b6d4d4215bd695962cf44baae地区, 第4页
广东省税务局 新公告：惠来县鸿轩实业有限公司 url: http://www.gd-n-tax.gov.cn/siteapps/webpage/gdtax/zdsswfaj/service.jsp?manuscriptId=07602762cee94326836ce744f5104309
广东省税务局 新公告：揭阳市春林药业有限公司 url: http://www.gd-n-tax.gov.cn/siteapps/webpage/gdtax/zdsswfaj/service.jsp?manuscriptId=1d51619989e94cc799db0589e5fb2545
广东省税务局 新公告：普宁市普瑞医药有限公司 url: http://www.gd-n-tax.gov.cn/siteapps/webpage/gdtax/zdsswfaj/service.jsp?manuscriptId=cabac776c1ac4ca68338c7c5feb7a32c
广东省税务局 新公告：揭阳市景源贸易有限公司 url: http://www.gd-n-tax.gov.cn/siteapps/webpage/gdtax/zdsswfaj/service.jsp?manuscriptId=03cd4e473095461c9f4397af374615aa
抓取4c729fe87066483fbce6d0e3b7a47c14地区, 第1页
广东省税务局 新公告：罗定市顺欣贸易有限公司 url: http://www.gd-n-tax.gov.cn/siteapps/webpage/gdtax/zdsswfaj/service.jsp?manuscriptId=1d249f01c6584ff08ac45a1417616a84
广东省税务局 新公告：罗定市旺峰贸易有限公司 url: http://www.gd-n-tax.gov.cn/siteapps/webpage/gdtax/zdsswfaj/service.jsp?manuscriptId=0866a3f716bb432aa63c7a167c0d4506
广东省税务局 新公告：罗定市顺嘉贸易有限公司 url: http://www.gd-n-tax.gov.cn/siteapps/webpage/gdtax/zdsswfaj/service.jsp?manuscriptId=de8b1fd2e1104f4faeb8fe9e44d79048
广东省税务局一共有278条新公告，导入数据库中......
广东省税务局公告导入完成！
