辽宁省税务局 新公告：凤城市圣地服装服饰加工厂 url: http://liaoning.chinatax.gov.cn/art/2019/4/7/art_1030_529.html
辽宁省税务局 新公告：凤城市凯丰绒毛纺织加工厂 url: http://liaoning.chinatax.gov.cn/art/2019/4/7/art_1030_528.html
辽宁省税务局 新公告：沈阳谦裕泰商贸有限公司 url: http://liaoning.chinatax.gov.cn/art/2019/4/7/art_1030_527.html
辽宁省税务局 新公告：沈阳卓泽钢铁有限公司 url: http://liaoning.chinatax.gov.cn/art/2019/4/7/art_1030_526.html
辽宁省税务局 新公告：沈阳综掘重矿设备制造有限公司 url: http://liaoning.chinatax.gov.cn/art/2019/4/7/art_1030_525.html
辽宁省税务局 新公告：沈阳众爱商贸有限公司 url: http://liaoning.chinatax.gov.cn/art/2019/4/7/art_1030_524.html
辽宁省税务局 新公告：沈阳银财顺来商贸有限公司 url: http://liaoning.chinatax.gov.cn/art/2019/4/7/art_1030_523.html
辽宁省税务局 新公告：沈阳先晟锋金属材料有限公司 url: http://liaoning.chinatax.gov.cn/art/2019/4/7/art_1030_522.html
辽宁省税务局 新公告：沈阳腾泰煤炭销售有限公司 url: http://liaoning.chinatax.gov.cn/art/2019/4/7/art_1030_521.html
辽宁省税务局 新公告：沈阳欧琳凯金属材料有限公司 url: http://liaoning.chinatax.gov.cn/art/2019/4/7/art_1030_520.html
辽宁省税务局 新公告：沈阳慷岚钢铁有限公司 url: http://liaoning.chinatax.gov.cn/art/2019/4/7/art_1030_519.html
辽宁省税务局 新公告：沈阳景年商贸有限公司 url: http://liaoning.chinatax.gov.cn/art/2019/4/7/art_1030_518.html
辽宁省税务局 新公告：沈阳华蓝顺五金制品有限公司 url: http://liaoning.chinatax.gov.cn/art/2019/4/7/art_1030_517.html
辽宁省税务局 新公告：沈阳市红路轩商贸有限公司 url: http://liaoning.chinatax.gov.cn/art/2019/4/7/art_1030_516.html
辽宁省税务局 新公告：沈阳瀚汇金属材料有限公司 url: http://liaoning.chinatax.gov.cn/art/2019/4/7/art_1030_515.html
辽宁省税务局 新公告：沈阳朴华商贸有限公司 url: http://liaoning.chinatax.gov.cn/art/2019/4/7/art_1030_514.html
辽宁省税务局 新公告：沈阳汇百利制衣有限公司 url: http://liaoning.chinatax.gov.cn/art/2019/4/7/art_1030_513.html
辽宁省税务局 新公告：沈阳金焱发物资有限公司 url: http://liaoning.chinatax.gov.cn/art/2019/4/7/art_1030_512.html
辽宁省税务局 新公告：沈阳佳月盛建筑材料有限公司 url: http://liaoning.chinatax.gov.cn/art/2019/4/7/art_1030_511.html
辽宁省税务局 新公告：沈阳铭信博金属材料有限公司 url: http://liaoning.chinatax.gov.cn/art/2019/4/7/art_1030_510.html
辽宁省税务局 新公告：沈阳禹晋物资有限公司 url: http://liaoning.chinatax.gov.cn/art/2019/2/15/art_1030_509.html
辽宁省税务局 新公告：沈阳浦旭达纺织品销售有限公司 url: http://liaoning.chinatax.gov.cn/art/2019/2/15/art_1030_508.html
辽宁省税务局 新公告：沈阳泽洋轩物资有限公司 url: http://liaoning.chinatax.gov.cn/art/2019/2/15/art_1030_507.html
辽宁省税务局 新公告：沈阳立辉农产品销售有限公司 url: http://liaoning.chinatax.gov.cn/art/2019/2/13/art_1030_506.html
辽宁省税务局 新公告：沈阳聚瀚商贸有限公司 url: http://liaoning.chinatax.gov.cn/art/2019/2/13/art_1030_505.html
辽宁省税务局 新公告：沈阳和兴盛商贸有限公司 url: http://liaoning.chinatax.gov.cn/art/2019/2/13/art_1030_504.html
辽宁省税务局 新公告：沈阳光通升商贸有限公司 url: http://liaoning.chinatax.gov.cn/art/2019/2/13/art_1030_503.html
辽宁省税务局 新公告：沈阳马奥斯经贸有限公司 url: http://liaoning.chinatax.gov.cn/art/2019/2/13/art_1030_502.html
辽宁省税务局 新公告：沈阳佳卓卓金属材料有限公司 url: http://liaoning.chinatax.gov.cn/art/2019/2/13/art_1030_501.html
辽宁省税务局 新公告：沈阳荣嘉达化工产品销售有限公司 url: http://liaoning.chinatax.gov.cn/art/2019/2/13/art_1030_500.html
辽宁省税务局 新公告：盘锦瑞达塑化有限公司 url: http://liaoning.chinatax.gov.cn/art/2019/1/22/art_1030_499.html
辽宁省税务局 新公告：辽宁昕拓实业有限公司 url: http://liaoning.chinatax.gov.cn/art/2019/1/22/art_1030_498.html
辽宁省税务局 新公告：辽宁天宏工贸有限公司 url: http://liaoning.chinatax.gov.cn/art/2019/1/22/art_1030_497.html
辽宁省税务局 新公告：盘锦太平富民建筑安装工程有限公司 url: http://liaoning.chinatax.gov.cn/art/2019/1/22/art_1030_496.html
辽宁省税务局 新公告：本溪陈氏经贸有限公司 url: http://liaoning.chinatax.gov.cn/art/2019/1/22/art_1030_493.html
辽宁省税务局 新公告：阜新亿隆商贸有限公司 url: http://liaoning.chinatax.gov.cn/art/2019/1/17/art_1030_495.html
辽宁省税务局 新公告：刘帅 url: http://liaoning.chinatax.gov.cn/art/2019/1/11/art_1030_492.html
辽宁省税务局 新公告：鞍山森洲通讯设备有限公司 url: http://liaoning.chinatax.gov.cn/art/2019/1/11/art_1030_491.html
辽宁省税务局 新公告：锦州睿智科技发展有限公司 url: http://liaoning.chinatax.gov.cn/art/2019/1/10/art_1030_494.html
辽宁省税务局 新公告：鞍山森洲科技有限公司 url: http://liaoning.chinatax.gov.cn/art/2019/1/10/art_1030_490.html
辽宁省税务局 新公告：沈阳协盈化工有限公司 url: http://liaoning.chinatax.gov.cn/art/2019/1/10/art_1030_489.html
辽宁省税务局 新公告：朝阳市同贺医药物资有限责任公司 url: http://liaoning.chinatax.gov.cn/art/2018/12/25/art_1030_488.html
辽宁省税务局 新公告：盘锦思创文化用品有限公司 url: http://liaoning.chinatax.gov.cn/art/2018/12/25/art_1030_487.html
辽宁省税务局 新公告：盘锦百轩林商贸有限公司 url: http://liaoning.chinatax.gov.cn/art/2018/12/25/art_1030_486.html
辽宁省税务局 新公告：杜宝君 url: http://liaoning.chinatax.gov.cn/art/2018/12/25/art_1030_485.html
辽宁省税务局 新公告：凤城市智美服饰有限公司 url: http://liaoning.chinatax.gov.cn/art/2018/12/20/art_1030_484.html
辽宁省税务局 新公告：沈阳川景纺织品有限公司 url: http://liaoning.chinatax.gov.cn/art/2018/12/20/art_1030_483.html
辽宁省税务局 新公告：沈阳宏安达煤炭有限公司 url: http://liaoning.chinatax.gov.cn/art/2018/12/20/art_1030_482.html
辽宁省税务局 新公告：沈阳伟荣石油产品有限公司 url: http://liaoning.chinatax.gov.cn/art/2018/12/20/art_1030_481.html
辽宁省税务局 新公告：沈阳翔升阀门成套设备有限公司 url: http://liaoning.chinatax.gov.cn/art/2018/11/19/art_1030_473.html
辽宁省税务局 新公告：沈阳盛虹中药材有限公司 url: http://liaoning.chinatax.gov.cn/art/2018/11/19/art_1030_472.html
辽宁省税务局 新公告：凌源市潘宁物资经原销处 url: http://liaoning.chinatax.gov.cn/art/2018/11/16/art_1030_480.html
辽宁省税务局 新公告：凌海市富兴水利工程有限公司 url: http://liaoning.chinatax.gov.cn/art/2018/11/15/art_1030_478.html
辽宁省税务局 新公告：凤城市世跃绒毛制品有限公司 url: http://liaoning.chinatax.gov.cn/art/2018/11/12/art_1030_477.html
辽宁省税务局 新公告：凤城市凤韵绒毛制品有限公司 url: http://liaoning.chinatax.gov.cn/art/2018/11/12/art_1030_476.html
辽宁省税务局 新公告：凤城市凤平绒毛制品厂 url: http://liaoning.chinatax.gov.cn/art/2018/11/12/art_1030_475.html
辽宁省税务局 新公告：凤城市东信羊绒制品有限公司 url: http://liaoning.chinatax.gov.cn/art/2018/11/12/art_1030_474.html
辽宁省税务局 新公告：沈阳信锦顺商贸有限公司 url: http://liaoning.chinatax.gov.cn/art/2018/11/2/art_1030_471.html
辽宁省税务局 新公告：辽宁通用重型机械股份有限公司 url: http://liaoning.chinatax.gov.cn/art/2018/11/5/art_1030_479.html
辽宁省税务局 新公告：沈阳信荿吉商贸有限公司 url: http://liaoning.chinatax.gov.cn/art/2018/11/2/art_1030_470.html
辽宁省税务局 新公告：沈阳金祥瑞纺织有限公司 url: http://liaoning.chinatax.gov.cn/art/2018/11/2/art_1030_469.html
辽宁省税务局 新公告：沈阳春维化工产品有限公司 url: http://liaoning.chinatax.gov.cn/art/2018/11/2/art_1030_468.html
辽宁省税务局 新公告：盘山县甜水盐厂 url: http://liaoning.chinatax.gov.cn/art/2018/10/12/art_1030_463.html
辽宁省税务局 新公告：沈阳泰属商贸有限公司 url: http://liaoning.chinatax.gov.cn/art/2018/10/12/art_1030_462.html
辽宁省税务局 新公告：沈阳满运钢铁有限公司 url: http://liaoning.chinatax.gov.cn/art/2018/10/12/art_1030_461.html
辽宁省税务局 新公告：沈阳硕伽金属材料有限公司 url: http://liaoning.chinatax.gov.cn/art/2018/10/12/art_1030_460.html
辽宁省税务局 新公告：沈阳仁兴商贸有限公司 url: http://liaoning.chinatax.gov.cn/art/2018/10/12/art_1030_459.html
辽宁省税务局 新公告：沈阳仁辉祥商贸有限公司 url: http://liaoning.chinatax.gov.cn/art/2018/10/12/art_1030_458.html
辽宁省税务局 新公告：沈阳允旭纺织品有限公司 url: http://liaoning.chinatax.gov.cn/art/2018/10/12/art_1030_457.html
辽宁省税务局 新公告：沈阳琳莎商贸有限公司 url: http://liaoning.chinatax.gov.cn/art/2018/10/12/art_1030_456.html
辽宁省税务局 新公告：沈阳市贵和茂新能源设备有限公司 url: http://liaoning.chinatax.gov.cn/art/2018/10/12/art_1030_455.html
辽宁省税务局 新公告：沈阳恒润昌化工产品销售有限公司 url: http://liaoning.chinatax.gov.cn/art/2018/10/12/art_1030_454.html
辽宁省税务局 新公告：沈阳正泽钢铁有限公司 url: http://liaoning.chinatax.gov.cn/art/2018/10/12/art_1030_453.html
辽宁省税务局 新公告：沈阳多成贸易有限公司 url: http://liaoning.chinatax.gov.cn/art/2018/10/12/art_1030_452.html
辽宁省税务局 新公告：沈阳一泓园纺织品有限公司 url: http://liaoning.chinatax.gov.cn/art/2018/10/12/art_1030_451.html
辽宁省税务局 新公告：沈阳锦祥纺织有限公司 url: http://liaoning.chinatax.gov.cn/art/2018/10/12/art_1030_450.html
辽宁省税务局 新公告：沈阳创志达商贸有限公司 url: http://liaoning.chinatax.gov.cn/art/2018/10/12/art_1030_449.html
辽宁省税务局 新公告：沈阳百顺德利科技有限公司 url: http://liaoning.chinatax.gov.cn/art/2018/10/12/art_1030_448.html
辽宁省税务局 新公告：沈阳奥林丝纺织有限公司 url: http://liaoning.chinatax.gov.cn/art/2018/10/12/art_1030_447.html
辽宁省税务局 新公告：沈阳爱跃商贸有限公司 url: http://liaoning.chinatax.gov.cn/art/2018/10/12/art_1030_446.html
辽宁省税务局 新公告：沈阳铸诚伟业钢铁贸易有限公司 url: http://liaoning.chinatax.gov.cn/art/2018/9/30/art_1030_410.html
辽宁省税务局 新公告：沈阳恒欧化工产品销售有限公司 url: http://liaoning.chinatax.gov.cn/art/2018/9/25/art_1030_444.html
辽宁省税务局 新公告：沈阳兴瑞特商贸有限公司 url: http://liaoning.chinatax.gov.cn/art/2018/9/25/art_1030_443.html
辽宁省税务局 新公告：沈阳新亚凯纺织品有限公司 url: http://liaoning.chinatax.gov.cn/art/2018/9/25/art_1030_442.html
辽宁省税务局 新公告：沈阳宏佳益石油化工有限公司 url: http://liaoning.chinatax.gov.cn/art/2018/9/25/art_1030_441.html
辽宁省税务局 新公告：沈阳丰泰特石油有限公司 url: http://liaoning.chinatax.gov.cn/art/2018/9/25/art_1030_440.html
辽宁省税务局 新公告：沈阳愈兴医药经销有限公司 url: http://liaoning.chinatax.gov.cn/art/2018/9/25/art_1030_439.html
辽宁省税务局 新公告：沈阳德博蓝化工产品销售有限公司 url: http://liaoning.chinatax.gov.cn/art/2018/9/25/art_1030_438.html
辽宁省税务局 新公告：沈阳跃爱德商贸有限公司 url: http://liaoning.chinatax.gov.cn/art/2018/9/25/art_1030_437.html
辽宁省税务局 新公告：沈阳泰如安鑫商贸有限公司 url: http://liaoning.chinatax.gov.cn/art/2018/9/25/art_1030_436.html
辽宁省税务局 新公告：沈阳嘉翔欧石油化工有限公司 url: http://liaoning.chinatax.gov.cn/art/2018/9/25/art_1030_435.html
辽宁省税务局 新公告：沈阳盛臻华医疗器械有限公司 url: http://liaoning.chinatax.gov.cn/art/2018/9/25/art_1030_434.html
辽宁省税务局 新公告：沈阳锦鸿盈金属有限公司 url: http://liaoning.chinatax.gov.cn/art/2018/9/25/art_1030_432.html
辽宁省税务局 新公告：沈阳镁迷化工产品销售有限公司 url: http://liaoning.chinatax.gov.cn/art/2018/9/25/art_1030_430.html
辽宁省税务局 新公告：沈阳荣锦金属有限公司 url: http://liaoning.chinatax.gov.cn/art/2018/9/25/art_1030_427.html
辽宁省税务局 新公告：沈阳胜美天化工产品销售有限公司 url: http://liaoning.chinatax.gov.cn/art/2018/9/25/art_1030_425.html
辽宁省税务局 新公告：沈阳圣丰石油化工有限公司 url: http://liaoning.chinatax.gov.cn/art/2018/9/25/art_1030_423.html
辽宁省税务局 新公告：沈阳众盛诚化工产品有限公司 url: http://liaoning.chinatax.gov.cn/art/2018/9/25/art_1030_422.html
辽宁省税务局 新公告：沈阳满旺物资有限公司 url: http://liaoning.chinatax.gov.cn/art/2018/9/19/art_1030_433.html
辽宁省税务局 新公告：沈阳利富商贸有限公司 url: http://liaoning.chinatax.gov.cn/art/2018/9/19/art_1030_431.html
辽宁省税务局 新公告：沈阳嘉银金属材料有限公司 url: http://liaoning.chinatax.gov.cn/art/2018/9/19/art_1030_429.html
辽宁省税务局 新公告：沈阳嘉德利商贸有限公司 url: http://liaoning.chinatax.gov.cn/art/2018/9/19/art_1030_428.html
辽宁省税务局 新公告：辽宁乐语宏田科技有限公司 url: http://liaoning.chinatax.gov.cn/art/2018/9/18/art_1030_409.html
辽宁省税务局 新公告：阜新市金豪工贸中心 url: http://liaoning.chinatax.gov.cn/art/2018/9/11/art_1030_421.html
辽宁省税务局 新公告：盘山国泰物资石化有限公司 url: http://liaoning.chinatax.gov.cn/art/2018/9/4/art_1030_420.html
辽宁省税务局 新公告：西丰县广源通粮食有限公司 url: http://liaoning.chinatax.gov.cn/art/2018/9/4/art_1030_419.html
辽宁省税务局 新公告：西丰县万禾商贸有限公司 url: http://liaoning.chinatax.gov.cn/art/2018/9/4/art_1030_418.html
辽宁省税务局 新公告：西丰县顺达粮油购销有限公司 url: http://liaoning.chinatax.gov.cn/art/2018/9/4/art_1030_417.html
辽宁省税务局 新公告：西丰县丰泽中润商贸有限公司 url: http://liaoning.chinatax.gov.cn/art/2018/9/4/art_1030_416.html
辽宁省税务局 新公告：铁岭市瑞翔粮油贸易有限公司 url: http://liaoning.chinatax.gov.cn/art/2018/9/4/art_1030_415.html
辽宁省税务局 新公告：沈阳智盛瑄物资有限公司 url: http://liaoning.chinatax.gov.cn/art/2018/8/30/art_1030_107.html
辽宁省税务局 新公告：沈阳展飞商贸有限公司 url: http://liaoning.chinatax.gov.cn/art/2018/8/30/art_1030_104.html
辽宁省税务局 新公告：沈阳严宇岳商贸有限公司 url: http://liaoning.chinatax.gov.cn/art/2018/8/30/art_1030_101.html
辽宁省税务局 新公告：沈阳万域通物资有限公司 url: http://liaoning.chinatax.gov.cn/art/2018/8/30/art_1030_100.html
辽宁省税务局 新公告：沈阳萧莱岸贸易有限公司 url: http://liaoning.chinatax.gov.cn/art/2018/8/29/art_1030_85.html
辽宁省税务局 新公告：沈阳盛泰瑞鑫物资有限公司 url: http://liaoning.chinatax.gov.cn/art/2018/8/29/art_1030_83.html
辽宁省税务局 新公告：沈阳鸿之钇建筑材料销售有限公司 url: http://liaoning.chinatax.gov.cn/art/2018/8/29/art_1030_82.html
辽宁省税务局 新公告：沈阳骏欣科技有限公司 url: http://liaoning.chinatax.gov.cn/art/2018/8/29/art_1030_79.html
辽宁省税务局 新公告：沈阳聚隆源物资有限公司 url: http://liaoning.chinatax.gov.cn/art/2018/8/29/art_1030_78.html
辽宁省税务局 新公告：沈阳诺鹤炯商贸有限公司 url: http://liaoning.chinatax.gov.cn/art/2018/8/29/art_1030_77.html
辽宁省税务局 新公告：沈阳靖旺源商贸有限公司 url: http://liaoning.chinatax.gov.cn/art/2018/8/29/art_1030_76.html
辽宁省税务局 新公告：沈阳横官物资有限公司 url: http://liaoning.chinatax.gov.cn/art/2018/8/29/art_1030_75.html
辽宁省税务局 新公告：沈阳立资贸易有限公司 url: http://liaoning.chinatax.gov.cn/art/2018/8/29/art_1030_74.html
辽宁省税务局 新公告：沈阳放芜墨商贸有限公司 url: http://liaoning.chinatax.gov.cn/art/2018/8/29/art_1030_73.html
辽宁省税务局 新公告：沈阳霓晔凌贸易有限公司 url: http://liaoning.chinatax.gov.cn/art/2018/8/29/art_1030_72.html
辽宁省税务局 新公告：沈阳绿芬挂建筑材料有限公司 url: http://liaoning.chinatax.gov.cn/art/2018/8/29/art_1030_70.html
辽宁省税务局 新公告：沈阳立保春贸易有限公司 url: http://liaoning.chinatax.gov.cn/art/2018/8/29/art_1030_68.html
辽宁省税务局 新公告：沈阳绢锦纺织品有限公司 url: http://liaoning.chinatax.gov.cn/art/2018/8/29/art_1030_65.html
辽宁省税务局 新公告：沈阳赫托商贸有限公司 url: http://liaoning.chinatax.gov.cn/art/2018/8/29/art_1030_63.html
辽宁省税务局 新公告：沈阳敏婠建筑材料销售有限公司 url: http://liaoning.chinatax.gov.cn/art/2018/8/29/art_1030_61.html
辽宁省税务局 新公告：宽甸华源纺织有限公司 url: http://liaoning.chinatax.gov.cn/art/2018/8/28/art_1030_108.html
辽宁省税务局 新公告：沈阳澳诚达物资有限公司 url: http://liaoning.chinatax.gov.cn/art/2018/8/28/art_1030_91.html
辽宁省税务局 新公告：沈阳雅福商贸有限公司 url: http://liaoning.chinatax.gov.cn/art/2018/8/28/art_1030_56.html
辽宁省税务局 新公告：沈阳梧钰商贸有限公司 url: http://liaoning.chinatax.gov.cn/art/2018/8/28/art_1030_55.html
辽宁省税务局 新公告：沈阳皇中商贸有限公司 url: http://liaoning.chinatax.gov.cn/art/2018/8/28/art_1030_54.html
辽宁省税务局 新公告：沈阳成隆满商贸有限公司 url: http://liaoning.chinatax.gov.cn/art/2018/8/28/art_1030_53.html
辽宁省税务局 新公告：沈阳杋杰商贸有限公司 url: http://liaoning.chinatax.gov.cn/art/2018/8/28/art_1030_52.html
辽宁省税务局 新公告：沈阳望达纺织品有限公司 url: http://liaoning.chinatax.gov.cn/art/2018/8/28/art_1030_51.html
辽宁省税务局 新公告：沈阳福全义纺织有限公司 url: http://liaoning.chinatax.gov.cn/art/2018/8/28/art_1030_50.html
辽宁省税务局 新公告：沈阳智之光建筑材料销售有限公司 url: http://liaoning.chinatax.gov.cn/art/2018/8/28/art_1030_49.html
辽宁省税务局 新公告：沈阳福泰昌商贸有限公司 url: http://liaoning.chinatax.gov.cn/art/2018/8/28/art_1030_47.html
辽宁省税务局 新公告：沈阳星吉时商贸有限公司 url: http://liaoning.chinatax.gov.cn/art/2018/8/28/art_1030_48.html
辽宁省税务局 新公告：沈阳松喆郁建筑材料有限公司 url: http://liaoning.chinatax.gov.cn/art/2018/8/28/art_1030_46.html
辽宁省税务局 新公告：沈阳德锐帮物资有限公司 url: http://liaoning.chinatax.gov.cn/art/2018/8/28/art_1030_45.html
辽宁省税务局 新公告：沈阳江姚商贸有限公司 url: http://liaoning.chinatax.gov.cn/art/2018/8/28/art_1030_37.html
辽宁省税务局 新公告：沈阳绽量金属材料有限公司 url: http://liaoning.chinatax.gov.cn/art/2018/8/28/art_1030_36.html
辽宁省税务局 新公告：沈阳蓝思纺织品有限公司 url: http://liaoning.chinatax.gov.cn/art/2018/8/28/art_1030_35.html
辽宁省税务局 新公告：沈阳恒俊升纺织有限公司 url: http://liaoning.chinatax.gov.cn/art/2018/8/28/art_1030_34.html
辽宁省税务局 新公告：沈阳八隆金属材料销售有限公司 url: http://liaoning.chinatax.gov.cn/art/2018/8/28/art_1030_33.html
辽宁省税务局 新公告：沈阳茜维商贸有限公司 url: http://liaoning.chinatax.gov.cn/art/2018/8/28/art_1030_32.html
辽宁省税务局 新公告：沈阳龙野商贸有限公司 url: http://liaoning.chinatax.gov.cn/art/2018/8/28/art_1030_31.html
辽宁省税务局 新公告：沈阳长飞商贸有限公司 url: http://liaoning.chinatax.gov.cn/art/2018/8/28/art_1030_30.html
辽宁省税务局 新公告：沈阳获薪拉建筑材料有限公司 url: http://liaoning.chinatax.gov.cn/art/2018/8/28/art_1030_28.html
辽宁省税务局 新公告：沈阳瑞达金商贸有限公司 url: http://liaoning.chinatax.gov.cn/art/2018/8/28/art_1030_29.html
辽宁省税务局 新公告：沈阳福荣钰物资有限公司 url: http://liaoning.chinatax.gov.cn/art/2018/8/28/art_1030_27.html
辽宁省税务局 新公告：沈阳今达丰商贸有限公司 url: http://liaoning.chinatax.gov.cn/art/2018/8/28/art_1030_26.html
辽宁省税务局 新公告：沈阳曲翔贸易有限公司 url: http://liaoning.chinatax.gov.cn/art/2018/8/28/art_1030_25.html
辽宁省税务局 新公告：沈阳斯详商贸有限公司 url: http://liaoning.chinatax.gov.cn/art/2018/8/28/art_1030_24.html
辽宁省税务局 新公告：沈阳璟淏轩彬商贸有限公司 url: http://liaoning.chinatax.gov.cn/art/2018/8/28/art_1030_22.html
辽宁省税务局 新公告：沈阳瑞智美贸易有限公司 url: http://liaoning.chinatax.gov.cn/art/2018/8/28/art_1030_21.html
辽宁省税务局 新公告：沈阳梦卢商贸有限公司 url: http://liaoning.chinatax.gov.cn/art/2018/8/28/art_1030_23.html
辽宁省税务局 新公告：沈阳仁炬商贸有限公司 url: http://liaoning.chinatax.gov.cn/art/2018/8/28/art_1030_20.html
辽宁省税务局 新公告：沈阳日忠农副产品销售有限公司 url: http://liaoning.chinatax.gov.cn/art/2018/8/28/art_1030_19.html
辽宁省税务局 新公告：沈阳春光盛物资有限公司 url: http://liaoning.chinatax.gov.cn/art/2018/8/28/art_1030_18.html
辽宁省税务局 新公告：沈阳胜熙磊纺织品销售有限公司 url: http://liaoning.chinatax.gov.cn/art/2018/8/28/art_1030_17.html
辽宁省税务局 新公告：沈阳通成理商贸有限公司 url: http://liaoning.chinatax.gov.cn/art/2018/8/28/art_1030_16.html
辽宁省税务局 新公告：沈阳永龙纺织品销售有限公司 url: http://liaoning.chinatax.gov.cn/art/2018/8/28/art_1030_15.html
辽宁省税务局 新公告：沈阳宇客通盈商贸有限公司 url: http://liaoning.chinatax.gov.cn/art/2018/8/28/art_1030_14.html
辽宁省税务局 新公告：沈阳万梅建筑材料销售有限公司 url: http://liaoning.chinatax.gov.cn/art/2018/8/28/art_1030_13.html
辽宁省税务局 新公告：沈阳维智纺织品销售有限公司 url: http://liaoning.chinatax.gov.cn/art/2018/8/28/art_1030_12.html
辽宁省税务局 新公告：沈阳咏绣纺织品销售有限公司 url: http://liaoning.chinatax.gov.cn/art/2018/8/28/art_1030_11.html
辽宁省税务局 新公告：沈阳泽旭商贸有限公司 url: http://liaoning.chinatax.gov.cn/art/2018/8/28/art_1030_10.html
辽宁省税务局 新公告：沈阳祥典物资有限公司 url: http://liaoning.chinatax.gov.cn/art/2018/8/28/art_1030_9.html
辽宁省税务局 新公告：沈阳奈文商贸有限公司 url: http://liaoning.chinatax.gov.cn/art/2018/8/28/art_1030_8.html
辽宁省税务局 新公告：沈阳阳红林贸易有限公司 url: http://liaoning.chinatax.gov.cn/art/2018/8/28/art_1030_7.html
辽宁省税务局 新公告：沈阳安萧宽建筑材料有限公司 url: http://liaoning.chinatax.gov.cn/art/2018/8/28/art_1030_6.html
辽宁省税务局 新公告：沈阳佰喆商贸有限公司 url: http://liaoning.chinatax.gov.cn/art/2018/8/28/art_1030_5.html
辽宁省税务局 新公告：沈阳佰添万商贸有限公司 url: http://liaoning.chinatax.gov.cn/art/2018/8/28/art_1030_4.html
辽宁省税务局 新公告：沈阳耀谦佳商贸有限公司 url: http://liaoning.chinatax.gov.cn/art/2018/8/28/art_1030_3.html
辽宁省税务局 新公告：沈阳羽超金属材料销售有限公司涉税案件 url: http://liaoning.chinatax.gov.cn/art/2018/8/28/art_1030_2.html
辽宁省税务局 新公告：辽宁留德润滑油有限公司 url: http://liaoning.chinatax.gov.cn/art/2018/8/2/art_1030_109.html
辽宁省税务局 新公告：沈阳向秀逸金属材料有限公司 url: http://liaoning.chinatax.gov.cn/art/2018/7/24/art_1030_139.html
辽宁省税务局 新公告：九通新型摩擦材料（朝阳）股份有限公司 url: http://liaoning.chinatax.gov.cn/art/2018/7/24/art_1030_116.html
辽宁省税务局 新公告：宽甸澳通羊绒制品有限公司 url: http://liaoning.chinatax.gov.cn/art/2018/7/23/art_1030_143.html
辽宁省税务局 新公告：宽甸鑫鸿纺织制品有限公司 url: http://liaoning.chinatax.gov.cn/art/2018/7/23/art_1030_142.html
辽宁省税务局 新公告：宽甸满族自治县君美尔服装厂 url: http://liaoning.chinatax.gov.cn/art/2018/7/23/art_1030_141.html
辽宁省税务局 新公告：九通新型摩擦材料（朝阳）股份有限公司 url: http://liaoning.chinatax.gov.cn/art/2018/7/23/art_1030_140.html
辽宁省税务局 新公告：沈阳熙来泰商贸有限公司 url: http://liaoning.chinatax.gov.cn/art/2018/7/23/art_1030_138.html
辽宁省税务局 新公告：沈阳市万盛源物资回收有限公司 url: http://liaoning.chinatax.gov.cn/art/2018/7/23/art_1030_130.html
辽宁省税务局 新公告：沈阳幂昱金属材料有限公司 url: http://liaoning.chinatax.gov.cn/art/2018/7/23/art_1030_129.html
辽宁省税务局 新公告：沈阳泷安商贸有限公司 url: http://liaoning.chinatax.gov.cn/art/2018/7/23/art_1030_128.html
辽宁省税务局 新公告：沈阳利德斯商贸有限公司 url: http://liaoning.chinatax.gov.cn/art/2018/7/23/art_1030_127.html
辽宁省税务局 新公告：沈阳季斌贸易有限公司 url: http://liaoning.chinatax.gov.cn/art/2018/7/23/art_1030_126.html
辽宁省税务局 新公告：沈阳纪格源金属材料有限公司 url: http://liaoning.chinatax.gov.cn/art/2018/7/23/art_1030_125.html
辽宁省税务局 新公告：沈阳慧峰捷商贸有限公司 url: http://liaoning.chinatax.gov.cn/art/2018/7/23/art_1030_124.html
辽宁省税务局 新公告：沈阳赵健商贸有限公司 url: http://liaoning.chinatax.gov.cn/art/2018/7/23/art_1030_123.html
辽宁省税务局 新公告：沈阳正多捷商贸有限公司 url: http://liaoning.chinatax.gov.cn/art/2018/7/23/art_1030_122.html
辽宁省税务局 新公告：沈阳永多合商贸有限公司 url: http://liaoning.chinatax.gov.cn/art/2018/7/23/art_1030_121.html
辽宁省税务局 新公告：沈阳饰隽贸易有限公司 url: http://liaoning.chinatax.gov.cn/art/2018/7/23/art_1030_120.html
辽宁省税务局 新公告：沈阳市盛旺食品有限公司 url: http://liaoning.chinatax.gov.cn/art/2018/7/23/art_1030_119.html
辽宁省税务局 新公告：沈阳升裕满商贸有限公司 url: http://liaoning.chinatax.gov.cn/art/2018/7/23/art_1030_118.html
辽宁省税务局 新公告：沈阳区俊商贸有限公司 url: http://liaoning.chinatax.gov.cn/art/2018/7/23/art_1030_117.html
辽宁省税务局 新公告：沈阳绿柯卡贸易有限公司 url: http://liaoning.chinatax.gov.cn/art/2018/7/23/art_1030_115.html
辽宁省税务局 新公告：沈阳继缘商贸有限公司 url: http://liaoning.chinatax.gov.cn/art/2018/7/23/art_1030_114.html
辽宁省税务局 新公告：沈阳创友商贸有限公司 url: http://liaoning.chinatax.gov.cn/art/2018/7/23/art_1030_112.html
辽宁省税务局 新公告：沈阳沉余商贸有限公司 url: http://liaoning.chinatax.gov.cn/art/2018/7/23/art_1030_111.html
辽宁省税务局 新公告：沈阳安巨鑫商贸有限公司 url: http://liaoning.chinatax.gov.cn/art/2018/7/23/art_1030_110.html
辽宁省税务局 新公告：沈阳耘程杰贸易有限公司 url: http://liaoning.chinatax.gov.cn/art/2018/7/23/art_1030_105.html
辽宁省税务局 新公告：沈阳永华富商贸有限公司 url: http://liaoning.chinatax.gov.cn/art/2018/7/23/art_1030_103.html
辽宁省税务局 新公告：沈阳兆和物资有限公司 url: http://liaoning.chinatax.gov.cn/art/2018/7/23/art_1030_102.html
辽宁省税务局 新公告：沈阳有军商贸有限公司 url: http://liaoning.chinatax.gov.cn/art/2018/7/20/art_1030_106.html
辽宁省税务局 新公告：阜新市兰基特化工有限公司 url: http://liaoning.chinatax.gov.cn/art/2018/7/13/art_1030_133.html
辽宁省税务局 新公告：阜新生旺商贸有限公司 url: http://liaoning.chinatax.gov.cn/art/2018/7/13/art_1030_132.html
辽宁省税务局 新公告：凤城市广源绒毛制品有限公司 url: http://liaoning.chinatax.gov.cn/art/2018/7/10/art_1030_150.html
辽宁省税务局 新公告：凤城市丰茂绒毛制品厂 url: http://liaoning.chinatax.gov.cn/art/2018/7/10/art_1030_137.html
辽宁省税务局 新公告：凤城市亿通羊绒制品有限公司 url: http://liaoning.chinatax.gov.cn/art/2018/7/10/art_1030_136.html
辽宁省税务局 新公告：抚顺易尔达网络科技有限公司 url: http://liaoning.chinatax.gov.cn/art/2018/6/25/art_1030_215.html
辽宁省税务局 新公告：抚顺兴宝如网络科技有限公司 url: http://liaoning.chinatax.gov.cn/art/2018/6/25/art_1030_214.html
辽宁省税务局 新公告：抚顺铁壮商贸有限公司 url: http://liaoning.chinatax.gov.cn/art/2018/6/25/art_1030_213.html
辽宁省税务局 新公告：抚顺顺北通经贸有限公司 url: http://liaoning.chinatax.gov.cn/art/2018/6/25/art_1030_211.html
辽宁省税务局 新公告：抚顺守义商贸有限公司 url: http://liaoning.chinatax.gov.cn/art/2018/6/25/art_1030_210.html
辽宁省税务局 新公告：抚顺捷丰经贸有限公司 url: http://liaoning.chinatax.gov.cn/art/2018/6/25/art_1030_208.html
辽宁省税务局 新公告：抚顺火龙果商贸有限公司 url: http://liaoning.chinatax.gov.cn/art/2018/6/25/art_1030_206.html
辽宁省税务局 新公告：抚顺超音速商贸有限公司 url: http://liaoning.chinatax.gov.cn/art/2018/6/25/art_1030_204.html
辽宁省税务局 新公告：抚顺华展商贸有限公司 url: http://liaoning.chinatax.gov.cn/art/2018/6/25/art_1030_202.html
辽宁省税务局 新公告：抚顺华浩经贸有限公司 url: http://liaoning.chinatax.gov.cn/art/2018/6/25/art_1030_200.html
辽宁省税务局 新公告：抚顺合润兴商贸有限公司 url: http://liaoning.chinatax.gov.cn/art/2018/6/25/art_1030_198.html
辽宁省税务局 新公告：抚顺本盛经贸有限公司 url: http://liaoning.chinatax.gov.cn/art/2018/6/22/art_1030_195.html
辽宁省税务局 新公告：抚顺智合源网络科技有限公司 url: http://liaoning.chinatax.gov.cn/art/2018/6/22/art_1030_193.html
辽宁省税务局 新公告：沈阳禹舜腾商贸有限公司 url: http://liaoning.chinatax.gov.cn/art/2018/6/22/art_1030_190.html
辽宁省税务局 新公告：沈阳优如义商贸有限公司 url: http://liaoning.chinatax.gov.cn/art/2018/6/22/art_1030_188.html
辽宁省税务局 新公告：沈阳益元鑫金属材料销售有限公司 url: http://liaoning.chinatax.gov.cn/art/2018/6/22/art_1030_186.html
辽宁省税务局 新公告：沈阳益金顺商贸有限公司 url: http://liaoning.chinatax.gov.cn/art/2018/6/22/art_1030_185.html
辽宁省税务局 新公告：沈阳天马恒业金属材料销售有限公司 url: http://liaoning.chinatax.gov.cn/art/2018/6/22/art_1030_183.html
辽宁省税务局 新公告：沈阳瑞美元金属材料销售有限公司 url: http://liaoning.chinatax.gov.cn/art/2018/6/22/art_1030_175.html
辽宁省税务局 新公告：沈阳启耀光物资有限公司 url: http://liaoning.chinatax.gov.cn/art/2018/6/22/art_1030_173.html
辽宁省税务局 新公告：沈阳骐运物资有限公司 url: http://liaoning.chinatax.gov.cn/art/2018/6/22/art_1030_172.html
辽宁省税务局 新公告：沈阳沐霖商贸有限公司 url: http://liaoning.chinatax.gov.cn/art/2018/6/22/art_1030_170.html
辽宁省税务局 新公告：沈阳贵金美商贸有限公司 url: http://liaoning.chinatax.gov.cn/art/2018/6/22/art_1030_169.html
辽宁省税务局 新公告：沈阳霏沐商贸有限公司 url: http://liaoning.chinatax.gov.cn/art/2018/6/22/art_1030_168.html
辽宁省税务局 新公告：沈阳长兴盛商贸有限公司 url: http://liaoning.chinatax.gov.cn/art/2018/6/22/art_1030_166.html
辽宁省税务局 新公告：沈阳博源益商贸有限公司 url: http://liaoning.chinatax.gov.cn/art/2018/6/22/art_1030_164.html
辽宁省税务局 新公告：抚顺车达人汽车服务有限公司 url: http://liaoning.chinatax.gov.cn/art/2018/6/21/art_1030_191.html
辽宁省税务局 新公告：沈阳滨城鑫商贸有限公司 url: http://liaoning.chinatax.gov.cn/art/2018/6/21/art_1030_160.html
辽宁省税务局 新公告：沈阳奥瑞金商贸有限公司 url: http://liaoning.chinatax.gov.cn/art/2018/6/20/art_1030_158.html
辽宁省税务局 新公告：营口市老边区宏润危险品运输有限公司 url: http://liaoning.chinatax.gov.cn/art/2018/6/13/art_1030_231.html
辽宁省税务局 新公告：营口祥云物流有限公司 url: http://liaoning.chinatax.gov.cn/art/2018/6/13/art_1030_230.html
辽宁省税务局 新公告：营口欧曼物流中心 url: http://liaoning.chinatax.gov.cn/art/2018/6/13/art_1030_229.html
辽宁省税务局 新公告：营口隆鑫物流有限公司 url: http://liaoning.chinatax.gov.cn/art/2018/6/13/art_1030_227.html
辽宁省税务局 新公告：盖州市东信运输有限公司 url: http://liaoning.chinatax.gov.cn/art/2018/6/13/art_1030_225.html
辽宁省税务局 新公告：营口昌润物流有限公司 url: http://liaoning.chinatax.gov.cn/art/2018/6/13/art_1030_223.html
辽宁省税务局 新公告：沈阳中航哈轴轴承销售有限公司 url: http://liaoning.chinatax.gov.cn/art/2018/6/13/art_1030_155.html
辽宁省税务局 新公告：东港市荣达食品有限公司 url: http://liaoning.chinatax.gov.cn/art/2018/6/4/art_1030_221.html
辽宁省税务局 新公告：东港市成泰农产品加工有限公司 url: http://liaoning.chinatax.gov.cn/art/2018/6/4/art_1030_220.html
辽宁省税务局 新公告：本溪融基矿业有限公司 url: http://liaoning.chinatax.gov.cn/art/2018/6/4/art_1030_217.html
辽宁省税务局 新公告：辽宁胜友橡胶科技有限公司 url: http://liaoning.chinatax.gov.cn/art/2018/5/29/art_1030_405.html
辽宁省税务局 新公告：盘锦汇禾电子有限公司 url: http://liaoning.chinatax.gov.cn/art/2018/5/28/art_1030_404.html
辽宁省税务局 新公告：盘锦顺达运输服务有限公司 url: http://liaoning.chinatax.gov.cn/art/2018/5/28/art_1030_403.html
辽宁省税务局 新公告：盘山安泰村镇银行股份有限公司 url: http://liaoning.chinatax.gov.cn/art/2018/5/28/art_1030_402.html
辽宁省税务局 新公告：盘山县农村信用合作联社 url: http://liaoning.chinatax.gov.cn/art/2018/5/28/art_1030_401.html
辽宁省税务局 新公告：盘锦辽河油田金东油气工程有限公司 url: http://liaoning.chinatax.gov.cn/art/2018/5/28/art_1030_400.html
辽宁省税务局 新公告：辽宁恒通仪表有限公司 url: http://liaoning.chinatax.gov.cn/art/2018/5/28/art_1030_399.html
辽宁省税务局 新公告：盘锦市建筑公司第一工程处 url: http://liaoning.chinatax.gov.cn/art/2018/5/28/art_1030_398.html
辽宁省税务局 新公告：张晶伟（盘锦市双台子区金伟商贸中心） url: http://liaoning.chinatax.gov.cn/art/2018/5/24/art_1030_397.html
辽宁省税务局 新公告：陈洪祥（盘锦市双台子区借利机械设备租赁中心） url: http://liaoning.chinatax.gov.cn/art/2018/5/24/art_1030_396.html
辽宁省税务局 新公告：张晶伟（盘锦晶安建筑工程队） url: http://liaoning.chinatax.gov.cn/art/2018/5/24/art_1030_395.html
辽宁省税务局 新公告：张晶伟（盘锦鑫晟商贸中心） url: http://liaoning.chinatax.gov.cn/art/2018/5/24/art_1030_394.html
辽宁省税务局 新公告：陈洪祥（盘锦洪祥建筑安装工程队） url: http://liaoning.chinatax.gov.cn/art/2018/5/23/art_1030_393.html
辽宁省税务局 新公告：辽宁际华三五二三特种装备有限公司 url: http://liaoning.chinatax.gov.cn/art/2018/5/21/art_1030_406.html
辽宁省税务局 新公告：沈阳添硕贸易有限公司 url: http://liaoning.chinatax.gov.cn/art/2018/5/21/art_1030_385.html
辽宁省税务局 新公告：辽宁华杰医药物流有限公司 url: http://liaoning.chinatax.gov.cn/art/2018/5/21/art_1030_383.html
辽宁省税务局 新公告：盘锦新广大稻壳加工有限公司 url: http://liaoning.chinatax.gov.cn/art/2018/5/17/art_1030_392.html
辽宁省税务局 新公告：沈阳昊业房地产开发有限公司 url: http://liaoning.chinatax.gov.cn/art/2018/5/16/art_1030_407.html
辽宁省税务局 新公告：本溪锦泰羊绒制品厂 url: http://liaoning.chinatax.gov.cn/art/2018/5/3/art_1030_391.html
辽宁省税务局 新公告：本溪振溪羊绒制品厂 url: http://liaoning.chinatax.gov.cn/art/2018/5/3/art_1030_390.html
辽宁省税务局 新公告：本溪满族自治县小绵羊绒毛制品有限公司 url: http://liaoning.chinatax.gov.cn/art/2018/5/3/art_1030_388.html
辽宁省税务局 新公告：本溪满族自治县盛道绒毛制品有限公司 url: http://liaoning.chinatax.gov.cn/art/2018/5/3/art_1030_387.html
辽宁省税务局 新公告：沈阳德静商贸有限公司 url: http://liaoning.chinatax.gov.cn/art/2018/5/2/art_1030_382.html
辽宁省税务局 新公告：沈阳天财鑫德科技有限公司 url: http://liaoning.chinatax.gov.cn/art/2018/5/2/art_1030_379.html
辽宁省税务局 新公告：辽宁德大医药有限公司 url: http://liaoning.chinatax.gov.cn/art/2018/4/25/art_1030_358.html
辽宁省税务局 新公告：辽宁乐天超市有限公司 url: http://liaoning.chinatax.gov.cn/art/2018/4/25/art_1030_356.html
辽宁省税务局 新公告：沈阳万路实业有限公司 url: http://liaoning.chinatax.gov.cn/art/2018/4/25/art_1030_354.html
辽宁省税务局 新公告：喀左志远铸业有限公司 url: http://liaoning.chinatax.gov.cn/art/2018/4/23/art_1030_371.html
辽宁省税务局 新公告：辽阳君顶石油化工有限公司 url: http://liaoning.chinatax.gov.cn/art/2018/4/23/art_1030_368.html
辽宁省税务局 新公告：辽阳市惠利工艺品厂 url: http://liaoning.chinatax.gov.cn/art/2018/4/23/art_1030_366.html
辽宁省税务局 新公告：辽阳市东京陵特区增达工艺品原料厂 url: http://liaoning.chinatax.gov.cn/art/2018/4/23/art_1030_364.html
辽宁省税务局 新公告：辽阳得胜工艺品厂 url: http://liaoning.chinatax.gov.cn/art/2018/4/23/art_1030_363.html
辽宁省税务局 新公告：灯塔市靓达工艺品厂 url: http://liaoning.chinatax.gov.cn/art/2018/4/23/art_1030_361.html
辽宁省税务局 新公告：中玻（朝阳）新材料有限公司 url: http://liaoning.chinatax.gov.cn/art/2018/4/19/art_1030_375.html
辽宁省税务局 新公告：沈阳俊航贸易有限公司 url: http://liaoning.chinatax.gov.cn/art/2018/4/18/art_1030_353.html
辽宁省税务局 新公告：沈阳大唐贸易有限公司 url: http://liaoning.chinatax.gov.cn/art/2018/4/16/art_1030_351.html
辽宁省税务局 新公告：辽宁省凌源市国家税务局稽查局 url: http://liaoning.chinatax.gov.cn/art/2018/4/11/art_1030_373.html
辽宁省税务局 新公告：阜新华鑫物资配件有限公司 url: http://liaoning.chinatax.gov.cn/art/2018/4/2/art_1030_360.html
辽宁省税务局 新公告：营口营盛制衣有限公司 url: http://liaoning.chinatax.gov.cn/art/2018/3/29/art_1030_331.html
辽宁省税务局 新公告：营口森烨纺织有限公司 url: http://liaoning.chinatax.gov.cn/art/2018/3/29/art_1030_329.html
辽宁省税务局 新公告：营口祥荣商贸有限公司 url: http://liaoning.chinatax.gov.cn/art/2018/3/27/art_1030_327.html
辽宁省税务局 新公告：营口锐迈达商贸有限公司 url: http://liaoning.chinatax.gov.cn/art/2018/3/27/art_1030_325.html
辽宁省税务局 新公告：阜新市翔悦绒毛制品有限公司 url: http://liaoning.chinatax.gov.cn/art/2018/3/26/art_1030_345.html
辽宁省税务局 新公告：阜新市鑫泰羊绒毛有限公司 url: http://liaoning.chinatax.gov.cn/art/2018/3/26/art_1030_344.html
辽宁省税务局 新公告：阜新市祥华绒毛制品有限公司 url: http://liaoning.chinatax.gov.cn/art/2018/3/26/art_1030_341.html
辽宁省税务局 新公告：阜新市群利绒毛有限公司 url: http://liaoning.chinatax.gov.cn/art/2018/3/26/art_1030_337.html
辽宁省税务局 新公告：阜新市宏旭绒毛制品有限公司 url: http://liaoning.chinatax.gov.cn/art/2018/3/26/art_1030_336.html
辽宁省税务局 新公告：阜新宏利源羊绒制品有限公司 url: http://liaoning.chinatax.gov.cn/art/2018/3/26/art_1030_334.html
辽宁省税务局 新公告：营口盛腾商贸有限公司 url: http://liaoning.chinatax.gov.cn/art/2018/3/26/art_1030_321.html
辽宁省税务局 新公告：重大税收违法案件信息公告（自然人）江玉克 url: http://liaoning.chinatax.gov.cn/art/2018/3/22/art_1030_347.html
辽宁省税务局 新公告：沈阳美合佳创商贸有限公司 url: http://liaoning.chinatax.gov.cn/art/2018/3/13/art_1030_319.html
辽宁省税务局 新公告：辽宁精博贸易有限公司 url: http://liaoning.chinatax.gov.cn/art/2018/2/27/art_1030_314.html
辽宁省税务局 新公告：新宾满族自治县合顺木业加工厂 url: http://liaoning.chinatax.gov.cn/art/2018/2/26/art_1030_317.html
辽宁省税务局 新公告：沈阳龙跃腾飞建材有限公司 url: http://liaoning.chinatax.gov.cn/art/2018/2/12/art_1030_310.html
辽宁省税务局 新公告：沈阳高腾建材有限公司 url: http://liaoning.chinatax.gov.cn/art/2018/2/6/art_1030_312.html
辽宁省税务局 新公告：义县路飞金属材料销售有限公司 url: http://liaoning.chinatax.gov.cn/art/2018/1/8/art_1030_308.html
辽宁省税务局 新公告：义县德成金属材料销售有限公司 url: http://liaoning.chinatax.gov.cn/art/2018/1/8/art_1030_306.html
辽宁省税务局 新公告：义县辰禧金属材料有限公司 url: http://liaoning.chinatax.gov.cn/art/2018/1/8/art_1030_304.html
辽宁省税务局 新公告：义县鑫和金属材料有限公司 url: http://liaoning.chinatax.gov.cn/art/2018/1/5/art_1030_303.html
辽宁省税务局 新公告：义县敏彤商贸有限公司 url: http://liaoning.chinatax.gov.cn/art/2018/1/5/art_1030_301.html
辽宁省税务局 新公告：义县利辉商贸有限公司 url: http://liaoning.chinatax.gov.cn/art/2018/1/5/art_1030_299.html
辽宁省税务局 新公告：锦州鑫鑫鸿业贸易有限公司 url: http://liaoning.chinatax.gov.cn/art/2018/1/4/art_1030_297.html
辽宁省税务局 新公告：阜新市锐达医疗器械有限公司 url: http://liaoning.chinatax.gov.cn/art/2017/12/26/art_1030_289.html
辽宁省税务局 新公告：阜新天赐紧固件有限责任公司 url: http://liaoning.chinatax.gov.cn/art/2017/12/26/art_1030_288.html
辽宁省税务局 新公告：阜新达源煤矿有限公司 url: http://liaoning.chinatax.gov.cn/art/2017/12/26/art_1030_287.html
辽宁省税务局 新公告：阜新市溢斌矿山配件有限公司 url: http://liaoning.chinatax.gov.cn/art/2017/12/26/art_1030_285.html
辽宁省税务局 新公告：阜新信和机电有限公司 url: http://liaoning.chinatax.gov.cn/art/2017/12/26/art_1030_284.html
辽宁省税务局 新公告：盘山呈翔化工有限公司 url: http://liaoning.chinatax.gov.cn/art/2017/12/25/art_1030_293.html
辽宁省税务局 新公告：盘锦诚达机械设备制造有限公司 url: http://liaoning.chinatax.gov.cn/art/2017/12/25/art_1030_291.html
辽宁省税务局 新公告：沈阳顺缘压缩机有限公司 url: http://liaoning.chinatax.gov.cn/art/2017/12/21/art_1030_278.html
辽宁省税务局 新公告：沈阳威震天贸易有限公司 url: http://liaoning.chinatax.gov.cn/art/2017/12/15/art_1030_277.html
辽宁省税务局 新公告：沈阳大万机电设备有限公司 url: http://liaoning.chinatax.gov.cn/art/2017/12/15/art_1030_275.html
辽宁省税务局 新公告：铁岭市长兴荣建材有限公司 url: http://liaoning.chinatax.gov.cn/art/2017/12/8/art_1030_295.html
辽宁省税务局 新公告：盖州市金盈家纺制品有限公司 url: http://liaoning.chinatax.gov.cn/art/2017/12/8/art_1030_282.html
辽宁省税务局 新公告：盖州市仁达再生资源回收利用有限公司 url: http://liaoning.chinatax.gov.cn/art/2017/12/7/art_1030_280.html
辽宁省税务局 新公告：重大税收违法案件信息公告（自然人）孙德明 url: http://liaoning.chinatax.gov.cn/art/2017/12/4/art_1030_349.html
辽宁省税务局 新公告：辽宁华杰医药物流有限公司 url: http://liaoning.chinatax.gov.cn/art/2017/11/28/art_1030_367.html
辽宁省税务局 新公告：丹东琳琅贸易有限公司 url: http://liaoning.chinatax.gov.cn/art/2017/11/26/art_1030_386.html
辽宁省税务局 新公告：丹东瑞弛凯金商贸有限公司 url: http://liaoning.chinatax.gov.cn/art/2017/11/23/art_1030_389.html
辽宁省税务局 新公告：丹东量财贸易有限公司 url: http://liaoning.chinatax.gov.cn/art/2017/11/22/art_1030_384.html
辽宁省税务局 新公告：丹东金慕贸易有限公司 url: http://liaoning.chinatax.gov.cn/art/2017/11/22/art_1030_381.html
辽宁省税务局 新公告：丹东江特贸易有限公司 url: http://liaoning.chinatax.gov.cn/art/2017/11/22/art_1030_380.html
辽宁省税务局 新公告：丹东财育贸易有限公司 url: http://liaoning.chinatax.gov.cn/art/2017/11/22/art_1030_378.html
辽宁省税务局 新公告：丹东财德贸易有限公司 url: http://liaoning.chinatax.gov.cn/art/2017/11/22/art_1030_377.html
辽宁省税务局 新公告：丹东爱江贸易有限公司 url: http://liaoning.chinatax.gov.cn/art/2017/11/22/art_1030_376.html
辽宁省税务局 新公告：辽宁中运实业集团有限公司 url: http://liaoning.chinatax.gov.cn/art/2017/11/22/art_1030_374.html
辽宁省税务局 新公告：台安县红兴粮食经销站 url: http://liaoning.chinatax.gov.cn/art/2017/11/22/art_1030_372.html
辽宁省税务局 新公告：台安乐农粮食收储有限责任公司 url: http://liaoning.chinatax.gov.cn/art/2017/11/22/art_1030_370.html
辽宁省税务局 新公告：台安佳运粮食收储有限责任公司 url: http://liaoning.chinatax.gov.cn/art/2017/11/22/art_1030_369.html
辽宁省税务局 新公告：沈阳顺鑫兆钢铁有限公司 url: http://liaoning.chinatax.gov.cn/art/2017/11/15/art_1030_365.html
辽宁省税务局 新公告：沈阳兆和物资有限公司 url: http://liaoning.chinatax.gov.cn/art/2017/10/30/art_1030_357.html
辽宁省税务局 新公告：盘锦长宏石化有限公司 url: http://liaoning.chinatax.gov.cn/art/2017/10/19/art_1030_362.html
辽宁省税务局 新公告：营口翌鑫制衣有限公司 url: http://liaoning.chinatax.gov.cn/art/2017/10/9/art_1030_359.html
辽宁省税务局 新公告：沈阳铸诚伟业钢铁贸易有限公司 url: http://liaoning.chinatax.gov.cn/art/2017/10/9/art_1030_355.html
辽宁省税务局 新公告：沈阳华鑫宝贸易有限公司 url: http://liaoning.chinatax.gov.cn/art/2017/9/18/art_1030_343.html
辽宁省税务局 新公告：沈阳金贸通商贸有限公司 url: http://liaoning.chinatax.gov.cn/art/2017/9/18/art_1030_342.html
辽宁省税务局 新公告：沈阳世纪华康医药有限公司 url: http://liaoning.chinatax.gov.cn/art/2017/9/18/art_1030_340.html
辽宁省税务局 新公告：沈阳天河宇商贸有限公司 url: http://liaoning.chinatax.gov.cn/art/2017/9/18/art_1030_339.html
辽宁省税务局 新公告：沈阳祥合福金属材料有限公司 url: http://liaoning.chinatax.gov.cn/art/2017/9/18/art_1030_338.html
辽宁省税务局 新公告：沈阳鑫德润物资有限公司 url: http://liaoning.chinatax.gov.cn/art/2017/9/18/art_1030_335.html
辽宁省税务局 新公告：沈阳山之峰商贸有限公司 url: http://liaoning.chinatax.gov.cn/art/2017/9/18/art_1030_333.html
辽宁省税务局 新公告：沈阳源鑫金属材料有限公司 url: http://liaoning.chinatax.gov.cn/art/2017/9/18/art_1030_332.html
辽宁省税务局 新公告：沈阳隆泰鑫商贸有限公司 url: http://liaoning.chinatax.gov.cn/art/2017/9/18/art_1030_330.html
辽宁省税务局 新公告：沈阳聚隆达商贸有限公司 url: http://liaoning.chinatax.gov.cn/art/2017/9/18/art_1030_328.html
辽宁省税务局 新公告：沈阳金辉佳商贸有限公司 url: http://liaoning.chinatax.gov.cn/art/2017/9/18/art_1030_326.html
辽宁省税务局 新公告：沈阳佳旺德商贸有限公司 url: http://liaoning.chinatax.gov.cn/art/2017/9/18/art_1030_324.html
辽宁省税务局 新公告：沈阳宏洁源商贸有限公司 url: http://liaoning.chinatax.gov.cn/art/2017/9/18/art_1030_323.html
辽宁省税务局 新公告：沈阳多辉商贸有限公司 url: http://liaoning.chinatax.gov.cn/art/2017/9/18/art_1030_322.html
辽宁省税务局 新公告：重大税收违法案件信息公告（自然人）魏兰英 url: http://liaoning.chinatax.gov.cn/art/2017/9/1/art_1030_352.html
辽宁省税务局 新公告：葫芦岛市爱奉电子有限责任公司 url: http://liaoning.chinatax.gov.cn/art/2017/9/1/art_1030_350.html
辽宁省税务局 新公告：兴城市爱奉电子经营部 url: http://liaoning.chinatax.gov.cn/art/2017/9/1/art_1030_348.html
辽宁省税务局 新公告：葫芦岛市爱博通讯有限责任公司 url: http://liaoning.chinatax.gov.cn/art/2017/9/1/art_1030_346.html
辽宁省税务局 新公告：阜新市尚达绒毛制品有限公司 url: http://liaoning.chinatax.gov.cn/art/2017/8/29/art_1030_309.html
辽宁省税务局 新公告：阜新市嘉泰绒毛制品有限公司 url: http://liaoning.chinatax.gov.cn/art/2017/8/29/art_1030_307.html
辽宁省税务局 新公告：阜新市双羊绒毛制品有限公司 url: http://liaoning.chinatax.gov.cn/art/2017/8/29/art_1030_305.html
辽宁省税务局 新公告：阜新远达羊绒制品有限公司 url: http://liaoning.chinatax.gov.cn/art/2017/8/29/art_1030_302.html
辽宁省税务局 新公告：阜新市佳诺绒毛制品有限公司 url: http://liaoning.chinatax.gov.cn/art/2017/8/29/art_1030_300.html
辽宁省税务局 新公告：阜新市顺裕绒毛制品有限公司 url: http://liaoning.chinatax.gov.cn/art/2017/8/29/art_1030_298.html
辽宁省税务局 新公告：阜新市昌泰绒毛制品有限公司 url: http://liaoning.chinatax.gov.cn/art/2017/8/28/art_1030_296.html
辽宁省税务局 新公告：阜新市泰盛绒毛制品有限公司 url: http://liaoning.chinatax.gov.cn/art/2017/8/28/art_1030_294.html
辽宁省税务局 新公告：沈阳金贸医药集团有限公司 url: http://liaoning.chinatax.gov.cn/art/2017/8/23/art_1030_292.html
辽宁省税务局 新公告：沈阳众嘉科技有限公司 url: http://liaoning.chinatax.gov.cn/art/2017/8/14/art_1030_290.html
辽宁省税务局 新公告：盘锦合泰商贸有限公司 url: http://liaoning.chinatax.gov.cn/art/2017/8/7/art_1030_320.html
辽宁省税务局 新公告：盘锦润隆商贸有限公司 url: http://liaoning.chinatax.gov.cn/art/2017/8/7/art_1030_318.html
辽宁省税务局 新公告：盘锦盛盈商贸有限公司 url: http://liaoning.chinatax.gov.cn/art/2017/8/7/art_1030_316.html
辽宁省税务局 新公告：盘锦鑫隆商贸有限公司 url: http://liaoning.chinatax.gov.cn/art/2017/8/7/art_1030_315.html
辽宁省税务局 新公告：盘锦正乾商贸有限公司 url: http://liaoning.chinatax.gov.cn/art/2017/8/7/art_1030_313.html
辽宁省税务局 新公告：盘锦正源商贸有限公司 url: http://liaoning.chinatax.gov.cn/art/2017/8/7/art_1030_311.html
辽宁省税务局 新公告：杨力（台安县宝力粮食经销处） url: http://liaoning.chinatax.gov.cn/art/2017/7/26/art_1030_281.html
辽宁省税务局 新公告：台安县通达粮油贸易有限公司 url: http://liaoning.chinatax.gov.cn/art/2017/7/26/art_1030_279.html
辽宁省税务局 新公告：辽宁银济医药有限公司 url: http://liaoning.chinatax.gov.cn/art/2017/7/25/art_1030_276.html
辽宁省税务局 新公告：沈阳迅隆钢铁有限公司 url: http://liaoning.chinatax.gov.cn/art/2017/7/20/art_1030_274.html
辽宁省税务局 新公告：沈阳百科金泓钢铁贸易有限公司 url: http://liaoning.chinatax.gov.cn/art/2017/7/20/art_1030_273.html
辽宁省税务局 新公告：铁岭中博粮食贸易有限公司 url: http://liaoning.chinatax.gov.cn/art/2017/7/5/art_1030_286.html
辽宁省税务局 新公告：铁岭浩源粮食贸易有限公司 url: http://liaoning.chinatax.gov.cn/art/2017/7/5/art_1030_283.html
辽宁省税务局 新公告：沈阳永汇达商贸有限公司 url: http://liaoning.chinatax.gov.cn/art/2017/6/29/art_1030_239.html
辽宁省税务局 新公告：沈阳赞丰华商贸有限公司 url: http://liaoning.chinatax.gov.cn/art/2017/6/29/art_1030_237.html
辽宁省税务局 新公告：沈阳优远迅商贸有限公司 url: http://liaoning.chinatax.gov.cn/art/2017/6/29/art_1030_236.html
辽宁省税务局 新公告：阜新昕美商贸有限公司 url: http://liaoning.chinatax.gov.cn/art/2017/6/22/art_1030_270.html
辽宁省税务局 新公告：沈阳经济区彰武富邦商贸有限公司 url: http://liaoning.chinatax.gov.cn/art/2017/6/22/art_1030_268.html
辽宁省税务局 新公告：沈阳经济区彰武益群商贸有限公司 url: http://liaoning.chinatax.gov.cn/art/2017/6/22/art_1030_267.html
辽宁省税务局 新公告：阜新浩林贸易有限公司 url: http://liaoning.chinatax.gov.cn/art/2017/6/22/art_1030_265.html
辽宁省税务局 新公告：阜新彤曜金属材料有限公司 url: http://liaoning.chinatax.gov.cn/art/2017/6/22/art_1030_261.html
辽宁省税务局 新公告：阜新宝琪金属材料有限公司 url: http://liaoning.chinatax.gov.cn/art/2017/6/22/art_1030_258.html
辽宁省税务局 新公告：阜新庆德丰金属材料有限公司 url: http://liaoning.chinatax.gov.cn/art/2017/6/22/art_1030_256.html
辽宁省税务局 新公告：阜新利庆泰商贸有限公司 url: http://liaoning.chinatax.gov.cn/art/2017/6/22/art_1030_255.html
辽宁省税务局 新公告：阜新泰鑫源金属材料有限公司 url: http://liaoning.chinatax.gov.cn/art/2017/6/22/art_1030_253.html
辽宁省税务局 新公告：丹东亿旺顺商贸有限公司 url: http://liaoning.chinatax.gov.cn/art/2017/6/22/art_1030_250.html
辽宁省税务局 新公告：丹东速强商贸有限公司 url: http://liaoning.chinatax.gov.cn/art/2017/6/22/art_1030_245.html
辽宁省税务局 新公告：抚顺市福绅织布有限公司 url: http://liaoning.chinatax.gov.cn/art/2017/6/21/art_1030_241.html
辽宁省税务局 新公告：沈阳经济区彰武昱晟实业有限公司 url: http://liaoning.chinatax.gov.cn/art/2017/6/20/art_1030_252.html
辽宁省税务局 新公告：沈阳喜登峰物资有限公司 url: http://liaoning.chinatax.gov.cn/art/2017/6/20/art_1030_234.html
辽宁省税务局 新公告：辽宁铁信实业集团有限公司 url: http://liaoning.chinatax.gov.cn/art/2017/6/20/art_1030_233.html
辽宁省税务局 新公告：辽宁众志诚汽车销售服务有限公司 url: http://liaoning.chinatax.gov.cn/art/2017/6/19/art_1030_232.html
辽宁省税务局 新公告：阜新昊鹏商贸有限公司 url: http://liaoning.chinatax.gov.cn/art/2017/6/12/art_1030_262.html
辽宁省税务局 新公告：丹东润淼亿鑫矿产品销售有限公司 url: http://liaoning.chinatax.gov.cn/art/2017/6/2/art_1030_243.html
辽宁省税务局 新公告：丹东建驰矿产品销售有限公司 url: http://liaoning.chinatax.gov.cn/art/2017/5/31/art_1030_247.html
辽宁省税务局 新公告：丹东意腾工贸有限公司 url: http://liaoning.chinatax.gov.cn/art/2017/5/31/art_1030_246.html
辽宁省税务局 新公告：丹东九岭山矿产品销售有限公司 url: http://liaoning.chinatax.gov.cn/art/2017/5/31/art_1030_244.html
辽宁省税务局 新公告：丹东草帽山矿产品经销有限公司 url: http://liaoning.chinatax.gov.cn/art/2017/5/27/art_1030_242.html
辽宁省税务局 新公告：丹东市伟卓有色金属有限公司 url: http://liaoning.chinatax.gov.cn/art/2017/5/27/art_1030_240.html
辽宁省税务局 新公告：盘锦市重汽实业有限公司 url: http://liaoning.chinatax.gov.cn/art/2017/5/26/art_1030_266.html
辽宁省税务局 新公告：盘锦至信机械制造有限责任公司 url: http://liaoning.chinatax.gov.cn/art/2017/5/26/art_1030_264.html
辽宁省税务局 新公告：重大税收违法案件信息公告（自然人）王正文 url: http://liaoning.chinatax.gov.cn/art/2017/5/26/art_1030_249.html
辽宁省税务局 新公告：凌源市润泰鑫矿产品销售有限公司 url: http://liaoning.chinatax.gov.cn/art/2017/5/25/art_1030_272.html
辽宁省税务局 新公告：朝阳鑫亿达机电有限公司 url: http://liaoning.chinatax.gov.cn/art/2017/5/25/art_1030_271.html
辽宁省税务局 新公告：抚顺义瑞发物资有限公司 url: http://liaoning.chinatax.gov.cn/art/2017/5/25/art_1030_238.html
辽宁省税务局 新公告：抚顺瑞久满物资有限公司 url: http://liaoning.chinatax.gov.cn/art/2017/5/25/art_1030_228.html
辽宁省税务局 新公告：抚顺金泰鑫金属材料有限公司 url: http://liaoning.chinatax.gov.cn/art/2017/5/25/art_1030_224.html
辽宁省税务局 新公告：辽阳永新混凝土有限公司 url: http://liaoning.chinatax.gov.cn/art/2017/5/24/art_1030_263.html
辽宁省税务局 新公告：凌海市瑞祥房屋开发有限责任公司 url: http://liaoning.chinatax.gov.cn/art/2017/5/24/art_1030_254.html
辽宁省税务局 新公告：凌海市富博物资经贸有限公司 url: http://liaoning.chinatax.gov.cn/art/2017/5/24/art_1030_251.html
辽宁省税务局 新公告：宽甸满族自治县焱鑫矿业有限公司 url: http://liaoning.chinatax.gov.cn/art/2017/5/24/art_1030_248.html
辽宁省税务局 新公告：抚顺建利物资有限公司 url: http://liaoning.chinatax.gov.cn/art/2017/5/24/art_1030_218.html
辽宁省税务局 新公告：凌源市进出口有限责任公司 url: http://liaoning.chinatax.gov.cn/art/2017/5/23/art_1030_269.html
辽宁省税务局 新公告：辽阳市福泰物资有限公司 url: http://liaoning.chinatax.gov.cn/art/2017/5/23/art_1030_260.html
辽宁省税务局 新公告：盖州市鑫洲鑫矿业销售有限公司 url: http://liaoning.chinatax.gov.cn/art/2017/5/23/art_1030_259.html
辽宁省税务局 新公告：盖州市绍旭金属材料销售有限公司 url: http://liaoning.chinatax.gov.cn/art/2017/5/23/art_1030_257.html
辽宁省税务局 新公告：抚顺广博物资有限公司 url: http://liaoning.chinatax.gov.cn/art/2017/5/12/art_1030_235.html
辽宁省税务局一共有434条新公告，导入数据库中......
辽宁省税务局公告导入完成！
